[2020-11-17 21:31:03] INFO: Algorithm options {'data_train_opt': {'batch_size': 256, 'unsupervised': True, 'random_sized_crop': False, 'dataset_name': 'tiny-imagenet', 'split': 'train'}, 'data_test_opt': {'batch_size': 256, 'unsupervised': True, 'random_sized_crop': False, 'dataset_name': 'tiny-imagenet', 'split': 'val'}, 'max_num_epochs': 200, 'networks': {'feature': {'def_file': 'architectures/AlexNetFeature.py', 'pretrained': None, 'opt': {}, 'optim_params': {'optim_type': 'sgd', 'lr': 0.1, 'momentum': 0.9, 'weight_decay': 0.0005, 'nesterov': True, 'LUT_lr': [(90, 0.01), (130, 0.001), (190, 0.0001), (210, 1e-05), (230, 0.0001), (245, 1e-05)]}}, 'classifier': {'def_file': 'architectures/AlexNetClassifier.py', 'pretrained': None, 'opt': {'num_classes': 4}, 'optim_params': {'optim_type': 'sgd', 'lr': 0.1, 'momentum': 0.9, 'weight_decay': 0.0005, 'nesterov': True, 'LUT_lr': [(90, 0.01), (130, 0.001), (190, 0.0001), (210, 1e-05), (230, 0.0001), (245, 1e-05)]}}, 'norm': {'def_file': 'architectures/LinearTransformationNorm.py', 'pretrained': None, 'opt': {'low_dim': 128, 'num_feat': 2048}, 'optim_params': {'optim_type': 'sgd', 'lr': 0.1, 'momentum': 0.9, 'weight_decay': 0.0005, 'nesterov': True, 'LUT_lr': [(90, 0.01), (130, 0.001), (190, 0.0001), (210, 1e-05), (230, 0.0001), (245, 1e-05)]}}}, 'criterions': {'loss_cls': {'ctype': 'CrossEntropyLoss', 'opt': {'reduce': False}}, 'loss_mse': {'ctype': 'MSELoss', 'opt': None}, 'nce_average': {'ctype': 'NCEAverage', 'opt': {'def_file': 'architectures/NCEAverage.py', 'net_opt': {'low_dim': 128, 'ndata': 100000, 'nce_k': 4096, 'nce_t': 0.07, 'nce_m': 0.5}}}, 'nce_criterion': {'ctype': 'NCECriterion', 'opt': {'def_file': 'architectures/NCECriterion.py', 'net_opt': {'ndata': 100000}}}}, 'lambda_loss': {'cls': 1.0, 'mse': 1.0, 'nce': 1.0}, 'gama': 2, 'algorithm_type': 'DecouplingModel', 'exp_dir': '../_experiments/TinyImageNet_Decoupling_AlexNet', 'disp_step': 1}
[2020-11-17 21:31:03] INFO: Set network feature
[2020-11-17 21:31:03] INFO: ==> Initiliaze network feature from file architectures/AlexNetFeature.py with opts: {}
[2020-11-17 21:31:03] INFO: Set network classifier
[2020-11-17 21:31:03] INFO: ==> Initiliaze network classifier from file architectures/AlexNetClassifier.py with opts: {'num_classes': 4}
[2020-11-17 21:31:03] INFO: Set network norm
[2020-11-17 21:31:03] INFO: ==> Initiliaze network norm from file architectures/LinearTransformationNorm.py with opts: {'low_dim': 128, 'num_feat': 2048}
[2020-11-17 21:31:03] INFO: Initialize criterion[loss_cls]: CrossEntropyLoss with options: {'reduce': False}
[2020-11-17 21:31:03] INFO: Initialize criterion[loss_mse]: MSELoss with options: None
[2020-11-17 21:31:03] INFO: Initialize criterion[nce_average]: NCEAverage with options: {'def_file': 'architectures/NCEAverage.py', 'net_opt': {'low_dim': 128, 'ndata': 100000, 'nce_k': 4096, 'nce_t': 0.07, 'nce_m': 0.5}}
[2020-11-17 21:31:05] INFO: Initialize criterion[nce_criterion]: NCECriterion with options: {'def_file': 'architectures/NCECriterion.py', 'net_opt': {'ndata': 100000}}
[2020-11-17 21:31:05] INFO: ==> Initiliaze network NCECriterion from file architectures/NCECriterion.py with opts: {'ndata': 100000}
[2020-11-17 21:31:05] INFO: Initialize optimizer: sgd with params: {'optim_type': 'sgd', 'lr': 0.1, 'momentum': 0.9, 'weight_decay': 0.0005, 'nesterov': True, 'LUT_lr': [(90, 0.01), (130, 0.001), (190, 0.0001), (210, 1e-05), (230, 0.0001), (245, 1e-05)]} for network: feature
[2020-11-17 21:31:05] INFO: Initialize optimizer: sgd with params: {'optim_type': 'sgd', 'lr': 0.1, 'momentum': 0.9, 'weight_decay': 0.0005, 'nesterov': True, 'LUT_lr': [(90, 0.01), (130, 0.001), (190, 0.0001), (210, 1e-05), (230, 0.0001), (245, 1e-05)]} for network: classifier
[2020-11-17 21:31:05] INFO: Initialize optimizer: sgd with params: {'optim_type': 'sgd', 'lr': 0.1, 'momentum': 0.9, 'weight_decay': 0.0005, 'nesterov': True, 'LUT_lr': [(90, 0.01), (130, 0.001), (190, 0.0001), (210, 1e-05), (230, 0.0001), (245, 1e-05)]} for network: norm
[2020-11-17 21:31:06] INFO: 

[2020-11-17 21:31:06] INFO: Training epoch [  1 / 200]
[2020-11-17 21:31:06] INFO: ==> Set to feature optimizer lr = 0.0100000000
[2020-11-17 21:31:06] INFO: ==> Set to classifier optimizer lr = 0.0100000000
[2020-11-17 21:31:06] INFO: ==> Set to norm optimizer lr = 0.0100000000
[2020-11-17 21:31:06] INFO: Training: TinyImageNet_Decoupling_AlexNet
[2020-11-17 21:31:06] INFO: ==> Dataset: tiny-imagenet_train [100000 images]
[2020-11-17 21:31:06] INFO: ==> Iteration steps in one epoch: 391 [batch size 256]
[2020-11-17 21:32:17] INFO: ==> Iteration [  1][   1 /  391]: {'prec_cls': 23.9258, 'loss': 11.7208, 'loss_cls': 1.4149, 'loss_mse': 0.0694, 'loss_nce': 10.2364, 'load_time': 0.7304, 'process_time': 99.2696}
[2020-11-17 21:33:27] INFO: ==> Iteration [  1][   2 /  391]: {'prec_cls': 26.0742, 'loss': 11.8086, 'loss_cls': 1.3991, 'loss_mse': 0.0667, 'loss_nce': 10.3427, 'load_time': 0.8057, 'process_time': 99.1943}
