[2020-11-17 21:58:48] INFO: Algorithm options {'data_train_opt': {'batch_size': 256, 'unsupervised': True, 'random_sized_crop': False, 'dataset_name': 'tiny-imagenet', 'split': 'train'}, 'data_test_opt': {'batch_size': 256, 'unsupervised': True, 'random_sized_crop': False, 'dataset_name': 'tiny-imagenet', 'split': 'val'}, 'max_num_epochs': 25, 'networks': {'feature': {'def_file': 'architectures/AlexNetFeature.py', 'pretrained': None, 'opt': {}, 'optim_params': {'optim_type': 'sgd', 'lr': 0.1, 'momentum': 0.9, 'weight_decay': 0.0005, 'nesterov': True, 'LUT_lr': [(90, 0.01), (130, 0.001), (190, 0.0001), (210, 1e-05), (230, 0.0001), (245, 1e-05)]}}, 'classifier': {'def_file': 'architectures/AlexNetClassifier.py', 'pretrained': None, 'opt': {'num_classes': 4}, 'optim_params': {'optim_type': 'sgd', 'lr': 0.1, 'momentum': 0.9, 'weight_decay': 0.0005, 'nesterov': True, 'LUT_lr': [(90, 0.01), (130, 0.001), (190, 0.0001), (210, 1e-05), (230, 0.0001), (245, 1e-05)]}}, 'norm': {'def_file': 'architectures/LinearTransformationNorm.py', 'pretrained': None, 'opt': {'low_dim': 128, 'num_feat': 2048}, 'optim_params': {'optim_type': 'sgd', 'lr': 0.1, 'momentum': 0.9, 'weight_decay': 0.0005, 'nesterov': True, 'LUT_lr': [(90, 0.01), (130, 0.001), (190, 0.0001), (210, 1e-05), (230, 0.0001), (245, 1e-05)]}}}, 'criterions': {'loss_cls': {'ctype': 'CrossEntropyLoss', 'opt': {'reduce': False}}, 'loss_mse': {'ctype': 'MSELoss', 'opt': None}, 'nce_average': {'ctype': 'NCEAverage', 'opt': {'def_file': 'architectures/NCEAverage.py', 'net_opt': {'low_dim': 128, 'ndata': 100000, 'nce_k': 4096, 'nce_t': 0.07, 'nce_m': 0.5}}}, 'nce_criterion': {'ctype': 'NCECriterion', 'opt': {'def_file': 'architectures/NCECriterion.py', 'net_opt': {'ndata': 100000}}}}, 'lambda_loss': {'cls': 1.0, 'mse': 1.0, 'nce': 1.0}, 'gama': 2, 'algorithm_type': 'DecouplingModel', 'exp_dir': '../_experiments/TinyImageNet_Decoupling_AlexNet', 'disp_step': 1}
[2020-11-17 21:58:48] INFO: Set network feature
[2020-11-17 21:58:48] INFO: ==> Initiliaze network feature from file architectures/AlexNetFeature.py with opts: {}
[2020-11-17 21:58:49] INFO: Set network classifier
[2020-11-17 21:58:49] INFO: ==> Initiliaze network classifier from file architectures/AlexNetClassifier.py with opts: {'num_classes': 4}
[2020-11-17 21:58:49] INFO: Set network norm
[2020-11-17 21:58:49] INFO: ==> Initiliaze network norm from file architectures/LinearTransformationNorm.py with opts: {'low_dim': 128, 'num_feat': 2048}
[2020-11-17 21:58:49] INFO: Initialize criterion[loss_cls]: CrossEntropyLoss with options: {'reduce': False}
[2020-11-17 21:58:49] INFO: Initialize criterion[loss_mse]: MSELoss with options: None
[2020-11-17 21:58:49] INFO: Initialize criterion[nce_average]: NCEAverage with options: {'def_file': 'architectures/NCEAverage.py', 'net_opt': {'low_dim': 128, 'ndata': 100000, 'nce_k': 4096, 'nce_t': 0.07, 'nce_m': 0.5}}
[2020-11-17 21:58:50] INFO: Initialize criterion[nce_criterion]: NCECriterion with options: {'def_file': 'architectures/NCECriterion.py', 'net_opt': {'ndata': 100000}}
[2020-11-17 21:58:50] INFO: ==> Initiliaze network NCECriterion from file architectures/NCECriterion.py with opts: {'ndata': 100000}
[2020-11-17 21:58:53] INFO: Initialize optimizer: sgd with params: {'optim_type': 'sgd', 'lr': 0.1, 'momentum': 0.9, 'weight_decay': 0.0005, 'nesterov': True, 'LUT_lr': [(90, 0.01), (130, 0.001), (190, 0.0001), (210, 1e-05), (230, 0.0001), (245, 1e-05)]} for network: feature
[2020-11-17 21:58:53] INFO: Initialize optimizer: sgd with params: {'optim_type': 'sgd', 'lr': 0.1, 'momentum': 0.9, 'weight_decay': 0.0005, 'nesterov': True, 'LUT_lr': [(90, 0.01), (130, 0.001), (190, 0.0001), (210, 1e-05), (230, 0.0001), (245, 1e-05)]} for network: classifier
[2020-11-17 21:58:53] INFO: Initialize optimizer: sgd with params: {'optim_type': 'sgd', 'lr': 0.1, 'momentum': 0.9, 'weight_decay': 0.0005, 'nesterov': True, 'LUT_lr': [(90, 0.01), (130, 0.001), (190, 0.0001), (210, 1e-05), (230, 0.0001), (245, 1e-05)]} for network: norm
[2020-11-17 21:58:53] INFO: 

[2020-11-17 21:58:53] INFO: Training epoch [  1 /  25]
[2020-11-17 21:58:53] INFO: ==> Set to feature optimizer lr = 0.0100000000
[2020-11-17 21:58:53] INFO: ==> Set to classifier optimizer lr = 0.0100000000
[2020-11-17 21:58:53] INFO: ==> Set to norm optimizer lr = 0.0100000000
[2020-11-17 21:58:53] INFO: Training: TinyImageNet_Decoupling_AlexNet
[2020-11-17 21:58:53] INFO: ==> Dataset: tiny-imagenet_train [100000 images]
[2020-11-17 21:58:53] INFO: ==> Iteration steps in one epoch: 391 [batch size 256]
[2020-11-17 21:58:59] INFO: ==> Iteration [  1][   1 /  391]: {'prec_cls': 24.2188, 'loss': 11.7905, 'loss_cls': 1.4101, 'loss_mse': 0.0727, 'loss_nce': 10.3077, 'load_time': 0.2012, 'process_time': 99.7988}
[2020-11-17 21:59:03] INFO: ==> Iteration [  1][   2 /  391]: {'prec_cls': 25.6348, 'loss': 11.8256, 'loss_cls': 1.4026, 'loss_mse': 0.0692, 'loss_nce': 10.3538, 'load_time': 1.6099, 'process_time': 98.3901}
[2020-11-17 21:59:06] INFO: ==> Iteration [  1][   3 /  391]: {'prec_cls': 26.1719, 'loss': 11.8933, 'loss_cls': 1.3986, 'loss_mse': 0.0658, 'loss_nce': 10.429, 'load_time': 2.2067, 'process_time': 97.7933}
[2020-11-17 21:59:10] INFO: ==> Iteration [  1][   4 /  391]: {'prec_cls': 27.2217, 'loss': 11.9332, 'loss_cls': 1.3907, 'loss_mse': 0.0632, 'loss_nce': 10.4794, 'load_time': 2.5283, 'process_time': 97.4717}
[2020-11-17 21:59:14] INFO: ==> Iteration [  1][   5 /  391]: {'prec_cls': 28.7109, 'loss': 12.0429, 'loss_cls': 1.383, 'loss_mse': 0.0607, 'loss_nce': 10.5992, 'load_time': 2.7233, 'process_time': 97.2767}
[2020-11-17 21:59:18] INFO: ==> Iteration [  1][   6 /  391]: {'prec_cls': 29.1504, 'loss': 12.2201, 'loss_cls': 1.3809, 'loss_mse': 0.0584, 'loss_nce': 10.7809, 'load_time': 2.8424, 'process_time': 97.1576}
[2020-11-17 21:59:22] INFO: ==> Iteration [  1][   7 /  391]: {'prec_cls': 29.6317, 'loss': 12.3872, 'loss_cls': 1.3772, 'loss_mse': 0.056, 'loss_nce': 10.9541, 'load_time': 2.9315, 'process_time': 97.0685}
[2020-11-17 21:59:25] INFO: ==> Iteration [  1][   8 /  391]: {'prec_cls': 30.7739, 'loss': 12.5555, 'loss_cls': 1.3698, 'loss_mse': 0.0533, 'loss_nce': 11.1324, 'load_time': 2.9981, 'process_time': 97.0019}
[2020-11-17 21:59:29] INFO: ==> Iteration [  1][   9 /  391]: {'prec_cls': 31.7817, 'loss': 12.7338, 'loss_cls': 1.3636, 'loss_mse': 0.0504, 'loss_nce': 11.3197, 'load_time': 3.0499, 'process_time': 96.9501}
[2020-11-17 21:59:34] INFO: ==> Iteration [  1][  10 /  391]: {'prec_cls': 32.7148, 'loss': 12.9665, 'loss_cls': 1.3575, 'loss_mse': 0.0479, 'loss_nce': 11.5611, 'load_time': 3.0914, 'process_time': 96.9086}
[2020-11-17 21:59:38] INFO: ==> Iteration [  1][  11 /  391]: {'prec_cls': 32.9457, 'loss': 13.2403, 'loss_cls': 1.3557, 'loss_mse': 0.0455, 'loss_nce': 11.8391, 'load_time': 3.1288, 'process_time': 96.8712}
[2020-11-17 21:59:41] INFO: ==> Iteration [  1][  12 /  391]: {'prec_cls': 33.2764, 'loss': 13.5447, 'loss_cls': 1.3544, 'loss_mse': 0.0433, 'loss_nce': 12.147, 'load_time': 3.156, 'process_time': 96.844}
[2020-11-17 21:59:45] INFO: ==> Iteration [  1][  13 /  391]: {'prec_cls': 34.0971, 'loss': 13.8085, 'loss_cls': 1.349, 'loss_mse': 0.0411, 'loss_nce': 12.4183, 'load_time': 3.184, 'process_time': 96.816}
[2020-11-17 21:59:49] INFO: ==> Iteration [  1][  14 /  391]: {'prec_cls': 34.2843, 'loss': 14.0854, 'loss_cls': 1.35, 'loss_mse': 0.039, 'loss_nce': 12.6963, 'load_time': 3.1999, 'process_time': 96.8001}
[2020-11-17 21:59:53] INFO: ==> Iteration [  1][  15 /  391]: {'prec_cls': 34.6289, 'loss': 14.3679, 'loss_cls': 1.3482, 'loss_mse': 0.0371, 'loss_nce': 12.9826, 'load_time': 3.2128, 'process_time': 96.7872}
[2020-11-17 21:59:56] INFO: ==> Iteration [  1][  16 /  391]: {'prec_cls': 34.5642, 'loss': 14.6843, 'loss_cls': 1.3484, 'loss_mse': 0.0354, 'loss_nce': 13.3005, 'load_time': 3.2288, 'process_time': 96.7712}
[2020-11-17 22:00:00] INFO: ==> Iteration [  1][  17 /  391]: {'prec_cls': 34.8403, 'loss': 15.0219, 'loss_cls': 1.3472, 'loss_mse': 0.0337, 'loss_nce': 13.641, 'load_time': 3.2437, 'process_time': 96.7563}
[2020-11-17 22:00:04] INFO: ==> Iteration [  1][  18 /  391]: {'prec_cls': 35.2268, 'loss': 15.3494, 'loss_cls': 1.3447, 'loss_mse': 0.0322, 'loss_nce': 13.9725, 'load_time': 3.2561, 'process_time': 96.7439}
[2020-11-17 22:00:08] INFO: ==> Iteration [  1][  19 /  391]: {'prec_cls': 35.3516, 'loss': 15.6739, 'loss_cls': 1.3434, 'loss_mse': 0.0307, 'loss_nce': 14.2998, 'load_time': 3.2695, 'process_time': 96.7305}
[2020-11-17 22:00:12] INFO: ==> Iteration [  1][  20 /  391]: {'prec_cls': 35.5762, 'loss': 15.984, 'loss_cls': 1.3408, 'loss_mse': 0.0295, 'loss_nce': 14.6138, 'load_time': 3.2799, 'process_time': 96.7201}
[2020-11-17 22:00:16] INFO: ==> Iteration [  1][  21 /  391]: {'prec_cls': 35.6817, 'loss': 16.3013, 'loss_cls': 1.3393, 'loss_mse': 0.0282, 'loss_nce': 14.9338, 'load_time': 3.2879, 'process_time': 96.7121}
[2020-11-17 22:00:20] INFO: ==> Iteration [  1][  22 /  391]: {'prec_cls': 35.7821, 'loss': 16.597, 'loss_cls': 1.338, 'loss_mse': 0.0271, 'loss_nce': 15.2319, 'load_time': 3.2962, 'process_time': 96.7038}
[2020-11-17 22:00:23] INFO: ==> Iteration [  1][  23 /  391]: {'prec_cls': 35.929, 'loss': 16.8634, 'loss_cls': 1.3367, 'loss_mse': 0.0261, 'loss_nce': 15.5006, 'load_time': 3.3094, 'process_time': 96.6906}
[2020-11-17 22:00:27] INFO: ==> Iteration [  1][  24 /  391]: {'prec_cls': 35.9741, 'loss': 17.0973, 'loss_cls': 1.3365, 'loss_mse': 0.0251, 'loss_nce': 15.7357, 'load_time': 3.3151, 'process_time': 96.6849}
[2020-11-17 22:00:31] INFO: ==> Iteration [  1][  25 /  391]: {'prec_cls': 36.0312, 'loss': 17.3311, 'loss_cls': 1.3349, 'loss_mse': 0.0242, 'loss_nce': 15.9719, 'load_time': 3.3215, 'process_time': 96.6785}
[2020-11-17 22:00:35] INFO: ==> Iteration [  1][  26 /  391]: {'prec_cls': 36.1816, 'loss': 17.5237, 'loss_cls': 1.3325, 'loss_mse': 0.0234, 'loss_nce': 16.1677, 'load_time': 3.325, 'process_time': 96.675}
[2020-11-17 22:00:39] INFO: ==> Iteration [  1][  27 /  391]: {'prec_cls': 36.2522, 'loss': 17.719, 'loss_cls': 1.3326, 'loss_mse': 0.0226, 'loss_nce': 16.3638, 'load_time': 3.3316, 'process_time': 96.6684}
[2020-11-17 22:00:43] INFO: ==> Iteration [  1][  28 /  391]: {'prec_cls': 36.4153, 'loss': 17.9093, 'loss_cls': 1.332, 'loss_mse': 0.0219, 'loss_nce': 16.5554, 'load_time': 3.3362, 'process_time': 96.6638}
[2020-11-17 22:00:47] INFO: ==> Iteration [  1][  29 /  391]: {'prec_cls': 36.5638, 'loss': 18.083, 'loss_cls': 1.3305, 'loss_mse': 0.0212, 'loss_nce': 16.7313, 'load_time': 3.3423, 'process_time': 96.6577}
[2020-11-17 22:00:50] INFO: ==> Iteration [  1][  30 /  391]: {'prec_cls': 36.6536, 'loss': 18.2372, 'loss_cls': 1.33, 'loss_mse': 0.0206, 'loss_nce': 16.8866, 'load_time': 3.347, 'process_time': 96.653}
[2020-11-17 22:00:54] INFO: ==> Iteration [  1][  31 /  391]: {'prec_cls': 36.7345, 'loss': 18.392, 'loss_cls': 1.3306, 'loss_mse': 0.02, 'loss_nce': 17.0415, 'load_time': 3.3508, 'process_time': 96.6492}
[2020-11-17 22:00:58] INFO: ==> Iteration [  1][  32 /  391]: {'prec_cls': 36.8896, 'loss': 18.532, 'loss_cls': 1.33, 'loss_mse': 0.0194, 'loss_nce': 17.1825, 'load_time': 3.3552, 'process_time': 96.6448}
[2020-11-17 22:01:02] INFO: ==> Iteration [  1][  33 /  391]: {'prec_cls': 36.9703, 'loss': 18.6768, 'loss_cls': 1.3291, 'loss_mse': 0.0189, 'loss_nce': 17.3289, 'load_time': 3.3598, 'process_time': 96.6402}
[2020-11-17 22:01:06] INFO: ==> Iteration [  1][  34 /  391]: {'prec_cls': 37.0404, 'loss': 18.8282, 'loss_cls': 1.329, 'loss_mse': 0.0183, 'loss_nce': 17.4809, 'load_time': 3.3633, 'process_time': 96.6367}
[2020-11-17 22:01:09] INFO: ==> Iteration [  1][  35 /  391]: {'prec_cls': 37.0285, 'loss': 18.9582, 'loss_cls': 1.3294, 'loss_mse': 0.0179, 'loss_nce': 17.6109, 'load_time': 3.3682, 'process_time': 96.6318}
[2020-11-17 22:01:13] INFO: ==> Iteration [  1][  36 /  391]: {'prec_cls': 36.9819, 'loss': 19.0742, 'loss_cls': 1.33, 'loss_mse': 0.0174, 'loss_nce': 17.7267, 'load_time': 3.3705, 'process_time': 96.6295}
[2020-11-17 22:01:17] INFO: ==> Iteration [  1][  37 /  391]: {'prec_cls': 36.9484, 'loss': 19.1697, 'loss_cls': 1.3301, 'loss_mse': 0.017, 'loss_nce': 17.8226, 'load_time': 3.373, 'process_time': 96.627}
[2020-11-17 22:01:21] INFO: ==> Iteration [  1][  38 /  391]: {'prec_cls': 36.8781, 'loss': 19.2402, 'loss_cls': 1.3306, 'loss_mse': 0.0166, 'loss_nce': 17.893, 'load_time': 3.3732, 'process_time': 96.6268}
[2020-11-17 22:01:24] INFO: ==> Iteration [  1][  39 /  391]: {'prec_cls': 36.8615, 'loss': 19.2965, 'loss_cls': 1.3314, 'loss_mse': 0.0162, 'loss_nce': 17.9489, 'load_time': 3.3745, 'process_time': 96.6255}
[2020-11-17 22:01:30] INFO: ==> Iteration [  1][  40 /  391]: {'prec_cls': 36.7651, 'loss': 19.3545, 'loss_cls': 1.3323, 'loss_mse': 0.0158, 'loss_nce': 18.0065, 'load_time': 3.3769, 'process_time': 96.6231}
[2020-11-17 22:01:33] INFO: ==> Iteration [  1][  41 /  391]: {'prec_cls': 36.6544, 'loss': 19.4346, 'loss_cls': 1.3334, 'loss_mse': 0.0155, 'loss_nce': 18.0857, 'load_time': 3.3798, 'process_time': 96.6202}
[2020-11-17 22:01:37] INFO: ==> Iteration [  1][  42 /  391]: {'prec_cls': 36.4607, 'loss': 19.5308, 'loss_cls': 1.3346, 'loss_mse': 0.0151, 'loss_nce': 18.1811, 'load_time': 3.3812, 'process_time': 96.6188}
[2020-11-17 22:01:41] INFO: ==> Iteration [  1][  43 /  391]: {'prec_cls': 36.2668, 'loss': 19.6452, 'loss_cls': 1.3358, 'loss_mse': 0.0148, 'loss_nce': 18.2947, 'load_time': 3.3838, 'process_time': 96.6162}
[2020-11-17 22:01:45] INFO: ==> Iteration [  1][  44 /  391]: {'prec_cls': 36.0374, 'loss': 19.757, 'loss_cls': 1.337, 'loss_mse': 0.0145, 'loss_nce': 18.4056, 'load_time': 3.3874, 'process_time': 96.6126}
[2020-11-17 22:01:48] INFO: ==> Iteration [  1][  45 /  391]: {'prec_cls': 35.7595, 'loss': 19.8827, 'loss_cls': 1.3386, 'loss_mse': 0.0142, 'loss_nce': 18.53, 'load_time': 3.3906, 'process_time': 96.6094}
[2020-11-17 22:01:52] INFO: ==> Iteration [  1][  46 /  391]: {'prec_cls': 35.6063, 'loss': 20.0088, 'loss_cls': 1.3398, 'loss_mse': 0.0139, 'loss_nce': 18.6552, 'load_time': 3.3937, 'process_time': 96.6063}
[2020-11-17 22:01:56] INFO: ==> Iteration [  1][  47 /  391]: {'prec_cls': 35.4596, 'loss': 20.143, 'loss_cls': 1.3406, 'loss_mse': 0.0136, 'loss_nce': 18.7888, 'load_time': 3.3964, 'process_time': 96.6036}
[2020-11-17 22:02:00] INFO: ==> Iteration [  1][  48 /  391]: {'prec_cls': 35.4126, 'loss': 20.279, 'loss_cls': 1.3413, 'loss_mse': 0.0133, 'loss_nce': 18.9243, 'load_time': 3.3992, 'process_time': 96.6008}
[2020-11-17 22:02:03] INFO: ==> Iteration [  1][  49 /  391]: {'prec_cls': 35.3894, 'loss': 20.4453, 'loss_cls': 1.3419, 'loss_mse': 0.013, 'loss_nce': 19.0904, 'load_time': 3.402, 'process_time': 96.598}
[2020-11-17 22:02:07] INFO: ==> Iteration [  1][  50 /  391]: {'prec_cls': 35.5117, 'loss': 20.6088, 'loss_cls': 1.3421, 'loss_mse': 0.0128, 'loss_nce': 19.2539, 'load_time': 3.4029, 'process_time': 96.5971}
[2020-11-17 22:02:11] INFO: ==> Iteration [  1][  51 /  391]: {'prec_cls': 35.5028, 'loss': 20.7352, 'loss_cls': 1.3425, 'loss_mse': 0.0125, 'loss_nce': 19.3802, 'load_time': 3.4036, 'process_time': 96.5964}
[2020-11-17 22:02:15] INFO: ==> Iteration [  1][  52 /  391]: {'prec_cls': 35.5525, 'loss': 20.8117, 'loss_cls': 1.3425, 'loss_mse': 0.0123, 'loss_nce': 19.4569, 'load_time': 3.4057, 'process_time': 96.5943}
[2020-11-17 22:02:20] INFO: ==> Iteration [  1][  53 /  391]: {'prec_cls': 35.5284, 'loss': 20.8758, 'loss_cls': 1.3428, 'loss_mse': 0.0121, 'loss_nce': 19.5209, 'load_time': 3.4079, 'process_time': 96.5921}
[2020-11-17 22:02:25] INFO: ==> Iteration [  1][  54 /  391]: {'prec_cls': 35.5939, 'loss': 20.9057, 'loss_cls': 1.3428, 'loss_mse': 0.0119, 'loss_nce': 19.551, 'load_time': 3.4089, 'process_time': 96.5911}
[2020-11-17 22:02:29] INFO: ==> Iteration [  1][  55 /  391]: {'prec_cls': 35.6268, 'loss': 20.9568, 'loss_cls': 1.3429, 'loss_mse': 0.0117, 'loss_nce': 19.6022, 'load_time': 3.4109, 'process_time': 96.5891}
[2020-11-17 22:02:33] INFO: ==> Iteration [  1][  56 /  391]: {'prec_cls': 35.7265, 'loss': 21.0123, 'loss_cls': 1.3427, 'loss_mse': 0.0115, 'loss_nce': 19.6581, 'load_time': 3.413, 'process_time': 96.587}
[2020-11-17 22:02:37] INFO: ==> Iteration [  1][  57 /  391]: {'prec_cls': 35.8159, 'loss': 21.0706, 'loss_cls': 1.3421, 'loss_mse': 0.0113, 'loss_nce': 19.7172, 'load_time': 3.4138, 'process_time': 96.5862}
[2020-11-17 22:02:41] INFO: ==> Iteration [  1][  58 /  391]: {'prec_cls': 35.8432, 'loss': 21.1392, 'loss_cls': 1.342, 'loss_mse': 0.0112, 'loss_nce': 19.786, 'load_time': 3.4151, 'process_time': 96.5849}
[2020-11-17 22:02:45] INFO: ==> Iteration [  1][  59 /  391]: {'prec_cls': 35.9309, 'loss': 21.1979, 'loss_cls': 1.3416, 'loss_mse': 0.011, 'loss_nce': 19.8453, 'load_time': 3.4174, 'process_time': 96.5826}
[2020-11-17 22:02:49] INFO: ==> Iteration [  1][  60 /  391]: {'prec_cls': 35.9912, 'loss': 21.245, 'loss_cls': 1.3411, 'loss_mse': 0.0108, 'loss_nce': 19.8931, 'load_time': 3.4176, 'process_time': 96.5824}
[2020-11-17 22:02:52] INFO: ==> Iteration [  1][  61 /  391]: {'prec_cls': 35.9999, 'loss': 21.2578, 'loss_cls': 1.3412, 'loss_mse': 0.0106, 'loss_nce': 19.906, 'load_time': 3.4167, 'process_time': 96.5833}
[2020-11-17 22:02:56] INFO: ==> Iteration [  1][  62 /  391]: {'prec_cls': 35.9722, 'loss': 21.2904, 'loss_cls': 1.3414, 'loss_mse': 0.0105, 'loss_nce': 19.9385, 'load_time': 3.418, 'process_time': 96.582}
[2020-11-17 22:03:00] INFO: ==> Iteration [  1][  63 /  391]: {'prec_cls': 35.9964, 'loss': 21.3252, 'loss_cls': 1.3411, 'loss_mse': 0.0103, 'loss_nce': 19.9738, 'load_time': 3.4183, 'process_time': 96.5817}
[2020-11-17 22:03:03] INFO: ==> Iteration [  1][  64 /  391]: {'prec_cls': 36.0474, 'loss': 21.3918, 'loss_cls': 1.3409, 'loss_mse': 0.0102, 'loss_nce': 20.0408, 'load_time': 3.4193, 'process_time': 96.5807}
[2020-11-17 22:03:07] INFO: ==> Iteration [  1][  65 /  391]: {'prec_cls': 36.0607, 'loss': 21.4744, 'loss_cls': 1.3406, 'loss_mse': 0.01, 'loss_nce': 20.1238, 'load_time': 3.4203, 'process_time': 96.5797}
[2020-11-17 22:03:11] INFO: ==> Iteration [  1][  66 /  391]: {'prec_cls': 36.0485, 'loss': 21.5745, 'loss_cls': 1.3406, 'loss_mse': 0.0099, 'loss_nce': 20.224, 'load_time': 3.4208, 'process_time': 96.5792}
[2020-11-17 22:03:14] INFO: ==> Iteration [  1][  67 /  391]: {'prec_cls': 36.0585, 'loss': 21.6776, 'loss_cls': 1.3405, 'loss_mse': 0.0097, 'loss_nce': 20.3274, 'load_time': 3.4214, 'process_time': 96.5786}
[2020-11-17 22:03:18] INFO: ==> Iteration [  1][  68 /  391]: {'prec_cls': 36.1156, 'loss': 21.7729, 'loss_cls': 1.3403, 'loss_mse': 0.0096, 'loss_nce': 20.423, 'load_time': 3.4234, 'process_time': 96.5766}
[2020-11-17 22:03:22] INFO: ==> Iteration [  1][  69 /  391]: {'prec_cls': 36.1059, 'loss': 21.8639, 'loss_cls': 1.3406, 'loss_mse': 0.0095, 'loss_nce': 20.5139, 'load_time': 3.424, 'process_time': 96.576}
[2020-11-17 22:03:26] INFO: ==> Iteration [  1][  70 /  391]: {'prec_cls': 36.1105, 'loss': 21.9322, 'loss_cls': 1.3405, 'loss_mse': 0.0093, 'loss_nce': 20.5823, 'load_time': 3.4248, 'process_time': 96.5752}
[2020-11-17 22:03:30] INFO: ==> Iteration [  1][  71 /  391]: {'prec_cls': 36.1507, 'loss': 22.0224, 'loss_cls': 1.3402, 'loss_mse': 0.0093, 'loss_nce': 20.6729, 'load_time': 3.4266, 'process_time': 96.5734}
[2020-11-17 22:03:34] INFO: ==> Iteration [  1][  72 /  391]: {'prec_cls': 36.1572, 'loss': 22.0932, 'loss_cls': 1.34, 'loss_mse': 0.0092, 'loss_nce': 20.7441, 'load_time': 3.4268, 'process_time': 96.5732}
[2020-11-17 22:03:37] INFO: ==> Iteration [  1][  73 /  391]: {'prec_cls': 36.197, 'loss': 22.1593, 'loss_cls': 1.3398, 'loss_mse': 0.0091, 'loss_nce': 20.8105, 'load_time': 3.4266, 'process_time': 96.5734}
[2020-11-17 22:03:41] INFO: ==> Iteration [  1][  74 /  391]: {'prec_cls': 36.2714, 'loss': 22.2293, 'loss_cls': 1.3394, 'loss_mse': 0.0089, 'loss_nce': 20.881, 'load_time': 3.4266, 'process_time': 96.5734}
[2020-11-17 22:03:45] INFO: ==> Iteration [  1][  75 /  391]: {'prec_cls': 36.2669, 'loss': 22.2918, 'loss_cls': 1.3395, 'loss_mse': 0.0088, 'loss_nce': 20.9434, 'load_time': 3.4276, 'process_time': 96.5724}
[2020-11-17 22:03:49] INFO: ==> Iteration [  1][  76 /  391]: {'prec_cls': 36.3384, 'loss': 22.349, 'loss_cls': 1.3391, 'loss_mse': 0.0087, 'loss_nce': 21.0013, 'load_time': 3.4275, 'process_time': 96.5725}
[2020-11-17 22:03:53] INFO: ==> Iteration [  1][  77 /  391]: {'prec_cls': 36.4156, 'loss': 22.401, 'loss_cls': 1.3385, 'loss_mse': 0.0086, 'loss_nce': 21.0539, 'load_time': 3.4286, 'process_time': 96.5714}
[2020-11-17 22:03:56] INFO: ==> Iteration [  1][  78 /  391]: {'prec_cls': 36.4696, 'loss': 22.4299, 'loss_cls': 1.3383, 'loss_mse': 0.0085, 'loss_nce': 21.0831, 'load_time': 3.4282, 'process_time': 96.5718}
[2020-11-17 22:04:00] INFO: ==> Iteration [  1][  79 /  391]: {'prec_cls': 36.521, 'loss': 22.4507, 'loss_cls': 1.3379, 'loss_mse': 0.0084, 'loss_nce': 21.1044, 'load_time': 3.4291, 'process_time': 96.5709}
[2020-11-17 22:04:04] INFO: ==> Iteration [  1][  80 /  391]: {'prec_cls': 36.5259, 'loss': 22.4526, 'loss_cls': 1.3378, 'loss_mse': 0.0083, 'loss_nce': 21.1065, 'load_time': 3.4292, 'process_time': 96.5708}
[2020-11-17 22:04:08] INFO: ==> Iteration [  1][  81 /  391]: {'prec_cls': 36.5813, 'loss': 22.4529, 'loss_cls': 1.3374, 'loss_mse': 0.0082, 'loss_nce': 21.1073, 'load_time': 3.4299, 'process_time': 96.5701}
[2020-11-17 22:04:12] INFO: ==> Iteration [  1][  82 /  391]: {'prec_cls': 36.6068, 'loss': 22.4476, 'loss_cls': 1.3373, 'loss_mse': 0.0081, 'loss_nce': 21.1022, 'load_time': 3.4296, 'process_time': 96.5704}
[2020-11-17 22:04:15] INFO: ==> Iteration [  1][  83 /  391]: {'prec_cls': 36.5917, 'loss': 22.4389, 'loss_cls': 1.3372, 'loss_mse': 0.008, 'loss_nce': 21.0937, 'load_time': 3.4302, 'process_time': 96.5698}
[2020-11-17 22:04:19] INFO: ==> Iteration [  1][  84 /  391]: {'prec_cls': 36.6513, 'loss': 22.4258, 'loss_cls': 1.3368, 'loss_mse': 0.0079, 'loss_nce': 21.0811, 'load_time': 3.4316, 'process_time': 96.5684}
[2020-11-17 22:04:24] INFO: ==> Iteration [  1][  85 /  391]: {'prec_cls': 36.682, 'loss': 22.4181, 'loss_cls': 1.3364, 'loss_mse': 0.0078, 'loss_nce': 21.0738, 'load_time': 3.4301, 'process_time': 96.5699}
[2020-11-17 22:04:28] INFO: ==> Iteration [  1][  86 /  391]: {'prec_cls': 36.7233, 'loss': 22.4077, 'loss_cls': 1.3359, 'loss_mse': 0.0078, 'loss_nce': 21.0641, 'load_time': 3.4291, 'process_time': 96.5709}
[2020-11-17 22:04:31] INFO: ==> Iteration [  1][  87 /  391]: {'prec_cls': 36.7423, 'loss': 22.3977, 'loss_cls': 1.3357, 'loss_mse': 0.0077, 'loss_nce': 21.0543, 'load_time': 3.4304, 'process_time': 96.5696}
[2020-11-17 22:04:36] INFO: ==> Iteration [  1][  88 /  391]: {'prec_cls': 36.7465, 'loss': 22.3937, 'loss_cls': 1.3356, 'loss_mse': 0.0076, 'loss_nce': 21.0506, 'load_time': 3.4304, 'process_time': 96.5696}
[2020-11-17 22:04:40] INFO: ==> Iteration [  1][  89 /  391]: {'prec_cls': 36.8219, 'loss': 22.3958, 'loss_cls': 1.3349, 'loss_mse': 0.0075, 'loss_nce': 21.0533, 'load_time': 3.4315, 'process_time': 96.5685}
[2020-11-17 22:04:44] INFO: ==> Iteration [  1][  90 /  391]: {'prec_cls': 36.8316, 'loss': 22.4003, 'loss_cls': 1.3349, 'loss_mse': 0.0075, 'loss_nce': 21.058, 'load_time': 3.4322, 'process_time': 96.5678}
[2020-11-17 22:04:48] INFO: ==> Iteration [  1][  91 /  391]: {'prec_cls': 36.8615, 'loss': 22.4136, 'loss_cls': 1.3349, 'loss_mse': 0.0074, 'loss_nce': 21.0713, 'load_time': 3.4337, 'process_time': 96.5663}
[2020-11-17 22:04:52] INFO: ==> Iteration [  1][  92 /  391]: {'prec_cls': 36.8631, 'loss': 22.4298, 'loss_cls': 1.3347, 'loss_mse': 0.0074, 'loss_nce': 21.0877, 'load_time': 3.4337, 'process_time': 96.5663}
[2020-11-17 22:04:56] INFO: ==> Iteration [  1][  93 /  391]: {'prec_cls': 36.9225, 'loss': 22.4568, 'loss_cls': 1.3343, 'loss_mse': 0.0074, 'loss_nce': 21.1151, 'load_time': 3.4338, 'process_time': 96.5662}
[2020-11-17 22:05:00] INFO: ==> Iteration [  1][  94 /  391]: {'prec_cls': 36.9245, 'loss': 22.4847, 'loss_cls': 1.3341, 'loss_mse': 0.0075, 'loss_nce': 21.1431, 'load_time': 3.435, 'process_time': 96.565}
[2020-11-17 22:05:05] INFO: ==> Iteration [  1][  95 /  391]: {'prec_cls': 36.8997, 'loss': 22.5102, 'loss_cls': 1.3343, 'loss_mse': 0.0077, 'loss_nce': 21.1682, 'load_time': 3.4354, 'process_time': 96.5646}
[2020-11-17 22:05:09] INFO: ==> Iteration [  1][  96 /  391]: {'prec_cls': 36.913, 'loss': 22.5275, 'loss_cls': 1.3342, 'loss_mse': 0.0081, 'loss_nce': 21.1852, 'load_time': 3.4351, 'process_time': 96.5649}
[2020-11-17 22:05:12] INFO: ==> Iteration [  1][  97 /  391]: {'prec_cls': 36.9423, 'loss': 22.5404, 'loss_cls': 1.334, 'loss_mse': 0.0086, 'loss_nce': 21.1979, 'load_time': 3.4347, 'process_time': 96.5653}
[2020-11-17 22:05:16] INFO: ==> Iteration [  1][  98 /  391]: {'prec_cls': 36.92, 'loss': 22.542, 'loss_cls': 1.334, 'loss_mse': 0.009, 'loss_nce': 21.1991, 'load_time': 3.435, 'process_time': 96.565}
[2020-11-17 22:05:20] INFO: ==> Iteration [  1][  99 /  391]: {'prec_cls': 36.9081, 'loss': 22.5439, 'loss_cls': 1.3339, 'loss_mse': 0.0093, 'loss_nce': 21.2008, 'load_time': 3.4353, 'process_time': 96.5647}
[2020-11-17 22:05:23] INFO: ==> Iteration [  1][ 100 /  391]: {'prec_cls': 36.9473, 'loss': 22.5462, 'loss_cls': 1.3335, 'loss_mse': 0.0095, 'loss_nce': 21.2032, 'load_time': 3.436, 'process_time': 96.564}
[2020-11-17 22:05:27] INFO: ==> Iteration [  1][ 101 /  391]: {'prec_cls': 37.0059, 'loss': 22.556, 'loss_cls': 1.3329, 'loss_mse': 0.0097, 'loss_nce': 21.2135, 'load_time': 3.436, 'process_time': 96.564}
[2020-11-17 22:05:31] INFO: ==> Iteration [  1][ 102 /  391]: {'prec_cls': 37.0385, 'loss': 22.5623, 'loss_cls': 1.3324, 'loss_mse': 0.0098, 'loss_nce': 21.2201, 'load_time': 3.4368, 'process_time': 96.5632}
[2020-11-17 22:05:34] INFO: ==> Iteration [  1][ 103 /  391]: {'prec_cls': 37.0733, 'loss': 22.572, 'loss_cls': 1.3318, 'loss_mse': 0.0099, 'loss_nce': 21.2303, 'load_time': 3.4377, 'process_time': 96.5623}
[2020-11-17 22:05:38] INFO: ==> Iteration [  1][ 104 /  391]: {'prec_cls': 37.0944, 'loss': 22.5864, 'loss_cls': 1.3316, 'loss_mse': 0.01, 'loss_nce': 21.2448, 'load_time': 3.4381, 'process_time': 96.5619}
[2020-11-17 22:05:42] INFO: ==> Iteration [  1][ 105 /  391]: {'prec_cls': 37.1419, 'loss': 22.6066, 'loss_cls': 1.331, 'loss_mse': 0.0101, 'loss_nce': 21.2656, 'load_time': 3.4393, 'process_time': 96.5607}
[2020-11-17 22:05:45] INFO: ==> Iteration [  1][ 106 /  391]: {'prec_cls': 37.1757, 'loss': 22.6315, 'loss_cls': 1.3304, 'loss_mse': 0.0101, 'loss_nce': 21.291, 'load_time': 3.4425, 'process_time': 96.5575}
[2020-11-17 22:05:49] INFO: ==> Iteration [  1][ 107 /  391]: {'prec_cls': 37.2207, 'loss': 22.6573, 'loss_cls': 1.33, 'loss_mse': 0.0101, 'loss_nce': 21.3172, 'load_time': 3.4427, 'process_time': 96.5573}
[2020-11-17 22:05:53] INFO: ==> Iteration [  1][ 108 /  391]: {'prec_cls': 37.2839, 'loss': 22.686, 'loss_cls': 1.3293, 'loss_mse': 0.0102, 'loss_nce': 21.3465, 'load_time': 3.4429, 'process_time': 96.5571}
[2020-11-17 22:05:57] INFO: ==> Iteration [  1][ 109 /  391]: {'prec_cls': 37.302, 'loss': 22.7194, 'loss_cls': 1.3291, 'loss_mse': 0.0102, 'loss_nce': 21.3801, 'load_time': 3.4424, 'process_time': 96.5576}
[2020-11-17 22:06:00] INFO: ==> Iteration [  1][ 110 /  391]: {'prec_cls': 37.3109, 'loss': 22.758, 'loss_cls': 1.3288, 'loss_mse': 0.0101, 'loss_nce': 21.4191, 'load_time': 3.4413, 'process_time': 96.5587}
[2020-11-17 22:06:05] INFO: ==> Iteration [  1][ 111 /  391]: {'prec_cls': 37.3636, 'loss': 22.8019, 'loss_cls': 1.3281, 'loss_mse': 0.0101, 'loss_nce': 21.4637, 'load_time': 3.4412, 'process_time': 96.5588}
[2020-11-17 22:06:09] INFO: ==> Iteration [  1][ 112 /  391]: {'prec_cls': 37.3474, 'loss': 22.8507, 'loss_cls': 1.3281, 'loss_mse': 0.0101, 'loss_nce': 21.5126, 'load_time': 3.441, 'process_time': 96.559}
[2020-11-17 22:06:12] INFO: ==> Iteration [  1][ 113 /  391]: {'prec_cls': 37.3678, 'loss': 22.901, 'loss_cls': 1.3277, 'loss_mse': 0.01, 'loss_nce': 21.5633, 'load_time': 3.4416, 'process_time': 96.5584}
[2020-11-17 22:06:16] INFO: ==> Iteration [  1][ 114 /  391]: {'prec_cls': 37.4135, 'loss': 22.9537, 'loss_cls': 1.3273, 'loss_mse': 0.01, 'loss_nce': 21.6165, 'load_time': 3.4429, 'process_time': 96.5571}
[2020-11-17 22:06:20] INFO: ==> Iteration [  1][ 115 /  391]: {'prec_cls': 37.4321, 'loss': 23.0038, 'loss_cls': 1.327, 'loss_mse': 0.0099, 'loss_nce': 21.6669, 'load_time': 3.4434, 'process_time': 96.5566}
[2020-11-17 22:06:24] INFO: ==> Iteration [  1][ 116 /  391]: {'prec_cls': 37.4242, 'loss': 23.0471, 'loss_cls': 1.327, 'loss_mse': 0.0099, 'loss_nce': 21.7103, 'load_time': 3.4437, 'process_time': 96.5563}
[2020-11-17 22:06:27] INFO: ==> Iteration [  1][ 117 /  391]: {'prec_cls': 37.4357, 'loss': 23.0909, 'loss_cls': 1.3269, 'loss_mse': 0.0098, 'loss_nce': 21.7542, 'load_time': 3.4444, 'process_time': 96.5556}
[2020-11-17 22:06:31] INFO: ==> Iteration [  1][ 118 /  391]: {'prec_cls': 37.4752, 'loss': 23.1285, 'loss_cls': 1.3267, 'loss_mse': 0.0097, 'loss_nce': 21.7921, 'load_time': 3.4449, 'process_time': 96.5551}
[2020-11-17 22:06:35] INFO: ==> Iteration [  1][ 119 /  391]: {'prec_cls': 37.477, 'loss': 23.1581, 'loss_cls': 1.3267, 'loss_mse': 0.0097, 'loss_nce': 21.8217, 'load_time': 3.4452, 'process_time': 96.5548}
[2020-11-17 22:06:39] INFO: ==> Iteration [  1][ 120 /  391]: {'prec_cls': 37.4854, 'loss': 23.1868, 'loss_cls': 1.3264, 'loss_mse': 0.0096, 'loss_nce': 21.8507, 'load_time': 3.4458, 'process_time': 96.5542}
[2020-11-17 22:06:42] INFO: ==> Iteration [  1][ 121 /  391]: {'prec_cls': 37.4709, 'loss': 23.2166, 'loss_cls': 1.3266, 'loss_mse': 0.0096, 'loss_nce': 21.8804, 'load_time': 3.4453, 'process_time': 96.5547}
[2020-11-17 22:06:47] INFO: ==> Iteration [  1][ 122 /  391]: {'prec_cls': 37.4608, 'loss': 23.24, 'loss_cls': 1.3267, 'loss_mse': 0.0095, 'loss_nce': 21.9038, 'load_time': 3.4458, 'process_time': 96.5542}
[2020-11-17 22:06:50] INFO: ==> Iteration [  1][ 123 /  391]: {'prec_cls': 37.4786, 'loss': 23.2644, 'loss_cls': 1.3264, 'loss_mse': 0.0095, 'loss_nce': 21.9285, 'load_time': 3.4458, 'process_time': 96.5542}
[2020-11-17 22:06:54] INFO: ==> Iteration [  1][ 124 /  391]: {'prec_cls': 37.4583, 'loss': 23.2903, 'loss_cls': 1.3265, 'loss_mse': 0.0094, 'loss_nce': 21.9544, 'load_time': 3.4466, 'process_time': 96.5534}
[2020-11-17 22:06:58] INFO: ==> Iteration [  1][ 125 /  391]: {'prec_cls': 37.4719, 'loss': 23.3194, 'loss_cls': 1.3263, 'loss_mse': 0.0094, 'loss_nce': 21.9837, 'load_time': 3.4474, 'process_time': 96.5526}
[2020-11-17 22:07:02] INFO: ==> Iteration [  1][ 126 /  391]: {'prec_cls': 37.5233, 'loss': 23.3519, 'loss_cls': 1.3257, 'loss_mse': 0.0093, 'loss_nce': 22.0169, 'load_time': 3.4477, 'process_time': 96.5523}
[2020-11-17 22:07:06] INFO: ==> Iteration [  1][ 127 /  391]: {'prec_cls': 37.5323, 'loss': 23.3803, 'loss_cls': 1.3255, 'loss_mse': 0.0093, 'loss_nce': 22.0455, 'load_time': 3.4483, 'process_time': 96.5517}
[2020-11-17 22:07:10] INFO: ==> Iteration [  1][ 128 /  391]: {'prec_cls': 37.5969, 'loss': 23.4062, 'loss_cls': 1.3249, 'loss_mse': 0.0092, 'loss_nce': 22.0722, 'load_time': 3.449, 'process_time': 96.551}
[2020-11-17 22:07:14] INFO: ==> Iteration [  1][ 129 /  391]: {'prec_cls': 37.5977, 'loss': 23.4297, 'loss_cls': 1.3247, 'loss_mse': 0.0092, 'loss_nce': 22.0958, 'load_time': 3.4493, 'process_time': 96.5507}
[2020-11-17 22:07:17] INFO: ==> Iteration [  1][ 130 /  391]: {'prec_cls': 37.6142, 'loss': 23.4492, 'loss_cls': 1.3245, 'loss_mse': 0.0091, 'loss_nce': 22.1156, 'load_time': 3.4497, 'process_time': 96.5503}
[2020-11-17 22:07:21] INFO: ==> Iteration [  1][ 131 /  391]: {'prec_cls': 37.6409, 'loss': 23.4619, 'loss_cls': 1.3243, 'loss_mse': 0.0091, 'loss_nce': 22.1286, 'load_time': 3.4498, 'process_time': 96.5502}
[2020-11-17 22:07:24] INFO: ==> Iteration [  1][ 132 /  391]: {'prec_cls': 37.6561, 'loss': 23.4724, 'loss_cls': 1.3241, 'loss_mse': 0.009, 'loss_nce': 22.1393, 'load_time': 3.4499, 'process_time': 96.5501}
[2020-11-17 22:07:28] INFO: ==> Iteration [  1][ 133 /  391]: {'prec_cls': 37.743, 'loss': 23.4818, 'loss_cls': 1.3234, 'loss_mse': 0.0089, 'loss_nce': 22.1494, 'load_time': 3.4491, 'process_time': 96.5509}
[2020-11-17 22:07:32] INFO: ==> Iteration [  1][ 134 /  391]: {'prec_cls': 37.7536, 'loss': 23.4923, 'loss_cls': 1.3232, 'loss_mse': 0.0089, 'loss_nce': 22.1602, 'load_time': 3.4489, 'process_time': 96.5511}
[2020-11-17 22:07:36] INFO: ==> Iteration [  1][ 135 /  391]: {'prec_cls': 37.7662, 'loss': 23.5057, 'loss_cls': 1.3231, 'loss_mse': 0.0088, 'loss_nce': 22.1738, 'load_time': 3.4488, 'process_time': 96.5512}
[2020-11-17 22:07:40] INFO: ==> Iteration [  1][ 136 /  391]: {'prec_cls': 37.8052, 'loss': 23.5221, 'loss_cls': 1.3227, 'loss_mse': 0.0088, 'loss_nce': 22.1905, 'load_time': 3.4491, 'process_time': 96.5509}
[2020-11-17 22:07:43] INFO: ==> Iteration [  1][ 137 /  391]: {'prec_cls': 37.8365, 'loss': 23.5382, 'loss_cls': 1.3224, 'loss_mse': 0.0087, 'loss_nce': 22.2071, 'load_time': 3.4494, 'process_time': 96.5506}
[2020-11-17 22:07:47] INFO: ==> Iteration [  1][ 138 /  391]: {'prec_cls': 37.8567, 'loss': 23.5559, 'loss_cls': 1.3221, 'loss_mse': 0.0087, 'loss_nce': 22.2251, 'load_time': 3.4493, 'process_time': 96.5507}
[2020-11-17 22:07:52] INFO: ==> Iteration [  1][ 139 /  391]: {'prec_cls': 37.8534, 'loss': 23.5751, 'loss_cls': 1.322, 'loss_mse': 0.0086, 'loss_nce': 22.2445, 'load_time': 3.4495, 'process_time': 96.5505}
[2020-11-17 22:07:55] INFO: ==> Iteration [  1][ 140 /  391]: {'prec_cls': 37.8697, 'loss': 23.596, 'loss_cls': 1.3218, 'loss_mse': 0.0086, 'loss_nce': 22.2656, 'load_time': 3.4502, 'process_time': 96.5498}
[2020-11-17 22:07:59] INFO: ==> Iteration [  1][ 141 /  391]: {'prec_cls': 37.8844, 'loss': 23.6157, 'loss_cls': 1.3217, 'loss_mse': 0.0085, 'loss_nce': 22.2854, 'load_time': 3.4503, 'process_time': 96.5497}
[2020-11-17 22:08:03] INFO: ==> Iteration [  1][ 142 /  391]: {'prec_cls': 37.8961, 'loss': 23.6397, 'loss_cls': 1.3215, 'loss_mse': 0.0085, 'loss_nce': 22.3096, 'load_time': 3.4508, 'process_time': 96.5492}
[2020-11-17 22:08:07] INFO: ==> Iteration [  1][ 143 /  391]: {'prec_cls': 37.9275, 'loss': 23.6674, 'loss_cls': 1.3213, 'loss_mse': 0.0084, 'loss_nce': 22.3376, 'load_time': 3.4511, 'process_time': 96.5489}
[2020-11-17 22:08:11] INFO: ==> Iteration [  1][ 144 /  391]: {'prec_cls': 37.9218, 'loss': 23.7023, 'loss_cls': 1.3213, 'loss_mse': 0.0084, 'loss_nce': 22.3725, 'load_time': 3.451, 'process_time': 96.549}
[2020-11-17 22:08:14] INFO: ==> Iteration [  1][ 145 /  391]: {'prec_cls': 37.925, 'loss': 23.7438, 'loss_cls': 1.3213, 'loss_mse': 0.0083, 'loss_nce': 22.4141, 'load_time': 3.4505, 'process_time': 96.5495}
[2020-11-17 22:08:18] INFO: ==> Iteration [  1][ 146 /  391]: {'prec_cls': 37.9274, 'loss': 23.7923, 'loss_cls': 1.3211, 'loss_mse': 0.0083, 'loss_nce': 22.4628, 'load_time': 3.4502, 'process_time': 96.5498}
[2020-11-17 22:08:22] INFO: ==> Iteration [  1][ 147 /  391]: {'prec_cls': 37.9418, 'loss': 23.846, 'loss_cls': 1.321, 'loss_mse': 0.0082, 'loss_nce': 22.5168, 'load_time': 3.45, 'process_time': 96.55}
[2020-11-17 22:08:25] INFO: ==> Iteration [  1][ 148 /  391]: {'prec_cls': 37.981, 'loss': 23.8986, 'loss_cls': 1.3207, 'loss_mse': 0.0082, 'loss_nce': 22.5697, 'load_time': 3.4502, 'process_time': 96.5498}
[2020-11-17 22:08:29] INFO: ==> Iteration [  1][ 149 /  391]: {'prec_cls': 37.983, 'loss': 23.9533, 'loss_cls': 1.3206, 'loss_mse': 0.0081, 'loss_nce': 22.6245, 'load_time': 3.4505, 'process_time': 96.5495}
[2020-11-17 22:08:33] INFO: ==> Iteration [  1][ 150 /  391]: {'prec_cls': 37.998, 'loss': 24.0015, 'loss_cls': 1.3204, 'loss_mse': 0.0081, 'loss_nce': 22.673, 'load_time': 3.4504, 'process_time': 96.5496}
[2020-11-17 22:08:36] INFO: ==> Iteration [  1][ 151 /  391]: {'prec_cls': 38.0374, 'loss': 24.0453, 'loss_cls': 1.3199, 'loss_mse': 0.0081, 'loss_nce': 22.7173, 'load_time': 3.4504, 'process_time': 96.5496}
[2020-11-17 22:08:40] INFO: ==> Iteration [  1][ 152 /  391]: {'prec_cls': 38.0769, 'loss': 24.0854, 'loss_cls': 1.3195, 'loss_mse': 0.008, 'loss_nce': 22.7579, 'load_time': 3.4506, 'process_time': 96.5494}
[2020-11-17 22:08:44] INFO: ==> Iteration [  1][ 153 /  391]: {'prec_cls': 38.0987, 'loss': 24.1276, 'loss_cls': 1.3194, 'loss_mse': 0.008, 'loss_nce': 22.8002, 'load_time': 3.4503, 'process_time': 96.5497}
[2020-11-17 22:08:48] INFO: ==> Iteration [  1][ 154 /  391]: {'prec_cls': 38.1157, 'loss': 24.1724, 'loss_cls': 1.3193, 'loss_mse': 0.0079, 'loss_nce': 22.8452, 'load_time': 3.4503, 'process_time': 96.5497}
[2020-11-17 22:08:52] INFO: ==> Iteration [  1][ 155 /  391]: {'prec_cls': 38.1609, 'loss': 24.2184, 'loss_cls': 1.3188, 'loss_mse': 0.0079, 'loss_nce': 22.8918, 'load_time': 3.4504, 'process_time': 96.5496}
[2020-11-17 22:08:56] INFO: ==> Iteration [  1][ 156 /  391]: {'prec_cls': 38.1911, 'loss': 24.2713, 'loss_cls': 1.3185, 'loss_mse': 0.0078, 'loss_nce': 22.9449, 'load_time': 3.4503, 'process_time': 96.5497}
[2020-11-17 22:09:00] INFO: ==> Iteration [  1][ 157 /  391]: {'prec_cls': 38.2103, 'loss': 24.3312, 'loss_cls': 1.3181, 'loss_mse': 0.0078, 'loss_nce': 23.0053, 'load_time': 3.4499, 'process_time': 96.5501}
[2020-11-17 22:09:04] INFO: ==> Iteration [  1][ 158 /  391]: {'prec_cls': 38.2343, 'loss': 24.3917, 'loss_cls': 1.3178, 'loss_mse': 0.0077, 'loss_nce': 23.0661, 'load_time': 3.4495, 'process_time': 96.5505}
[2020-11-17 22:09:08] INFO: ==> Iteration [  1][ 159 /  391]: {'prec_cls': 38.2555, 'loss': 24.4585, 'loss_cls': 1.3177, 'loss_mse': 0.0077, 'loss_nce': 23.1331, 'load_time': 3.4499, 'process_time': 96.5501}
[2020-11-17 22:09:11] INFO: ==> Iteration [  1][ 160 /  391]: {'prec_cls': 38.2751, 'loss': 24.5259, 'loss_cls': 1.3178, 'loss_mse': 0.0076, 'loss_nce': 23.2005, 'load_time': 3.4502, 'process_time': 96.5498}
[2020-11-17 22:09:15] INFO: ==> Iteration [  1][ 161 /  391]: {'prec_cls': 38.2618, 'loss': 24.5952, 'loss_cls': 1.3178, 'loss_mse': 0.0076, 'loss_nce': 23.2699, 'load_time': 3.4507, 'process_time': 96.5493}
[2020-11-17 22:09:19] INFO: ==> Iteration [  1][ 162 /  391]: {'prec_cls': 38.2559, 'loss': 24.6678, 'loss_cls': 1.3178, 'loss_mse': 0.0076, 'loss_nce': 23.3424, 'load_time': 3.4506, 'process_time': 96.5494}
[2020-11-17 22:09:23] INFO: ==> Iteration [  1][ 163 /  391]: {'prec_cls': 38.2537, 'loss': 24.7345, 'loss_cls': 1.3177, 'loss_mse': 0.0075, 'loss_nce': 23.4093, 'load_time': 3.4508, 'process_time': 96.5492}
[2020-11-17 22:09:27] INFO: ==> Iteration [  1][ 164 /  391]: {'prec_cls': 38.2497, 'loss': 24.8027, 'loss_cls': 1.3177, 'loss_mse': 0.0075, 'loss_nce': 23.4775, 'load_time': 3.451, 'process_time': 96.549}
[2020-11-17 22:09:30] INFO: ==> Iteration [  1][ 165 /  391]: {'prec_cls': 38.2771, 'loss': 24.8643, 'loss_cls': 1.3174, 'loss_mse': 0.0074, 'loss_nce': 23.5395, 'load_time': 3.4513, 'process_time': 96.5487}
[2020-11-17 22:09:34] INFO: ==> Iteration [  1][ 166 /  391]: {'prec_cls': 38.3095, 'loss': 24.9261, 'loss_cls': 1.3172, 'loss_mse': 0.0074, 'loss_nce': 23.6015, 'load_time': 3.4515, 'process_time': 96.5485}
[2020-11-17 22:09:38] INFO: ==> Iteration [  1][ 167 /  391]: {'prec_cls': 38.3187, 'loss': 24.9806, 'loss_cls': 1.3169, 'loss_mse': 0.0073, 'loss_nce': 23.6564, 'load_time': 3.4518, 'process_time': 96.5482}
[2020-11-17 22:09:41] INFO: ==> Iteration [  1][ 168 /  391]: {'prec_cls': 38.3394, 'loss': 25.0334, 'loss_cls': 1.3167, 'loss_mse': 0.0073, 'loss_nce': 23.7094, 'load_time': 3.4516, 'process_time': 96.5484}
[2020-11-17 22:09:45] INFO: ==> Iteration [  1][ 169 /  391]: {'prec_cls': 38.3517, 'loss': 25.0826, 'loss_cls': 1.3165, 'loss_mse': 0.0073, 'loss_nce': 23.7589, 'load_time': 3.4514, 'process_time': 96.5486}
[2020-11-17 22:09:49] INFO: ==> Iteration [  1][ 170 /  391]: {'prec_cls': 38.3801, 'loss': 25.1273, 'loss_cls': 1.3163, 'loss_mse': 0.0072, 'loss_nce': 23.8037, 'load_time': 3.4512, 'process_time': 96.5488}
[2020-11-17 22:09:53] INFO: ==> Iteration [  1][ 171 /  391]: {'prec_cls': 38.392, 'loss': 25.1634, 'loss_cls': 1.3162, 'loss_mse': 0.0072, 'loss_nce': 23.8401, 'load_time': 3.4517, 'process_time': 96.5483}
[2020-11-17 22:09:56] INFO: ==> Iteration [  1][ 172 /  391]: {'prec_cls': 38.4147, 'loss': 25.1958, 'loss_cls': 1.3161, 'loss_mse': 0.0071, 'loss_nce': 23.8726, 'load_time': 3.4518, 'process_time': 96.5482}
[2020-11-17 22:10:00] INFO: ==> Iteration [  1][ 173 /  391]: {'prec_cls': 38.4094, 'loss': 25.2217, 'loss_cls': 1.3163, 'loss_mse': 0.0071, 'loss_nce': 23.8983, 'load_time': 3.4519, 'process_time': 96.5481}
[2020-11-17 22:10:04] INFO: ==> Iteration [  1][ 174 /  391]: {'prec_cls': 38.421, 'loss': 25.2479, 'loss_cls': 1.3162, 'loss_mse': 0.0071, 'loss_nce': 23.9246, 'load_time': 3.4526, 'process_time': 96.5474}
[2020-11-17 22:10:08] INFO: ==> Iteration [  1][ 175 /  391]: {'prec_cls': 38.4191, 'loss': 25.2747, 'loss_cls': 1.3162, 'loss_mse': 0.007, 'loss_nce': 23.9515, 'load_time': 3.4526, 'process_time': 96.5474}
[2020-11-17 22:10:12] INFO: ==> Iteration [  1][ 176 /  391]: {'prec_cls': 38.4222, 'loss': 25.3077, 'loss_cls': 1.3161, 'loss_mse': 0.007, 'loss_nce': 23.9846, 'load_time': 3.4527, 'process_time': 96.5473}
[2020-11-17 22:10:15] INFO: ==> Iteration [  1][ 177 /  391]: {'prec_cls': 38.4186, 'loss': 25.3489, 'loss_cls': 1.3161, 'loss_mse': 0.007, 'loss_nce': 24.0259, 'load_time': 3.4529, 'process_time': 96.5471}
[2020-11-17 22:10:19] INFO: ==> Iteration [  1][ 178 /  391]: {'prec_cls': 38.4343, 'loss': 25.3959, 'loss_cls': 1.3159, 'loss_mse': 0.0069, 'loss_nce': 24.0731, 'load_time': 3.4529, 'process_time': 96.5471}
[2020-11-17 22:10:23] INFO: ==> Iteration [  1][ 179 /  391]: {'prec_cls': 38.4717, 'loss': 25.4514, 'loss_cls': 1.3156, 'loss_mse': 0.0069, 'loss_nce': 24.1289, 'load_time': 3.4528, 'process_time': 96.5472}
[2020-11-17 22:10:26] INFO: ==> Iteration [  1][ 180 /  391]: {'prec_cls': 38.4738, 'loss': 25.5146, 'loss_cls': 1.3156, 'loss_mse': 0.0068, 'loss_nce': 24.1921, 'load_time': 3.4529, 'process_time': 96.5471}
[2020-11-17 22:10:31] INFO: ==> Iteration [  1][ 181 /  391]: {'prec_cls': 38.4701, 'loss': 25.5799, 'loss_cls': 1.3156, 'loss_mse': 0.0068, 'loss_nce': 24.2575, 'load_time': 3.4522, 'process_time': 96.5478}
[2020-11-17 22:10:35] INFO: ==> Iteration [  1][ 182 /  391]: {'prec_cls': 38.4868, 'loss': 25.6521, 'loss_cls': 1.3155, 'loss_mse': 0.0068, 'loss_nce': 24.3298, 'load_time': 3.4517, 'process_time': 96.5483}
[2020-11-17 22:10:39] INFO: ==> Iteration [  1][ 183 /  391]: {'prec_cls': 38.4867, 'loss': 25.7181, 'loss_cls': 1.3155, 'loss_mse': 0.0067, 'loss_nce': 24.3958, 'load_time': 3.452, 'process_time': 96.548}
[2020-11-17 22:10:42] INFO: ==> Iteration [  1][ 184 /  391]: {'prec_cls': 38.4893, 'loss': 25.7769, 'loss_cls': 1.3154, 'loss_mse': 0.0067, 'loss_nce': 24.4548, 'load_time': 3.4519, 'process_time': 96.5481}
[2020-11-17 22:10:46] INFO: ==> Iteration [  1][ 185 /  391]: {'prec_cls': 38.4861, 'loss': 25.8341, 'loss_cls': 1.3153, 'loss_mse': 0.0067, 'loss_nce': 24.5122, 'load_time': 3.4522, 'process_time': 96.5478}
[2020-11-17 22:10:50] INFO: ==> Iteration [  1][ 186 /  391]: {'prec_cls': 38.5096, 'loss': 25.8855, 'loss_cls': 1.315, 'loss_mse': 0.0066, 'loss_nce': 24.5639, 'load_time': 3.4525, 'process_time': 96.5475}
[2020-11-17 22:10:54] INFO: ==> Iteration [  1][ 187 /  391]: {'prec_cls': 38.5084, 'loss': 25.934, 'loss_cls': 1.3149, 'loss_mse': 0.0066, 'loss_nce': 24.6125, 'load_time': 3.4524, 'process_time': 96.5476}
[2020-11-17 22:10:58] INFO: ==> Iteration [  1][ 188 /  391]: {'prec_cls': 38.4994, 'loss': 25.9754, 'loss_cls': 1.3149, 'loss_mse': 0.0066, 'loss_nce': 24.6539, 'load_time': 3.4525, 'process_time': 96.5475}
[2020-11-17 22:11:02] INFO: ==> Iteration [  1][ 189 /  391]: {'prec_cls': 38.4905, 'loss': 26.0113, 'loss_cls': 1.3149, 'loss_mse': 0.0065, 'loss_nce': 24.6899, 'load_time': 3.4525, 'process_time': 96.5475}
[2020-11-17 22:11:05] INFO: ==> Iteration [  1][ 190 /  391]: {'prec_cls': 38.493, 'loss': 26.0402, 'loss_cls': 1.3149, 'loss_mse': 0.0065, 'loss_nce': 24.7187, 'load_time': 3.4524, 'process_time': 96.5476}
[2020-11-17 22:11:09] INFO: ==> Iteration [  1][ 191 /  391]: {'prec_cls': 38.4868, 'loss': 26.0676, 'loss_cls': 1.3148, 'loss_mse': 0.0065, 'loss_nce': 24.7463, 'load_time': 3.4526, 'process_time': 96.5474}
[2020-11-17 22:11:13] INFO: ==> Iteration [  1][ 192 /  391]: {'prec_cls': 38.4857, 'loss': 26.0944, 'loss_cls': 1.3148, 'loss_mse': 0.0064, 'loss_nce': 24.7732, 'load_time': 3.4528, 'process_time': 96.5472}
[2020-11-17 22:11:18] INFO: ==> Iteration [  1][ 193 /  391]: {'prec_cls': 38.4933, 'loss': 26.119, 'loss_cls': 1.3147, 'loss_mse': 0.0064, 'loss_nce': 24.7979, 'load_time': 3.4522, 'process_time': 96.5478}
[2020-11-17 22:11:22] INFO: ==> Iteration [  1][ 194 /  391]: {'prec_cls': 38.4992, 'loss': 26.1423, 'loss_cls': 1.3146, 'loss_mse': 0.0064, 'loss_nce': 24.8214, 'load_time': 3.452, 'process_time': 96.548}
[2020-11-17 22:11:25] INFO: ==> Iteration [  1][ 195 /  391]: {'prec_cls': 38.5111, 'loss': 26.1636, 'loss_cls': 1.3145, 'loss_mse': 0.0063, 'loss_nce': 24.8427, 'load_time': 3.4523, 'process_time': 96.5477}
[2020-11-17 22:11:29] INFO: ==> Iteration [  1][ 196 /  391]: {'prec_cls': 38.5224, 'loss': 26.1831, 'loss_cls': 1.3145, 'loss_mse': 0.0063, 'loss_nce': 24.8622, 'load_time': 3.4523, 'process_time': 96.5477}
[2020-11-17 22:11:33] INFO: ==> Iteration [  1][ 197 /  391]: {'prec_cls': 38.5202, 'loss': 26.2073, 'loss_cls': 1.3145, 'loss_mse': 0.0063, 'loss_nce': 24.8866, 'load_time': 3.4525, 'process_time': 96.5475}
[2020-11-17 22:11:37] INFO: ==> Iteration [  1][ 198 /  391]: {'prec_cls': 38.5303, 'loss': 26.2343, 'loss_cls': 1.3144, 'loss_mse': 0.0062, 'loss_nce': 24.9136, 'load_time': 3.4528, 'process_time': 96.5472}
[2020-11-17 22:11:41] INFO: ==> Iteration [  1][ 199 /  391]: {'prec_cls': 38.559, 'loss': 26.2715, 'loss_cls': 1.3142, 'loss_mse': 0.0062, 'loss_nce': 24.951, 'load_time': 3.4529, 'process_time': 96.5471}
[2020-11-17 22:11:45] INFO: ==> Iteration [  1][ 200 /  391]: {'prec_cls': 38.5518, 'loss': 26.3149, 'loss_cls': 1.3142, 'loss_mse': 0.0062, 'loss_nce': 24.9945, 'load_time': 3.4532, 'process_time': 96.5468}
[2020-11-17 22:11:48] INFO: ==> Iteration [  1][ 201 /  391]: {'prec_cls': 38.566, 'loss': 26.3642, 'loss_cls': 1.3142, 'loss_mse': 0.0062, 'loss_nce': 25.0439, 'load_time': 3.4534, 'process_time': 96.5466}
[2020-11-17 22:11:52] INFO: ==> Iteration [  1][ 202 /  391]: {'prec_cls': 38.581, 'loss': 26.4237, 'loss_cls': 1.3141, 'loss_mse': 0.0061, 'loss_nce': 25.1035, 'load_time': 3.4535, 'process_time': 96.5465}
[2020-11-17 22:11:55] INFO: ==> Iteration [  1][ 203 /  391]: {'prec_cls': 38.5872, 'loss': 26.4893, 'loss_cls': 1.3141, 'loss_mse': 0.0061, 'loss_nce': 25.1691, 'load_time': 3.4535, 'process_time': 96.5465}
[2020-11-17 22:11:59] INFO: ==> Iteration [  1][ 204 /  391]: {'prec_cls': 38.5766, 'loss': 26.5561, 'loss_cls': 1.3142, 'loss_mse': 0.0061, 'loss_nce': 25.2359, 'load_time': 3.4536, 'process_time': 96.5464}
[2020-11-17 22:12:03] INFO: ==> Iteration [  1][ 205 /  391]: {'prec_cls': 38.578, 'loss': 26.6209, 'loss_cls': 1.3141, 'loss_mse': 0.006, 'loss_nce': 25.3007, 'load_time': 3.4532, 'process_time': 96.5468}
[2020-11-17 22:12:06] INFO: ==> Iteration [  1][ 206 /  391]: {'prec_cls': 38.5728, 'loss': 26.6753, 'loss_cls': 1.3144, 'loss_mse': 0.006, 'loss_nce': 25.3549, 'load_time': 3.4531, 'process_time': 96.5469}
[2020-11-17 22:12:11] INFO: ==> Iteration [  1][ 207 /  391]: {'prec_cls': 38.5827, 'loss': 26.7196, 'loss_cls': 1.3143, 'loss_mse': 0.006, 'loss_nce': 25.3993, 'load_time': 3.4532, 'process_time': 96.5468}
[2020-11-17 22:12:14] INFO: ==> Iteration [  1][ 208 /  391]: {'prec_cls': 38.5996, 'loss': 26.7582, 'loss_cls': 1.3142, 'loss_mse': 0.006, 'loss_nce': 25.438, 'load_time': 3.4536, 'process_time': 96.5464}
[2020-11-17 22:12:18] INFO: ==> Iteration [  1][ 209 /  391]: {'prec_cls': 38.5938, 'loss': 26.7982, 'loss_cls': 1.3143, 'loss_mse': 0.0059, 'loss_nce': 25.478, 'load_time': 3.4537, 'process_time': 96.5463}
[2020-11-17 22:12:21] INFO: ==> Iteration [  1][ 210 /  391]: {'prec_cls': 38.584, 'loss': 26.8337, 'loss_cls': 1.3143, 'loss_mse': 0.0059, 'loss_nce': 25.5135, 'load_time': 3.454, 'process_time': 96.546}
[2020-11-17 22:12:27] INFO: ==> Iteration [  1][ 211 /  391]: {'prec_cls': 38.5691, 'loss': 26.8724, 'loss_cls': 1.3145, 'loss_mse': 0.0059, 'loss_nce': 25.552, 'load_time': 3.454, 'process_time': 96.546}
[2020-11-17 22:12:30] INFO: ==> Iteration [  1][ 212 /  391]: {'prec_cls': 38.5779, 'loss': 26.9111, 'loss_cls': 1.3144, 'loss_mse': 0.0059, 'loss_nce': 25.5908, 'load_time': 3.4543, 'process_time': 96.5457}
[2020-11-17 22:12:34] INFO: ==> Iteration [  1][ 213 /  391]: {'prec_cls': 38.5779, 'loss': 26.9531, 'loss_cls': 1.3144, 'loss_mse': 0.0058, 'loss_nce': 25.6328, 'load_time': 3.4545, 'process_time': 96.5455}
[2020-11-17 22:12:38] INFO: ==> Iteration [  1][ 214 /  391]: {'prec_cls': 38.5797, 'loss': 26.9947, 'loss_cls': 1.3143, 'loss_mse': 0.0058, 'loss_nce': 25.6746, 'load_time': 3.4546, 'process_time': 96.5454}
[2020-11-17 22:12:42] INFO: ==> Iteration [  1][ 215 /  391]: {'prec_cls': 38.5983, 'loss': 27.0348, 'loss_cls': 1.3143, 'loss_mse': 0.0058, 'loss_nce': 25.7147, 'load_time': 3.4546, 'process_time': 96.5454}
[2020-11-17 22:12:46] INFO: ==> Iteration [  1][ 216 /  391]: {'prec_cls': 38.5977, 'loss': 27.0869, 'loss_cls': 1.3144, 'loss_mse': 0.0058, 'loss_nce': 25.7668, 'load_time': 3.4548, 'process_time': 96.5452}
[2020-11-17 22:12:50] INFO: ==> Iteration [  1][ 217 /  391]: {'prec_cls': 38.594, 'loss': 27.1391, 'loss_cls': 1.3144, 'loss_mse': 0.0057, 'loss_nce': 25.819, 'load_time': 3.4542, 'process_time': 96.5458}
[2020-11-17 22:12:54] INFO: ==> Iteration [  1][ 218 /  391]: {'prec_cls': 38.6105, 'loss': 27.1942, 'loss_cls': 1.3144, 'loss_mse': 0.0057, 'loss_nce': 25.8741, 'load_time': 3.454, 'process_time': 96.546}
[2020-11-17 22:12:57] INFO: ==> Iteration [  1][ 219 /  391]: {'prec_cls': 38.6117, 'loss': 27.2499, 'loss_cls': 1.3144, 'loss_mse': 0.0057, 'loss_nce': 25.9298, 'load_time': 3.4543, 'process_time': 96.5457}
[2020-11-17 22:13:01] INFO: ==> Iteration [  1][ 220 /  391]: {'prec_cls': 38.6506, 'loss': 27.3086, 'loss_cls': 1.3142, 'loss_mse': 0.0057, 'loss_nce': 25.9887, 'load_time': 3.4545, 'process_time': 96.5455}
[2020-11-17 22:13:04] INFO: ==> Iteration [  1][ 221 /  391]: {'prec_cls': 38.6573, 'loss': 27.3653, 'loss_cls': 1.3142, 'loss_mse': 0.0056, 'loss_nce': 26.0455, 'load_time': 3.4546, 'process_time': 96.5454}
[2020-11-17 22:13:08] INFO: ==> Iteration [  1][ 222 /  391]: {'prec_cls': 38.6596, 'loss': 27.4231, 'loss_cls': 1.3141, 'loss_mse': 0.0056, 'loss_nce': 26.1034, 'load_time': 3.4548, 'process_time': 96.5452}
[2020-11-17 22:13:12] INFO: ==> Iteration [  1][ 223 /  391]: {'prec_cls': 38.6763, 'loss': 27.4822, 'loss_cls': 1.314, 'loss_mse': 0.0056, 'loss_nce': 26.1626, 'load_time': 3.455, 'process_time': 96.545}
[2020-11-17 22:13:16] INFO: ==> Iteration [  1][ 224 /  391]: {'prec_cls': 38.6588, 'loss': 27.5411, 'loss_cls': 1.3141, 'loss_mse': 0.0056, 'loss_nce': 26.2214, 'load_time': 3.455, 'process_time': 96.545}
[2020-11-17 22:13:20] INFO: ==> Iteration [  1][ 225 /  391]: {'prec_cls': 38.6571, 'loss': 27.6026, 'loss_cls': 1.3143, 'loss_mse': 0.0056, 'loss_nce': 26.2827, 'load_time': 3.4552, 'process_time': 96.5448}
[2020-11-17 22:13:25] INFO: ==> Iteration [  1][ 226 /  391]: {'prec_cls': 38.6537, 'loss': 27.6636, 'loss_cls': 1.3143, 'loss_mse': 0.0055, 'loss_nce': 26.3437, 'load_time': 3.455, 'process_time': 96.545}
[2020-11-17 22:13:28] INFO: ==> Iteration [  1][ 227 /  391]: {'prec_cls': 38.6486, 'loss': 27.7189, 'loss_cls': 1.3143, 'loss_mse': 0.0055, 'loss_nce': 26.3991, 'load_time': 3.4552, 'process_time': 96.5448}
[2020-11-17 22:13:32] INFO: ==> Iteration [  1][ 228 /  391]: {'prec_cls': 38.6372, 'loss': 27.7746, 'loss_cls': 1.3143, 'loss_mse': 0.0055, 'loss_nce': 26.4548, 'load_time': 3.4554, 'process_time': 96.5446}
[2020-11-17 22:13:36] INFO: ==> Iteration [  1][ 229 /  391]: {'prec_cls': 38.6599, 'loss': 27.8238, 'loss_cls': 1.3143, 'loss_mse': 0.0055, 'loss_nce': 26.5041, 'load_time': 3.455, 'process_time': 96.545}
[2020-11-17 22:13:40] INFO: ==> Iteration [  1][ 230 /  391]: {'prec_cls': 38.6736, 'loss': 27.8629, 'loss_cls': 1.3143, 'loss_mse': 0.0054, 'loss_nce': 26.5432, 'load_time': 3.4548, 'process_time': 96.5452}
[2020-11-17 22:13:43] INFO: ==> Iteration [  1][ 231 /  391]: {'prec_cls': 38.693, 'loss': 27.8931, 'loss_cls': 1.3141, 'loss_mse': 0.0054, 'loss_nce': 26.5736, 'load_time': 3.455, 'process_time': 96.545}
[2020-11-17 22:13:47] INFO: ==> Iteration [  1][ 232 /  391]: {'prec_cls': 38.6849, 'loss': 27.9203, 'loss_cls': 1.3142, 'loss_mse': 0.0054, 'loss_nce': 26.6007, 'load_time': 3.4552, 'process_time': 96.5448}
[2020-11-17 22:13:51] INFO: ==> Iteration [  1][ 233 /  391]: {'prec_cls': 38.6933, 'loss': 27.9464, 'loss_cls': 1.3141, 'loss_mse': 0.0054, 'loss_nce': 26.6268, 'load_time': 3.4551, 'process_time': 96.5449}
[2020-11-17 22:13:55] INFO: ==> Iteration [  1][ 234 /  391]: {'prec_cls': 38.7011, 'loss': 27.9701, 'loss_cls': 1.3141, 'loss_mse': 0.0054, 'loss_nce': 26.6506, 'load_time': 3.4553, 'process_time': 96.5447}
[2020-11-17 22:13:59] INFO: ==> Iteration [  1][ 235 /  391]: {'prec_cls': 38.6989, 'loss': 27.9962, 'loss_cls': 1.3142, 'loss_mse': 0.0053, 'loss_nce': 26.6767, 'load_time': 3.4554, 'process_time': 96.5446}
[2020-11-17 22:14:03] INFO: ==> Iteration [  1][ 236 /  391]: {'prec_cls': 38.6913, 'loss': 28.0193, 'loss_cls': 1.3143, 'loss_mse': 0.0053, 'loss_nce': 26.6997, 'load_time': 3.4553, 'process_time': 96.5447}
[2020-11-17 22:14:07] INFO: ==> Iteration [  1][ 237 /  391]: {'prec_cls': 38.6974, 'loss': 28.0439, 'loss_cls': 1.3142, 'loss_mse': 0.0053, 'loss_nce': 26.7244, 'load_time': 3.4556, 'process_time': 96.5444}
[2020-11-17 22:14:11] INFO: ==> Iteration [  1][ 238 /  391]: {'prec_cls': 38.6899, 'loss': 28.0661, 'loss_cls': 1.3143, 'loss_mse': 0.0053, 'loss_nce': 26.7466, 'load_time': 3.4556, 'process_time': 96.5444}
[2020-11-17 22:14:15] INFO: ==> Iteration [  1][ 239 /  391]: {'prec_cls': 38.7086, 'loss': 28.0917, 'loss_cls': 1.3142, 'loss_mse': 0.0053, 'loss_nce': 26.7722, 'load_time': 3.4556, 'process_time': 96.5444}
[2020-11-17 22:14:20] INFO: ==> Iteration [  1][ 240 /  391]: {'prec_cls': 38.6865, 'loss': 28.1176, 'loss_cls': 1.3144, 'loss_mse': 0.0053, 'loss_nce': 26.798, 'load_time': 3.4558, 'process_time': 96.5442}
[2020-11-17 22:14:24] INFO: ==> Iteration [  1][ 241 /  391]: {'prec_cls': 38.6934, 'loss': 28.1436, 'loss_cls': 1.3144, 'loss_mse': 0.0052, 'loss_nce': 26.8239, 'load_time': 3.4554, 'process_time': 96.5446}
[2020-11-17 22:14:28] INFO: ==> Iteration [  1][ 242 /  391]: {'prec_cls': 38.7017, 'loss': 28.1712, 'loss_cls': 1.3144, 'loss_mse': 0.0052, 'loss_nce': 26.8515, 'load_time': 3.455, 'process_time': 96.545}
[2020-11-17 22:14:32] INFO: ==> Iteration [  1][ 243 /  391]: {'prec_cls': 38.7181, 'loss': 28.1951, 'loss_cls': 1.3143, 'loss_mse': 0.0052, 'loss_nce': 26.8756, 'load_time': 3.4553, 'process_time': 96.5447}
[2020-11-17 22:14:36] INFO: ==> Iteration [  1][ 244 /  391]: {'prec_cls': 38.7175, 'loss': 28.2214, 'loss_cls': 1.3143, 'loss_mse': 0.0052, 'loss_nce': 26.9019, 'load_time': 3.4552, 'process_time': 96.5448}
[2020-11-17 22:14:40] INFO: ==> Iteration [  1][ 245 /  391]: {'prec_cls': 38.7201, 'loss': 28.245, 'loss_cls': 1.3142, 'loss_mse': 0.0052, 'loss_nce': 26.9256, 'load_time': 3.4554, 'process_time': 96.5446}
[2020-11-17 22:14:44] INFO: ==> Iteration [  1][ 246 /  391]: {'prec_cls': 38.7183, 'loss': 28.2701, 'loss_cls': 1.3143, 'loss_mse': 0.0052, 'loss_nce': 26.9507, 'load_time': 3.4557, 'process_time': 96.5443}
[2020-11-17 22:14:48] INFO: ==> Iteration [  1][ 247 /  391]: {'prec_cls': 38.7181, 'loss': 28.2967, 'loss_cls': 1.3143, 'loss_mse': 0.0051, 'loss_nce': 26.9773, 'load_time': 3.4558, 'process_time': 96.5442}
[2020-11-17 22:14:52] INFO: ==> Iteration [  1][ 248 /  391]: {'prec_cls': 38.699, 'loss': 28.3275, 'loss_cls': 1.3144, 'loss_mse': 0.0051, 'loss_nce': 27.0079, 'load_time': 3.456, 'process_time': 96.544}
[2020-11-17 22:14:55] INFO: ==> Iteration [  1][ 249 /  391]: {'prec_cls': 38.6868, 'loss': 28.3651, 'loss_cls': 1.3146, 'loss_mse': 0.0051, 'loss_nce': 27.0454, 'load_time': 3.4561, 'process_time': 96.5439}
[2020-11-17 22:14:59] INFO: ==> Iteration [  1][ 250 /  391]: {'prec_cls': 38.6473, 'loss': 28.4062, 'loss_cls': 1.3148, 'loss_mse': 0.0051, 'loss_nce': 27.0862, 'load_time': 3.4563, 'process_time': 96.5437}
[2020-11-17 22:15:02] INFO: ==> Iteration [  1][ 251 /  391]: {'prec_cls': 38.6271, 'loss': 28.4468, 'loss_cls': 1.315, 'loss_mse': 0.0051, 'loss_nce': 27.1267, 'load_time': 3.4565, 'process_time': 96.5435}
[2020-11-17 22:15:06] INFO: ==> Iteration [  1][ 252 /  391]: {'prec_cls': 38.6002, 'loss': 28.4872, 'loss_cls': 1.3151, 'loss_mse': 0.0051, 'loss_nce': 27.1671, 'load_time': 3.4565, 'process_time': 96.5435}
[2020-11-17 22:15:10] INFO: ==> Iteration [  1][ 253 /  391]: {'prec_cls': 38.5742, 'loss': 28.5277, 'loss_cls': 1.3153, 'loss_mse': 0.005, 'loss_nce': 27.2073, 'load_time': 3.456, 'process_time': 96.544}
[2020-11-17 22:15:14] INFO: ==> Iteration [  1][ 254 /  391]: {'prec_cls': 38.5538, 'loss': 28.5638, 'loss_cls': 1.3155, 'loss_mse': 0.005, 'loss_nce': 27.2433, 'load_time': 3.4558, 'process_time': 96.5442}
[2020-11-17 22:15:17] INFO: ==> Iteration [  1][ 255 /  391]: {'prec_cls': 38.5099, 'loss': 28.6015, 'loss_cls': 1.3157, 'loss_mse': 0.005, 'loss_nce': 27.2808, 'load_time': 3.4557, 'process_time': 96.5443}
[2020-11-17 22:15:21] INFO: ==> Iteration [  1][ 256 /  391]: {'prec_cls': 38.4735, 'loss': 28.6302, 'loss_cls': 1.3159, 'loss_mse': 0.005, 'loss_nce': 27.3093, 'load_time': 3.4556, 'process_time': 96.5444}
[2020-11-17 22:15:24] INFO: ==> Iteration [  1][ 257 /  391]: {'prec_cls': 38.4367, 'loss': 28.6602, 'loss_cls': 1.3161, 'loss_mse': 0.005, 'loss_nce': 27.3391, 'load_time': 3.4558, 'process_time': 96.5442}
[2020-11-17 22:15:28] INFO: ==> Iteration [  1][ 258 /  391]: {'prec_cls': 38.405, 'loss': 28.6874, 'loss_cls': 1.3163, 'loss_mse': 0.005, 'loss_nce': 27.3662, 'load_time': 3.4559, 'process_time': 96.5441}
[2020-11-17 22:15:32] INFO: ==> Iteration [  1][ 259 /  391]: {'prec_cls': 38.3721, 'loss': 28.7141, 'loss_cls': 1.3165, 'loss_mse': 0.005, 'loss_nce': 27.3926, 'load_time': 3.4559, 'process_time': 96.5441}
[2020-11-17 22:15:36] INFO: ==> Iteration [  1][ 260 /  391]: {'prec_cls': 38.3282, 'loss': 28.746, 'loss_cls': 1.3168, 'loss_mse': 0.0049, 'loss_nce': 27.4243, 'load_time': 3.4557, 'process_time': 96.5443}
[2020-11-17 22:15:40] INFO: ==> Iteration [  1][ 261 /  391]: {'prec_cls': 38.2682, 'loss': 28.7776, 'loss_cls': 1.317, 'loss_mse': 0.0049, 'loss_nce': 27.4556, 'load_time': 3.4558, 'process_time': 96.5442}
[2020-11-17 22:15:44] INFO: ==> Iteration [  1][ 262 /  391]: {'prec_cls': 38.2328, 'loss': 28.8127, 'loss_cls': 1.3173, 'loss_mse': 0.0049, 'loss_nce': 27.4905, 'load_time': 3.4557, 'process_time': 96.5443}
[2020-11-17 22:15:47] INFO: ==> Iteration [  1][ 263 /  391]: {'prec_cls': 38.194, 'loss': 28.8487, 'loss_cls': 1.3175, 'loss_mse': 0.0049, 'loss_nce': 27.5263, 'load_time': 3.4557, 'process_time': 96.5443}
[2020-11-17 22:15:51] INFO: ==> Iteration [  1][ 264 /  391]: {'prec_cls': 38.1692, 'loss': 28.8865, 'loss_cls': 1.3176, 'loss_mse': 0.0049, 'loss_nce': 27.564, 'load_time': 3.4561, 'process_time': 96.5439}
[2020-11-17 22:15:54] INFO: ==> Iteration [  1][ 265 /  391]: {'prec_cls': 38.1386, 'loss': 28.9256, 'loss_cls': 1.3178, 'loss_mse': 0.0049, 'loss_nce': 27.6029, 'load_time': 3.456, 'process_time': 96.544}
[2020-11-17 22:16:00] INFO: ==> Iteration [  1][ 266 /  391]: {'prec_cls': 38.1278, 'loss': 28.9669, 'loss_cls': 1.3179, 'loss_mse': 0.0048, 'loss_nce': 27.6442, 'load_time': 3.4555, 'process_time': 96.5445}
[2020-11-17 22:16:03] INFO: ==> Iteration [  1][ 267 /  391]: {'prec_cls': 38.0925, 'loss': 29.0092, 'loss_cls': 1.3181, 'loss_mse': 0.0048, 'loss_nce': 27.6863, 'load_time': 3.4554, 'process_time': 96.5446}
[2020-11-17 22:16:07] INFO: ==> Iteration [  1][ 268 /  391]: {'prec_cls': 38.063, 'loss': 29.0518, 'loss_cls': 1.3183, 'loss_mse': 0.0048, 'loss_nce': 27.7288, 'load_time': 3.4555, 'process_time': 96.5445}
[2020-11-17 22:16:11] INFO: ==> Iteration [  1][ 269 /  391]: {'prec_cls': 38.0199, 'loss': 29.1042, 'loss_cls': 1.3185, 'loss_mse': 0.0048, 'loss_nce': 27.7808, 'load_time': 3.4557, 'process_time': 96.5443}
[2020-11-17 22:16:15] INFO: ==> Iteration [  1][ 270 /  391]: {'prec_cls': 37.9745, 'loss': 29.1603, 'loss_cls': 1.3188, 'loss_mse': 0.0048, 'loss_nce': 27.8367, 'load_time': 3.4561, 'process_time': 96.5439}
[2020-11-17 22:16:18] INFO: ==> Iteration [  1][ 271 /  391]: {'prec_cls': 37.9295, 'loss': 29.2201, 'loss_cls': 1.319, 'loss_mse': 0.0048, 'loss_nce': 27.8963, 'load_time': 3.456, 'process_time': 96.544}
[2020-11-17 22:16:22] INFO: ==> Iteration [  1][ 272 /  391]: {'prec_cls': 37.8971, 'loss': 29.2843, 'loss_cls': 1.3192, 'loss_mse': 0.0048, 'loss_nce': 27.9603, 'load_time': 3.4561, 'process_time': 96.5439}
[2020-11-17 22:16:26] INFO: ==> Iteration [  1][ 273 /  391]: {'prec_cls': 37.876, 'loss': 29.3534, 'loss_cls': 1.3194, 'loss_mse': 0.0047, 'loss_nce': 28.0293, 'load_time': 3.4561, 'process_time': 96.5439}
[2020-11-17 22:16:29] INFO: ==> Iteration [  1][ 274 /  391]: {'prec_cls': 37.8386, 'loss': 29.4306, 'loss_cls': 1.3196, 'loss_mse': 0.0047, 'loss_nce': 28.1063, 'load_time': 3.4562, 'process_time': 96.5438}
[2020-11-17 22:16:33] INFO: ==> Iteration [  1][ 275 /  391]: {'prec_cls': 37.8072, 'loss': 29.5086, 'loss_cls': 1.3198, 'loss_mse': 0.0047, 'loss_nce': 28.1841, 'load_time': 3.4563, 'process_time': 96.5437}
[2020-11-17 22:16:36] INFO: ==> Iteration [  1][ 276 /  391]: {'prec_cls': 37.782, 'loss': 29.582, 'loss_cls': 1.32, 'loss_mse': 0.0047, 'loss_nce': 28.2573, 'load_time': 3.4565, 'process_time': 96.5435}
[2020-11-17 22:16:40] INFO: ==> Iteration [  1][ 277 /  391]: {'prec_cls': 37.7327, 'loss': 29.6568, 'loss_cls': 1.3202, 'loss_mse': 0.0047, 'loss_nce': 28.3319, 'load_time': 3.4565, 'process_time': 96.5435}
[2020-11-17 22:16:44] INFO: ==> Iteration [  1][ 278 /  391]: {'prec_cls': 37.6837, 'loss': 29.7229, 'loss_cls': 1.3204, 'loss_mse': 0.0047, 'loss_nce': 28.3978, 'load_time': 3.4562, 'process_time': 96.5438}
[2020-11-17 22:16:48] INFO: ==> Iteration [  1][ 279 /  391]: {'prec_cls': 37.6376, 'loss': 29.7848, 'loss_cls': 1.3207, 'loss_mse': 0.0046, 'loss_nce': 28.4595, 'load_time': 3.4565, 'process_time': 96.5435}
[2020-11-17 22:16:52] INFO: ==> Iteration [  1][ 280 /  391]: {'prec_cls': 37.6011, 'loss': 29.844, 'loss_cls': 1.3208, 'loss_mse': 0.0046, 'loss_nce': 28.5185, 'load_time': 3.4562, 'process_time': 96.5438}
[2020-11-17 22:16:55] INFO: ==> Iteration [  1][ 281 /  391]: {'prec_cls': 37.5577, 'loss': 29.8807, 'loss_cls': 1.321, 'loss_mse': 0.0046, 'loss_nce': 28.555, 'load_time': 3.4563, 'process_time': 96.5437}
[2020-11-17 22:16:59] INFO: ==> Iteration [  1][ 282 /  391]: {'prec_cls': 37.5253, 'loss': 29.9072, 'loss_cls': 1.3212, 'loss_mse': 0.0046, 'loss_nce': 28.5814, 'load_time': 3.4563, 'process_time': 96.5437}
[2020-11-17 22:17:03] INFO: ==> Iteration [  1][ 283 /  391]: {'prec_cls': 37.5017, 'loss': 29.9269, 'loss_cls': 1.3214, 'loss_mse': 0.0046, 'loss_nce': 28.601, 'load_time': 3.4563, 'process_time': 96.5437}
[2020-11-17 22:17:07] INFO: ==> Iteration [  1][ 284 /  391]: {'prec_cls': 37.478, 'loss': 29.942, 'loss_cls': 1.3216, 'loss_mse': 0.0046, 'loss_nce': 28.6159, 'load_time': 3.4564, 'process_time': 96.5436}
[2020-11-17 22:17:11] INFO: ==> Iteration [  1][ 285 /  391]: {'prec_cls': 37.4674, 'loss': 29.9562, 'loss_cls': 1.3217, 'loss_mse': 0.0046, 'loss_nce': 28.63, 'load_time': 3.4566, 'process_time': 96.5434}
[2020-11-17 22:17:17] INFO: ==> Iteration [  1][ 286 /  391]: {'prec_cls': 37.4501, 'loss': 29.9769, 'loss_cls': 1.3218, 'loss_mse': 0.0045, 'loss_nce': 28.6505, 'load_time': 3.4567, 'process_time': 96.5433}
[2020-11-17 22:17:21] INFO: ==> Iteration [  1][ 287 /  391]: {'prec_cls': 37.4139, 'loss': 29.9985, 'loss_cls': 1.3219, 'loss_mse': 0.0045, 'loss_nce': 28.6721, 'load_time': 3.4567, 'process_time': 96.5433}
[2020-11-17 22:17:25] INFO: ==> Iteration [  1][ 288 /  391]: {'prec_cls': 37.3966, 'loss': 30.0266, 'loss_cls': 1.3221, 'loss_mse': 0.0045, 'loss_nce': 28.7, 'load_time': 3.4567, 'process_time': 96.5433}
[2020-11-17 22:17:29] INFO: ==> Iteration [  1][ 289 /  391]: {'prec_cls': 37.3807, 'loss': 30.0616, 'loss_cls': 1.3222, 'loss_mse': 0.0045, 'loss_nce': 28.7349, 'load_time': 3.4563, 'process_time': 96.5437}
[2020-11-17 22:17:32] INFO: ==> Iteration [  1][ 290 /  391]: {'prec_cls': 37.366, 'loss': 30.101, 'loss_cls': 1.3223, 'loss_mse': 0.0045, 'loss_nce': 28.7742, 'load_time': 3.4563, 'process_time': 96.5437}
[2020-11-17 22:17:36] INFO: ==> Iteration [  1][ 291 /  391]: {'prec_cls': 37.351, 'loss': 30.1404, 'loss_cls': 1.3224, 'loss_mse': 0.0045, 'loss_nce': 28.8135, 'load_time': 3.4562, 'process_time': 96.5438}
[2020-11-17 22:17:40] INFO: ==> Iteration [  1][ 292 /  391]: {'prec_cls': 37.3452, 'loss': 30.1821, 'loss_cls': 1.3225, 'loss_mse': 0.0045, 'loss_nce': 28.8552, 'load_time': 3.4559, 'process_time': 96.5441}
[2020-11-17 22:17:44] INFO: ==> Iteration [  1][ 293 /  391]: {'prec_cls': 37.321, 'loss': 30.2247, 'loss_cls': 1.3226, 'loss_mse': 0.0044, 'loss_nce': 28.8976, 'load_time': 3.456, 'process_time': 96.544}
[2020-11-17 22:17:48] INFO: ==> Iteration [  1][ 294 /  391]: {'prec_cls': 37.2967, 'loss': 30.2711, 'loss_cls': 1.3228, 'loss_mse': 0.0044, 'loss_nce': 28.9438, 'load_time': 3.4561, 'process_time': 96.5439}
[2020-11-17 22:17:51] INFO: ==> Iteration [  1][ 295 /  391]: {'prec_cls': 37.2799, 'loss': 30.3155, 'loss_cls': 1.323, 'loss_mse': 0.0044, 'loss_nce': 28.9881, 'load_time': 3.4563, 'process_time': 96.5437}
[2020-11-17 22:17:55] INFO: ==> Iteration [  1][ 296 /  391]: {'prec_cls': 37.2658, 'loss': 30.3644, 'loss_cls': 1.3231, 'loss_mse': 0.0044, 'loss_nce': 29.0369, 'load_time': 3.4564, 'process_time': 96.5436}
[2020-11-17 22:17:59] INFO: ==> Iteration [  1][ 297 /  391]: {'prec_cls': 37.2564, 'loss': 30.4124, 'loss_cls': 1.3232, 'loss_mse': 0.0044, 'loss_nce': 29.0848, 'load_time': 3.4565, 'process_time': 96.5435}
[2020-11-17 22:18:05] INFO: ==> Iteration [  1][ 298 /  391]: {'prec_cls': 37.247, 'loss': 30.4595, 'loss_cls': 1.3233, 'loss_mse': 0.0044, 'loss_nce': 29.1319, 'load_time': 3.4564, 'process_time': 96.5436}
[2020-11-17 22:18:09] INFO: ==> Iteration [  1][ 299 /  391]: {'prec_cls': 37.2227, 'loss': 30.5069, 'loss_cls': 1.3234, 'loss_mse': 0.0044, 'loss_nce': 29.1791, 'load_time': 3.4566, 'process_time': 96.5434}
[2020-11-17 22:18:12] INFO: ==> Iteration [  1][ 300 /  391]: {'prec_cls': 37.208, 'loss': 30.555, 'loss_cls': 1.3236, 'loss_mse': 0.0043, 'loss_nce': 29.2271, 'load_time': 3.4567, 'process_time': 96.5433}
[2020-11-17 22:18:16] INFO: ==> Iteration [  1][ 301 /  391]: {'prec_cls': 37.1876, 'loss': 30.6007, 'loss_cls': 1.3237, 'loss_mse': 0.0043, 'loss_nce': 29.2727, 'load_time': 3.4562, 'process_time': 96.5438}
[2020-11-17 22:18:20] INFO: ==> Iteration [  1][ 302 /  391]: {'prec_cls': 37.164, 'loss': 30.6424, 'loss_cls': 1.3239, 'loss_mse': 0.0043, 'loss_nce': 29.3142, 'load_time': 3.4562, 'process_time': 96.5438}
[2020-11-17 22:18:24] INFO: ==> Iteration [  1][ 303 /  391]: {'prec_cls': 37.1729, 'loss': 30.6829, 'loss_cls': 1.3239, 'loss_mse': 0.0043, 'loss_nce': 29.3547, 'load_time': 3.4564, 'process_time': 96.5436}
[2020-11-17 22:18:28] INFO: ==> Iteration [  1][ 304 /  391]: {'prec_cls': 37.1579, 'loss': 30.7214, 'loss_cls': 1.324, 'loss_mse': 0.0043, 'loss_nce': 29.3931, 'load_time': 3.4562, 'process_time': 96.5438}
[2020-11-17 22:18:32] INFO: ==> Iteration [  1][ 305 /  391]: {'prec_cls': 37.1491, 'loss': 30.7565, 'loss_cls': 1.3241, 'loss_mse': 0.0043, 'loss_nce': 29.4281, 'load_time': 3.4563, 'process_time': 96.5437}
[2020-11-17 22:18:36] INFO: ==> Iteration [  1][ 306 /  391]: {'prec_cls': 37.1272, 'loss': 30.7914, 'loss_cls': 1.3243, 'loss_mse': 0.0043, 'loss_nce': 29.4629, 'load_time': 3.4563, 'process_time': 96.5437}
[2020-11-17 22:18:40] INFO: ==> Iteration [  1][ 307 /  391]: {'prec_cls': 37.1081, 'loss': 30.825, 'loss_cls': 1.3244, 'loss_mse': 0.0043, 'loss_nce': 29.4963, 'load_time': 3.4564, 'process_time': 96.5436}
[2020-11-17 22:18:44] INFO: ==> Iteration [  1][ 308 /  391]: {'prec_cls': 37.0951, 'loss': 30.8583, 'loss_cls': 1.3245, 'loss_mse': 0.0042, 'loss_nce': 29.5296, 'load_time': 3.4566, 'process_time': 96.5434}
[2020-11-17 22:18:47] INFO: ==> Iteration [  1][ 309 /  391]: {'prec_cls': 37.0809, 'loss': 30.8936, 'loss_cls': 1.3246, 'loss_mse': 0.0042, 'loss_nce': 29.5648, 'load_time': 3.4568, 'process_time': 96.5432}
[2020-11-17 22:18:52] INFO: ==> Iteration [  1][ 310 /  391]: {'prec_cls': 37.0709, 'loss': 30.9307, 'loss_cls': 1.3246, 'loss_mse': 0.0042, 'loss_nce': 29.6019, 'load_time': 3.4567, 'process_time': 96.5433}
[2020-11-17 22:18:56] INFO: ==> Iteration [  1][ 311 /  391]: {'prec_cls': 37.0497, 'loss': 30.9674, 'loss_cls': 1.3248, 'loss_mse': 0.0042, 'loss_nce': 29.6385, 'load_time': 3.4568, 'process_time': 96.5432}
[2020-11-17 22:19:00] INFO: ==> Iteration [  1][ 312 /  391]: {'prec_cls': 37.038, 'loss': 31.007, 'loss_cls': 1.3248, 'loss_mse': 0.0042, 'loss_nce': 29.6779, 'load_time': 3.4569, 'process_time': 96.5431}
[2020-11-17 22:19:04] INFO: ==> Iteration [  1][ 313 /  391]: {'prec_cls': 37.0239, 'loss': 31.0455, 'loss_cls': 1.325, 'loss_mse': 0.0042, 'loss_nce': 29.7163, 'load_time': 3.4566, 'process_time': 96.5434}
[2020-11-17 22:19:08] INFO: ==> Iteration [  1][ 314 /  391]: {'prec_cls': 37.013, 'loss': 31.0809, 'loss_cls': 1.3251, 'loss_mse': 0.0042, 'loss_nce': 29.7517, 'load_time': 3.4567, 'process_time': 96.5433}
[2020-11-17 22:19:13] INFO: ==> Iteration [  1][ 315 /  391]: {'prec_cls': 36.9959, 'loss': 31.1056, 'loss_cls': 1.3252, 'loss_mse': 0.0042, 'loss_nce': 29.7763, 'load_time': 3.4569, 'process_time': 96.5431}
[2020-11-17 22:19:23] INFO: ==> Iteration [  1][ 316 /  391]: {'prec_cls': 36.9895, 'loss': 31.1312, 'loss_cls': 1.3253, 'loss_mse': 0.0041, 'loss_nce': 29.8018, 'load_time': 3.4565, 'process_time': 96.5435}
[2020-11-17 22:19:33] INFO: ==> Iteration [  1][ 317 /  391]: {'prec_cls': 36.992, 'loss': 31.1539, 'loss_cls': 1.3253, 'loss_mse': 0.0041, 'loss_nce': 29.8245, 'load_time': 3.4567, 'process_time': 96.5433}
[2020-11-17 22:19:39] INFO: ==> Iteration [  1][ 318 /  391]: {'prec_cls': 36.9721, 'loss': 31.1747, 'loss_cls': 1.3254, 'loss_mse': 0.0041, 'loss_nce': 29.8452, 'load_time': 3.4568, 'process_time': 96.5432}
[2020-11-17 22:19:44] INFO: ==> Iteration [  1][ 319 /  391]: {'prec_cls': 36.9649, 'loss': 31.1972, 'loss_cls': 1.3255, 'loss_mse': 0.0041, 'loss_nce': 29.8676, 'load_time': 3.4569, 'process_time': 96.5431}
[2020-11-17 22:19:49] INFO: ==> Iteration [  1][ 320 /  391]: {'prec_cls': 36.9565, 'loss': 31.2234, 'loss_cls': 1.3256, 'loss_mse': 0.0041, 'loss_nce': 29.8937, 'load_time': 3.4572, 'process_time': 96.5428}
[2020-11-17 22:19:54] INFO: ==> Iteration [  1][ 321 /  391]: {'prec_cls': 36.9436, 'loss': 31.2545, 'loss_cls': 1.3257, 'loss_mse': 0.0041, 'loss_nce': 29.9247, 'load_time': 3.4569, 'process_time': 96.5431}
[2020-11-17 22:19:59] INFO: ==> Iteration [  1][ 322 /  391]: {'prec_cls': 36.9377, 'loss': 31.287, 'loss_cls': 1.3258, 'loss_mse': 0.0041, 'loss_nce': 29.9572, 'load_time': 3.4571, 'process_time': 96.5429}
[2020-11-17 22:20:04] INFO: ==> Iteration [  1][ 323 /  391]: {'prec_cls': 36.9373, 'loss': 31.3242, 'loss_cls': 1.3258, 'loss_mse': 0.0041, 'loss_nce': 29.9943, 'load_time': 3.4568, 'process_time': 96.5432}
[2020-11-17 22:20:08] INFO: ==> Iteration [  1][ 324 /  391]: {'prec_cls': 36.9204, 'loss': 31.3639, 'loss_cls': 1.326, 'loss_mse': 0.0041, 'loss_nce': 30.0339, 'load_time': 3.4569, 'process_time': 96.5431}
[2020-11-17 22:20:13] INFO: ==> Iteration [  1][ 325 /  391]: {'prec_cls': 36.9225, 'loss': 31.41, 'loss_cls': 1.326, 'loss_mse': 0.004, 'loss_nce': 30.08, 'load_time': 3.4571, 'process_time': 96.5429}
[2020-11-17 22:20:18] INFO: ==> Iteration [  1][ 326 /  391]: {'prec_cls': 36.9105, 'loss': 31.4576, 'loss_cls': 1.3261, 'loss_mse': 0.004, 'loss_nce': 30.1274, 'load_time': 3.4573, 'process_time': 96.5427}
[2020-11-17 22:20:23] INFO: ==> Iteration [  1][ 327 /  391]: {'prec_cls': 36.9111, 'loss': 31.5052, 'loss_cls': 1.3261, 'loss_mse': 0.004, 'loss_nce': 30.175, 'load_time': 3.4573, 'process_time': 96.5427}
[2020-11-17 22:20:28] INFO: ==> Iteration [  1][ 328 /  391]: {'prec_cls': 36.9212, 'loss': 31.558, 'loss_cls': 1.3261, 'loss_mse': 0.004, 'loss_nce': 30.2278, 'load_time': 3.4573, 'process_time': 96.5427}
[2020-11-17 22:20:32] INFO: ==> Iteration [  1][ 329 /  391]: {'prec_cls': 36.9084, 'loss': 31.6153, 'loss_cls': 1.3262, 'loss_mse': 0.004, 'loss_nce': 30.2851, 'load_time': 3.4573, 'process_time': 96.5427}
[2020-11-17 22:20:37] INFO: ==> Iteration [  1][ 330 /  391]: {'prec_cls': 36.8978, 'loss': 31.6691, 'loss_cls': 1.3263, 'loss_mse': 0.004, 'loss_nce': 30.3388, 'load_time': 3.4572, 'process_time': 96.5428}
[2020-11-17 22:20:41] INFO: ==> Iteration [  1][ 331 /  391]: {'prec_cls': 36.8967, 'loss': 31.7268, 'loss_cls': 1.3264, 'loss_mse': 0.004, 'loss_nce': 30.3964, 'load_time': 3.4568, 'process_time': 96.5432}
[2020-11-17 22:20:46] INFO: ==> Iteration [  1][ 332 /  391]: {'prec_cls': 36.8938, 'loss': 31.7856, 'loss_cls': 1.3265, 'loss_mse': 0.004, 'loss_nce': 30.4551, 'load_time': 3.4571, 'process_time': 96.5429}
[2020-11-17 22:20:50] INFO: ==> Iteration [  1][ 333 /  391]: {'prec_cls': 36.8783, 'loss': 31.8414, 'loss_cls': 1.3266, 'loss_mse': 0.004, 'loss_nce': 30.5109, 'load_time': 3.4569, 'process_time': 96.5431}
[2020-11-17 22:20:55] INFO: ==> Iteration [  1][ 334 /  391]: {'prec_cls': 36.8696, 'loss': 31.9015, 'loss_cls': 1.3267, 'loss_mse': 0.0039, 'loss_nce': 30.5709, 'load_time': 3.4569, 'process_time': 96.5431}
[2020-11-17 22:20:59] INFO: ==> Iteration [  1][ 335 /  391]: {'prec_cls': 36.87, 'loss': 31.9613, 'loss_cls': 1.3266, 'loss_mse': 0.0039, 'loss_nce': 30.6307, 'load_time': 3.4569, 'process_time': 96.5431}
[2020-11-17 22:21:05] INFO: ==> Iteration [  1][ 336 /  391]: {'prec_cls': 36.8649, 'loss': 32.0185, 'loss_cls': 1.3267, 'loss_mse': 0.0039, 'loss_nce': 30.6879, 'load_time': 3.4569, 'process_time': 96.5431}
[2020-11-17 22:21:10] INFO: ==> Iteration [  1][ 337 /  391]: {'prec_cls': 36.8712, 'loss': 32.0701, 'loss_cls': 1.3267, 'loss_mse': 0.0039, 'loss_nce': 30.7395, 'load_time': 3.4569, 'process_time': 96.5431}
[2020-11-17 22:21:15] INFO: ==> Iteration [  1][ 338 /  391]: {'prec_cls': 36.8745, 'loss': 32.1167, 'loss_cls': 1.3267, 'loss_mse': 0.0039, 'loss_nce': 30.7862, 'load_time': 3.457, 'process_time': 96.543}
[2020-11-17 22:21:20] INFO: ==> Iteration [  1][ 339 /  391]: {'prec_cls': 36.8706, 'loss': 32.1615, 'loss_cls': 1.3267, 'loss_mse': 0.0039, 'loss_nce': 30.8309, 'load_time': 3.4569, 'process_time': 96.5431}
[2020-11-17 22:21:24] INFO: ==> Iteration [  1][ 340 /  391]: {'prec_cls': 36.8807, 'loss': 32.2018, 'loss_cls': 1.3266, 'loss_mse': 0.0039, 'loss_nce': 30.8713, 'load_time': 3.457, 'process_time': 96.543}
[2020-11-17 22:21:29] INFO: ==> Iteration [  1][ 341 /  391]: {'prec_cls': 36.8851, 'loss': 32.2372, 'loss_cls': 1.3266, 'loss_mse': 0.0039, 'loss_nce': 30.9067, 'load_time': 3.4569, 'process_time': 96.5431}
[2020-11-17 22:21:35] INFO: ==> Iteration [  1][ 342 /  391]: {'prec_cls': 36.8824, 'loss': 32.2687, 'loss_cls': 1.3266, 'loss_mse': 0.0039, 'loss_nce': 30.9382, 'load_time': 3.4566, 'process_time': 96.5434}
[2020-11-17 22:21:40] INFO: ==> Iteration [  1][ 343 /  391]: {'prec_cls': 36.8981, 'loss': 32.2957, 'loss_cls': 1.3266, 'loss_mse': 0.0039, 'loss_nce': 30.9653, 'load_time': 3.4568, 'process_time': 96.5432}
[2020-11-17 22:21:45] INFO: ==> Iteration [  1][ 344 /  391]: {'prec_cls': 36.9129, 'loss': 32.3199, 'loss_cls': 1.3265, 'loss_mse': 0.0038, 'loss_nce': 30.9896, 'load_time': 3.4569, 'process_time': 96.5431}
[2020-11-17 22:21:49] INFO: ==> Iteration [  1][ 345 /  391]: {'prec_cls': 36.9061, 'loss': 32.3415, 'loss_cls': 1.3266, 'loss_mse': 0.0038, 'loss_nce': 31.0111, 'load_time': 3.4569, 'process_time': 96.5431}
[2020-11-17 22:21:53] INFO: ==> Iteration [  1][ 346 /  391]: {'prec_cls': 36.9285, 'loss': 32.3601, 'loss_cls': 1.3264, 'loss_mse': 0.0038, 'loss_nce': 31.0298, 'load_time': 3.4571, 'process_time': 96.5429}
[2020-11-17 22:21:57] INFO: ==> Iteration [  1][ 347 /  391]: {'prec_cls': 36.9236, 'loss': 32.3781, 'loss_cls': 1.3265, 'loss_mse': 0.0038, 'loss_nce': 31.0478, 'load_time': 3.4571, 'process_time': 96.5429}
[2020-11-17 22:22:02] INFO: ==> Iteration [  1][ 348 /  391]: {'prec_cls': 36.9275, 'loss': 32.3952, 'loss_cls': 1.3265, 'loss_mse': 0.0038, 'loss_nce': 31.0649, 'load_time': 3.4572, 'process_time': 96.5428}
[2020-11-17 22:22:06] INFO: ==> Iteration [  1][ 349 /  391]: {'prec_cls': 36.9348, 'loss': 32.4127, 'loss_cls': 1.3265, 'loss_mse': 0.0038, 'loss_nce': 31.0824, 'load_time': 3.4572, 'process_time': 96.5428}
[2020-11-17 22:22:11] INFO: ==> Iteration [  1][ 350 /  391]: {'prec_cls': 36.9263, 'loss': 32.4315, 'loss_cls': 1.3265, 'loss_mse': 0.0038, 'loss_nce': 31.1011, 'load_time': 3.4573, 'process_time': 96.5427}
[2020-11-17 22:22:15] INFO: ==> Iteration [  1][ 351 /  391]: {'prec_cls': 36.9232, 'loss': 32.4487, 'loss_cls': 1.3266, 'loss_mse': 0.0038, 'loss_nce': 31.1184, 'load_time': 3.457, 'process_time': 96.543}
[2020-11-17 22:22:20] INFO: ==> Iteration [  1][ 352 /  391]: {'prec_cls': 36.9232, 'loss': 32.4669, 'loss_cls': 1.3265, 'loss_mse': 0.0038, 'loss_nce': 31.1366, 'load_time': 3.4569, 'process_time': 96.5431}
[2020-11-17 22:22:25] INFO: ==> Iteration [  1][ 353 /  391]: {'prec_cls': 36.9268, 'loss': 32.4814, 'loss_cls': 1.3265, 'loss_mse': 0.0038, 'loss_nce': 31.1511, 'load_time': 3.4567, 'process_time': 96.5433}
[2020-11-17 22:22:29] INFO: ==> Iteration [  1][ 354 /  391]: {'prec_cls': 36.94, 'loss': 32.4968, 'loss_cls': 1.3265, 'loss_mse': 0.0037, 'loss_nce': 31.1666, 'load_time': 3.4568, 'process_time': 96.5432}
[2020-11-17 22:22:33] INFO: ==> Iteration [  1][ 355 /  391]: {'prec_cls': 36.9534, 'loss': 32.5098, 'loss_cls': 1.3264, 'loss_mse': 0.0037, 'loss_nce': 31.1796, 'load_time': 3.4569, 'process_time': 96.5431}
[2020-11-17 22:22:39] INFO: ==> Iteration [  1][ 356 /  391]: {'prec_cls': 36.9591, 'loss': 32.5244, 'loss_cls': 1.3264, 'loss_mse': 0.0037, 'loss_nce': 31.1943, 'load_time': 3.457, 'process_time': 96.543}
[2020-11-17 22:22:43] INFO: ==> Iteration [  1][ 357 /  391]: {'prec_cls': 36.9576, 'loss': 32.5357, 'loss_cls': 1.3263, 'loss_mse': 0.0037, 'loss_nce': 31.2057, 'load_time': 3.4569, 'process_time': 96.5431}
[2020-11-17 22:22:47] INFO: ==> Iteration [  1][ 358 /  391]: {'prec_cls': 36.9713, 'loss': 32.5448, 'loss_cls': 1.3261, 'loss_mse': 0.0037, 'loss_nce': 31.215, 'load_time': 3.457, 'process_time': 96.543}
[2020-11-17 22:22:52] INFO: ==> Iteration [  1][ 359 /  391]: {'prec_cls': 36.9807, 'loss': 32.5533, 'loss_cls': 1.326, 'loss_mse': 0.0037, 'loss_nce': 31.2236, 'load_time': 3.4571, 'process_time': 96.5429}
[2020-11-17 22:22:57] INFO: ==> Iteration [  1][ 360 /  391]: {'prec_cls': 36.993, 'loss': 32.5616, 'loss_cls': 1.3259, 'loss_mse': 0.0037, 'loss_nce': 31.232, 'load_time': 3.4571, 'process_time': 96.5429}
[2020-11-17 22:23:02] INFO: ==> Iteration [  1][ 361 /  391]: {'prec_cls': 37.0068, 'loss': 32.5686, 'loss_cls': 1.3258, 'loss_mse': 0.0037, 'loss_nce': 31.2391, 'load_time': 3.457, 'process_time': 96.543}
[2020-11-17 22:23:06] INFO: ==> Iteration [  1][ 362 /  391]: {'prec_cls': 36.9993, 'loss': 32.5775, 'loss_cls': 1.3259, 'loss_mse': 0.0037, 'loss_nce': 31.2479, 'load_time': 3.457, 'process_time': 96.543}
[2020-11-17 22:23:10] INFO: ==> Iteration [  1][ 363 /  391]: {'prec_cls': 37.008, 'loss': 32.5822, 'loss_cls': 1.3258, 'loss_mse': 0.0037, 'loss_nce': 31.2527, 'load_time': 3.4568, 'process_time': 96.5432}
[2020-11-17 22:23:15] INFO: ==> Iteration [  1][ 364 /  391]: {'prec_cls': 37.0203, 'loss': 32.5887, 'loss_cls': 1.3258, 'loss_mse': 0.0037, 'loss_nce': 31.2592, 'load_time': 3.4569, 'process_time': 96.5431}
[2020-11-17 22:23:20] INFO: ==> Iteration [  1][ 365 /  391]: {'prec_cls': 37.0331, 'loss': 32.5961, 'loss_cls': 1.3257, 'loss_mse': 0.0036, 'loss_nce': 31.2668, 'load_time': 3.457, 'process_time': 96.543}
[2020-11-17 22:23:24] INFO: ==> Iteration [  1][ 366 /  391]: {'prec_cls': 37.0437, 'loss': 32.602, 'loss_cls': 1.3256, 'loss_mse': 0.0036, 'loss_nce': 31.2727, 'load_time': 3.457, 'process_time': 96.543}
[2020-11-17 22:23:29] INFO: ==> Iteration [  1][ 367 /  391]: {'prec_cls': 37.0593, 'loss': 32.6106, 'loss_cls': 1.3256, 'loss_mse': 0.0036, 'loss_nce': 31.2814, 'load_time': 3.457, 'process_time': 96.543}
[2020-11-17 22:23:34] INFO: ==> Iteration [  1][ 368 /  391]: {'prec_cls': 37.059, 'loss': 32.6191, 'loss_cls': 1.3255, 'loss_mse': 0.0036, 'loss_nce': 31.29, 'load_time': 3.4572, 'process_time': 96.5428}
[2020-11-17 22:23:39] INFO: ==> Iteration [  1][ 369 /  391]: {'prec_cls': 37.0549, 'loss': 32.629, 'loss_cls': 1.3256, 'loss_mse': 0.0036, 'loss_nce': 31.2998, 'load_time': 3.457, 'process_time': 96.543}
[2020-11-17 22:23:43] INFO: ==> Iteration [  1][ 370 /  391]: {'prec_cls': 37.0732, 'loss': 32.6398, 'loss_cls': 1.3254, 'loss_mse': 0.0036, 'loss_nce': 31.3108, 'load_time': 3.4571, 'process_time': 96.5429}
[2020-11-17 22:23:48] INFO: ==> Iteration [  1][ 371 /  391]: {'prec_cls': 37.0783, 'loss': 32.652, 'loss_cls': 1.3254, 'loss_mse': 0.0036, 'loss_nce': 31.323, 'load_time': 3.4569, 'process_time': 96.5431}
[2020-11-17 22:23:53] INFO: ==> Iteration [  1][ 372 /  391]: {'prec_cls': 37.0968, 'loss': 32.6645, 'loss_cls': 1.3252, 'loss_mse': 0.0036, 'loss_nce': 31.3357, 'load_time': 3.457, 'process_time': 96.543}
[2020-11-17 22:23:57] INFO: ==> Iteration [  1][ 373 /  391]: {'prec_cls': 37.1162, 'loss': 32.6774, 'loss_cls': 1.3251, 'loss_mse': 0.0036, 'loss_nce': 31.3488, 'load_time': 3.4569, 'process_time': 96.5431}
[2020-11-17 22:24:02] INFO: ==> Iteration [  1][ 374 /  391]: {'prec_cls': 37.124, 'loss': 32.6902, 'loss_cls': 1.325, 'loss_mse': 0.0036, 'loss_nce': 31.3617, 'load_time': 3.4571, 'process_time': 96.5429}
[2020-11-17 22:24:06] INFO: ==> Iteration [  1][ 375 /  391]: {'prec_cls': 37.1354, 'loss': 32.7037, 'loss_cls': 1.3249, 'loss_mse': 0.0035, 'loss_nce': 31.3752, 'load_time': 3.4571, 'process_time': 96.5429}
[2020-11-17 22:24:12] INFO: ==> Iteration [  1][ 376 /  391]: {'prec_cls': 37.146, 'loss': 32.7168, 'loss_cls': 1.3249, 'loss_mse': 0.0035, 'loss_nce': 31.3884, 'load_time': 3.457, 'process_time': 96.543}
[2020-11-17 22:24:17] INFO: ==> Iteration [  1][ 377 /  391]: {'prec_cls': 37.1622, 'loss': 32.7277, 'loss_cls': 1.3248, 'loss_mse': 0.0035, 'loss_nce': 31.3994, 'load_time': 3.4573, 'process_time': 96.5427}
[2020-11-17 22:24:22] INFO: ==> Iteration [  1][ 378 /  391]: {'prec_cls': 37.1474, 'loss': 32.739, 'loss_cls': 1.3249, 'loss_mse': 0.0035, 'loss_nce': 31.4105, 'load_time': 3.4573, 'process_time': 96.5427}
[2020-11-17 22:24:26] INFO: ==> Iteration [  1][ 379 /  391]: {'prec_cls': 37.1617, 'loss': 32.7494, 'loss_cls': 1.3247, 'loss_mse': 0.0035, 'loss_nce': 31.4212, 'load_time': 3.4574, 'process_time': 96.5426}
[2020-11-17 22:24:31] INFO: ==> Iteration [  1][ 380 /  391]: {'prec_cls': 37.1618, 'loss': 32.7584, 'loss_cls': 1.3248, 'loss_mse': 0.0035, 'loss_nce': 31.4301, 'load_time': 3.4574, 'process_time': 96.5426}
[2020-11-17 22:24:36] INFO: ==> Iteration [  1][ 381 /  391]: {'prec_cls': 37.1686, 'loss': 32.7674, 'loss_cls': 1.3246, 'loss_mse': 0.0035, 'loss_nce': 31.4393, 'load_time': 3.4574, 'process_time': 96.5426}
[2020-11-17 22:24:41] INFO: ==> Iteration [  1][ 382 /  391]: {'prec_cls': 37.1833, 'loss': 32.7773, 'loss_cls': 1.3245, 'loss_mse': 0.0035, 'loss_nce': 31.4493, 'load_time': 3.4574, 'process_time': 96.5426}
[2020-11-17 22:24:46] INFO: ==> Iteration [  1][ 383 /  391]: {'prec_cls': 37.192, 'loss': 32.7846, 'loss_cls': 1.3245, 'loss_mse': 0.0035, 'loss_nce': 31.4567, 'load_time': 3.4573, 'process_time': 96.5427}
[2020-11-17 22:24:50] INFO: ==> Iteration [  1][ 384 /  391]: {'prec_cls': 37.2025, 'loss': 32.7914, 'loss_cls': 1.3244, 'loss_mse': 0.0035, 'loss_nce': 31.4635, 'load_time': 3.4573, 'process_time': 96.5427}
[2020-11-17 22:24:55] INFO: ==> Iteration [  1][ 385 /  391]: {'prec_cls': 37.2111, 'loss': 32.7977, 'loss_cls': 1.3243, 'loss_mse': 0.0035, 'loss_nce': 31.4699, 'load_time': 3.4574, 'process_time': 96.5426}
[2020-11-17 22:24:59] INFO: ==> Iteration [  1][ 386 /  391]: {'prec_cls': 37.2265, 'loss': 32.8015, 'loss_cls': 1.3241, 'loss_mse': 0.0035, 'loss_nce': 31.474, 'load_time': 3.4575, 'process_time': 96.5425}
[2020-11-17 22:25:03] INFO: ==> Iteration [  1][ 387 /  391]: {'prec_cls': 37.231, 'loss': 32.806, 'loss_cls': 1.3242, 'loss_mse': 0.0034, 'loss_nce': 31.4784, 'load_time': 3.4574, 'process_time': 96.5426}
[2020-11-17 22:25:07] INFO: ==> Iteration [  1][ 388 /  391]: {'prec_cls': 37.2309, 'loss': 32.813, 'loss_cls': 1.3242, 'loss_mse': 0.0034, 'loss_nce': 31.4854, 'load_time': 3.4574, 'process_time': 96.5426}
[2020-11-17 22:25:11] INFO: ==> Iteration [  1][ 389 /  391]: {'prec_cls': 37.2351, 'loss': 32.8182, 'loss_cls': 1.3241, 'loss_mse': 0.0034, 'loss_nce': 31.4907, 'load_time': 3.4575, 'process_time': 96.5425}
[2020-11-17 22:25:14] INFO: ==> Iteration [  1][ 390 /  391]: {'prec_cls': 37.2438, 'loss': 32.8223, 'loss_cls': 1.324, 'loss_mse': 0.0034, 'loss_nce': 31.4948, 'load_time': 3.4576, 'process_time': 96.5424}
[2020-11-17 22:25:17] INFO: ==> Iteration [  1][ 391 /  391]: {'prec_cls': 37.2481, 'loss': 32.8295, 'loss_cls': 1.3239, 'loss_mse': 0.0034, 'loss_nce': 31.5022, 'load_time': 3.4566, 'process_time': 96.5434}
[2020-11-17 22:25:17] INFO: ==> Training stats: {'prec_cls': 37.2481, 'loss': 32.8295, 'loss_cls': 1.3239, 'loss_mse': 0.0034, 'loss_nce': 31.5022, 'load_time': 3.4566, 'process_time': 96.5434}
[2020-11-17 22:25:17] INFO: 

[2020-11-17 22:25:17] INFO: Evaluating: TinyImageNet_Decoupling_AlexNet
[2020-11-17 22:25:17] INFO: ==> Dataset: tiny-imagenet_val [10000 images]
[2020-11-17 22:25:17] INFO: ==> Iteration steps in one epoch: 40 [batch size 256]
