[2020-11-17 17:28:52] INFO: Algorithm options {'data_train_opt': {'batch_size': 192, 'unsupervised': True, 'random_sized_crop': True, 'dataset_name': 'tiny-imagenet', 'split': 'train'}, 'data_test_opt': {'batch_size': 192, 'unsupervised': True, 'random_sized_crop': False, 'dataset_name': 'tiny-imagenet', 'split': 'val'}, 'max_num_epochs': 245, 'networks': {'feature': {'def_file': 'architectures/AlexNetFeature.py', 'pretrained': None, 'opt': {}, 'optim_params': {'optim_type': 'sgd', 'lr': 0.1, 'momentum': 0.9, 'weight_decay': 0.0005, 'nesterov': True, 'LUT_lr': [(90, 0.01), (130, 0.001), (190, 0.0001), (210, 1e-05), (230, 0.0001), (245, 1e-05)]}}, 'classifier': {'def_file': 'architectures/AlexNetClassifier.py', 'pretrained': None, 'opt': {'num_classes': 4}, 'optim_params': {'optim_type': 'sgd', 'lr': 0.1, 'momentum': 0.9, 'weight_decay': 0.0005, 'nesterov': True, 'LUT_lr': [(90, 0.01), (130, 0.001), (190, 0.0001), (210, 1e-05), (230, 0.0001), (245, 1e-05)]}}, 'norm': {'def_file': 'architectures/LinearTransformationNorm.py', 'pretrained': None, 'opt': {'low_dim': 128, 'num_feat': 2048}, 'optim_params': {'optim_type': 'sgd', 'lr': 0.1, 'momentum': 0.9, 'weight_decay': 0.0005, 'nesterov': True, 'LUT_lr': [(90, 0.01), (130, 0.001), (190, 0.0001), (210, 1e-05), (230, 0.0001), (245, 1e-05)]}}}, 'criterions': {'loss_cls': {'ctype': 'CrossEntropyLoss', 'opt': {'reduce': False}}, 'loss_mse': {'ctype': 'MSELoss', 'opt': None}, 'nce_average': {'ctype': 'NCEAverage', 'opt': {'def_file': 'architectures/NCEAverage.py', 'net_opt': {'low_dim': 128, 'ndata': 100000, 'nce_k': 4096, 'nce_t': 0.07, 'nce_m': 0.5}}}, 'nce_criterion': {'ctype': 'NCECriterion', 'opt': {'def_file': 'architectures/NCECriterion.py', 'net_opt': {'ndata': 100000}}}}, 'lambda_loss': {'cls': 1.0, 'mse': 1.0, 'nce': 1.0}, 'gama': 2, 'algorithm_type': 'DecouplingModel', 'exp_dir': '../_experiments/TinyImageNet_Decoupling_AlexNet', 'disp_step': 1}
[2020-11-17 17:28:52] INFO: Set network feature
[2020-11-17 17:28:52] INFO: ==> Initiliaze network feature from file architectures/AlexNetFeature.py with opts: {}
[2020-11-17 17:28:52] INFO: Set network classifier
[2020-11-17 17:28:52] INFO: ==> Initiliaze network classifier from file architectures/AlexNetClassifier.py with opts: {'num_classes': 4}
[2020-11-17 17:28:52] INFO: Set network norm
[2020-11-17 17:28:52] INFO: ==> Initiliaze network norm from file architectures/LinearTransformationNorm.py with opts: {'low_dim': 128, 'num_feat': 2048}
[2020-11-17 17:28:52] INFO: Initialize criterion[loss_cls]: CrossEntropyLoss with options: {'reduce': False}
[2020-11-17 17:28:52] INFO: Initialize criterion[loss_mse]: MSELoss with options: None
[2020-11-17 17:28:52] INFO: Initialize criterion[nce_average]: NCEAverage with options: {'def_file': 'architectures/NCEAverage.py', 'net_opt': {'low_dim': 128, 'ndata': 100000, 'nce_k': 4096, 'nce_t': 0.07, 'nce_m': 0.5}}
[2020-11-17 17:28:54] INFO: Initialize criterion[nce_criterion]: NCECriterion with options: {'def_file': 'architectures/NCECriterion.py', 'net_opt': {'ndata': 100000}}
[2020-11-17 17:28:54] INFO: ==> Initiliaze network NCECriterion from file architectures/NCECriterion.py with opts: {'ndata': 100000}
[2020-11-17 17:28:56] INFO: Initialize optimizer: sgd with params: {'optim_type': 'sgd', 'lr': 0.1, 'momentum': 0.9, 'weight_decay': 0.0005, 'nesterov': True, 'LUT_lr': [(90, 0.01), (130, 0.001), (190, 0.0001), (210, 1e-05), (230, 0.0001), (245, 1e-05)]} for network: feature
[2020-11-17 17:28:56] INFO: Initialize optimizer: sgd with params: {'optim_type': 'sgd', 'lr': 0.1, 'momentum': 0.9, 'weight_decay': 0.0005, 'nesterov': True, 'LUT_lr': [(90, 0.01), (130, 0.001), (190, 0.0001), (210, 1e-05), (230, 0.0001), (245, 1e-05)]} for network: classifier
[2020-11-17 17:28:56] INFO: Initialize optimizer: sgd with params: {'optim_type': 'sgd', 'lr': 0.1, 'momentum': 0.9, 'weight_decay': 0.0005, 'nesterov': True, 'LUT_lr': [(90, 0.01), (130, 0.001), (190, 0.0001), (210, 1e-05), (230, 0.0001), (245, 1e-05)]} for network: norm
[2020-11-17 17:28:56] INFO: 

[2020-11-17 17:28:56] INFO: Training epoch [  1 / 245]
[2020-11-17 17:28:56] INFO: ==> Set to feature optimizer lr = 0.0100000000
[2020-11-17 17:28:56] INFO: ==> Set to classifier optimizer lr = 0.0100000000
[2020-11-17 17:28:56] INFO: ==> Set to norm optimizer lr = 0.0100000000
[2020-11-17 17:28:56] INFO: Training: TinyImageNet_Decoupling_AlexNet
[2020-11-17 17:28:56] INFO: ==> Dataset: tiny-imagenet_train [100000 images]
[2020-11-17 17:28:56] INFO: ==> Iteration steps in one epoch: 521 [batch size 192]
[2020-11-17 17:29:03] INFO: ==> Iteration [  1][   1 /  521]: {'prec_cls': 26.9531, 'loss': 11.5205, 'loss_cls': 1.3914, 'loss_mse': 0.0649, 'loss_nce': 10.0643, 'load_time': 1.1777, 'process_time': 98.8223}
[2020-11-17 17:29:07] INFO: ==> Iteration [  1][   2 /  521]: {'prec_cls': 25.7161, 'loss': 11.6444, 'loss_cls': 1.3947, 'loss_mse': 0.0627, 'loss_nce': 10.187, 'load_time': 10.9475, 'process_time': 89.0525}
[2020-11-17 17:29:11] INFO: ==> Iteration [  1][   3 /  521]: {'prec_cls': 25.2604, 'loss': 11.7143, 'loss_cls': 1.3947, 'loss_mse': 0.0602, 'loss_nce': 10.2594, 'load_time': 14.3076, 'process_time': 85.6924}
[2020-11-17 17:29:14] INFO: ==> Iteration [  1][   4 /  521]: {'prec_cls': 26.5625, 'loss': 11.7758, 'loss_cls': 1.3898, 'loss_mse': 0.0578, 'loss_nce': 10.3282, 'load_time': 16.0569, 'process_time': 83.9431}
[2020-11-17 17:29:18] INFO: ==> Iteration [  1][   5 /  521]: {'prec_cls': 28.0469, 'loss': 11.8773, 'loss_cls': 1.3865, 'loss_mse': 0.0555, 'loss_nce': 10.4354, 'load_time': 17.0947, 'process_time': 82.9053}
[2020-11-17 17:29:22] INFO: ==> Iteration [  1][   6 /  521]: {'prec_cls': 28.776, 'loss': 12.0192, 'loss_cls': 1.3823, 'loss_mse': 0.0531, 'loss_nce': 10.5839, 'load_time': 17.7965, 'process_time': 82.2035}
[2020-11-17 17:29:25] INFO: ==> Iteration [  1][   7 /  521]: {'prec_cls': 29.3899, 'loss': 12.1835, 'loss_cls': 1.3781, 'loss_mse': 0.0508, 'loss_nce': 10.7545, 'load_time': 18.2626, 'process_time': 81.7374}
[2020-11-17 17:29:29] INFO: ==> Iteration [  1][   8 /  521]: {'prec_cls': 29.5898, 'loss': 12.3137, 'loss_cls': 1.3761, 'loss_mse': 0.0486, 'loss_nce': 10.889, 'load_time': 18.6149, 'process_time': 81.3851}
[2020-11-17 17:29:32] INFO: ==> Iteration [  1][   9 /  521]: {'prec_cls': 30.3964, 'loss': 12.4479, 'loss_cls': 1.3721, 'loss_mse': 0.046, 'loss_nce': 11.0297, 'load_time': 18.8851, 'process_time': 81.1149}
[2020-11-17 17:29:36] INFO: ==> Iteration [  1][  10 /  521]: {'prec_cls': 30.3906, 'loss': 12.619, 'loss_cls': 1.371, 'loss_mse': 0.0435, 'loss_nce': 11.2045, 'load_time': 19.0922, 'process_time': 80.9078}
[2020-11-17 17:29:39] INFO: ==> Iteration [  1][  11 /  521]: {'prec_cls': 30.9896, 'loss': 12.7832, 'loss_cls': 1.3698, 'loss_mse': 0.0414, 'loss_nce': 11.372, 'load_time': 19.2651, 'process_time': 80.7349}
[2020-11-17 17:29:43] INFO: ==> Iteration [  1][  12 /  521]: {'prec_cls': 31.467, 'loss': 12.9565, 'loss_cls': 1.3682, 'loss_mse': 0.0392, 'loss_nce': 11.549, 'load_time': 19.4071, 'process_time': 80.5929}
[2020-11-17 17:29:47] INFO: ==> Iteration [  1][  13 /  521]: {'prec_cls': 31.7208, 'loss': 13.1196, 'loss_cls': 1.3669, 'loss_mse': 0.0371, 'loss_nce': 11.7156, 'load_time': 19.5335, 'process_time': 80.4665}
[2020-11-17 17:29:50] INFO: ==> Iteration [  1][  14 /  521]: {'prec_cls': 32.0405, 'loss': 13.3155, 'loss_cls': 1.3667, 'loss_mse': 0.0352, 'loss_nce': 11.9136, 'load_time': 19.6515, 'process_time': 80.3485}
[2020-11-17 17:29:54] INFO: ==> Iteration [  1][  15 /  521]: {'prec_cls': 32.1875, 'loss': 13.509, 'loss_cls': 1.366, 'loss_mse': 0.0335, 'loss_nce': 12.1095, 'load_time': 19.733, 'process_time': 80.267}
[2020-11-17 17:29:58] INFO: ==> Iteration [  1][  16 /  521]: {'prec_cls': 32.3242, 'loss': 13.7376, 'loss_cls': 1.3645, 'loss_mse': 0.032, 'loss_nce': 12.3411, 'load_time': 19.8152, 'process_time': 80.1848}
[2020-11-17 17:30:01] INFO: ==> Iteration [  1][  17 /  521]: {'prec_cls': 32.3223, 'loss': 13.9331, 'loss_cls': 1.3634, 'loss_mse': 0.0306, 'loss_nce': 12.5392, 'load_time': 19.8895, 'process_time': 80.1105}
[2020-11-17 17:30:05] INFO: ==> Iteration [  1][  18 /  521]: {'prec_cls': 32.5665, 'loss': 14.1543, 'loss_cls': 1.3627, 'loss_mse': 0.0292, 'loss_nce': 12.7624, 'load_time': 19.9556, 'process_time': 80.0444}
[2020-11-17 17:30:08] INFO: ==> Iteration [  1][  19 /  521]: {'prec_cls': 32.7714, 'loss': 14.3726, 'loss_cls': 1.3611, 'loss_mse': 0.028, 'loss_nce': 12.9836, 'load_time': 20.0144, 'process_time': 79.9856}
[2020-11-17 17:30:12] INFO: ==> Iteration [  1][  20 /  521]: {'prec_cls': 32.8646, 'loss': 14.5987, 'loss_cls': 1.3601, 'loss_mse': 0.0268, 'loss_nce': 13.2117, 'load_time': 20.0665, 'process_time': 79.9335}
[2020-11-17 17:30:16] INFO: ==> Iteration [  1][  21 /  521]: {'prec_cls': 33.2279, 'loss': 14.8043, 'loss_cls': 1.3582, 'loss_mse': 0.0257, 'loss_nce': 13.4204, 'load_time': 20.1133, 'process_time': 79.8867}
[2020-11-17 17:30:20] INFO: ==> Iteration [  1][  22 /  521]: {'prec_cls': 33.1617, 'loss': 15.0006, 'loss_cls': 1.3593, 'loss_mse': 0.0247, 'loss_nce': 13.6166, 'load_time': 20.1543, 'process_time': 79.8457}
[2020-11-17 17:30:23] INFO: ==> Iteration [  1][  23 /  521]: {'prec_cls': 33.2428, 'loss': 15.1892, 'loss_cls': 1.3586, 'loss_mse': 0.0238, 'loss_nce': 13.8068, 'load_time': 20.1931, 'process_time': 79.8069}
[2020-11-17 17:30:27] INFO: ==> Iteration [  1][  24 /  521]: {'prec_cls': 33.5232, 'loss': 15.3634, 'loss_cls': 1.3574, 'loss_mse': 0.0229, 'loss_nce': 13.9831, 'load_time': 20.2304, 'process_time': 79.7696}
[2020-11-17 17:30:31] INFO: ==> Iteration [  1][  25 /  521]: {'prec_cls': 33.4844, 'loss': 15.5487, 'loss_cls': 1.3576, 'loss_mse': 0.0221, 'loss_nce': 14.169, 'load_time': 20.2616, 'process_time': 79.7384}
[2020-11-17 17:30:34] INFO: ==> Iteration [  1][  26 /  521]: {'prec_cls': 33.764, 'loss': 15.7129, 'loss_cls': 1.357, 'loss_mse': 0.0214, 'loss_nce': 14.3345, 'load_time': 20.2897, 'process_time': 79.7103}
[2020-11-17 17:30:38] INFO: ==> Iteration [  1][  27 /  521]: {'prec_cls': 33.777, 'loss': 15.8577, 'loss_cls': 1.3569, 'loss_mse': 0.0207, 'loss_nce': 14.4802, 'load_time': 20.3178, 'process_time': 79.6822}
[2020-11-17 17:30:41] INFO: ==> Iteration [  1][  28 /  521]: {'prec_cls': 33.8774, 'loss': 15.9893, 'loss_cls': 1.3565, 'loss_mse': 0.02, 'loss_nce': 14.6129, 'load_time': 20.3399, 'process_time': 79.6601}
[2020-11-17 17:30:45] INFO: ==> Iteration [  1][  29 /  521]: {'prec_cls': 33.7195, 'loss': 16.1267, 'loss_cls': 1.3565, 'loss_mse': 0.0194, 'loss_nce': 14.7509, 'load_time': 20.3679, 'process_time': 79.6321}
[2020-11-17 17:30:49] INFO: ==> Iteration [  1][  30 /  521]: {'prec_cls': 33.9062, 'loss': 16.2458, 'loss_cls': 1.3556, 'loss_mse': 0.0188, 'loss_nce': 14.8715, 'load_time': 20.3947, 'process_time': 79.6053}
[2020-11-17 17:30:52] INFO: ==> Iteration [  1][  31 /  521]: {'prec_cls': 33.9508, 'loss': 16.3722, 'loss_cls': 1.3557, 'loss_mse': 0.0182, 'loss_nce': 14.9983, 'load_time': 20.4169, 'process_time': 79.5831}
[2020-11-17 17:30:56] INFO: ==> Iteration [  1][  32 /  521]: {'prec_cls': 34.1105, 'loss': 16.5028, 'loss_cls': 1.3552, 'loss_mse': 0.0177, 'loss_nce': 15.1298, 'load_time': 20.4408, 'process_time': 79.5592}
[2020-11-17 17:31:00] INFO: ==> Iteration [  1][  33 /  521]: {'prec_cls': 34.2764, 'loss': 16.614, 'loss_cls': 1.3542, 'loss_mse': 0.0172, 'loss_nce': 15.2426, 'load_time': 20.4619, 'process_time': 79.5381}
[2020-11-17 17:31:03] INFO: ==> Iteration [  1][  34 /  521]: {'prec_cls': 34.2295, 'loss': 16.7231, 'loss_cls': 1.3549, 'loss_mse': 0.0168, 'loss_nce': 15.3514, 'load_time': 20.482, 'process_time': 79.518}
[2020-11-17 17:31:06] INFO: ==> Iteration [  1][  35 /  521]: {'prec_cls': 34.3304, 'loss': 16.8319, 'loss_cls': 1.3544, 'loss_mse': 0.0163, 'loss_nce': 15.4611, 'load_time': 20.5015, 'process_time': 79.4985}
[2020-11-17 17:31:10] INFO: ==> Iteration [  1][  36 /  521]: {'prec_cls': 34.4618, 'loss': 16.937, 'loss_cls': 1.3541, 'loss_mse': 0.0159, 'loss_nce': 15.5669, 'load_time': 20.5209, 'process_time': 79.4791}
[2020-11-17 17:31:13] INFO: ==> Iteration [  1][  37 /  521]: {'prec_cls': 34.3961, 'loss': 17.0473, 'loss_cls': 1.3547, 'loss_mse': 0.0155, 'loss_nce': 15.6771, 'load_time': 20.5367, 'process_time': 79.4633}
[2020-11-17 17:31:17] INFO: ==> Iteration [  1][  38 /  521]: {'prec_cls': 34.4572, 'loss': 17.163, 'loss_cls': 1.3543, 'loss_mse': 0.0152, 'loss_nce': 15.7936, 'load_time': 20.5535, 'process_time': 79.4465}
[2020-11-17 17:31:21] INFO: ==> Iteration [  1][  39 /  521]: {'prec_cls': 34.4284, 'loss': 17.267, 'loss_cls': 1.3543, 'loss_mse': 0.0148, 'loss_nce': 15.8979, 'load_time': 20.5669, 'process_time': 79.4331}
[2020-11-17 17:31:24] INFO: ==> Iteration [  1][  40 /  521]: {'prec_cls': 34.3783, 'loss': 17.3618, 'loss_cls': 1.3549, 'loss_mse': 0.0145, 'loss_nce': 15.9924, 'load_time': 20.5832, 'process_time': 79.4168}
[2020-11-17 17:31:28] INFO: ==> Iteration [  1][  41 /  521]: {'prec_cls': 34.3528, 'loss': 17.456, 'loss_cls': 1.355, 'loss_mse': 0.0142, 'loss_nce': 16.0869, 'load_time': 20.5926, 'process_time': 79.4074}
[2020-11-17 17:31:32] INFO: ==> Iteration [  1][  42 /  521]: {'prec_cls': 34.499, 'loss': 17.5402, 'loss_cls': 1.3545, 'loss_mse': 0.0138, 'loss_nce': 16.1718, 'load_time': 20.6066, 'process_time': 79.3934}
[2020-11-17 17:31:36] INFO: ==> Iteration [  1][  43 /  521]: {'prec_cls': 34.5839, 'loss': 17.6144, 'loss_cls': 1.3541, 'loss_mse': 0.0136, 'loss_nce': 16.2467, 'load_time': 20.6168, 'process_time': 79.3832}
[2020-11-17 17:31:40] INFO: ==> Iteration [  1][  44 /  521]: {'prec_cls': 34.6325, 'loss': 17.6822, 'loss_cls': 1.354, 'loss_mse': 0.0133, 'loss_nce': 16.3149, 'load_time': 20.6316, 'process_time': 79.3684}
[2020-11-17 17:31:43] INFO: ==> Iteration [  1][  45 /  521]: {'prec_cls': 34.6499, 'loss': 17.7415, 'loss_cls': 1.3538, 'loss_mse': 0.013, 'loss_nce': 16.3746, 'load_time': 20.6381, 'process_time': 79.3619}
[2020-11-17 17:31:47] INFO: ==> Iteration [  1][  46 /  521]: {'prec_cls': 34.6637, 'loss': 17.7808, 'loss_cls': 1.354, 'loss_mse': 0.0128, 'loss_nce': 16.414, 'load_time': 20.6472, 'process_time': 79.3528}
[2020-11-17 17:31:50] INFO: ==> Iteration [  1][  47 /  521]: {'prec_cls': 34.6631, 'loss': 17.8233, 'loss_cls': 1.3542, 'loss_mse': 0.0125, 'loss_nce': 16.4566, 'load_time': 20.653, 'process_time': 79.347}
[2020-11-17 17:31:54] INFO: ==> Iteration [  1][  48 /  521]: {'prec_cls': 34.6083, 'loss': 17.8655, 'loss_cls': 1.3544, 'loss_mse': 0.0123, 'loss_nce': 16.4989, 'load_time': 20.6608, 'process_time': 79.3392}
[2020-11-17 17:31:57] INFO: ==> Iteration [  1][  49 /  521]: {'prec_cls': 34.4786, 'loss': 17.9333, 'loss_cls': 1.3549, 'loss_mse': 0.012, 'loss_nce': 16.5664, 'load_time': 20.6666, 'process_time': 79.3334}
[2020-11-17 17:32:01] INFO: ==> Iteration [  1][  50 /  521]: {'prec_cls': 34.4818, 'loss': 17.9953, 'loss_cls': 1.3551, 'loss_mse': 0.0118, 'loss_nce': 16.6284, 'load_time': 20.6758, 'process_time': 79.3242}
[2020-11-17 17:32:05] INFO: ==> Iteration [  1][  51 /  521]: {'prec_cls': 34.4439, 'loss': 18.0504, 'loss_cls': 1.3551, 'loss_mse': 0.0116, 'loss_nce': 16.6837, 'load_time': 20.6834, 'process_time': 79.3166}
[2020-11-17 17:32:08] INFO: ==> Iteration [  1][  52 /  521]: {'prec_cls': 34.4501, 'loss': 18.0901, 'loss_cls': 1.3555, 'loss_mse': 0.0114, 'loss_nce': 16.7232, 'load_time': 20.693, 'process_time': 79.307}
[2020-11-17 17:32:12] INFO: ==> Iteration [  1][  53 /  521]: {'prec_cls': 34.3824, 'loss': 18.1195, 'loss_cls': 1.356, 'loss_mse': 0.0112, 'loss_nce': 16.7523, 'load_time': 20.6994, 'process_time': 79.3006}
[2020-11-17 17:32:15] INFO: ==> Iteration [  1][  54 /  521]: {'prec_cls': 34.281, 'loss': 18.1316, 'loss_cls': 1.3567, 'loss_mse': 0.011, 'loss_nce': 16.7639, 'load_time': 20.7045, 'process_time': 79.2955}
[2020-11-17 17:32:19] INFO: ==> Iteration [  1][  55 /  521]: {'prec_cls': 34.2069, 'loss': 18.1243, 'loss_cls': 1.3571, 'loss_mse': 0.0108, 'loss_nce': 16.7564, 'load_time': 20.7114, 'process_time': 79.2886}
[2020-11-17 17:32:22] INFO: ==> Iteration [  1][  56 /  521]: {'prec_cls': 34.2378, 'loss': 18.1324, 'loss_cls': 1.3573, 'loss_mse': 0.0106, 'loss_nce': 16.7645, 'load_time': 20.7197, 'process_time': 79.2803}
[2020-11-17 17:32:26] INFO: ==> Iteration [  1][  57 /  521]: {'prec_cls': 34.2471, 'loss': 18.1647, 'loss_cls': 1.3573, 'loss_mse': 0.0104, 'loss_nce': 16.797, 'load_time': 20.7261, 'process_time': 79.2739}
[2020-11-17 17:32:30] INFO: ==> Iteration [  1][  58 /  521]: {'prec_cls': 34.2785, 'loss': 18.1704, 'loss_cls': 1.3574, 'loss_mse': 0.0102, 'loss_nce': 16.8027, 'load_time': 20.7307, 'process_time': 79.2693}
[2020-11-17 17:32:34] INFO: ==> Iteration [  1][  59 /  521]: {'prec_cls': 34.3242, 'loss': 18.1854, 'loss_cls': 1.3572, 'loss_mse': 0.0101, 'loss_nce': 16.8182, 'load_time': 20.7366, 'process_time': 79.2634}
[2020-11-17 17:32:37] INFO: ==> Iteration [  1][  60 /  521]: {'prec_cls': 34.3598, 'loss': 18.1817, 'loss_cls': 1.3571, 'loss_mse': 0.0099, 'loss_nce': 16.8146, 'load_time': 20.7438, 'process_time': 79.2562}
[2020-11-17 17:32:41] INFO: ==> Iteration [  1][  61 /  521]: {'prec_cls': 34.3472, 'loss': 18.183, 'loss_cls': 1.3571, 'loss_mse': 0.0098, 'loss_nce': 16.8162, 'load_time': 20.6271, 'process_time': 79.3729}
[2020-11-17 17:32:44] INFO: ==> Iteration [  1][  62 /  521]: {'prec_cls': 34.3351, 'loss': 18.1798, 'loss_cls': 1.357, 'loss_mse': 0.0096, 'loss_nce': 16.8132, 'load_time': 20.5112, 'process_time': 79.4888}
[2020-11-17 17:32:48] INFO: ==> Iteration [  1][  63 /  521]: {'prec_cls': 34.3895, 'loss': 18.167, 'loss_cls': 1.3567, 'loss_mse': 0.0095, 'loss_nce': 16.8009, 'load_time': 20.4106, 'process_time': 79.5894}
[2020-11-17 17:32:52] INFO: ==> Iteration [  1][  64 /  521]: {'prec_cls': 34.4259, 'loss': 18.1632, 'loss_cls': 1.3565, 'loss_mse': 0.0093, 'loss_nce': 16.7974, 'load_time': 20.3055, 'process_time': 79.6945}
[2020-11-17 17:32:55] INFO: ==> Iteration [  1][  65 /  521]: {'prec_cls': 34.4872, 'loss': 18.1488, 'loss_cls': 1.3563, 'loss_mse': 0.0092, 'loss_nce': 16.7833, 'load_time': 20.2095, 'process_time': 79.7905}
[2020-11-17 17:32:59] INFO: ==> Iteration [  1][  66 /  521]: {'prec_cls': 34.4657, 'loss': 18.1575, 'loss_cls': 1.3565, 'loss_mse': 0.009, 'loss_nce': 16.792, 'load_time': 20.1179, 'process_time': 79.8821}
[2020-11-17 17:33:03] INFO: ==> Iteration [  1][  67 /  521]: {'prec_cls': 34.4741, 'loss': 18.1502, 'loss_cls': 1.3563, 'loss_mse': 0.0089, 'loss_nce': 16.785, 'load_time': 20.0274, 'process_time': 79.9726}
