[2020-11-17 21:48:21] INFO: Algorithm options {'data_train_opt': {'batch_size': 256, 'unsupervised': True, 'random_sized_crop': False, 'dataset_name': 'tiny-imagenet', 'split': 'train'}, 'data_test_opt': {'batch_size': 256, 'unsupervised': True, 'random_sized_crop': False, 'dataset_name': 'tiny-imagenet', 'split': 'val'}, 'max_num_epochs': 200, 'networks': {'feature': {'def_file': 'architectures/AlexNetFeature.py', 'pretrained': None, 'opt': {}, 'optim_params': {'optim_type': 'sgd', 'lr': 0.1, 'momentum': 0.9, 'weight_decay': 0.0005, 'nesterov': True, 'LUT_lr': [(90, 0.01), (130, 0.001), (190, 0.0001), (210, 1e-05), (230, 0.0001), (245, 1e-05)]}}, 'classifier': {'def_file': 'architectures/AlexNetClassifier.py', 'pretrained': None, 'opt': {'num_classes': 4}, 'optim_params': {'optim_type': 'sgd', 'lr': 0.1, 'momentum': 0.9, 'weight_decay': 0.0005, 'nesterov': True, 'LUT_lr': [(90, 0.01), (130, 0.001), (190, 0.0001), (210, 1e-05), (230, 0.0001), (245, 1e-05)]}}, 'norm': {'def_file': 'architectures/LinearTransformationNorm.py', 'pretrained': None, 'opt': {'low_dim': 128, 'num_feat': 2048}, 'optim_params': {'optim_type': 'sgd', 'lr': 0.1, 'momentum': 0.9, 'weight_decay': 0.0005, 'nesterov': True, 'LUT_lr': [(90, 0.01), (130, 0.001), (190, 0.0001), (210, 1e-05), (230, 0.0001), (245, 1e-05)]}}}, 'criterions': {'loss_cls': {'ctype': 'CrossEntropyLoss', 'opt': {'reduce': False}}, 'loss_mse': {'ctype': 'MSELoss', 'opt': None}, 'nce_average': {'ctype': 'NCEAverage', 'opt': {'def_file': 'architectures/NCEAverage.py', 'net_opt': {'low_dim': 128, 'ndata': 100000, 'nce_k': 4096, 'nce_t': 0.07, 'nce_m': 0.5}}}, 'nce_criterion': {'ctype': 'NCECriterion', 'opt': {'def_file': 'architectures/NCECriterion.py', 'net_opt': {'ndata': 100000}}}}, 'lambda_loss': {'cls': 1.0, 'mse': 1.0, 'nce': 1.0}, 'gama': 2, 'algorithm_type': 'DecouplingModel', 'exp_dir': '../_experiments/TinyImageNet_Decoupling_AlexNet', 'disp_step': 1}
[2020-11-17 21:48:21] INFO: Set network feature
[2020-11-17 21:48:21] INFO: ==> Initiliaze network feature from file architectures/AlexNetFeature.py with opts: {}
[2020-11-17 21:48:21] INFO: Set network classifier
[2020-11-17 21:48:21] INFO: ==> Initiliaze network classifier from file architectures/AlexNetClassifier.py with opts: {'num_classes': 4}
[2020-11-17 21:48:21] INFO: Set network norm
[2020-11-17 21:48:21] INFO: ==> Initiliaze network norm from file architectures/LinearTransformationNorm.py with opts: {'low_dim': 128, 'num_feat': 2048}
[2020-11-17 21:48:21] INFO: Initialize criterion[loss_cls]: CrossEntropyLoss with options: {'reduce': False}
[2020-11-17 21:48:21] INFO: Initialize criterion[loss_mse]: MSELoss with options: None
[2020-11-17 21:48:21] INFO: Initialize criterion[nce_average]: NCEAverage with options: {'def_file': 'architectures/NCEAverage.py', 'net_opt': {'low_dim': 128, 'ndata': 100000, 'nce_k': 4096, 'nce_t': 0.07, 'nce_m': 0.5}}
[2020-11-17 21:48:23] INFO: Initialize criterion[nce_criterion]: NCECriterion with options: {'def_file': 'architectures/NCECriterion.py', 'net_opt': {'ndata': 100000}}
[2020-11-17 21:48:23] INFO: ==> Initiliaze network NCECriterion from file architectures/NCECriterion.py with opts: {'ndata': 100000}
[2020-11-17 21:48:26] INFO: Initialize optimizer: sgd with params: {'optim_type': 'sgd', 'lr': 0.1, 'momentum': 0.9, 'weight_decay': 0.0005, 'nesterov': True, 'LUT_lr': [(90, 0.01), (130, 0.001), (190, 0.0001), (210, 1e-05), (230, 0.0001), (245, 1e-05)]} for network: feature
[2020-11-17 21:48:26] INFO: Initialize optimizer: sgd with params: {'optim_type': 'sgd', 'lr': 0.1, 'momentum': 0.9, 'weight_decay': 0.0005, 'nesterov': True, 'LUT_lr': [(90, 0.01), (130, 0.001), (190, 0.0001), (210, 1e-05), (230, 0.0001), (245, 1e-05)]} for network: classifier
[2020-11-17 21:48:26] INFO: Initialize optimizer: sgd with params: {'optim_type': 'sgd', 'lr': 0.1, 'momentum': 0.9, 'weight_decay': 0.0005, 'nesterov': True, 'LUT_lr': [(90, 0.01), (130, 0.001), (190, 0.0001), (210, 1e-05), (230, 0.0001), (245, 1e-05)]} for network: norm
[2020-11-17 21:48:26] INFO: 

[2020-11-17 21:48:26] INFO: Training epoch [  1 / 200]
[2020-11-17 21:48:26] INFO: ==> Set to feature optimizer lr = 0.0100000000
[2020-11-17 21:48:26] INFO: ==> Set to classifier optimizer lr = 0.0100000000
[2020-11-17 21:48:26] INFO: ==> Set to norm optimizer lr = 0.0100000000
[2020-11-17 21:48:26] INFO: Training: TinyImageNet_Decoupling_AlexNet
[2020-11-17 21:48:26] INFO: ==> Dataset: tiny-imagenet_train [100000 images]
[2020-11-17 21:48:26] INFO: ==> Iteration steps in one epoch: 391 [batch size 256]
[2020-11-17 21:48:33] INFO: ==> Iteration [  1][   1 /  391]: {'prec_cls': 25.5859, 'loss': 11.5022, 'loss_cls': 1.3997, 'loss_mse': 0.0706, 'loss_nce': 10.0319, 'load_time': 0.1992, 'process_time': 99.8008}
[2020-11-17 21:48:38] INFO: ==> Iteration [  1][   2 /  391]: {'prec_cls': 25.8789, 'loss': 11.7854, 'loss_cls': 1.3947, 'loss_mse': 0.0672, 'loss_nce': 10.3235, 'load_time': 1.7511, 'process_time': 98.2489}
[2020-11-17 21:48:43] INFO: ==> Iteration [  1][   3 /  391]: {'prec_cls': 28.0599, 'loss': 11.7815, 'loss_cls': 1.3883, 'loss_mse': 0.064, 'loss_nce': 10.3292, 'load_time': 2.2761, 'process_time': 97.7239}
[2020-11-17 21:48:48] INFO: ==> Iteration [  1][   4 /  391]: {'prec_cls': 29.6387, 'loss': 11.9466, 'loss_cls': 1.3826, 'loss_mse': 0.0607, 'loss_nce': 10.5033, 'load_time': 2.5791, 'process_time': 97.4209}
[2020-11-17 21:48:53] INFO: ==> Iteration [  1][   5 /  391]: {'prec_cls': 30.8203, 'loss': 12.1309, 'loss_cls': 1.3786, 'loss_mse': 0.0575, 'loss_nce': 10.6948, 'load_time': 2.7685, 'process_time': 97.2315}
[2020-11-17 21:48:58] INFO: ==> Iteration [  1][   6 /  391]: {'prec_cls': 31.9499, 'loss': 12.2416, 'loss_cls': 1.3723, 'loss_mse': 0.0543, 'loss_nce': 10.815, 'load_time': 2.8936, 'process_time': 97.1064}
[2020-11-17 21:49:03] INFO: ==> Iteration [  1][   7 /  391]: {'prec_cls': 32.38, 'loss': 12.4493, 'loss_cls': 1.3691, 'loss_mse': 0.0516, 'loss_nce': 11.0286, 'load_time': 2.9838, 'process_time': 97.0162}
[2020-11-17 21:49:08] INFO: ==> Iteration [  1][   8 /  391]: {'prec_cls': 32.9834, 'loss': 12.7115, 'loss_cls': 1.3622, 'loss_mse': 0.0488, 'loss_nce': 11.3005, 'load_time': 3.052, 'process_time': 96.948}
[2020-11-17 21:49:12] INFO: ==> Iteration [  1][   9 /  391]: {'prec_cls': 33.8433, 'loss': 12.9276, 'loss_cls': 1.3563, 'loss_mse': 0.046, 'loss_nce': 11.5253, 'load_time': 3.1107, 'process_time': 96.8893}
[2020-11-17 21:49:18] INFO: ==> Iteration [  1][  10 /  391]: {'prec_cls': 34.3652, 'loss': 13.2368, 'loss_cls': 1.3531, 'loss_mse': 0.0434, 'loss_nce': 11.8403, 'load_time': 3.1515, 'process_time': 96.8485}
[2020-11-17 21:49:23] INFO: ==> Iteration [  1][  11 /  391]: {'prec_cls': 34.9077, 'loss': 13.5125, 'loss_cls': 1.3486, 'loss_mse': 0.041, 'loss_nce': 12.1229, 'load_time': 3.1766, 'process_time': 96.8234}
[2020-11-17 21:49:28] INFO: ==> Iteration [  1][  12 /  391]: {'prec_cls': 35.0098, 'loss': 13.8821, 'loss_cls': 1.3494, 'loss_mse': 0.0387, 'loss_nce': 12.494, 'load_time': 3.1965, 'process_time': 96.8035}
[2020-11-17 21:49:32] INFO: ==> Iteration [  1][  13 /  391]: {'prec_cls': 35.2464, 'loss': 14.2402, 'loss_cls': 1.3466, 'loss_mse': 0.0366, 'loss_nce': 12.857, 'load_time': 3.2225, 'process_time': 96.7775}
[2020-11-17 21:49:37] INFO: ==> Iteration [  1][  14 /  391]: {'prec_cls': 35.5259, 'loss': 14.5685, 'loss_cls': 1.3436, 'loss_mse': 0.0347, 'loss_nce': 13.1901, 'load_time': 3.2467, 'process_time': 96.7533}
[2020-11-17 21:49:41] INFO: ==> Iteration [  1][  15 /  391]: {'prec_cls': 35.6445, 'loss': 14.8983, 'loss_cls': 1.3421, 'loss_mse': 0.0329, 'loss_nce': 13.5234, 'load_time': 3.2594, 'process_time': 96.7406}
[2020-11-17 21:49:46] INFO: ==> Iteration [  1][  16 /  391]: {'prec_cls': 36.0107, 'loss': 15.2444, 'loss_cls': 1.3384, 'loss_mse': 0.0313, 'loss_nce': 13.8747, 'load_time': 3.2772, 'process_time': 96.7228}
[2020-11-17 21:49:51] INFO: ==> Iteration [  1][  17 /  391]: {'prec_cls': 36.4602, 'loss': 15.6067, 'loss_cls': 1.336, 'loss_mse': 0.0298, 'loss_nce': 14.2409, 'load_time': 3.294, 'process_time': 96.706}
[2020-11-17 21:49:56] INFO: ==> Iteration [  1][  18 /  391]: {'prec_cls': 36.6536, 'loss': 15.9603, 'loss_cls': 1.3352, 'loss_mse': 0.0284, 'loss_nce': 14.5966, 'load_time': 3.3028, 'process_time': 96.6972}
[2020-11-17 21:50:01] INFO: ==> Iteration [  1][  19 /  391]: {'prec_cls': 36.8832, 'loss': 16.3238, 'loss_cls': 1.333, 'loss_mse': 0.0271, 'loss_nce': 14.9636, 'load_time': 3.3131, 'process_time': 96.6869}
[2020-11-17 21:50:06] INFO: ==> Iteration [  1][  20 /  391]: {'prec_cls': 37.2119, 'loss': 16.6742, 'loss_cls': 1.3312, 'loss_mse': 0.026, 'loss_nce': 15.317, 'load_time': 3.3255, 'process_time': 96.6745}
[2020-11-17 21:50:11] INFO: ==> Iteration [  1][  21 /  391]: {'prec_cls': 37.3419, 'loss': 17.0195, 'loss_cls': 1.3307, 'loss_mse': 0.0249, 'loss_nce': 15.6638, 'load_time': 3.3308, 'process_time': 96.6692}
[2020-11-17 21:50:16] INFO: ==> Iteration [  1][  22 /  391]: {'prec_cls': 37.5089, 'loss': 17.3566, 'loss_cls': 1.33, 'loss_mse': 0.0239, 'loss_nce': 16.0027, 'load_time': 3.3331, 'process_time': 96.6669}
[2020-11-17 21:50:21] INFO: ==> Iteration [  1][  23 /  391]: {'prec_cls': 37.759, 'loss': 17.6528, 'loss_cls': 1.3282, 'loss_mse': 0.0231, 'loss_nce': 16.3016, 'load_time': 3.3418, 'process_time': 96.6582}
[2020-11-17 21:50:26] INFO: ==> Iteration [  1][  24 /  391]: {'prec_cls': 37.8703, 'loss': 17.9272, 'loss_cls': 1.3257, 'loss_mse': 0.0222, 'loss_nce': 16.5793, 'load_time': 3.3469, 'process_time': 96.6531}
[2020-11-17 21:50:31] INFO: ==> Iteration [  1][  25 /  391]: {'prec_cls': 38.0742, 'loss': 18.1622, 'loss_cls': 1.3241, 'loss_mse': 0.0214, 'loss_nce': 16.8167, 'load_time': 3.3517, 'process_time': 96.6483}
[2020-11-17 21:50:36] INFO: ==> Iteration [  1][  26 /  391]: {'prec_cls': 38.2136, 'loss': 18.3672, 'loss_cls': 1.3228, 'loss_mse': 0.0207, 'loss_nce': 17.0237, 'load_time': 3.3585, 'process_time': 96.6415}
[2020-11-17 21:50:41] INFO: ==> Iteration [  1][  27 /  391]: {'prec_cls': 38.2089, 'loss': 18.5719, 'loss_cls': 1.322, 'loss_mse': 0.02, 'loss_nce': 17.2298, 'load_time': 3.3627, 'process_time': 96.6373}
[2020-11-17 21:50:46] INFO: ==> Iteration [  1][  28 /  391]: {'prec_cls': 38.1313, 'loss': 18.7625, 'loss_cls': 1.3217, 'loss_mse': 0.0194, 'loss_nce': 17.4214, 'load_time': 3.3676, 'process_time': 96.6324}
[2020-11-17 21:50:51] INFO: ==> Iteration [  1][  29 /  391]: {'prec_cls': 38.4092, 'loss': 18.9372, 'loss_cls': 1.3197, 'loss_mse': 0.0188, 'loss_nce': 17.5986, 'load_time': 3.3731, 'process_time': 96.6269}
[2020-11-17 21:50:56] INFO: ==> Iteration [  1][  30 /  391]: {'prec_cls': 38.4766, 'loss': 19.1215, 'loss_cls': 1.3186, 'loss_mse': 0.0183, 'loss_nce': 17.7846, 'load_time': 3.3731, 'process_time': 96.6269}
[2020-11-17 21:51:01] INFO: ==> Iteration [  1][  31 /  391]: {'prec_cls': 38.653, 'loss': 19.3125, 'loss_cls': 1.3172, 'loss_mse': 0.0177, 'loss_nce': 17.9775, 'load_time': 3.3715, 'process_time': 96.6285}
[2020-11-17 21:51:06] INFO: ==> Iteration [  1][  32 /  391]: {'prec_cls': 38.8794, 'loss': 19.5138, 'loss_cls': 1.3158, 'loss_mse': 0.0172, 'loss_nce': 18.1807, 'load_time': 3.376, 'process_time': 96.624}
[2020-11-17 21:51:11] INFO: ==> Iteration [  1][  33 /  391]: {'prec_cls': 39.0092, 'loss': 19.6914, 'loss_cls': 1.3147, 'loss_mse': 0.0168, 'loss_nce': 18.3599, 'load_time': 3.3791, 'process_time': 96.6209}
[2020-11-17 21:51:16] INFO: ==> Iteration [  1][  34 /  391]: {'prec_cls': 39.0625, 'loss': 19.8703, 'loss_cls': 1.3145, 'loss_mse': 0.0163, 'loss_nce': 18.5395, 'load_time': 3.3824, 'process_time': 96.6176}
[2020-11-17 21:51:22] INFO: ==> Iteration [  1][  35 /  391]: {'prec_cls': 39.1239, 'loss': 20.0252, 'loss_cls': 1.3135, 'loss_mse': 0.0159, 'loss_nce': 18.6958, 'load_time': 3.3857, 'process_time': 96.6143}
[2020-11-17 21:51:27] INFO: ==> Iteration [  1][  36 /  391]: {'prec_cls': 39.0516, 'loss': 20.1717, 'loss_cls': 1.3144, 'loss_mse': 0.0155, 'loss_nce': 18.8417, 'load_time': 3.3891, 'process_time': 96.6109}
[2020-11-17 21:51:32] INFO: ==> Iteration [  1][  37 /  391]: {'prec_cls': 39.0361, 'loss': 20.3089, 'loss_cls': 1.3143, 'loss_mse': 0.0151, 'loss_nce': 18.9794, 'load_time': 3.3914, 'process_time': 96.6086}
[2020-11-17 21:51:37] INFO: ==> Iteration [  1][  38 /  391]: {'prec_cls': 39.0419, 'loss': 20.4475, 'loss_cls': 1.3145, 'loss_mse': 0.0148, 'loss_nce': 19.1183, 'load_time': 3.3949, 'process_time': 96.6051}
[2020-11-17 21:51:42] INFO: ==> Iteration [  1][  39 /  391]: {'prec_cls': 38.9874, 'loss': 20.5511, 'loss_cls': 1.3153, 'loss_mse': 0.0144, 'loss_nce': 19.2213, 'load_time': 3.3957, 'process_time': 96.6043}
[2020-11-17 21:51:48] INFO: ==> Iteration [  1][  40 /  391]: {'prec_cls': 38.7769, 'loss': 20.6458, 'loss_cls': 1.3174, 'loss_mse': 0.0141, 'loss_nce': 19.3142, 'load_time': 3.3948, 'process_time': 96.6052}
[2020-11-17 21:51:53] INFO: ==> Iteration [  1][  41 /  391]: {'prec_cls': 38.7052, 'loss': 20.6934, 'loss_cls': 1.3183, 'loss_mse': 0.0138, 'loss_nce': 19.3612, 'load_time': 3.398, 'process_time': 96.602}
[2020-11-17 21:51:58] INFO: ==> Iteration [  1][  42 /  391]: {'prec_cls': 38.6254, 'loss': 20.7523, 'loss_cls': 1.3191, 'loss_mse': 0.0135, 'loss_nce': 19.4197, 'load_time': 3.3984, 'process_time': 96.6016}
[2020-11-17 21:52:04] INFO: ==> Iteration [  1][  43 /  391]: {'prec_cls': 38.5674, 'loss': 20.8669, 'loss_cls': 1.3199, 'loss_mse': 0.0133, 'loss_nce': 19.5337, 'load_time': 3.3996, 'process_time': 96.6004}
[2020-11-17 21:52:09] INFO: ==> Iteration [  1][  44 /  391]: {'prec_cls': 38.5343, 'loss': 20.9689, 'loss_cls': 1.3204, 'loss_mse': 0.013, 'loss_nce': 19.6355, 'load_time': 3.403, 'process_time': 96.597}
[2020-11-17 21:52:14] INFO: ==> Iteration [  1][  45 /  391]: {'prec_cls': 38.5438, 'loss': 21.0594, 'loss_cls': 1.3212, 'loss_mse': 0.0127, 'loss_nce': 19.7255, 'load_time': 3.4048, 'process_time': 96.5952}
[2020-11-17 21:52:19] INFO: ==> Iteration [  1][  46 /  391]: {'prec_cls': 38.4299, 'loss': 21.2019, 'loss_cls': 1.3227, 'loss_mse': 0.0125, 'loss_nce': 19.8667, 'load_time': 3.407, 'process_time': 96.593}
[2020-11-17 21:52:24] INFO: ==> Iteration [  1][  47 /  391]: {'prec_cls': 38.4329, 'loss': 21.3498, 'loss_cls': 1.3231, 'loss_mse': 0.0122, 'loss_nce': 20.0144, 'load_time': 3.4096, 'process_time': 96.5904}
[2020-11-17 21:52:30] INFO: ==> Iteration [  1][  48 /  391]: {'prec_cls': 38.4196, 'loss': 21.5217, 'loss_cls': 1.3235, 'loss_mse': 0.012, 'loss_nce': 20.1862, 'load_time': 3.4086, 'process_time': 96.5914}
[2020-11-17 21:52:35] INFO: ==> Iteration [  1][  49 /  391]: {'prec_cls': 38.4905, 'loss': 21.7064, 'loss_cls': 1.3232, 'loss_mse': 0.0117, 'loss_nce': 20.3715, 'load_time': 3.4078, 'process_time': 96.5922}
[2020-11-17 21:52:40] INFO: ==> Iteration [  1][  50 /  391]: {'prec_cls': 38.5176, 'loss': 21.8632, 'loss_cls': 1.3233, 'loss_mse': 0.0115, 'loss_nce': 20.5284, 'load_time': 3.4111, 'process_time': 96.5889}
[2020-11-17 21:52:44] INFO: ==> Iteration [  1][  51 /  391]: {'prec_cls': 38.5551, 'loss': 22.0025, 'loss_cls': 1.3231, 'loss_mse': 0.0113, 'loss_nce': 20.6681, 'load_time': 3.4119, 'process_time': 96.5881}
[2020-11-17 21:52:50] INFO: ==> Iteration [  1][  52 /  391]: {'prec_cls': 38.4841, 'loss': 22.1101, 'loss_cls': 1.3238, 'loss_mse': 0.0111, 'loss_nce': 20.7752, 'load_time': 3.4129, 'process_time': 96.5871}
[2020-11-17 21:52:55] INFO: ==> Iteration [  1][  53 /  391]: {'prec_cls': 38.5042, 'loss': 22.1855, 'loss_cls': 1.3242, 'loss_mse': 0.0109, 'loss_nce': 20.8504, 'load_time': 3.4151, 'process_time': 96.5849}
[2020-11-17 21:53:00] INFO: ==> Iteration [  1][  54 /  391]: {'prec_cls': 38.4115, 'loss': 22.2385, 'loss_cls': 1.3249, 'loss_mse': 0.0107, 'loss_nce': 20.9028, 'load_time': 3.4155, 'process_time': 96.5845}
[2020-11-17 21:53:05] INFO: ==> Iteration [  1][  55 /  391]: {'prec_cls': 38.3434, 'loss': 22.3075, 'loss_cls': 1.3256, 'loss_mse': 0.0105, 'loss_nce': 20.9714, 'load_time': 3.4163, 'process_time': 96.5837}
[2020-11-17 21:53:10] INFO: ==> Iteration [  1][  56 /  391]: {'prec_cls': 38.3109, 'loss': 22.3845, 'loss_cls': 1.326, 'loss_mse': 0.0103, 'loss_nce': 21.0482, 'load_time': 3.4182, 'process_time': 96.5818}
[2020-11-17 21:53:15] INFO: ==> Iteration [  1][  57 /  391]: {'prec_cls': 38.3738, 'loss': 22.4495, 'loss_cls': 1.3261, 'loss_mse': 0.0102, 'loss_nce': 21.1132, 'load_time': 3.4173, 'process_time': 96.5827}
[2020-11-17 21:53:20] INFO: ==> Iteration [  1][  58 /  391]: {'prec_cls': 38.3402, 'loss': 22.5038, 'loss_cls': 1.3264, 'loss_mse': 0.01, 'loss_nce': 21.1673, 'load_time': 3.4159, 'process_time': 96.5841}
[2020-11-17 21:53:25] INFO: ==> Iteration [  1][  59 /  391]: {'prec_cls': 38.3773, 'loss': 22.5536, 'loss_cls': 1.3263, 'loss_mse': 0.0098, 'loss_nce': 21.2175, 'load_time': 3.4177, 'process_time': 96.5823}
[2020-11-17 21:53:30] INFO: ==> Iteration [  1][  60 /  391]: {'prec_cls': 38.361, 'loss': 22.609, 'loss_cls': 1.3265, 'loss_mse': 0.0097, 'loss_nce': 21.2728, 'load_time': 3.4189, 'process_time': 96.5811}
[2020-11-17 21:53:35] INFO: ==> Iteration [  1][  61 /  391]: {'prec_cls': 38.3565, 'loss': 22.6792, 'loss_cls': 1.3267, 'loss_mse': 0.0095, 'loss_nce': 21.343, 'load_time': 3.4203, 'process_time': 96.5797}
[2020-11-17 21:53:40] INFO: ==> Iteration [  1][  62 /  391]: {'prec_cls': 38.3537, 'loss': 22.7387, 'loss_cls': 1.3269, 'loss_mse': 0.0094, 'loss_nce': 21.4025, 'load_time': 3.4223, 'process_time': 96.5777}
[2020-11-17 21:53:45] INFO: ==> Iteration [  1][  63 /  391]: {'prec_cls': 38.4642, 'loss': 22.7807, 'loss_cls': 1.3262, 'loss_mse': 0.0092, 'loss_nce': 21.4453, 'load_time': 3.4229, 'process_time': 96.5771}
[2020-11-17 21:53:50] INFO: ==> Iteration [  1][  64 /  391]: {'prec_cls': 38.4689, 'loss': 22.8115, 'loss_cls': 1.326, 'loss_mse': 0.0091, 'loss_nce': 21.4764, 'load_time': 3.4238, 'process_time': 96.5762}
[2020-11-17 21:53:55] INFO: ==> Iteration [  1][  65 /  391]: {'prec_cls': 38.4931, 'loss': 22.817, 'loss_cls': 1.3259, 'loss_mse': 0.0089, 'loss_nce': 21.4821, 'load_time': 3.4256, 'process_time': 96.5744}
[2020-11-17 21:54:00] INFO: ==> Iteration [  1][  66 /  391]: {'prec_cls': 38.4884, 'loss': 22.8188, 'loss_cls': 1.3261, 'loss_mse': 0.0088, 'loss_nce': 21.484, 'load_time': 3.4243, 'process_time': 96.5757}
[2020-11-17 21:54:04] INFO: ==> Iteration [  1][  67 /  391]: {'prec_cls': 38.5145, 'loss': 22.8565, 'loss_cls': 1.3261, 'loss_mse': 0.0087, 'loss_nce': 21.5217, 'load_time': 3.4239, 'process_time': 96.5761}
[2020-11-17 21:54:09] INFO: ==> Iteration [  1][  68 /  391]: {'prec_cls': 38.4952, 'loss': 22.9349, 'loss_cls': 1.3266, 'loss_mse': 0.0086, 'loss_nce': 21.5998, 'load_time': 3.4249, 'process_time': 96.5751}
[2020-11-17 21:54:14] INFO: ==> Iteration [  1][  69 /  391]: {'prec_cls': 38.5035, 'loss': 23.0779, 'loss_cls': 1.3268, 'loss_mse': 0.0084, 'loss_nce': 21.7426, 'load_time': 3.4255, 'process_time': 96.5745}
[2020-11-17 21:54:19] INFO: ==> Iteration [  1][  70 /  391]: {'prec_cls': 38.5059, 'loss': 23.21, 'loss_cls': 1.327, 'loss_mse': 0.0083, 'loss_nce': 21.8746, 'load_time': 3.4259, 'process_time': 96.5741}
[2020-11-17 21:54:24] INFO: ==> Iteration [  1][  71 /  391]: {'prec_cls': 38.4779, 'loss': 23.353, 'loss_cls': 1.3273, 'loss_mse': 0.0082, 'loss_nce': 22.0176, 'load_time': 3.4275, 'process_time': 96.5725}
[2020-11-17 21:54:29] INFO: ==> Iteration [  1][  72 /  391]: {'prec_cls': 38.4115, 'loss': 23.4855, 'loss_cls': 1.3277, 'loss_mse': 0.0081, 'loss_nce': 22.1497, 'load_time': 3.4275, 'process_time': 96.5725}
[2020-11-17 21:54:34] INFO: ==> Iteration [  1][  73 /  391]: {'prec_cls': 38.395, 'loss': 23.6319, 'loss_cls': 1.3278, 'loss_mse': 0.008, 'loss_nce': 22.2961, 'load_time': 3.4282, 'process_time': 96.5718}
[2020-11-17 21:54:39] INFO: ==> Iteration [  1][  74 /  391]: {'prec_cls': 38.3459, 'loss': 23.7904, 'loss_cls': 1.3281, 'loss_mse': 0.0079, 'loss_nce': 22.4544, 'load_time': 3.4295, 'process_time': 96.5705}
[2020-11-17 21:54:44] INFO: ==> Iteration [  1][  75 /  391]: {'prec_cls': 38.3451, 'loss': 23.9379, 'loss_cls': 1.3282, 'loss_mse': 0.0078, 'loss_nce': 22.6019, 'load_time': 3.43, 'process_time': 96.57}
[2020-11-17 21:54:49] INFO: ==> Iteration [  1][  76 /  391]: {'prec_cls': 38.3237, 'loss': 24.0664, 'loss_cls': 1.3282, 'loss_mse': 0.0077, 'loss_nce': 22.7305, 'load_time': 3.4291, 'process_time': 96.5709}
[2020-11-17 21:54:54] INFO: ==> Iteration [  1][  77 /  391]: {'prec_cls': 38.3193, 'loss': 24.1793, 'loss_cls': 1.3283, 'loss_mse': 0.0076, 'loss_nce': 22.8435, 'load_time': 3.4305, 'process_time': 96.5695}
[2020-11-17 21:54:59] INFO: ==> Iteration [  1][  78 /  391]: {'prec_cls': 38.2863, 'loss': 24.2843, 'loss_cls': 1.3284, 'loss_mse': 0.0075, 'loss_nce': 22.9484, 'load_time': 3.4308, 'process_time': 96.5692}
[2020-11-17 21:55:04] INFO: ==> Iteration [  1][  79 /  391]: {'prec_cls': 38.3146, 'loss': 24.3863, 'loss_cls': 1.3281, 'loss_mse': 0.0074, 'loss_nce': 23.0508, 'load_time': 3.4313, 'process_time': 96.5687}
[2020-11-17 21:55:10] INFO: ==> Iteration [  1][  80 /  391]: {'prec_cls': 38.3472, 'loss': 24.476, 'loss_cls': 1.3276, 'loss_mse': 0.0073, 'loss_nce': 23.1412, 'load_time': 3.433, 'process_time': 96.567}
[2020-11-17 21:55:16] INFO: ==> Iteration [  1][  81 /  391]: {'prec_cls': 38.3584, 'loss': 24.5427, 'loss_cls': 1.3274, 'loss_mse': 0.0072, 'loss_nce': 23.208, 'load_time': 3.433, 'process_time': 96.567}
[2020-11-17 21:55:20] INFO: ==> Iteration [  1][  82 /  391]: {'prec_cls': 38.336, 'loss': 24.6018, 'loss_cls': 1.3274, 'loss_mse': 0.0071, 'loss_nce': 23.2673, 'load_time': 3.4334, 'process_time': 96.5666}
[2020-11-17 21:55:25] INFO: ==> Iteration [  1][  83 /  391]: {'prec_cls': 38.333, 'loss': 24.6446, 'loss_cls': 1.3273, 'loss_mse': 0.0071, 'loss_nce': 23.3102, 'load_time': 3.4344, 'process_time': 96.5656}
[2020-11-17 21:55:30] INFO: ==> Iteration [  1][  84 /  391]: {'prec_cls': 38.2871, 'loss': 24.6827, 'loss_cls': 1.3277, 'loss_mse': 0.007, 'loss_nce': 23.348, 'load_time': 3.4345, 'process_time': 96.5655}
[2020-11-17 21:55:35] INFO: ==> Iteration [  1][  85 /  391]: {'prec_cls': 38.2364, 'loss': 24.7264, 'loss_cls': 1.3277, 'loss_mse': 0.0069, 'loss_nce': 23.3918, 'load_time': 3.4336, 'process_time': 96.5664}
[2020-11-17 21:55:40] INFO: ==> Iteration [  1][  86 /  391]: {'prec_cls': 38.1938, 'loss': 24.7705, 'loss_cls': 1.3282, 'loss_mse': 0.0068, 'loss_nce': 23.4355, 'load_time': 3.4348, 'process_time': 96.5652}
[2020-11-17 21:55:44] INFO: ==> Iteration [  1][  87 /  391]: {'prec_cls': 38.2038, 'loss': 24.8233, 'loss_cls': 1.3281, 'loss_mse': 0.0067, 'loss_nce': 23.4884, 'load_time': 3.435, 'process_time': 96.565}
[2020-11-17 21:55:51] INFO: ==> Iteration [  1][  88 /  391]: {'prec_cls': 38.1836, 'loss': 24.8775, 'loss_cls': 1.3282, 'loss_mse': 0.0067, 'loss_nce': 23.5426, 'load_time': 3.4351, 'process_time': 96.5649}
[2020-11-17 21:55:56] INFO: ==> Iteration [  1][  89 /  391]: {'prec_cls': 38.1441, 'loss': 24.9355, 'loss_cls': 1.3283, 'loss_mse': 0.0066, 'loss_nce': 23.6006, 'load_time': 3.4363, 'process_time': 96.5637}
[2020-11-17 21:56:01] INFO: ==> Iteration [  1][  90 /  391]: {'prec_cls': 38.1359, 'loss': 24.9842, 'loss_cls': 1.3285, 'loss_mse': 0.0065, 'loss_nce': 23.6491, 'load_time': 3.4366, 'process_time': 96.5634}
[2020-11-17 21:56:06] INFO: ==> Iteration [  1][  91 /  391]: {'prec_cls': 38.1214, 'loss': 25.0452, 'loss_cls': 1.3285, 'loss_mse': 0.0065, 'loss_nce': 23.7102, 'load_time': 3.4367, 'process_time': 96.5633}
[2020-11-17 21:56:11] INFO: ==> Iteration [  1][  92 /  391]: {'prec_cls': 38.1475, 'loss': 25.0805, 'loss_cls': 1.3283, 'loss_mse': 0.0064, 'loss_nce': 23.7458, 'load_time': 3.4374, 'process_time': 96.5626}
[2020-11-17 21:56:15] INFO: ==> Iteration [  1][  93 /  391]: {'prec_cls': 38.1332, 'loss': 25.1131, 'loss_cls': 1.3283, 'loss_mse': 0.0063, 'loss_nce': 23.7785, 'load_time': 3.4377, 'process_time': 96.5623}
[2020-11-17 21:56:20] INFO: ==> Iteration [  1][  94 /  391]: {'prec_cls': 38.1503, 'loss': 25.1557, 'loss_cls': 1.3281, 'loss_mse': 0.0063, 'loss_nce': 23.8214, 'load_time': 3.4371, 'process_time': 96.5629}
