[2020-11-17 17:51:07] INFO: Algorithm options {'data_train_opt': {'batch_size': 192, 'unsupervised': True, 'random_sized_crop': True, 'dataset_name': 'tiny-imagenet', 'split': 'train'}, 'data_test_opt': {'batch_size': 192, 'unsupervised': True, 'random_sized_crop': False, 'dataset_name': 'tiny-imagenet', 'split': 'val'}, 'max_num_epochs': 245, 'networks': {'feature': {'def_file': 'architectures/AlexNetFeature.py', 'pretrained': None, 'opt': {}, 'optim_params': {'optim_type': 'sgd', 'lr': 0.1, 'momentum': 0.9, 'weight_decay': 0.0005, 'nesterov': True, 'LUT_lr': [(90, 0.01), (130, 0.001), (190, 0.0001), (210, 1e-05), (230, 0.0001), (245, 1e-05)]}}, 'classifier': {'def_file': 'architectures/AlexNetClassifier.py', 'pretrained': None, 'opt': {'num_classes': 4}, 'optim_params': {'optim_type': 'sgd', 'lr': 0.1, 'momentum': 0.9, 'weight_decay': 0.0005, 'nesterov': True, 'LUT_lr': [(90, 0.01), (130, 0.001), (190, 0.0001), (210, 1e-05), (230, 0.0001), (245, 1e-05)]}}, 'norm': {'def_file': 'architectures/LinearTransformationNorm.py', 'pretrained': None, 'opt': {'low_dim': 128, 'num_feat': 2048}, 'optim_params': {'optim_type': 'sgd', 'lr': 0.1, 'momentum': 0.9, 'weight_decay': 0.0005, 'nesterov': True, 'LUT_lr': [(90, 0.01), (130, 0.001), (190, 0.0001), (210, 1e-05), (230, 0.0001), (245, 1e-05)]}}}, 'criterions': {'loss_cls': {'ctype': 'CrossEntropyLoss', 'opt': {'reduce': False}}, 'loss_mse': {'ctype': 'MSELoss', 'opt': None}, 'nce_average': {'ctype': 'NCEAverage', 'opt': {'def_file': 'architectures/NCEAverage.py', 'net_opt': {'low_dim': 128, 'ndata': 100000, 'nce_k': 4096, 'nce_t': 0.07, 'nce_m': 0.5}}}, 'nce_criterion': {'ctype': 'NCECriterion', 'opt': {'def_file': 'architectures/NCECriterion.py', 'net_opt': {'ndata': 100000}}}}, 'lambda_loss': {'cls': 1.0, 'mse': 1.0, 'nce': 1.0}, 'gama': 2, 'algorithm_type': 'DecouplingModel', 'exp_dir': '../_experiments/TinyImageNet_Decoupling_AlexNet', 'disp_step': 1}
[2020-11-17 17:51:07] INFO: Set network feature
[2020-11-17 17:51:07] INFO: ==> Initiliaze network feature from file architectures/AlexNetFeature.py with opts: {}
[2020-11-17 17:51:07] INFO: Set network classifier
[2020-11-17 17:51:07] INFO: ==> Initiliaze network classifier from file architectures/AlexNetClassifier.py with opts: {'num_classes': 4}
[2020-11-17 17:51:07] INFO: Set network norm
[2020-11-17 17:51:07] INFO: ==> Initiliaze network norm from file architectures/LinearTransformationNorm.py with opts: {'low_dim': 128, 'num_feat': 2048}
[2020-11-17 17:51:07] INFO: Initialize criterion[loss_cls]: CrossEntropyLoss with options: {'reduce': False}
[2020-11-17 17:51:07] INFO: Initialize criterion[loss_mse]: MSELoss with options: None
[2020-11-17 17:51:07] INFO: Initialize criterion[nce_average]: NCEAverage with options: {'def_file': 'architectures/NCEAverage.py', 'net_opt': {'low_dim': 128, 'ndata': 100000, 'nce_k': 4096, 'nce_t': 0.07, 'nce_m': 0.5}}
[2020-11-17 17:51:09] INFO: Initialize criterion[nce_criterion]: NCECriterion with options: {'def_file': 'architectures/NCECriterion.py', 'net_opt': {'ndata': 100000}}
[2020-11-17 17:51:09] INFO: ==> Initiliaze network NCECriterion from file architectures/NCECriterion.py with opts: {'ndata': 100000}
[2020-11-17 17:51:11] INFO: Initialize optimizer: sgd with params: {'optim_type': 'sgd', 'lr': 0.1, 'momentum': 0.9, 'weight_decay': 0.0005, 'nesterov': True, 'LUT_lr': [(90, 0.01), (130, 0.001), (190, 0.0001), (210, 1e-05), (230, 0.0001), (245, 1e-05)]} for network: feature
[2020-11-17 17:51:11] INFO: Initialize optimizer: sgd with params: {'optim_type': 'sgd', 'lr': 0.1, 'momentum': 0.9, 'weight_decay': 0.0005, 'nesterov': True, 'LUT_lr': [(90, 0.01), (130, 0.001), (190, 0.0001), (210, 1e-05), (230, 0.0001), (245, 1e-05)]} for network: classifier
[2020-11-17 17:51:11] INFO: Initialize optimizer: sgd with params: {'optim_type': 'sgd', 'lr': 0.1, 'momentum': 0.9, 'weight_decay': 0.0005, 'nesterov': True, 'LUT_lr': [(90, 0.01), (130, 0.001), (190, 0.0001), (210, 1e-05), (230, 0.0001), (245, 1e-05)]} for network: norm
[2020-11-17 17:51:11] INFO: 

[2020-11-17 17:51:11] INFO: Training epoch [  1 / 245]
[2020-11-17 17:51:11] INFO: ==> Set to feature optimizer lr = 0.0100000000
[2020-11-17 17:51:11] INFO: ==> Set to classifier optimizer lr = 0.0100000000
[2020-11-17 17:51:11] INFO: ==> Set to norm optimizer lr = 0.0100000000
[2020-11-17 17:51:11] INFO: Training: TinyImageNet_Decoupling_AlexNet
[2020-11-17 17:51:11] INFO: ==> Dataset: tiny-imagenet_train [100000 images]
[2020-11-17 17:51:11] INFO: ==> Iteration steps in one epoch: 521 [batch size 192]
[2020-11-17 17:51:16] INFO: ==> Iteration [  1][   1 /  521]: {'prec_cls': 23.9583, 'loss': 11.6203, 'loss_cls': 1.414, 'loss_mse': 0.0699, 'loss_nce': 10.1363, 'load_time': 1.2689, 'process_time': 98.7311}
[2020-11-17 17:51:19] INFO: ==> Iteration [  1][   2 /  521]: {'prec_cls': 24.9349, 'loss': 11.7103, 'loss_cls': 1.4081, 'loss_mse': 0.067, 'loss_nce': 10.2352, 'load_time': 11.4614, 'process_time': 88.5386}
[2020-11-17 17:51:21] INFO: ==> Iteration [  1][   3 /  521]: {'prec_cls': 24.9132, 'loss': 11.7817, 'loss_cls': 1.4044, 'loss_mse': 0.0633, 'loss_nce': 10.314, 'load_time': 14.8523, 'process_time': 85.1477}
[2020-11-17 17:51:24] INFO: ==> Iteration [  1][   4 /  521]: {'prec_cls': 25.3906, 'loss': 11.8492, 'loss_cls': 1.3994, 'loss_mse': 0.0599, 'loss_nce': 10.3898, 'load_time': 16.5517, 'process_time': 83.4483}
[2020-11-17 17:51:27] INFO: ==> Iteration [  1][   5 /  521]: {'prec_cls': 27.2656, 'loss': 11.9926, 'loss_cls': 1.3909, 'loss_mse': 0.0572, 'loss_nce': 10.5445, 'load_time': 17.5871, 'process_time': 82.4129}
[2020-11-17 17:51:30] INFO: ==> Iteration [  1][   6 /  521]: {'prec_cls': 28.6458, 'loss': 12.1218, 'loss_cls': 1.3865, 'loss_mse': 0.0541, 'loss_nce': 10.6813, 'load_time': 18.2137, 'process_time': 81.7863}
[2020-11-17 17:51:32] INFO: ==> Iteration [  1][   7 /  521]: {'prec_cls': 29.6131, 'loss': 12.2948, 'loss_cls': 1.3826, 'loss_mse': 0.0513, 'loss_nce': 10.8609, 'load_time': 18.6986, 'process_time': 81.3014}
[2020-11-17 17:51:35] INFO: ==> Iteration [  1][   8 /  521]: {'prec_cls': 29.5573, 'loss': 12.4699, 'loss_cls': 1.3805, 'loss_mse': 0.0487, 'loss_nce': 11.0406, 'load_time': 19.0655, 'process_time': 80.9345}
[2020-11-17 17:51:37] INFO: ==> Iteration [  1][   9 /  521]: {'prec_cls': 30.0492, 'loss': 12.6559, 'loss_cls': 1.3749, 'loss_mse': 0.0461, 'loss_nce': 11.2349, 'load_time': 19.3528, 'process_time': 80.6472}
[2020-11-17 17:51:40] INFO: ==> Iteration [  1][  10 /  521]: {'prec_cls': 30.5729, 'loss': 12.8618, 'loss_cls': 1.3715, 'loss_mse': 0.0436, 'loss_nce': 11.4467, 'load_time': 19.5341, 'process_time': 80.4659}
[2020-11-17 17:51:42] INFO: ==> Iteration [  1][  11 /  521]: {'prec_cls': 30.9304, 'loss': 13.0788, 'loss_cls': 1.37, 'loss_mse': 0.0413, 'loss_nce': 11.6675, 'load_time': 19.6916, 'process_time': 80.3084}
[2020-11-17 17:51:45] INFO: ==> Iteration [  1][  12 /  521]: {'prec_cls': 31.5755, 'loss': 13.2776, 'loss_cls': 1.3667, 'loss_mse': 0.0393, 'loss_nce': 11.8717, 'load_time': 19.8523, 'process_time': 80.1477}
[2020-11-17 17:51:47] INFO: ==> Iteration [  1][  13 /  521]: {'prec_cls': 32.1114, 'loss': 13.49, 'loss_cls': 1.3642, 'loss_mse': 0.0372, 'loss_nce': 12.0886, 'load_time': 19.9864, 'process_time': 80.0136}
[2020-11-17 17:51:50] INFO: ==> Iteration [  1][  14 /  521]: {'prec_cls': 32.1894, 'loss': 13.6946, 'loss_cls': 1.3634, 'loss_mse': 0.0352, 'loss_nce': 12.2961, 'load_time': 20.2058, 'process_time': 79.7942}
[2020-11-17 17:51:53] INFO: ==> Iteration [  1][  15 /  521]: {'prec_cls': 32.3437, 'loss': 13.9244, 'loss_cls': 1.3646, 'loss_mse': 0.0335, 'loss_nce': 12.5264, 'load_time': 20.2878, 'process_time': 79.7122}
[2020-11-17 17:51:55] INFO: ==> Iteration [  1][  16 /  521]: {'prec_cls': 32.7881, 'loss': 14.1462, 'loss_cls': 1.3622, 'loss_mse': 0.0319, 'loss_nce': 12.7522, 'load_time': 20.3711, 'process_time': 79.6289}
[2020-11-17 17:51:58] INFO: ==> Iteration [  1][  17 /  521]: {'prec_cls': 32.7359, 'loss': 14.3888, 'loss_cls': 1.3638, 'loss_mse': 0.0303, 'loss_nce': 12.9947, 'load_time': 20.4381, 'process_time': 79.5619}
[2020-11-17 17:52:00] INFO: ==> Iteration [  1][  18 /  521]: {'prec_cls': 32.9427, 'loss': 14.6184, 'loss_cls': 1.3625, 'loss_mse': 0.0289, 'loss_nce': 13.227, 'load_time': 20.5029, 'process_time': 79.4971}
[2020-11-17 17:52:03] INFO: ==> Iteration [  1][  19 /  521]: {'prec_cls': 32.9564, 'loss': 14.8431, 'loss_cls': 1.3615, 'loss_mse': 0.0276, 'loss_nce': 13.454, 'load_time': 20.5611, 'process_time': 79.4389}
[2020-11-17 17:52:05] INFO: ==> Iteration [  1][  20 /  521]: {'prec_cls': 32.9883, 'loss': 15.107, 'loss_cls': 1.3614, 'loss_mse': 0.0264, 'loss_nce': 13.7191, 'load_time': 20.6113, 'process_time': 79.3887}
[2020-11-17 17:52:08] INFO: ==> Iteration [  1][  21 /  521]: {'prec_cls': 33.1535, 'loss': 15.3278, 'loss_cls': 1.3605, 'loss_mse': 0.0253, 'loss_nce': 13.9419, 'load_time': 20.6615, 'process_time': 79.3385}
[2020-11-17 17:52:10] INFO: ==> Iteration [  1][  22 /  521]: {'prec_cls': 32.996, 'loss': 15.5398, 'loss_cls': 1.3608, 'loss_mse': 0.0243, 'loss_nce': 14.1547, 'load_time': 20.6783, 'process_time': 79.3217}
[2020-11-17 17:52:13] INFO: ==> Iteration [  1][  23 /  521]: {'prec_cls': 33.0503, 'loss': 15.7521, 'loss_cls': 1.3605, 'loss_mse': 0.0234, 'loss_nce': 14.3683, 'load_time': 20.7098, 'process_time': 79.2902}
[2020-11-17 17:52:16] INFO: ==> Iteration [  1][  24 /  521]: {'prec_cls': 33.1814, 'loss': 15.9675, 'loss_cls': 1.3605, 'loss_mse': 0.0225, 'loss_nce': 14.5845, 'load_time': 20.7514, 'process_time': 79.2486}
[2020-11-17 17:52:18] INFO: ==> Iteration [  1][  25 /  521]: {'prec_cls': 33.349, 'loss': 16.1654, 'loss_cls': 1.3595, 'loss_mse': 0.0217, 'loss_nce': 14.7841, 'load_time': 20.7761, 'process_time': 79.2239}
[2020-11-17 17:52:21] INFO: ==> Iteration [  1][  26 /  521]: {'prec_cls': 33.5387, 'loss': 16.3476, 'loss_cls': 1.3583, 'loss_mse': 0.0209, 'loss_nce': 14.9683, 'load_time': 20.8165, 'process_time': 79.1835}
[2020-11-17 17:52:24] INFO: ==> Iteration [  1][  27 /  521]: {'prec_cls': 33.6082, 'loss': 16.531, 'loss_cls': 1.3577, 'loss_mse': 0.0202, 'loss_nce': 15.153, 'load_time': 20.8544, 'process_time': 79.1456}
[2020-11-17 17:52:26] INFO: ==> Iteration [  1][  28 /  521]: {'prec_cls': 33.6961, 'loss': 16.6892, 'loss_cls': 1.3573, 'loss_mse': 0.0196, 'loss_nce': 15.3123, 'load_time': 20.8829, 'process_time': 79.1171}
[2020-11-17 17:52:29] INFO: ==> Iteration [  1][  29 /  521]: {'prec_cls': 33.8811, 'loss': 16.8388, 'loss_cls': 1.3568, 'loss_mse': 0.019, 'loss_nce': 15.4631, 'load_time': 20.9063, 'process_time': 79.0937}
[2020-11-17 17:52:32] INFO: ==> Iteration [  1][  30 /  521]: {'prec_cls': 33.8715, 'loss': 16.9929, 'loss_cls': 1.3563, 'loss_mse': 0.0184, 'loss_nce': 15.6182, 'load_time': 20.9286, 'process_time': 79.0714}
[2020-11-17 17:52:34] INFO: ==> Iteration [  1][  31 /  521]: {'prec_cls': 34.0432, 'loss': 17.1391, 'loss_cls': 1.3551, 'loss_mse': 0.0178, 'loss_nce': 15.7662, 'load_time': 20.9517, 'process_time': 79.0483}
[2020-11-17 17:52:37] INFO: ==> Iteration [  1][  32 /  521]: {'prec_cls': 34.0983, 'loss': 17.2788, 'loss_cls': 1.3549, 'loss_mse': 0.0173, 'loss_nce': 15.9066, 'load_time': 20.9803, 'process_time': 79.0197}
[2020-11-17 17:52:39] INFO: ==> Iteration [  1][  33 /  521]: {'prec_cls': 34.2685, 'loss': 17.4012, 'loss_cls': 1.3537, 'loss_mse': 0.0169, 'loss_nce': 16.0307, 'load_time': 20.9996, 'process_time': 79.0004}
[2020-11-17 17:52:42] INFO: ==> Iteration [  1][  34 /  521]: {'prec_cls': 34.1912, 'loss': 17.5327, 'loss_cls': 1.3538, 'loss_mse': 0.0164, 'loss_nce': 16.1625, 'load_time': 21.0167, 'process_time': 78.9833}
[2020-11-17 17:52:44] INFO: ==> Iteration [  1][  35 /  521]: {'prec_cls': 34.1741, 'loss': 17.6577, 'loss_cls': 1.3538, 'loss_mse': 0.016, 'loss_nce': 16.2879, 'load_time': 21.032, 'process_time': 78.968}
[2020-11-17 17:52:47] INFO: ==> Iteration [  1][  36 /  521]: {'prec_cls': 34.3027, 'loss': 17.7734, 'loss_cls': 1.3522, 'loss_mse': 0.0156, 'loss_nce': 16.4056, 'load_time': 21.0506, 'process_time': 78.9494}
[2020-11-17 17:52:49] INFO: ==> Iteration [  1][  37 /  521]: {'prec_cls': 34.2378, 'loss': 17.8771, 'loss_cls': 1.3529, 'loss_mse': 0.0152, 'loss_nce': 16.509, 'load_time': 21.0595, 'process_time': 78.9405}
[2020-11-17 17:52:52] INFO: ==> Iteration [  1][  38 /  521]: {'prec_cls': 34.3099, 'loss': 17.9738, 'loss_cls': 1.3525, 'loss_mse': 0.0148, 'loss_nce': 16.6065, 'load_time': 21.078, 'process_time': 78.922}
[2020-11-17 17:52:55] INFO: ==> Iteration [  1][  39 /  521]: {'prec_cls': 34.2248, 'loss': 18.0785, 'loss_cls': 1.3527, 'loss_mse': 0.0145, 'loss_nce': 16.7113, 'load_time': 21.0961, 'process_time': 78.9039}
[2020-11-17 17:52:58] INFO: ==> Iteration [  1][  40 /  521]: {'prec_cls': 34.2578, 'loss': 18.1627, 'loss_cls': 1.3523, 'loss_mse': 0.0142, 'loss_nce': 16.7963, 'load_time': 21.1111, 'process_time': 78.8889}
[2020-11-17 17:53:00] INFO: ==> Iteration [  1][  41 /  521]: {'prec_cls': 34.3941, 'loss': 18.2461, 'loss_cls': 1.3518, 'loss_mse': 0.0138, 'loss_nce': 16.8804, 'load_time': 21.127, 'process_time': 78.873}
[2020-11-17 17:53:03] INFO: ==> Iteration [  1][  42 /  521]: {'prec_cls': 34.3905, 'loss': 18.336, 'loss_cls': 1.3518, 'loss_mse': 0.0135, 'loss_nce': 16.9707, 'load_time': 21.1384, 'process_time': 78.8616}
[2020-11-17 17:53:05] INFO: ==> Iteration [  1][  43 /  521]: {'prec_cls': 34.4053, 'loss': 18.4125, 'loss_cls': 1.3514, 'loss_mse': 0.0133, 'loss_nce': 17.0479, 'load_time': 21.1412, 'process_time': 78.8588}
[2020-11-17 17:53:08] INFO: ==> Iteration [  1][  44 /  521]: {'prec_cls': 34.4697, 'loss': 18.4733, 'loss_cls': 1.3515, 'loss_mse': 0.013, 'loss_nce': 17.1089, 'load_time': 21.1511, 'process_time': 78.8489}
[2020-11-17 17:53:10] INFO: ==> Iteration [  1][  45 /  521]: {'prec_cls': 34.4763, 'loss': 18.5278, 'loss_cls': 1.3516, 'loss_mse': 0.0127, 'loss_nce': 17.1635, 'load_time': 21.1492, 'process_time': 78.8508}
[2020-11-17 17:53:13] INFO: ==> Iteration [  1][  46 /  521]: {'prec_cls': 34.4344, 'loss': 18.5878, 'loss_cls': 1.3519, 'loss_mse': 0.0125, 'loss_nce': 17.2235, 'load_time': 21.1477, 'process_time': 78.8523}
[2020-11-17 17:53:15] INFO: ==> Iteration [  1][  47 /  521]: {'prec_cls': 34.4664, 'loss': 18.6628, 'loss_cls': 1.3518, 'loss_mse': 0.0122, 'loss_nce': 17.2988, 'load_time': 21.1562, 'process_time': 78.8438}
[2020-11-17 17:53:18] INFO: ==> Iteration [  1][  48 /  521]: {'prec_cls': 34.4265, 'loss': 18.7187, 'loss_cls': 1.3522, 'loss_mse': 0.012, 'loss_nce': 17.3545, 'load_time': 21.1546, 'process_time': 78.8454}
[2020-11-17 17:53:21] INFO: ==> Iteration [  1][  49 /  521]: {'prec_cls': 34.4149, 'loss': 18.7521, 'loss_cls': 1.3524, 'loss_mse': 0.0117, 'loss_nce': 17.388, 'load_time': 21.1541, 'process_time': 78.8459}
[2020-11-17 17:53:23] INFO: ==> Iteration [  1][  50 /  521]: {'prec_cls': 34.3385, 'loss': 18.7721, 'loss_cls': 1.3531, 'loss_mse': 0.0115, 'loss_nce': 17.4075, 'load_time': 21.1613, 'process_time': 78.8387}
[2020-11-17 17:53:26] INFO: ==> Iteration [  1][  51 /  521]: {'prec_cls': 34.2907, 'loss': 18.7849, 'loss_cls': 1.3534, 'loss_mse': 0.0113, 'loss_nce': 17.4202, 'load_time': 21.1674, 'process_time': 78.8326}
[2020-11-17 17:53:29] INFO: ==> Iteration [  1][  52 /  521]: {'prec_cls': 34.1922, 'loss': 18.7999, 'loss_cls': 1.3542, 'loss_mse': 0.0111, 'loss_nce': 17.4346, 'load_time': 21.1774, 'process_time': 78.8226}
[2020-11-17 17:53:32] INFO: ==> Iteration [  1][  53 /  521]: {'prec_cls': 34.2595, 'loss': 18.815, 'loss_cls': 1.3543, 'loss_mse': 0.0109, 'loss_nce': 17.4498, 'load_time': 21.1869, 'process_time': 78.8131}
[2020-11-17 17:53:34] INFO: ==> Iteration [  1][  54 /  521]: {'prec_cls': 34.2279, 'loss': 18.8441, 'loss_cls': 1.3544, 'loss_mse': 0.0107, 'loss_nce': 17.479, 'load_time': 21.1898, 'process_time': 78.8102}
[2020-11-17 17:53:37] INFO: ==> Iteration [  1][  55 /  521]: {'prec_cls': 34.2116, 'loss': 18.8788, 'loss_cls': 1.3547, 'loss_mse': 0.0105, 'loss_nce': 17.5135, 'load_time': 21.1989, 'process_time': 78.8011}
[2020-11-17 17:53:39] INFO: ==> Iteration [  1][  56 /  521]: {'prec_cls': 34.2192, 'loss': 18.9011, 'loss_cls': 1.3549, 'loss_mse': 0.0103, 'loss_nce': 17.5358, 'load_time': 21.2088, 'process_time': 78.7912}
[2020-11-17 17:53:42] INFO: ==> Iteration [  1][  57 /  521]: {'prec_cls': 34.1968, 'loss': 18.9094, 'loss_cls': 1.3551, 'loss_mse': 0.0102, 'loss_nce': 17.5441, 'load_time': 21.217, 'process_time': 78.783}
[2020-11-17 17:53:45] INFO: ==> Iteration [  1][  58 /  521]: {'prec_cls': 34.1483, 'loss': 18.9026, 'loss_cls': 1.3553, 'loss_mse': 0.01, 'loss_nce': 17.5373, 'load_time': 21.2264, 'process_time': 78.7736}
[2020-11-17 17:53:47] INFO: ==> Iteration [  1][  59 /  521]: {'prec_cls': 34.1786, 'loss': 18.8943, 'loss_cls': 1.3553, 'loss_mse': 0.0099, 'loss_nce': 17.5291, 'load_time': 21.2338, 'process_time': 78.7662}
[2020-11-17 17:53:50] INFO: ==> Iteration [  1][  60 /  521]: {'prec_cls': 34.1254, 'loss': 18.8772, 'loss_cls': 1.3555, 'loss_mse': 0.0097, 'loss_nce': 17.5119, 'load_time': 21.234, 'process_time': 78.766}
[2020-11-17 17:53:52] INFO: ==> Iteration [  1][  61 /  521]: {'prec_cls': 34.0313, 'loss': 18.8678, 'loss_cls': 1.3559, 'loss_mse': 0.0095, 'loss_nce': 17.5024, 'load_time': 21.2418, 'process_time': 78.7582}
[2020-11-17 17:53:55] INFO: ==> Iteration [  1][  62 /  521]: {'prec_cls': 34.0201, 'loss': 18.8649, 'loss_cls': 1.3559, 'loss_mse': 0.0094, 'loss_nce': 17.4996, 'load_time': 21.2491, 'process_time': 78.7509}
[2020-11-17 17:53:57] INFO: ==> Iteration [  1][  63 /  521]: {'prec_cls': 33.9947, 'loss': 18.9005, 'loss_cls': 1.3562, 'loss_mse': 0.0093, 'loss_nce': 17.535, 'load_time': 21.2542, 'process_time': 78.7458}
[2020-11-17 17:54:00] INFO: ==> Iteration [  1][  64 /  521]: {'prec_cls': 33.9559, 'loss': 18.9354, 'loss_cls': 1.3565, 'loss_mse': 0.0091, 'loss_nce': 17.5697, 'load_time': 21.2572, 'process_time': 78.7428}
[2020-11-17 17:54:02] INFO: ==> Iteration [  1][  65 /  521]: {'prec_cls': 33.9603, 'loss': 18.9745, 'loss_cls': 1.3565, 'loss_mse': 0.009, 'loss_nce': 17.609, 'load_time': 21.265, 'process_time': 78.735}
[2020-11-17 17:54:05] INFO: ==> Iteration [  1][  66 /  521]: {'prec_cls': 33.9962, 'loss': 19.0054, 'loss_cls': 1.3564, 'loss_mse': 0.0089, 'loss_nce': 17.6402, 'load_time': 21.2712, 'process_time': 78.7288}
[2020-11-17 17:54:08] INFO: ==> Iteration [  1][  67 /  521]: {'prec_cls': 33.9747, 'loss': 19.055, 'loss_cls': 1.3566, 'loss_mse': 0.0087, 'loss_nce': 17.6897, 'load_time': 21.2769, 'process_time': 78.7231}
[2020-11-17 17:54:10] INFO: ==> Iteration [  1][  68 /  521]: {'prec_cls': 34.0246, 'loss': 19.086, 'loss_cls': 1.3565, 'loss_mse': 0.0086, 'loss_nce': 17.7209, 'load_time': 21.2827, 'process_time': 78.7173}
[2020-11-17 17:54:13] INFO: ==> Iteration [  1][  69 /  521]: {'prec_cls': 33.9466, 'loss': 19.1098, 'loss_cls': 1.3567, 'loss_mse': 0.0085, 'loss_nce': 17.7446, 'load_time': 21.283, 'process_time': 78.717}
[2020-11-17 17:54:15] INFO: ==> Iteration [  1][  70 /  521]: {'prec_cls': 34.0086, 'loss': 19.1427, 'loss_cls': 1.3564, 'loss_mse': 0.0084, 'loss_nce': 17.7778, 'load_time': 21.2915, 'process_time': 78.7085}
[2020-11-17 17:54:18] INFO: ==> Iteration [  1][  71 /  521]: {'prec_cls': 34.0449, 'loss': 19.1728, 'loss_cls': 1.3561, 'loss_mse': 0.0083, 'loss_nce': 17.8084, 'load_time': 21.2972, 'process_time': 78.7028}
[2020-11-17 17:54:20] INFO: ==> Iteration [  1][  72 /  521]: {'prec_cls': 34.0224, 'loss': 19.209, 'loss_cls': 1.3566, 'loss_mse': 0.0082, 'loss_nce': 17.8443, 'load_time': 21.3028, 'process_time': 78.6972}
[2020-11-17 17:54:23] INFO: ==> Iteration [  1][  73 /  521]: {'prec_cls': 34.095, 'loss': 19.229, 'loss_cls': 1.3564, 'loss_mse': 0.0081, 'loss_nce': 17.8645, 'load_time': 21.3081, 'process_time': 78.6919}
[2020-11-17 17:54:26] INFO: ==> Iteration [  1][  74 /  521]: {'prec_cls': 34.0935, 'loss': 19.2611, 'loss_cls': 1.3563, 'loss_mse': 0.008, 'loss_nce': 17.8969, 'load_time': 21.3067, 'process_time': 78.6933}
[2020-11-17 17:54:29] INFO: ==> Iteration [  1][  75 /  521]: {'prec_cls': 34.0365, 'loss': 19.2924, 'loss_cls': 1.3565, 'loss_mse': 0.0079, 'loss_nce': 17.928, 'load_time': 21.3086, 'process_time': 78.6914}
[2020-11-17 17:54:31] INFO: ==> Iteration [  1][  76 /  521]: {'prec_cls': 34.0786, 'loss': 19.3134, 'loss_cls': 1.3564, 'loss_mse': 0.0078, 'loss_nce': 17.9492, 'load_time': 21.3073, 'process_time': 78.6927}
[2020-11-17 17:54:34] INFO: ==> Iteration [  1][  77 /  521]: {'prec_cls': 33.9962, 'loss': 19.3256, 'loss_cls': 1.3566, 'loss_mse': 0.0077, 'loss_nce': 17.9613, 'load_time': 21.3118, 'process_time': 78.6882}
[2020-11-17 17:54:37] INFO: ==> Iteration [  1][  78 /  521]: {'prec_cls': 33.9577, 'loss': 19.3235, 'loss_cls': 1.3566, 'loss_mse': 0.0076, 'loss_nce': 17.9594, 'load_time': 21.3162, 'process_time': 78.6838}
[2020-11-17 17:54:39] INFO: ==> Iteration [  1][  79 /  521]: {'prec_cls': 33.9267, 'loss': 19.3123, 'loss_cls': 1.3568, 'loss_mse': 0.0075, 'loss_nce': 17.9481, 'load_time': 21.3184, 'process_time': 78.6816}
[2020-11-17 17:54:42] INFO: ==> Iteration [  1][  80 /  521]: {'prec_cls': 33.903, 'loss': 19.2953, 'loss_cls': 1.357, 'loss_mse': 0.0074, 'loss_nce': 17.9308, 'load_time': 21.321, 'process_time': 78.679}
[2020-11-17 17:54:45] INFO: ==> Iteration [  1][  81 /  521]: {'prec_cls': 33.9153, 'loss': 19.2806, 'loss_cls': 1.3572, 'loss_mse': 0.0073, 'loss_nce': 17.9161, 'load_time': 21.3264, 'process_time': 78.6736}
[2020-11-17 17:54:48] INFO: ==> Iteration [  1][  82 /  521]: {'prec_cls': 33.9224, 'loss': 19.2714, 'loss_cls': 1.3573, 'loss_mse': 0.0072, 'loss_nce': 17.9068, 'load_time': 21.3325, 'process_time': 78.6675}
[2020-11-17 17:54:50] INFO: ==> Iteration [  1][  83 /  521]: {'prec_cls': 33.8322, 'loss': 19.269, 'loss_cls': 1.3577, 'loss_mse': 0.0071, 'loss_nce': 17.9041, 'load_time': 21.336, 'process_time': 78.664}
[2020-11-17 17:54:53] INFO: ==> Iteration [  1][  84 /  521]: {'prec_cls': 33.7829, 'loss': 19.2702, 'loss_cls': 1.3579, 'loss_mse': 0.0071, 'loss_nce': 17.9052, 'load_time': 21.34, 'process_time': 78.66}
[2020-11-17 17:54:56] INFO: ==> Iteration [  1][  85 /  521]: {'prec_cls': 33.7883, 'loss': 19.2854, 'loss_cls': 1.3579, 'loss_mse': 0.007, 'loss_nce': 17.9206, 'load_time': 21.342, 'process_time': 78.658}
[2020-11-17 17:54:58] INFO: ==> Iteration [  1][  86 /  521]: {'prec_cls': 33.8103, 'loss': 19.3062, 'loss_cls': 1.3579, 'loss_mse': 0.0069, 'loss_nce': 17.9414, 'load_time': 21.3452, 'process_time': 78.6548}
[2020-11-17 17:55:01] INFO: ==> Iteration [  1][  87 /  521]: {'prec_cls': 33.7704, 'loss': 19.3248, 'loss_cls': 1.3582, 'loss_mse': 0.0068, 'loss_nce': 17.9598, 'load_time': 21.3442, 'process_time': 78.6558}
[2020-11-17 17:55:04] INFO: ==> Iteration [  1][  88 /  521]: {'prec_cls': 33.7343, 'loss': 19.3523, 'loss_cls': 1.3586, 'loss_mse': 0.0068, 'loss_nce': 17.987, 'load_time': 21.3467, 'process_time': 78.6533}
[2020-11-17 17:55:07] INFO: ==> Iteration [  1][  89 /  521]: {'prec_cls': 33.7386, 'loss': 19.3821, 'loss_cls': 1.3586, 'loss_mse': 0.0067, 'loss_nce': 18.0168, 'load_time': 21.344, 'process_time': 78.656}
[2020-11-17 17:55:10] INFO: ==> Iteration [  1][  90 /  521]: {'prec_cls': 33.7196, 'loss': 19.4061, 'loss_cls': 1.3589, 'loss_mse': 0.0066, 'loss_nce': 18.0406, 'load_time': 21.346, 'process_time': 78.654}
[2020-11-17 17:55:13] INFO: ==> Iteration [  1][  91 /  521]: {'prec_cls': 33.681, 'loss': 19.4316, 'loss_cls': 1.3589, 'loss_mse': 0.0066, 'loss_nce': 18.0661, 'load_time': 21.3521, 'process_time': 78.6479}
[2020-11-17 17:55:16] INFO: ==> Iteration [  1][  92 /  521]: {'prec_cls': 33.656, 'loss': 19.4556, 'loss_cls': 1.359, 'loss_mse': 0.0065, 'loss_nce': 18.0901, 'load_time': 21.3554, 'process_time': 78.6446}
[2020-11-17 17:55:19] INFO: ==> Iteration [  1][  93 /  521]: {'prec_cls': 33.682, 'loss': 19.4741, 'loss_cls': 1.3588, 'loss_mse': 0.0064, 'loss_nce': 18.1089, 'load_time': 21.3593, 'process_time': 78.6407}
[2020-11-17 17:55:21] INFO: ==> Iteration [  1][  94 /  521]: {'prec_cls': 33.6533, 'loss': 19.4918, 'loss_cls': 1.3589, 'loss_mse': 0.0064, 'loss_nce': 18.1266, 'load_time': 21.3654, 'process_time': 78.6346}
[2020-11-17 17:55:24] INFO: ==> Iteration [  1][  95 /  521]: {'prec_cls': 33.6856, 'loss': 19.5132, 'loss_cls': 1.3588, 'loss_mse': 0.0063, 'loss_nce': 18.1481, 'load_time': 21.3783, 'process_time': 78.6217}
[2020-11-17 17:55:27] INFO: ==> Iteration [  1][  96 /  521]: {'prec_cls': 33.7172, 'loss': 19.5261, 'loss_cls': 1.3586, 'loss_mse': 0.0063, 'loss_nce': 18.1612, 'load_time': 21.3821, 'process_time': 78.6179}
