[2020-11-17 17:38:39] INFO: Algorithm options {'data_train_opt': {'batch_size': 192, 'unsupervised': True, 'random_sized_crop': True, 'dataset_name': 'tiny-imagenet', 'split': 'train'}, 'data_test_opt': {'batch_size': 192, 'unsupervised': True, 'random_sized_crop': False, 'dataset_name': 'tiny-imagenet', 'split': 'val'}, 'max_num_epochs': 245, 'networks': {'feature': {'def_file': 'architectures/AlexNetFeature.py', 'pretrained': None, 'opt': {}, 'optim_params': {'optim_type': 'sgd', 'lr': 0.1, 'momentum': 0.9, 'weight_decay': 0.0005, 'nesterov': True, 'LUT_lr': [(90, 0.01), (130, 0.001), (190, 0.0001), (210, 1e-05), (230, 0.0001), (245, 1e-05)]}}, 'classifier': {'def_file': 'architectures/AlexNetClassifier.py', 'pretrained': None, 'opt': {'num_classes': 4}, 'optim_params': {'optim_type': 'sgd', 'lr': 0.1, 'momentum': 0.9, 'weight_decay': 0.0005, 'nesterov': True, 'LUT_lr': [(90, 0.01), (130, 0.001), (190, 0.0001), (210, 1e-05), (230, 0.0001), (245, 1e-05)]}}, 'norm': {'def_file': 'architectures/LinearTransformationNorm.py', 'pretrained': None, 'opt': {'low_dim': 128, 'num_feat': 2048}, 'optim_params': {'optim_type': 'sgd', 'lr': 0.1, 'momentum': 0.9, 'weight_decay': 0.0005, 'nesterov': True, 'LUT_lr': [(90, 0.01), (130, 0.001), (190, 0.0001), (210, 1e-05), (230, 0.0001), (245, 1e-05)]}}}, 'criterions': {'loss_cls': {'ctype': 'CrossEntropyLoss', 'opt': {'reduce': False}}, 'loss_mse': {'ctype': 'MSELoss', 'opt': None}, 'nce_average': {'ctype': 'NCEAverage', 'opt': {'def_file': 'architectures/NCEAverage.py', 'net_opt': {'low_dim': 128, 'ndata': 100000, 'nce_k': 4096, 'nce_t': 0.07, 'nce_m': 0.5}}}, 'nce_criterion': {'ctype': 'NCECriterion', 'opt': {'def_file': 'architectures/NCECriterion.py', 'net_opt': {'ndata': 100000}}}}, 'lambda_loss': {'cls': 1.0, 'mse': 1.0, 'nce': 1.0}, 'gama': 2, 'algorithm_type': 'DecouplingModel', 'exp_dir': '../_experiments/TinyImageNet_Decoupling_AlexNet', 'disp_step': 1}
[2020-11-17 17:38:39] INFO: Set network feature
[2020-11-17 17:38:39] INFO: ==> Initiliaze network feature from file architectures/AlexNetFeature.py with opts: {}
[2020-11-17 17:38:40] INFO: Set network classifier
[2020-11-17 17:38:40] INFO: ==> Initiliaze network classifier from file architectures/AlexNetClassifier.py with opts: {'num_classes': 4}
[2020-11-17 17:38:40] INFO: Set network norm
[2020-11-17 17:38:40] INFO: ==> Initiliaze network norm from file architectures/LinearTransformationNorm.py with opts: {'low_dim': 128, 'num_feat': 2048}
[2020-11-17 17:38:40] INFO: Initialize criterion[loss_cls]: CrossEntropyLoss with options: {'reduce': False}
[2020-11-17 17:38:40] INFO: Initialize criterion[loss_mse]: MSELoss with options: None
[2020-11-17 17:38:40] INFO: Initialize criterion[nce_average]: NCEAverage with options: {'def_file': 'architectures/NCEAverage.py', 'net_opt': {'low_dim': 128, 'ndata': 100000, 'nce_k': 4096, 'nce_t': 0.07, 'nce_m': 0.5}}
[2020-11-17 17:38:42] INFO: Initialize criterion[nce_criterion]: NCECriterion with options: {'def_file': 'architectures/NCECriterion.py', 'net_opt': {'ndata': 100000}}
[2020-11-17 17:38:42] INFO: ==> Initiliaze network NCECriterion from file architectures/NCECriterion.py with opts: {'ndata': 100000}
[2020-11-17 17:38:44] INFO: Initialize optimizer: sgd with params: {'optim_type': 'sgd', 'lr': 0.1, 'momentum': 0.9, 'weight_decay': 0.0005, 'nesterov': True, 'LUT_lr': [(90, 0.01), (130, 0.001), (190, 0.0001), (210, 1e-05), (230, 0.0001), (245, 1e-05)]} for network: feature
[2020-11-17 17:38:44] INFO: Initialize optimizer: sgd with params: {'optim_type': 'sgd', 'lr': 0.1, 'momentum': 0.9, 'weight_decay': 0.0005, 'nesterov': True, 'LUT_lr': [(90, 0.01), (130, 0.001), (190, 0.0001), (210, 1e-05), (230, 0.0001), (245, 1e-05)]} for network: classifier
[2020-11-17 17:38:44] INFO: Initialize optimizer: sgd with params: {'optim_type': 'sgd', 'lr': 0.1, 'momentum': 0.9, 'weight_decay': 0.0005, 'nesterov': True, 'LUT_lr': [(90, 0.01), (130, 0.001), (190, 0.0001), (210, 1e-05), (230, 0.0001), (245, 1e-05)]} for network: norm
[2020-11-17 17:38:44] INFO: 

[2020-11-17 17:38:44] INFO: Training epoch [  1 / 245]
[2020-11-17 17:38:44] INFO: ==> Set to feature optimizer lr = 0.0100000000
[2020-11-17 17:38:44] INFO: ==> Set to classifier optimizer lr = 0.0100000000
[2020-11-17 17:38:44] INFO: ==> Set to norm optimizer lr = 0.0100000000
[2020-11-17 17:38:44] INFO: Training: TinyImageNet_Decoupling_AlexNet
[2020-11-17 17:38:44] INFO: ==> Dataset: tiny-imagenet_train [100000 images]
[2020-11-17 17:38:44] INFO: ==> Iteration steps in one epoch: 521 [batch size 192]
[2020-11-17 17:38:51] INFO: ==> Iteration [  1][   1 /  521]: {'prec_cls': 26.1719, 'loss': 11.5882, 'loss_cls': 1.4041, 'loss_mse': 0.067, 'loss_nce': 10.1171, 'load_time': 1.0687, 'process_time': 98.9313}
[2020-11-17 17:38:55] INFO: ==> Iteration [  1][   2 /  521]: {'prec_cls': 26.3021, 'loss': 11.6869, 'loss_cls': 1.4006, 'loss_mse': 0.0636, 'loss_nce': 10.2227, 'load_time': 7.6478, 'process_time': 92.3522}
[2020-11-17 17:38:58] INFO: ==> Iteration [  1][   3 /  521]: {'prec_cls': 26.3455, 'loss': 11.7484, 'loss_cls': 1.3969, 'loss_mse': 0.0597, 'loss_nce': 10.2919, 'load_time': 9.9883, 'process_time': 90.0117}
[2020-11-17 17:39:02] INFO: ==> Iteration [  1][   4 /  521]: {'prec_cls': 27.1159, 'loss': 11.8504, 'loss_cls': 1.3927, 'loss_mse': 0.0558, 'loss_nce': 10.402, 'load_time': 11.1708, 'process_time': 88.8292}
[2020-11-17 17:39:06] INFO: ==> Iteration [  1][   5 /  521]: {'prec_cls': 27.1615, 'loss': 11.9705, 'loss_cls': 1.3897, 'loss_mse': 0.0526, 'loss_nce': 10.5283, 'load_time': 11.8752, 'process_time': 88.1248}
[2020-11-17 17:39:10] INFO: ==> Iteration [  1][   6 /  521]: {'prec_cls': 28.9279, 'loss': 12.0998, 'loss_cls': 1.3804, 'loss_mse': 0.0495, 'loss_nce': 10.6699, 'load_time': 12.2993, 'process_time': 87.7007}
[2020-11-17 17:39:13] INFO: ==> Iteration [  1][   7 /  521]: {'prec_cls': 29.6317, 'loss': 12.2455, 'loss_cls': 1.3786, 'loss_mse': 0.0468, 'loss_nce': 10.8201, 'load_time': 12.6246, 'process_time': 87.3754}
[2020-11-17 17:39:17] INFO: ==> Iteration [  1][   8 /  521]: {'prec_cls': 30.599, 'loss': 12.4377, 'loss_cls': 1.3719, 'loss_mse': 0.0446, 'loss_nce': 11.0212, 'load_time': 12.8809, 'process_time': 87.1191}
[2020-11-17 17:39:21] INFO: ==> Iteration [  1][   9 /  521]: {'prec_cls': 30.353, 'loss': 12.6445, 'loss_cls': 1.3733, 'loss_mse': 0.0423, 'loss_nce': 11.2289, 'load_time': 13.0962, 'process_time': 86.9038}
[2020-11-17 17:39:25] INFO: ==> Iteration [  1][  10 /  521]: {'prec_cls': 31.1068, 'loss': 12.8207, 'loss_cls': 1.37, 'loss_mse': 0.0401, 'loss_nce': 11.4106, 'load_time': 13.2696, 'process_time': 86.7304}
[2020-11-17 17:39:28] INFO: ==> Iteration [  1][  11 /  521]: {'prec_cls': 31.2973, 'loss': 12.9954, 'loss_cls': 1.3695, 'loss_mse': 0.0381, 'loss_nce': 11.5879, 'load_time': 13.4086, 'process_time': 86.5914}
[2020-11-17 17:39:32] INFO: ==> Iteration [  1][  12 /  521]: {'prec_cls': 31.7925, 'loss': 13.1736, 'loss_cls': 1.3686, 'loss_mse': 0.036, 'loss_nce': 11.769, 'load_time': 13.5237, 'process_time': 86.4763}
[2020-11-17 17:39:35] INFO: ==> Iteration [  1][  13 /  521]: {'prec_cls': 31.9611, 'loss': 13.383, 'loss_cls': 1.3671, 'loss_mse': 0.0341, 'loss_nce': 11.9819, 'load_time': 13.6278, 'process_time': 86.3722}
[2020-11-17 17:39:39] INFO: ==> Iteration [  1][  14 /  521]: {'prec_cls': 32.4591, 'loss': 13.5859, 'loss_cls': 1.3637, 'loss_mse': 0.0323, 'loss_nce': 12.1899, 'load_time': 13.6584, 'process_time': 86.3416}
[2020-11-17 17:39:43] INFO: ==> Iteration [  1][  15 /  521]: {'prec_cls': 32.5694, 'loss': 13.7884, 'loss_cls': 1.3622, 'loss_mse': 0.0307, 'loss_nce': 12.3955, 'load_time': 13.7047, 'process_time': 86.2953}
[2020-11-17 17:39:47] INFO: ==> Iteration [  1][  16 /  521]: {'prec_cls': 32.4544, 'loss': 14.0343, 'loss_cls': 1.3626, 'loss_mse': 0.0291, 'loss_nce': 12.6426, 'load_time': 13.7398, 'process_time': 86.2602}
[2020-11-17 17:39:51] INFO: ==> Iteration [  1][  17 /  521]: {'prec_cls': 32.6134, 'loss': 14.291, 'loss_cls': 1.3634, 'loss_mse': 0.0278, 'loss_nce': 12.8998, 'load_time': 13.7791, 'process_time': 86.2209}
[2020-11-17 17:39:55] INFO: ==> Iteration [  1][  18 /  521]: {'prec_cls': 32.921, 'loss': 14.5219, 'loss_cls': 1.3603, 'loss_mse': 0.0265, 'loss_nce': 13.135, 'load_time': 13.8117, 'process_time': 86.1883}
[2020-11-17 17:39:58] INFO: ==> Iteration [  1][  19 /  521]: {'prec_cls': 33.4978, 'loss': 14.7521, 'loss_cls': 1.3581, 'loss_mse': 0.0255, 'loss_nce': 13.3686, 'load_time': 13.8383, 'process_time': 86.1617}
[2020-11-17 17:40:02] INFO: ==> Iteration [  1][  20 /  521]: {'prec_cls': 33.3919, 'loss': 14.9751, 'loss_cls': 1.3587, 'loss_mse': 0.0244, 'loss_nce': 13.592, 'load_time': 13.8761, 'process_time': 86.1239}
[2020-11-17 17:40:05] INFO: ==> Iteration [  1][  21 /  521]: {'prec_cls': 33.5317, 'loss': 15.194, 'loss_cls': 1.3556, 'loss_mse': 0.0234, 'loss_nce': 13.815, 'load_time': 13.9073, 'process_time': 86.0927}
[2020-11-17 17:40:09] INFO: ==> Iteration [  1][  22 /  521]: {'prec_cls': 33.7713, 'loss': 15.4117, 'loss_cls': 1.3546, 'loss_mse': 0.0225, 'loss_nce': 14.0347, 'load_time': 13.9376, 'process_time': 86.0624}
[2020-11-17 17:40:12] INFO: ==> Iteration [  1][  23 /  521]: {'prec_cls': 34.0127, 'loss': 15.6275, 'loss_cls': 1.3523, 'loss_mse': 0.0216, 'loss_nce': 14.2536, 'load_time': 13.9628, 'process_time': 86.0372}
[2020-11-17 17:40:16] INFO: ==> Iteration [  1][  24 /  521]: {'prec_cls': 34.1363, 'loss': 15.8302, 'loss_cls': 1.3519, 'loss_mse': 0.0208, 'loss_nce': 14.4575, 'load_time': 13.9875, 'process_time': 86.0125}
[2020-11-17 17:40:20] INFO: ==> Iteration [  1][  25 /  521]: {'prec_cls': 34.401, 'loss': 16.0477, 'loss_cls': 1.3506, 'loss_mse': 0.0201, 'loss_nce': 14.677, 'load_time': 14.0097, 'process_time': 85.9903}
[2020-11-17 17:40:23] INFO: ==> Iteration [  1][  26 /  521]: {'prec_cls': 34.4501, 'loss': 16.23, 'loss_cls': 1.3503, 'loss_mse': 0.0194, 'loss_nce': 14.8603, 'load_time': 14.0254, 'process_time': 85.9746}
[2020-11-17 17:40:27] INFO: ==> Iteration [  1][  27 /  521]: {'prec_cls': 34.5341, 'loss': 16.4193, 'loss_cls': 1.3496, 'loss_mse': 0.0188, 'loss_nce': 15.0509, 'load_time': 14.0419, 'process_time': 85.9581}
[2020-11-17 17:40:30] INFO: ==> Iteration [  1][  28 /  521]: {'prec_cls': 34.7191, 'loss': 16.58, 'loss_cls': 1.3487, 'loss_mse': 0.0182, 'loss_nce': 15.2131, 'load_time': 14.0551, 'process_time': 85.9449}
[2020-11-17 17:40:34] INFO: ==> Iteration [  1][  29 /  521]: {'prec_cls': 34.7477, 'loss': 16.7483, 'loss_cls': 1.3491, 'loss_mse': 0.0176, 'loss_nce': 15.3816, 'load_time': 14.0624, 'process_time': 85.9376}
[2020-11-17 17:40:38] INFO: ==> Iteration [  1][  30 /  521]: {'prec_cls': 34.822, 'loss': 16.9106, 'loss_cls': 1.3497, 'loss_mse': 0.0171, 'loss_nce': 15.5438, 'load_time': 14.0796, 'process_time': 85.9204}
[2020-11-17 17:40:42] INFO: ==> Iteration [  1][  31 /  521]: {'prec_cls': 34.795, 'loss': 17.0514, 'loss_cls': 1.3501, 'loss_mse': 0.0166, 'loss_nce': 15.6847, 'load_time': 14.1048, 'process_time': 85.8952}
[2020-11-17 17:40:45] INFO: ==> Iteration [  1][  32 /  521]: {'prec_cls': 34.965, 'loss': 17.1858, 'loss_cls': 1.3497, 'loss_mse': 0.0161, 'loss_nce': 15.8199, 'load_time': 14.1183, 'process_time': 85.8817}
[2020-11-17 17:40:49] INFO: ==> Iteration [  1][  33 /  521]: {'prec_cls': 35.0379, 'loss': 17.3245, 'loss_cls': 1.3499, 'loss_mse': 0.0157, 'loss_nce': 15.9588, 'load_time': 14.1318, 'process_time': 85.8682}
[2020-11-17 17:40:53] INFO: ==> Iteration [  1][  34 /  521]: {'prec_cls': 34.9303, 'loss': 17.4563, 'loss_cls': 1.3502, 'loss_mse': 0.0153, 'loss_nce': 16.0909, 'load_time': 14.1441, 'process_time': 85.8559}
[2020-11-17 17:40:56] INFO: ==> Iteration [  1][  35 /  521]: {'prec_cls': 34.8549, 'loss': 17.5743, 'loss_cls': 1.3506, 'loss_mse': 0.0149, 'loss_nce': 16.2087, 'load_time': 14.1463, 'process_time': 85.8537}
[2020-11-17 17:41:00] INFO: ==> Iteration [  1][  36 /  521]: {'prec_cls': 34.9465, 'loss': 17.6904, 'loss_cls': 1.3499, 'loss_mse': 0.0145, 'loss_nce': 16.326, 'load_time': 14.1573, 'process_time': 85.8427}
[2020-11-17 17:41:04] INFO: ==> Iteration [  1][  37 /  521]: {'prec_cls': 34.8395, 'loss': 17.8071, 'loss_cls': 1.3507, 'loss_mse': 0.0142, 'loss_nce': 16.4421, 'load_time': 14.1563, 'process_time': 85.8437}
[2020-11-17 17:41:07] INFO: ==> Iteration [  1][  38 /  521]: {'prec_cls': 34.9164, 'loss': 17.9296, 'loss_cls': 1.3508, 'loss_mse': 0.0139, 'loss_nce': 16.565, 'load_time': 14.1672, 'process_time': 85.8328}
[2020-11-17 17:41:11] INFO: ==> Iteration [  1][  39 /  521]: {'prec_cls': 34.8892, 'loss': 18.0586, 'loss_cls': 1.3508, 'loss_mse': 0.0135, 'loss_nce': 16.6942, 'load_time': 14.1765, 'process_time': 85.8235}
[2020-11-17 17:41:15] INFO: ==> Iteration [  1][  40 /  521]: {'prec_cls': 34.8177, 'loss': 18.1796, 'loss_cls': 1.3512, 'loss_mse': 0.0132, 'loss_nce': 16.8151, 'load_time': 14.1852, 'process_time': 85.8148}
[2020-11-17 17:41:18] INFO: ==> Iteration [  1][  41 /  521]: {'prec_cls': 34.7402, 'loss': 18.2935, 'loss_cls': 1.3515, 'loss_mse': 0.013, 'loss_nce': 16.9291, 'load_time': 14.1895, 'process_time': 85.8105}
[2020-11-17 17:41:21] INFO: ==> Iteration [  1][  42 /  521]: {'prec_cls': 34.7718, 'loss': 18.4089, 'loss_cls': 1.3512, 'loss_mse': 0.0127, 'loss_nce': 17.045, 'load_time': 14.1962, 'process_time': 85.8038}
[2020-11-17 17:41:25] INFO: ==> Iteration [  1][  43 /  521]: {'prec_cls': 34.7596, 'loss': 18.5243, 'loss_cls': 1.3513, 'loss_mse': 0.0124, 'loss_nce': 17.1607, 'load_time': 14.2027, 'process_time': 85.7973}
[2020-11-17 17:41:29] INFO: ==> Iteration [  1][  44 /  521]: {'prec_cls': 34.7242, 'loss': 18.6457, 'loss_cls': 1.3511, 'loss_mse': 0.0122, 'loss_nce': 17.2824, 'load_time': 14.2105, 'process_time': 85.7895}
[2020-11-17 17:41:33] INFO: ==> Iteration [  1][  45 /  521]: {'prec_cls': 34.6586, 'loss': 18.7463, 'loss_cls': 1.351, 'loss_mse': 0.0119, 'loss_nce': 17.3834, 'load_time': 14.2107, 'process_time': 85.7893}
[2020-11-17 17:41:36] INFO: ==> Iteration [  1][  46 /  521]: {'prec_cls': 34.5137, 'loss': 18.86, 'loss_cls': 1.3515, 'loss_mse': 0.0117, 'loss_nce': 17.4967, 'load_time': 14.216, 'process_time': 85.784}
[2020-11-17 17:41:40] INFO: ==> Iteration [  1][  47 /  521]: {'prec_cls': 34.5052, 'loss': 18.9588, 'loss_cls': 1.3515, 'loss_mse': 0.0115, 'loss_nce': 17.5958, 'load_time': 14.2213, 'process_time': 85.7787}
[2020-11-17 17:41:43] INFO: ==> Iteration [  1][  48 /  521]: {'prec_cls': 34.4781, 'loss': 19.0635, 'loss_cls': 1.3518, 'loss_mse': 0.0113, 'loss_nce': 17.7004, 'load_time': 14.2308, 'process_time': 85.7692}
[2020-11-17 17:41:47] INFO: ==> Iteration [  1][  49 /  521]: {'prec_cls': 34.46, 'loss': 19.1579, 'loss_cls': 1.3515, 'loss_mse': 0.0111, 'loss_nce': 17.7953, 'load_time': 14.237, 'process_time': 85.763}
[2020-11-17 17:41:51] INFO: ==> Iteration [  1][  50 /  521]: {'prec_cls': 34.4635, 'loss': 19.2591, 'loss_cls': 1.3515, 'loss_mse': 0.0109, 'loss_nce': 17.8967, 'load_time': 14.2393, 'process_time': 85.7607}
[2020-11-17 17:41:54] INFO: ==> Iteration [  1][  51 /  521]: {'prec_cls': 34.4261, 'loss': 19.3489, 'loss_cls': 1.3518, 'loss_mse': 0.0107, 'loss_nce': 17.9863, 'load_time': 14.2463, 'process_time': 85.7537}
[2020-11-17 17:41:58] INFO: ==> Iteration [  1][  52 /  521]: {'prec_cls': 34.3925, 'loss': 19.4171, 'loss_cls': 1.352, 'loss_mse': 0.0106, 'loss_nce': 18.0546, 'load_time': 14.5866, 'process_time': 85.4134}
[2020-11-17 17:42:01] INFO: ==> Iteration [  1][  53 /  521]: {'prec_cls': 34.3209, 'loss': 19.4426, 'loss_cls': 1.3525, 'loss_mse': 0.0104, 'loss_nce': 18.0797, 'load_time': 14.5866, 'process_time': 85.4134}
[2020-11-17 17:42:04] INFO: ==> Iteration [  1][  54 /  521]: {'prec_cls': 34.2593, 'loss': 19.445, 'loss_cls': 1.3529, 'loss_mse': 0.0102, 'loss_nce': 18.0819, 'load_time': 14.5858, 'process_time': 85.4142}
[2020-11-17 17:42:08] INFO: ==> Iteration [  1][  55 /  521]: {'prec_cls': 34.1998, 'loss': 19.4355, 'loss_cls': 1.3532, 'loss_mse': 0.0101, 'loss_nce': 18.0723, 'load_time': 14.584, 'process_time': 85.416}
[2020-11-17 17:42:11] INFO: ==> Iteration [  1][  56 /  521]: {'prec_cls': 34.1564, 'loss': 19.4396, 'loss_cls': 1.3536, 'loss_mse': 0.0099, 'loss_nce': 18.0761, 'load_time': 14.7116, 'process_time': 85.2884}
[2020-11-17 17:42:15] INFO: ==> Iteration [  1][  57 /  521]: {'prec_cls': 34.1237, 'loss': 19.4482, 'loss_cls': 1.3541, 'loss_mse': 0.0098, 'loss_nce': 18.0843, 'load_time': 14.8341, 'process_time': 85.1659}
[2020-11-17 17:42:19] INFO: ==> Iteration [  1][  58 /  521]: {'prec_cls': 34.1056, 'loss': 19.4767, 'loss_cls': 1.3544, 'loss_mse': 0.0096, 'loss_nce': 18.1127, 'load_time': 14.9537, 'process_time': 85.0463}
[2020-11-17 17:42:22] INFO: ==> Iteration [  1][  59 /  521]: {'prec_cls': 34.0329, 'loss': 19.5164, 'loss_cls': 1.3547, 'loss_mse': 0.0095, 'loss_nce': 18.1522, 'load_time': 15.0711, 'process_time': 84.9289}
[2020-11-17 17:42:26] INFO: ==> Iteration [  1][  60 /  521]: {'prec_cls': 34.0365, 'loss': 19.5505, 'loss_cls': 1.3549, 'loss_mse': 0.0093, 'loss_nce': 18.1863, 'load_time': 15.1828, 'process_time': 84.8172}
[2020-11-17 17:42:30] INFO: ==> Iteration [  1][  61 /  521]: {'prec_cls': 34.0143, 'loss': 19.5897, 'loss_cls': 1.3551, 'loss_mse': 0.0092, 'loss_nce': 18.2255, 'load_time': 15.2842, 'process_time': 84.7158}
[2020-11-17 17:42:33] INFO: ==> Iteration [  1][  62 /  521]: {'prec_cls': 33.9676, 'loss': 19.6406, 'loss_cls': 1.3553, 'loss_mse': 0.009, 'loss_nce': 18.2763, 'load_time': 15.3876, 'process_time': 84.6124}
[2020-11-17 17:42:37] INFO: ==> Iteration [  1][  63 /  521]: {'prec_cls': 33.9596, 'loss': 19.683, 'loss_cls': 1.3554, 'loss_mse': 0.0089, 'loss_nce': 18.3187, 'load_time': 15.4893, 'process_time': 84.5107}
[2020-11-17 17:42:41] INFO: ==> Iteration [  1][  64 /  521]: {'prec_cls': 34.019, 'loss': 19.7094, 'loss_cls': 1.3551, 'loss_mse': 0.0088, 'loss_nce': 18.3456, 'load_time': 15.587, 'process_time': 84.413}
[2020-11-17 17:42:44] INFO: ==> Iteration [  1][  65 /  521]: {'prec_cls': 34.0164, 'loss': 19.716, 'loss_cls': 1.3551, 'loss_mse': 0.0086, 'loss_nce': 18.3523, 'load_time': 15.6806, 'process_time': 84.3194}
[2020-11-17 17:42:48] INFO: ==> Iteration [  1][  66 /  521]: {'prec_cls': 34.0436, 'loss': 19.7121, 'loss_cls': 1.3549, 'loss_mse': 0.0085, 'loss_nce': 18.3487, 'load_time': 15.7662, 'process_time': 84.2338}
[2020-11-17 17:42:51] INFO: ==> Iteration [  1][  67 /  521]: {'prec_cls': 33.9708, 'loss': 19.7077, 'loss_cls': 1.3553, 'loss_mse': 0.0084, 'loss_nce': 18.344, 'load_time': 15.8429, 'process_time': 84.1571}
[2020-11-17 17:42:55] INFO: ==> Iteration [  1][  68 /  521]: {'prec_cls': 33.9748, 'loss': 19.7071, 'loss_cls': 1.3556, 'loss_mse': 0.0083, 'loss_nce': 18.3433, 'load_time': 15.9273, 'process_time': 84.0727}
[2020-11-17 17:42:59] INFO: ==> Iteration [  1][  69 /  521]: {'prec_cls': 33.9995, 'loss': 19.7001, 'loss_cls': 1.3556, 'loss_mse': 0.0082, 'loss_nce': 18.3363, 'load_time': 16.0096, 'process_time': 83.9904}
[2020-11-17 17:43:02] INFO: ==> Iteration [  1][  70 /  521]: {'prec_cls': 34.0123, 'loss': 19.6997, 'loss_cls': 1.3556, 'loss_mse': 0.008, 'loss_nce': 18.3361, 'load_time': 16.0889, 'process_time': 83.9111}
[2020-11-17 17:43:06] INFO: ==> Iteration [  1][  71 /  521]: {'prec_cls': 34.0247, 'loss': 19.7143, 'loss_cls': 1.3555, 'loss_mse': 0.0079, 'loss_nce': 18.3509, 'load_time': 16.1623, 'process_time': 83.8377}
[2020-11-17 17:43:10] INFO: ==> Iteration [  1][  72 /  521]: {'prec_cls': 34.0278, 'loss': 19.7236, 'loss_cls': 1.3556, 'loss_mse': 0.0078, 'loss_nce': 18.3602, 'load_time': 16.2367, 'process_time': 83.7633}
[2020-11-17 17:43:13] INFO: ==> Iteration [  1][  73 /  521]: {'prec_cls': 34.0575, 'loss': 19.742, 'loss_cls': 1.3554, 'loss_mse': 0.0077, 'loss_nce': 18.3789, 'load_time': 16.3083, 'process_time': 83.6917}
[2020-11-17 17:43:17] INFO: ==> Iteration [  1][  74 /  521]: {'prec_cls': 34.1093, 'loss': 19.7756, 'loss_cls': 1.3553, 'loss_mse': 0.0076, 'loss_nce': 18.4127, 'load_time': 16.378, 'process_time': 83.622}
[2020-11-17 17:43:20] INFO: ==> Iteration [  1][  75 /  521]: {'prec_cls': 34.0868, 'loss': 19.8016, 'loss_cls': 1.3554, 'loss_mse': 0.0075, 'loss_nce': 18.4387, 'load_time': 16.4481, 'process_time': 83.5519}
[2020-11-17 17:43:24] INFO: ==> Iteration [  1][  76 /  521]: {'prec_cls': 34.0923, 'loss': 19.8346, 'loss_cls': 1.3555, 'loss_mse': 0.0074, 'loss_nce': 18.4717, 'load_time': 16.5163, 'process_time': 83.4837}
[2020-11-17 17:43:27] INFO: ==> Iteration [  1][  77 /  521]: {'prec_cls': 34.1433, 'loss': 19.8724, 'loss_cls': 1.3553, 'loss_mse': 0.0073, 'loss_nce': 18.5098, 'load_time': 16.5834, 'process_time': 83.4166}
[2020-11-17 17:43:31] INFO: ==> Iteration [  1][  78 /  521]: {'prec_cls': 34.1363, 'loss': 19.8944, 'loss_cls': 1.3555, 'loss_mse': 0.0072, 'loss_nce': 18.5317, 'load_time': 16.6472, 'process_time': 83.3528}
[2020-11-17 17:43:34] INFO: ==> Iteration [  1][  79 /  521]: {'prec_cls': 34.0932, 'loss': 19.916, 'loss_cls': 1.3556, 'loss_mse': 0.0071, 'loss_nce': 18.5533, 'load_time': 16.7099, 'process_time': 83.2901}
[2020-11-17 17:43:37] INFO: ==> Iteration [  1][  80 /  521]: {'prec_cls': 34.0641, 'loss': 19.935, 'loss_cls': 1.3558, 'loss_mse': 0.0071, 'loss_nce': 18.5722, 'load_time': 16.7677, 'process_time': 83.2323}
[2020-11-17 17:43:41] INFO: ==> Iteration [  1][  81 /  521]: {'prec_cls': 34.0262, 'loss': 19.9436, 'loss_cls': 1.3558, 'loss_mse': 0.007, 'loss_nce': 18.5808, 'load_time': 16.8242, 'process_time': 83.1758}
[2020-11-17 17:43:44] INFO: ==> Iteration [  1][  82 /  521]: {'prec_cls': 33.9844, 'loss': 19.9359, 'loss_cls': 1.3565, 'loss_mse': 0.0069, 'loss_nce': 18.5726, 'load_time': 16.8813, 'process_time': 83.1187}
[2020-11-17 17:43:48] INFO: ==> Iteration [  1][  83 /  521]: {'prec_cls': 34.0079, 'loss': 19.9304, 'loss_cls': 1.3563, 'loss_mse': 0.0068, 'loss_nce': 18.5672, 'load_time': 16.9387, 'process_time': 83.0613}
[2020-11-17 17:43:52] INFO: ==> Iteration [  1][  84 /  521]: {'prec_cls': 33.9813, 'loss': 19.9317, 'loss_cls': 1.3564, 'loss_mse': 0.0067, 'loss_nce': 18.5686, 'load_time': 16.9877, 'process_time': 83.0123}
[2020-11-17 17:43:55] INFO: ==> Iteration [  1][  85 /  521]: {'prec_cls': 33.9277, 'loss': 19.9396, 'loss_cls': 1.3565, 'loss_mse': 0.0067, 'loss_nce': 18.5764, 'load_time': 17.0405, 'process_time': 82.9595}
[2020-11-17 17:43:59] INFO: ==> Iteration [  1][  86 /  521]: {'prec_cls': 33.9374, 'loss': 19.9617, 'loss_cls': 1.3565, 'loss_mse': 0.0066, 'loss_nce': 18.5985, 'load_time': 17.0887, 'process_time': 82.9113}
[2020-11-17 17:44:02] INFO: ==> Iteration [  1][  87 /  521]: {'prec_cls': 33.935, 'loss': 19.9756, 'loss_cls': 1.3565, 'loss_mse': 0.0065, 'loss_nce': 18.6126, 'load_time': 17.14, 'process_time': 82.86}
[2020-11-17 17:44:06] INFO: ==> Iteration [  1][  88 /  521]: {'prec_cls': 33.9193, 'loss': 19.9836, 'loss_cls': 1.3566, 'loss_mse': 0.0065, 'loss_nce': 18.6205, 'load_time': 17.1925, 'process_time': 82.8075}
[2020-11-17 17:44:09] INFO: ==> Iteration [  1][  89 /  521]: {'prec_cls': 33.9141, 'loss': 19.9894, 'loss_cls': 1.3568, 'loss_mse': 0.0064, 'loss_nce': 18.6262, 'load_time': 17.2436, 'process_time': 82.7564}
[2020-11-17 17:44:13] INFO: ==> Iteration [  1][  90 /  521]: {'prec_cls': 33.9077, 'loss': 19.9993, 'loss_cls': 1.3567, 'loss_mse': 0.0063, 'loss_nce': 18.6363, 'load_time': 17.291, 'process_time': 82.709}
[2020-11-17 17:44:16] INFO: ==> Iteration [  1][  91 /  521]: {'prec_cls': 33.8971, 'loss': 20.0213, 'loss_cls': 1.3566, 'loss_mse': 0.0063, 'loss_nce': 18.6584, 'load_time': 17.3361, 'process_time': 82.6639}
[2020-11-17 17:44:20] INFO: ==> Iteration [  1][  92 /  521]: {'prec_cls': 33.9603, 'loss': 20.0296, 'loss_cls': 1.3563, 'loss_mse': 0.0062, 'loss_nce': 18.6671, 'load_time': 17.3766, 'process_time': 82.6234}
[2020-11-17 17:44:23] INFO: ==> Iteration [  1][  93 /  521]: {'prec_cls': 33.9956, 'loss': 20.0392, 'loss_cls': 1.3562, 'loss_mse': 0.0061, 'loss_nce': 18.6769, 'load_time': 17.4175, 'process_time': 82.5825}
[2020-11-17 17:44:27] INFO: ==> Iteration [  1][  94 /  521]: {'prec_cls': 34.0412, 'loss': 20.0463, 'loss_cls': 1.3562, 'loss_mse': 0.0061, 'loss_nce': 18.684, 'load_time': 17.4626, 'process_time': 82.5374}
[2020-11-17 17:44:30] INFO: ==> Iteration [  1][  95 /  521]: {'prec_cls': 34.0406, 'loss': 20.0585, 'loss_cls': 1.3561, 'loss_mse': 0.006, 'loss_nce': 18.6964, 'load_time': 17.5035, 'process_time': 82.4965}
[2020-11-17 17:44:34] INFO: ==> Iteration [  1][  96 /  521]: {'prec_cls': 34.0101, 'loss': 20.0712, 'loss_cls': 1.3561, 'loss_mse': 0.0059, 'loss_nce': 18.7092, 'load_time': 17.5414, 'process_time': 82.4586}
[2020-11-17 17:44:37] INFO: ==> Iteration [  1][  97 /  521]: {'prec_cls': 34.0367, 'loss': 20.0859, 'loss_cls': 1.3559, 'loss_mse': 0.0059, 'loss_nce': 18.7242, 'load_time': 17.5783, 'process_time': 82.4217}
[2020-11-17 17:44:40] INFO: ==> Iteration [  1][  98 /  521]: {'prec_cls': 34.007, 'loss': 20.1043, 'loss_cls': 1.356, 'loss_mse': 0.0058, 'loss_nce': 18.7425, 'load_time': 17.619, 'process_time': 82.381}
[2020-11-17 17:44:44] INFO: ==> Iteration [  1][  99 /  521]: {'prec_cls': 34.0633, 'loss': 20.1207, 'loss_cls': 1.3557, 'loss_mse': 0.0058, 'loss_nce': 18.7592, 'load_time': 17.6536, 'process_time': 82.3464}
[2020-11-17 17:44:47] INFO: ==> Iteration [  1][ 100 /  521]: {'prec_cls': 34.0677, 'loss': 20.137, 'loss_cls': 1.3557, 'loss_mse': 0.0057, 'loss_nce': 18.7755, 'load_time': 17.6914, 'process_time': 82.3086}
[2020-11-17 17:44:51] INFO: ==> Iteration [  1][ 101 /  521]: {'prec_cls': 34.0875, 'loss': 20.1507, 'loss_cls': 1.3557, 'loss_mse': 0.0056, 'loss_nce': 18.7893, 'load_time': 17.7291, 'process_time': 82.2709}
[2020-11-17 17:44:54] INFO: ==> Iteration [  1][ 102 /  521]: {'prec_cls': 34.1235, 'loss': 20.1596, 'loss_cls': 1.3556, 'loss_mse': 0.0056, 'loss_nce': 18.7984, 'load_time': 17.7654, 'process_time': 82.2346}
[2020-11-17 17:44:58] INFO: ==> Iteration [  1][ 103 /  521]: {'prec_cls': 34.1386, 'loss': 20.167, 'loss_cls': 1.3557, 'loss_mse': 0.0055, 'loss_nce': 18.8058, 'load_time': 17.8009, 'process_time': 82.1991}
[2020-11-17 17:45:02] INFO: ==> Iteration [  1][ 104 /  521]: {'prec_cls': 34.1334, 'loss': 20.1774, 'loss_cls': 1.3557, 'loss_mse': 0.0055, 'loss_nce': 18.8162, 'load_time': 17.8321, 'process_time': 82.1679}
[2020-11-17 17:45:05] INFO: ==> Iteration [  1][ 105 /  521]: {'prec_cls': 34.158, 'loss': 20.185, 'loss_cls': 1.3556, 'loss_mse': 0.0054, 'loss_nce': 18.824, 'load_time': 17.8667, 'process_time': 82.1333}
[2020-11-17 17:45:08] INFO: ==> Iteration [  1][ 106 /  521]: {'prec_cls': 34.1256, 'loss': 20.1906, 'loss_cls': 1.3557, 'loss_mse': 0.0054, 'loss_nce': 18.8295, 'load_time': 17.8987, 'process_time': 82.1013}
[2020-11-17 17:45:12] INFO: ==> Iteration [  1][ 107 /  521]: {'prec_cls': 34.1426, 'loss': 20.1954, 'loss_cls': 1.3557, 'loss_mse': 0.0053, 'loss_nce': 18.8344, 'load_time': 17.9329, 'process_time': 82.0671}
[2020-11-17 17:45:15] INFO: ==> Iteration [  1][ 108 /  521]: {'prec_cls': 34.1206, 'loss': 20.2073, 'loss_cls': 1.3559, 'loss_mse': 0.0053, 'loss_nce': 18.8462, 'load_time': 17.9647, 'process_time': 82.0353}
[2020-11-17 17:45:19] INFO: ==> Iteration [  1][ 109 /  521]: {'prec_cls': 34.1456, 'loss': 20.2189, 'loss_cls': 1.3558, 'loss_mse': 0.0052, 'loss_nce': 18.8578, 'load_time': 17.9921, 'process_time': 82.0079}
[2020-11-17 17:45:23] INFO: ==> Iteration [  1][ 110 /  521]: {'prec_cls': 34.1525, 'loss': 20.2268, 'loss_cls': 1.3559, 'loss_mse': 0.0052, 'loss_nce': 18.8657, 'load_time': 18.026, 'process_time': 81.974}
[2020-11-17 17:45:26] INFO: ==> Iteration [  1][ 111 /  521]: {'prec_cls': 34.1639, 'loss': 20.2401, 'loss_cls': 1.3559, 'loss_mse': 0.0051, 'loss_nce': 18.8791, 'load_time': 18.0591, 'process_time': 81.9409}
[2020-11-17 17:45:29] INFO: ==> Iteration [  1][ 112 /  521]: {'prec_cls': 34.1553, 'loss': 20.2545, 'loss_cls': 1.356, 'loss_mse': 0.0051, 'loss_nce': 18.8934, 'load_time': 18.0917, 'process_time': 81.9083}
[2020-11-17 17:45:33] INFO: ==> Iteration [  1][ 113 /  521]: {'prec_cls': 34.1826, 'loss': 20.2725, 'loss_cls': 1.3559, 'loss_mse': 0.0051, 'loss_nce': 18.9115, 'load_time': 18.1236, 'process_time': 81.8764}
[2020-11-17 17:45:37] INFO: ==> Iteration [  1][ 114 /  521]: {'prec_cls': 34.1934, 'loss': 20.2806, 'loss_cls': 1.356, 'loss_mse': 0.005, 'loss_nce': 18.9196, 'load_time': 18.1503, 'process_time': 81.8497}
[2020-11-17 17:45:40] INFO: ==> Iteration [  1][ 115 /  521]: {'prec_cls': 34.2074, 'loss': 20.2961, 'loss_cls': 1.3559, 'loss_mse': 0.005, 'loss_nce': 18.9351, 'load_time': 18.1191, 'process_time': 81.8809}
[2020-11-17 17:45:44] INFO: ==> Iteration [  1][ 116 /  521]: {'prec_cls': 34.1898, 'loss': 20.3042, 'loss_cls': 1.356, 'loss_mse': 0.0049, 'loss_nce': 18.9432, 'load_time': 18.0889, 'process_time': 81.9111}
[2020-11-17 17:45:47] INFO: ==> Iteration [  1][ 117 /  521]: {'prec_cls': 34.1802, 'loss': 20.311, 'loss_cls': 1.3561, 'loss_mse': 0.0049, 'loss_nce': 18.95, 'load_time': 18.0588, 'process_time': 81.9412}
[2020-11-17 17:45:51] INFO: ==> Iteration [  1][ 118 /  521]: {'prec_cls': 34.1488, 'loss': 20.3199, 'loss_cls': 1.3563, 'loss_mse': 0.0049, 'loss_nce': 18.9587, 'load_time': 18.0323, 'process_time': 81.9677}
[2020-11-17 17:45:54] INFO: ==> Iteration [  1][ 119 /  521]: {'prec_cls': 34.1693, 'loss': 20.3306, 'loss_cls': 1.3563, 'loss_mse': 0.0048, 'loss_nce': 18.9694, 'load_time': 18.006, 'process_time': 81.994}
[2020-11-17 17:45:58] INFO: ==> Iteration [  1][ 120 /  521]: {'prec_cls': 34.1797, 'loss': 20.3428, 'loss_cls': 1.3561, 'loss_mse': 0.0048, 'loss_nce': 18.9819, 'load_time': 17.9818, 'process_time': 82.0182}
[2020-11-17 17:46:02] INFO: ==> Iteration [  1][ 121 /  521]: {'prec_cls': 34.1426, 'loss': 20.3572, 'loss_cls': 1.3564, 'loss_mse': 0.0048, 'loss_nce': 18.996, 'load_time': 17.9569, 'process_time': 82.0431}
[2020-11-17 17:46:05] INFO: ==> Iteration [  1][ 122 /  521]: {'prec_cls': 34.1423, 'loss': 20.3718, 'loss_cls': 1.3565, 'loss_mse': 0.0047, 'loss_nce': 19.0106, 'load_time': 17.9302, 'process_time': 82.0698}
[2020-11-17 17:46:09] INFO: ==> Iteration [  1][ 123 /  521]: {'prec_cls': 34.1315, 'loss': 20.393, 'loss_cls': 1.3566, 'loss_mse': 0.0047, 'loss_nce': 19.0317, 'load_time': 17.9037, 'process_time': 82.0963}
[2020-11-17 17:46:12] INFO: ==> Iteration [  1][ 124 /  521]: {'prec_cls': 34.1167, 'loss': 20.4152, 'loss_cls': 1.3567, 'loss_mse': 0.0047, 'loss_nce': 19.0539, 'load_time': 17.8774, 'process_time': 82.1226}
[2020-11-17 17:46:15] INFO: ==> Iteration [  1][ 125 /  521]: {'prec_cls': 34.125, 'loss': 20.4399, 'loss_cls': 1.3566, 'loss_mse': 0.0046, 'loss_nce': 19.0787, 'load_time': 17.8547, 'process_time': 82.1453}
[2020-11-17 17:46:19] INFO: ==> Iteration [  1][ 126 /  521]: {'prec_cls': 34.1115, 'loss': 20.4639, 'loss_cls': 1.3568, 'loss_mse': 0.0046, 'loss_nce': 19.1025, 'load_time': 17.831, 'process_time': 82.169}
[2020-11-17 17:46:22] INFO: ==> Iteration [  1][ 127 /  521]: {'prec_cls': 34.1064, 'loss': 20.4924, 'loss_cls': 1.3568, 'loss_mse': 0.0046, 'loss_nce': 19.131, 'load_time': 17.8046, 'process_time': 82.1954}
[2020-11-17 17:46:26] INFO: ==> Iteration [  1][ 128 /  521]: {'prec_cls': 34.142, 'loss': 20.519, 'loss_cls': 1.3566, 'loss_mse': 0.0046, 'loss_nce': 19.1579, 'load_time': 17.7788, 'process_time': 82.2212}
[2020-11-17 17:46:30] INFO: ==> Iteration [  1][ 129 /  521]: {'prec_cls': 34.0994, 'loss': 20.5444, 'loss_cls': 1.3568, 'loss_mse': 0.0045, 'loss_nce': 19.1831, 'load_time': 17.7507, 'process_time': 82.2493}
[2020-11-17 17:46:34] INFO: ==> Iteration [  1][ 130 /  521]: {'prec_cls': 34.1186, 'loss': 20.5727, 'loss_cls': 1.3568, 'loss_mse': 0.0045, 'loss_nce': 19.2114, 'load_time': 17.7233, 'process_time': 82.2767}
[2020-11-17 17:46:37] INFO: ==> Iteration [  1][ 131 /  521]: {'prec_cls': 34.1166, 'loss': 20.6011, 'loss_cls': 1.3569, 'loss_mse': 0.0045, 'loss_nce': 19.2397, 'load_time': 17.6995, 'process_time': 82.3005}
[2020-11-17 17:46:40] INFO: ==> Iteration [  1][ 132 /  521]: {'prec_cls': 34.1264, 'loss': 20.6332, 'loss_cls': 1.3568, 'loss_mse': 0.0045, 'loss_nce': 19.272, 'load_time': 17.6764, 'process_time': 82.3236}
[2020-11-17 17:46:44] INFO: ==> Iteration [  1][ 133 /  521]: {'prec_cls': 34.1038, 'loss': 20.6703, 'loss_cls': 1.3569, 'loss_mse': 0.0044, 'loss_nce': 19.309, 'load_time': 17.6527, 'process_time': 82.3473}
[2020-11-17 17:46:47] INFO: ==> Iteration [  1][ 134 /  521]: {'prec_cls': 34.066, 'loss': 20.7049, 'loss_cls': 1.3569, 'loss_mse': 0.0044, 'loss_nce': 19.3436, 'load_time': 17.6306, 'process_time': 82.3694}
[2020-11-17 17:46:51] INFO: ==> Iteration [  1][ 135 /  521]: {'prec_cls': 34.0635, 'loss': 20.7357, 'loss_cls': 1.3569, 'loss_mse': 0.0044, 'loss_nce': 19.3744, 'load_time': 17.6072, 'process_time': 82.3928}
[2020-11-17 17:46:54] INFO: ==> Iteration [  1][ 136 /  521]: {'prec_cls': 34.0543, 'loss': 20.7708, 'loss_cls': 1.357, 'loss_mse': 0.0043, 'loss_nce': 19.4094, 'load_time': 17.5849, 'process_time': 82.4151}
[2020-11-17 17:46:57] INFO: ==> Iteration [  1][ 137 /  521]: {'prec_cls': 34.0309, 'loss': 20.8016, 'loss_cls': 1.3571, 'loss_mse': 0.0043, 'loss_nce': 19.4401, 'load_time': 17.561, 'process_time': 82.439}
[2020-11-17 17:47:01] INFO: ==> Iteration [  1][ 138 /  521]: {'prec_cls': 34.007, 'loss': 20.8327, 'loss_cls': 1.3572, 'loss_mse': 0.0043, 'loss_nce': 19.4713, 'load_time': 17.5403, 'process_time': 82.4597}
[2020-11-17 17:47:04] INFO: ==> Iteration [  1][ 139 /  521]: {'prec_cls': 33.9891, 'loss': 20.8569, 'loss_cls': 1.3573, 'loss_mse': 0.0043, 'loss_nce': 19.4953, 'load_time': 17.52, 'process_time': 82.48}
