[2020-11-20 17:28:37] INFO: Algorithm options {'data_train_opt': {'batch_size': 192, 'unsupervised': False, 'random_sized_crop': False, 'dataset_name': 'tiny-imagenet', 'split': 'train'}, 'data_test_opt': {'batch_size': 192, 'unsupervised': False, 'random_sized_crop': False, 'dataset_name': 'tiny-imagenet', 'split': 'val'}, 'max_num_epochs': 50, 'networks': {'feat_extractor': {'def_file': 'architectures/AlexNetFeature.py', 'pretrained': '../_experiments/TinyImageNet_Decoupling_AlexNet/feature_net_epoch50', 'opt': {}, 'optim_params': None}, 'classifier': {'def_file': 'architectures/MultipleLinearClassifiers.py', 'pretrained': None, 'opt': [{'pool_type': 'max', 'nChannels': 64, 'pool_size': 12, 'num_classes': 1000}, {'pool_type': 'max', 'nChannels': 192, 'pool_size': 7, 'num_classes': 1000}, {'pool_type': 'max', 'nChannels': 384, 'pool_size': 5, 'num_classes': 1000}, {'pool_type': 'max', 'nChannels': 256, 'pool_size': 6, 'num_classes': 1000}, {'pool_type': 'max', 'nChannels': 256, 'pool_size': 6, 'num_classes': 1000}], 'optim_params': {'optim_type': 'sgd', 'lr': 0.1, 'momentum': 0.9, 'weight_decay': 0.0005, 'nesterov': True, 'LUT_lr': [(5, 0.01), (25, 0.002), (45, 0.0004), (65, 8e-05)]}}}, 'criterions': {'loss': {'ctype': 'CrossEntropyLoss', 'opt': None}}, 'algorithm_type': 'FeatureClassificationModel', 'out_feat_keys': ['conv1', 'conv2', 'conv3', 'conv4', 'conv5'], 'exp_dir': '../_experiments/TinyImageNet_LinearClassifiers_ImageNet_Decoupling_AlexNet_Features', 'disp_step': 1}
[2020-11-20 17:28:37] INFO: Set network feat_extractor
[2020-11-20 17:28:37] INFO: ==> Initiliaze network feat_extractor from file architectures/AlexNetFeature.py with opts: {}
[2020-11-20 17:28:37] INFO: ==> Load pretrained parameters from file ../_experiments/TinyImageNet_Decoupling_AlexNet/feature_net_epoch50:
[2020-11-20 17:28:40] INFO: ==> Network keys in pre-trained file ../_experiments/TinyImageNet_Decoupling_AlexNet/feature_net_epoch50 contain "module"
[2020-11-20 17:28:40] INFO: Set network classifier
[2020-11-20 17:28:40] INFO: ==> Initiliaze network classifier from file architectures/MultipleLinearClassifiers.py with opts: [{'pool_type': 'max', 'nChannels': 64, 'pool_size': 12, 'num_classes': 1000}, {'pool_type': 'max', 'nChannels': 192, 'pool_size': 7, 'num_classes': 1000}, {'pool_type': 'max', 'nChannels': 384, 'pool_size': 5, 'num_classes': 1000}, {'pool_type': 'max', 'nChannels': 256, 'pool_size': 6, 'num_classes': 1000}, {'pool_type': 'max', 'nChannels': 256, 'pool_size': 6, 'num_classes': 1000}]
[2020-11-20 17:28:41] INFO: Initialize criterion[loss]: CrossEntropyLoss with options: None
[2020-11-20 17:28:41] INFO: Initialize optimizer: sgd with params: {'optim_type': 'sgd', 'lr': 0.1, 'momentum': 0.9, 'weight_decay': 0.0005, 'nesterov': True, 'LUT_lr': [(5, 0.01), (25, 0.002), (45, 0.0004), (65, 8e-05)]} for network: classifier
[2020-11-20 17:28:41] INFO: 

[2020-11-20 17:28:41] INFO: Training epoch [  1 /  50]
[2020-11-20 17:28:41] INFO: ==> Set to classifier optimizer lr = 0.0100000000
[2020-11-20 17:28:41] INFO: Training: TinyImageNet_LinearClassifiers_ImageNet_Decoupling_AlexNet_Features
[2020-11-20 17:28:41] INFO: ==> Dataset: tiny-imagenet_train [100000 images]
[2020-11-20 17:28:41] INFO: ==> Iteration steps in one epoch: 521 [batch size 192]
[2020-11-20 17:28:46] INFO: ==> Iteration [  1][   1 /  521]: {'prec1_conv1': 0.0, 'prec1_conv2': 0.0, 'prec1_conv3': 0.0, 'prec1_conv4': 0.5208, 'prec1_conv5': 0.0, 'loss': 73.0601, 'load_time': 2.5417, 'process_time': 97.4583}
[2020-11-20 17:28:46] INFO: ==> Iteration [  1][   2 /  521]: {'prec1_conv1': 0.0, 'prec1_conv2': 0.0, 'prec1_conv3': 0.0, 'prec1_conv4': 0.2604, 'prec1_conv5': 0.0, 'loss': 72.898, 'load_time': 19.6408, 'process_time': 80.3592}
[2020-11-20 17:28:46] INFO: ==> Iteration [  1][   3 /  521]: {'prec1_conv1': 0.0, 'prec1_conv2': 0.0, 'prec1_conv3': 0.0, 'prec1_conv4': 0.1736, 'prec1_conv5': 0.0, 'loss': 72.6937, 'load_time': 25.4484, 'process_time': 74.5516}
[2020-11-20 17:28:47] INFO: ==> Iteration [  1][   4 /  521]: {'prec1_conv1': 0.0, 'prec1_conv2': 0.0, 'prec1_conv3': 0.0, 'prec1_conv4': 0.1302, 'prec1_conv5': 0.0, 'loss': 72.1686, 'load_time': 28.2742, 'process_time': 71.7258}
[2020-11-20 17:28:47] INFO: ==> Iteration [  1][   5 /  521]: {'prec1_conv1': 0.0, 'prec1_conv2': 0.0, 'prec1_conv3': 0.0, 'prec1_conv4': 0.2083, 'prec1_conv5': 0.1042, 'loss': 71.6712, 'load_time': 30.0793, 'process_time': 69.9207}
[2020-11-20 17:28:47] INFO: ==> Iteration [  1][   6 /  521]: {'prec1_conv1': 0.0, 'prec1_conv2': 0.0868, 'prec1_conv3': 0.0, 'prec1_conv4': 0.1736, 'prec1_conv5': 0.0868, 'loss': 71.5042, 'load_time': 31.2589, 'process_time': 68.7411}
[2020-11-20 17:28:47] INFO: ==> Iteration [  1][   7 /  521]: {'prec1_conv1': 0.1488, 'prec1_conv2': 0.1488, 'prec1_conv3': 0.0, 'prec1_conv4': 0.2232, 'prec1_conv5': 0.0744, 'loss': 70.9718, 'load_time': 32.1675, 'process_time': 67.8325}
[2020-11-20 17:28:47] INFO: ==> Iteration [  1][   8 /  521]: {'prec1_conv1': 0.1953, 'prec1_conv2': 0.1302, 'prec1_conv3': 0.0, 'prec1_conv4': 0.1953, 'prec1_conv5': 0.1302, 'loss': 70.4874, 'load_time': 32.7896, 'process_time': 67.2104}
[2020-11-20 17:28:48] INFO: ==> Iteration [  1][   9 /  521]: {'prec1_conv1': 0.1736, 'prec1_conv2': 0.2315, 'prec1_conv3': 0.1157, 'prec1_conv4': 0.1736, 'prec1_conv5': 0.1157, 'loss': 69.7741, 'load_time': 33.2377, 'process_time': 66.7623}
[2020-11-20 17:28:48] INFO: ==> Iteration [  1][  10 /  521]: {'prec1_conv1': 0.2604, 'prec1_conv2': 0.2083, 'prec1_conv3': 0.1042, 'prec1_conv4': 0.2083, 'prec1_conv5': 0.1042, 'loss': 69.2818, 'load_time': 33.6611, 'process_time': 66.3389}
[2020-11-20 17:28:48] INFO: ==> Iteration [  1][  11 /  521]: {'prec1_conv1': 0.3788, 'prec1_conv2': 0.2841, 'prec1_conv3': 0.142, 'prec1_conv4': 0.2367, 'prec1_conv5': 0.2367, 'loss': 68.6702, 'load_time': 34.0502, 'process_time': 65.9498}
[2020-11-20 17:28:48] INFO: ==> Iteration [  1][  12 /  521]: {'prec1_conv1': 0.5208, 'prec1_conv2': 0.3038, 'prec1_conv3': 0.3038, 'prec1_conv4': 0.2604, 'prec1_conv5': 0.2604, 'loss': 67.9854, 'load_time': 34.3282, 'process_time': 65.6718}
[2020-11-20 17:28:48] INFO: ==> Iteration [  1][  13 /  521]: {'prec1_conv1': 0.601, 'prec1_conv2': 0.3205, 'prec1_conv3': 0.3606, 'prec1_conv4': 0.2404, 'prec1_conv5': 0.2804, 'loss': 67.5178, 'load_time': 34.5429, 'process_time': 65.4571}
[2020-11-20 17:28:49] INFO: ==> Iteration [  1][  14 /  521]: {'prec1_conv1': 0.7068, 'prec1_conv2': 0.372, 'prec1_conv3': 0.3348, 'prec1_conv4': 0.2232, 'prec1_conv5': 0.3348, 'loss': 67.0462, 'load_time': 34.6558, 'process_time': 65.3442}
[2020-11-20 17:28:49] INFO: ==> Iteration [  1][  15 /  521]: {'prec1_conv1': 0.9028, 'prec1_conv2': 0.4167, 'prec1_conv3': 0.3819, 'prec1_conv4': 0.2431, 'prec1_conv5': 0.3819, 'loss': 66.4866, 'load_time': 34.8539, 'process_time': 65.1461}
[2020-11-20 17:28:49] INFO: ==> Iteration [  1][  16 /  521]: {'prec1_conv1': 0.9766, 'prec1_conv2': 0.4883, 'prec1_conv3': 0.4232, 'prec1_conv4': 0.3255, 'prec1_conv5': 0.3906, 'loss': 65.9806, 'load_time': 35.0158, 'process_time': 64.9842}
[2020-11-20 17:28:49] INFO: ==> Iteration [  1][  17 /  521]: {'prec1_conv1': 1.011, 'prec1_conv2': 0.5821, 'prec1_conv3': 0.5821, 'prec1_conv4': 0.3676, 'prec1_conv5': 0.3676, 'loss': 65.4298, 'load_time': 34.9912, 'process_time': 65.0088}
[2020-11-20 17:28:49] INFO: ==> Iteration [  1][  18 /  521]: {'prec1_conv1': 1.0995, 'prec1_conv2': 0.6076, 'prec1_conv3': 0.6366, 'prec1_conv4': 0.463, 'prec1_conv5': 0.3762, 'loss': 64.8944, 'load_time': 35.1566, 'process_time': 64.8434}
[2020-11-20 17:28:50] INFO: ==> Iteration [  1][  19 /  521]: {'prec1_conv1': 1.2061, 'prec1_conv2': 0.7401, 'prec1_conv3': 0.7675, 'prec1_conv4': 0.4934, 'prec1_conv5': 0.4112, 'loss': 64.3629, 'load_time': 35.2607, 'process_time': 64.7393}
[2020-11-20 17:28:50] INFO: ==> Iteration [  1][  20 /  521]: {'prec1_conv1': 1.25, 'prec1_conv2': 0.8594, 'prec1_conv3': 0.8854, 'prec1_conv4': 0.5469, 'prec1_conv5': 0.5469, 'loss': 63.7768, 'load_time': 35.3751, 'process_time': 64.6249}
[2020-11-20 17:28:50] INFO: ==> Iteration [  1][  21 /  521]: {'prec1_conv1': 1.3393, 'prec1_conv2': 0.9177, 'prec1_conv3': 0.9177, 'prec1_conv4': 0.6944, 'prec1_conv5': 0.5952, 'loss': 63.3003, 'load_time': 35.4544, 'process_time': 64.5456}
[2020-11-20 17:28:50] INFO: ==> Iteration [  1][  22 /  521]: {'prec1_conv1': 1.3731, 'prec1_conv2': 1.018, 'prec1_conv3': 0.9706, 'prec1_conv4': 0.6866, 'prec1_conv5': 0.6155, 'loss': 62.8715, 'load_time': 35.5516, 'process_time': 64.4484}
[2020-11-20 17:28:50] INFO: ==> Iteration [  1][  23 /  521]: {'prec1_conv1': 1.3813, 'prec1_conv2': 1.2002, 'prec1_conv3': 1.0643, 'prec1_conv4': 0.8605, 'prec1_conv5': 0.6793, 'loss': 62.3814, 'load_time': 35.6184, 'process_time': 64.3816}
[2020-11-20 17:28:51] INFO: ==> Iteration [  1][  24 /  521]: {'prec1_conv1': 1.4106, 'prec1_conv2': 1.2804, 'prec1_conv3': 1.0634, 'prec1_conv4': 0.8898, 'prec1_conv5': 0.7378, 'loss': 61.9593, 'load_time': 35.6754, 'process_time': 64.3246}
[2020-11-20 17:28:51] INFO: ==> Iteration [  1][  25 /  521]: {'prec1_conv1': 1.5208, 'prec1_conv2': 1.3542, 'prec1_conv3': 1.25, 'prec1_conv4': 0.9792, 'prec1_conv5': 0.7917, 'loss': 61.5001, 'load_time': 35.7412, 'process_time': 64.2588}
[2020-11-20 17:28:51] INFO: ==> Iteration [  1][  26 /  521]: {'prec1_conv1': 1.5425, 'prec1_conv2': 1.4824, 'prec1_conv3': 1.2821, 'prec1_conv4': 1.1418, 'prec1_conv5': 0.8413, 'loss': 61.0842, 'load_time': 35.8088, 'process_time': 64.1912}
[2020-11-20 17:28:51] INFO: ==> Iteration [  1][  27 /  521]: {'prec1_conv1': 1.6397, 'prec1_conv2': 1.5239, 'prec1_conv3': 1.4275, 'prec1_conv4': 1.196, 'prec1_conv5': 0.8681, 'loss': 60.6288, 'load_time': 35.8602, 'process_time': 64.1398}
[2020-11-20 17:28:52] INFO: ==> Iteration [  1][  28 /  521]: {'prec1_conv1': 1.6927, 'prec1_conv2': 1.5625, 'prec1_conv3': 1.5439, 'prec1_conv4': 1.3579, 'prec1_conv5': 0.9301, 'loss': 60.2105, 'load_time': 35.9183, 'process_time': 64.0817}
[2020-11-20 17:28:52] INFO: ==> Iteration [  1][  29 /  521]: {'prec1_conv1': 1.7601, 'prec1_conv2': 1.6882, 'prec1_conv3': 1.6343, 'prec1_conv4': 1.4727, 'prec1_conv5': 1.0596, 'loss': 59.8025, 'load_time': 35.9936, 'process_time': 64.0064}
[2020-11-20 17:28:52] INFO: ==> Iteration [  1][  30 /  521]: {'prec1_conv1': 1.8403, 'prec1_conv2': 1.8576, 'prec1_conv3': 1.7882, 'prec1_conv4': 1.4931, 'prec1_conv5': 1.0937, 'loss': 59.4302, 'load_time': 36.0483, 'process_time': 63.9517}
[2020-11-20 17:28:52] INFO: ==> Iteration [  1][  31 /  521]: {'prec1_conv1': 1.8649, 'prec1_conv2': 1.8985, 'prec1_conv3': 1.8649, 'prec1_conv4': 1.6969, 'prec1_conv5': 1.1425, 'loss': 59.0659, 'load_time': 36.1021, 'process_time': 63.8979}
[2020-11-20 17:28:52] INFO: ==> Iteration [  1][  32 /  521]: {'prec1_conv1': 1.9043, 'prec1_conv2': 1.9531, 'prec1_conv3': 1.9857, 'prec1_conv4': 1.8066, 'prec1_conv5': 1.237, 'loss': 58.7128, 'load_time': 36.1436, 'process_time': 63.8564}
[2020-11-20 17:28:53] INFO: ==> Iteration [  1][  33 /  521]: {'prec1_conv1': 1.9886, 'prec1_conv2': 2.0518, 'prec1_conv3': 2.2096, 'prec1_conv4': 1.8308, 'prec1_conv5': 1.3415, 'loss': 58.3373, 'load_time': 36.1713, 'process_time': 63.8287}
[2020-11-20 17:28:53] INFO: ==> Iteration [  1][  34 /  521]: {'prec1_conv1': 2.0067, 'prec1_conv2': 2.1752, 'prec1_conv3': 2.3744, 'prec1_conv4': 1.8995, 'prec1_conv5': 1.4093, 'loss': 58.0126, 'load_time': 36.2078, 'process_time': 63.7922}
[2020-11-20 17:28:53] INFO: ==> Iteration [  1][  35 /  521]: {'prec1_conv1': 2.0238, 'prec1_conv2': 2.2917, 'prec1_conv3': 2.4702, 'prec1_conv4': 2.0536, 'prec1_conv5': 1.4583, 'loss': 57.6485, 'load_time': 36.2159, 'process_time': 63.7841}
[2020-11-20 17:28:53] INFO: ==> Iteration [  1][  36 /  521]: {'prec1_conv1': 2.0833, 'prec1_conv2': 2.3582, 'prec1_conv3': 2.5608, 'prec1_conv4': 2.1123, 'prec1_conv5': 1.5625, 'loss': 57.3527, 'load_time': 36.2301, 'process_time': 63.7699}
[2020-11-20 17:28:53] INFO: ==> Iteration [  1][  37 /  521]: {'prec1_conv1': 2.0974, 'prec1_conv2': 2.4352, 'prec1_conv3': 2.7168, 'prec1_conv4': 2.1959, 'prec1_conv5': 1.6329, 'loss': 57.0413, 'load_time': 36.241, 'process_time': 63.759}
[2020-11-20 17:28:54] INFO: ==> Iteration [  1][  38 /  521]: {'prec1_conv1': 2.0833, 'prec1_conv2': 2.4808, 'prec1_conv3': 2.7275, 'prec1_conv4': 2.3026, 'prec1_conv5': 1.6721, 'loss': 56.7062, 'load_time': 36.2689, 'process_time': 63.7311}
[2020-11-20 17:28:54] INFO: ==> Iteration [  1][  39 /  521]: {'prec1_conv1': 2.11, 'prec1_conv2': 2.5507, 'prec1_conv3': 2.7778, 'prec1_conv4': 2.3504, 'prec1_conv5': 1.7628, 'loss': 56.4001, 'load_time': 36.2938, 'process_time': 63.7062}
[2020-11-20 17:28:54] INFO: ==> Iteration [  1][  40 /  521]: {'prec1_conv1': 2.1745, 'prec1_conv2': 2.5911, 'prec1_conv3': 2.9036, 'prec1_conv4': 2.4479, 'prec1_conv5': 1.8099, 'loss': 56.1275, 'load_time': 36.3125, 'process_time': 63.6875}
[2020-11-20 17:28:54] INFO: ==> Iteration [  1][  41 /  521]: {'prec1_conv1': 2.312, 'prec1_conv2': 2.6296, 'prec1_conv3': 2.8836, 'prec1_conv4': 2.5661, 'prec1_conv5': 1.8547, 'loss': 55.8149, 'load_time': 36.3215, 'process_time': 63.6785}
[2020-11-20 17:28:54] INFO: ==> Iteration [  1][  42 /  521]: {'prec1_conv1': 2.3313, 'prec1_conv2': 2.6662, 'prec1_conv3': 2.9142, 'prec1_conv4': 2.691, 'prec1_conv5': 1.9469, 'loss': 55.5347, 'load_time': 36.3412, 'process_time': 63.6588}
[2020-11-20 17:28:55] INFO: ==> Iteration [  1][  43 /  521]: {'prec1_conv1': 2.3619, 'prec1_conv2': 2.7374, 'prec1_conv3': 2.9312, 'prec1_conv4': 2.7253, 'prec1_conv5': 2.0107, 'loss': 55.2857, 'load_time': 36.3538, 'process_time': 63.6462}
[2020-11-20 17:28:55] INFO: ==> Iteration [  1][  44 /  521]: {'prec1_conv1': 2.3793, 'prec1_conv2': 2.7936, 'prec1_conv3': 3.0421, 'prec1_conv4': 2.8172, 'prec1_conv5': 2.0833, 'loss': 55.0405, 'load_time': 36.3713, 'process_time': 63.6287}
[2020-11-20 17:28:55] INFO: ==> Iteration [  1][  45 /  521]: {'prec1_conv1': 2.419, 'prec1_conv2': 2.8935, 'prec1_conv3': 3.1481, 'prec1_conv4': 2.8935, 'prec1_conv5': 2.1181, 'loss': 54.7755, 'load_time': 36.377, 'process_time': 63.623}
[2020-11-20 17:28:55] INFO: ==> Iteration [  1][  46 /  521]: {'prec1_conv1': 2.4683, 'prec1_conv2': 2.9212, 'prec1_conv3': 3.2382, 'prec1_conv4': 3.0118, 'prec1_conv5': 2.2645, 'loss': 54.5157, 'load_time': 36.3956, 'process_time': 63.6044}
[2020-11-20 17:28:55] INFO: ==> Iteration [  1][  47 /  521]: {'prec1_conv1': 2.5266, 'prec1_conv2': 2.9809, 'prec1_conv3': 3.3355, 'prec1_conv4': 3.0474, 'prec1_conv5': 2.3825, 'loss': 54.2961, 'load_time': 36.4073, 'process_time': 63.5927}
[2020-11-20 17:28:56] INFO: ==> Iteration [  1][  48 /  521]: {'prec1_conv1': 2.615, 'prec1_conv2': 3.0707, 'prec1_conv3': 3.3963, 'prec1_conv4': 3.1033, 'prec1_conv5': 2.4957, 'loss': 54.0182, 'load_time': 36.4249, 'process_time': 63.5751}
[2020-11-20 17:28:56] INFO: ==> Iteration [  1][  49 /  521]: {'prec1_conv1': 2.6679, 'prec1_conv2': 3.1569, 'prec1_conv3': 3.5077, 'prec1_conv4': 3.1675, 'prec1_conv5': 2.5085, 'loss': 53.7691, 'load_time': 36.4439, 'process_time': 63.5561}
[2020-11-20 17:28:56] INFO: ==> Iteration [  1][  50 /  521]: {'prec1_conv1': 2.7187, 'prec1_conv2': 3.1667, 'prec1_conv3': 3.5312, 'prec1_conv4': 3.2396, 'prec1_conv5': 2.5, 'loss': 53.5339, 'load_time': 36.4467, 'process_time': 63.5533}
[2020-11-20 17:28:56] INFO: ==> Iteration [  1][  51 /  521]: {'prec1_conv1': 2.7267, 'prec1_conv2': 3.2067, 'prec1_conv3': 3.6356, 'prec1_conv4': 3.2884, 'prec1_conv5': 2.5531, 'loss': 53.3165, 'load_time': 36.4622, 'process_time': 63.5378}
[2020-11-20 17:28:56] INFO: ==> Iteration [  1][  52 /  521]: {'prec1_conv1': 2.7444, 'prec1_conv2': 3.2953, 'prec1_conv3': 3.7961, 'prec1_conv4': 3.3754, 'prec1_conv5': 2.6142, 'loss': 53.0633, 'load_time': 36.4778, 'process_time': 63.5222}
[2020-11-20 17:28:57] INFO: ==> Iteration [  1][  53 /  521]: {'prec1_conv1': 2.84, 'prec1_conv2': 3.3412, 'prec1_conv3': 3.9406, 'prec1_conv4': 3.4689, 'prec1_conv5': 2.7024, 'loss': 52.8468, 'load_time': 36.4699, 'process_time': 63.5301}
[2020-11-20 17:28:57] INFO: ==> Iteration [  1][  54 /  521]: {'prec1_conv1': 2.8742, 'prec1_conv2': 3.4144, 'prec1_conv3': 3.9931, 'prec1_conv4': 3.588, 'prec1_conv5': 2.7874, 'loss': 52.6048, 'load_time': 36.4845, 'process_time': 63.5155}
[2020-11-20 17:28:57] INFO: ==> Iteration [  1][  55 /  521]: {'prec1_conv1': 2.9261, 'prec1_conv2': 3.4659, 'prec1_conv3': 4.1098, 'prec1_conv4': 3.75, 'prec1_conv5': 2.8504, 'loss': 52.38, 'load_time': 36.4925, 'process_time': 63.5075}
[2020-11-20 17:28:57] INFO: ==> Iteration [  1][  56 /  521]: {'prec1_conv1': 2.9855, 'prec1_conv2': 3.5342, 'prec1_conv3': 4.2318, 'prec1_conv4': 3.869, 'prec1_conv5': 2.9111, 'loss': 52.1405, 'load_time': 36.5035, 'process_time': 63.4965}
[2020-11-20 17:28:57] INFO: ==> Iteration [  1][  57 /  521]: {'prec1_conv1': 3.0336, 'prec1_conv2': 3.6184, 'prec1_conv3': 4.3677, 'prec1_conv4': 4.0113, 'prec1_conv5': 3.0519, 'loss': 51.8822, 'load_time': 36.5048, 'process_time': 63.4952}
[2020-11-20 17:28:58] INFO: ==> Iteration [  1][  58 /  521]: {'prec1_conv1': 3.0352, 'prec1_conv2': 3.6818, 'prec1_conv3': 4.4271, 'prec1_conv4': 4.023, 'prec1_conv5': 3.107, 'loss': 51.7057, 'load_time': 36.5105, 'process_time': 63.4895}
[2020-11-20 17:28:58] INFO: ==> Iteration [  1][  59 /  521]: {'prec1_conv1': 3.0632, 'prec1_conv2': 3.69, 'prec1_conv3': 4.458, 'prec1_conv4': 4.0784, 'prec1_conv5': 3.1691, 'loss': 51.5555, 'load_time': 36.5208, 'process_time': 63.4792}
[2020-11-20 17:28:58] INFO: ==> Iteration [  1][  60 /  521]: {'prec1_conv1': 3.0556, 'prec1_conv2': 3.7153, 'prec1_conv3': 4.5486, 'prec1_conv4': 4.1493, 'prec1_conv5': 3.2205, 'loss': 51.3672, 'load_time': 36.5346, 'process_time': 63.4654}
[2020-11-20 17:28:58] INFO: ==> Iteration [  1][  61 /  521]: {'prec1_conv1': 3.0994, 'prec1_conv2': 3.7398, 'prec1_conv3': 4.6448, 'prec1_conv4': 4.2691, 'prec1_conv5': 3.2702, 'loss': 51.2055, 'load_time': 36.5471, 'process_time': 63.4529}
[2020-11-20 17:28:59] INFO: ==> Iteration [  1][  62 /  521]: {'prec1_conv1': 3.1334, 'prec1_conv2': 3.7802, 'prec1_conv3': 4.7295, 'prec1_conv4': 4.3431, 'prec1_conv5': 3.3518, 'loss': 51.0366, 'load_time': 36.5594, 'process_time': 63.4406}
[2020-11-20 17:28:59] INFO: ==> Iteration [  1][  63 /  521]: {'prec1_conv1': 3.1829, 'prec1_conv2': 3.8194, 'prec1_conv3': 4.7867, 'prec1_conv4': 4.4726, 'prec1_conv5': 3.4392, 'loss': 50.8422, 'load_time': 36.5716, 'process_time': 63.4284}
[2020-11-20 17:28:59] INFO: ==> Iteration [  1][  64 /  521]: {'prec1_conv1': 3.2552, 'prec1_conv2': 3.9062, 'prec1_conv3': 4.8665, 'prec1_conv4': 4.5166, 'prec1_conv5': 3.4993, 'loss': 50.664, 'load_time': 36.587, 'process_time': 63.413}
[2020-11-20 17:28:59] INFO: ==> Iteration [  1][  65 /  521]: {'prec1_conv1': 3.2853, 'prec1_conv2': 3.9423, 'prec1_conv3': 4.9199, 'prec1_conv4': 4.5513, 'prec1_conv5': 3.4936, 'loss': 50.5023, 'load_time': 36.602, 'process_time': 63.398}
[2020-11-20 17:28:59] INFO: ==> Iteration [  1][  66 /  521]: {'prec1_conv1': 3.3617, 'prec1_conv2': 4.0325, 'prec1_conv3': 5.0979, 'prec1_conv4': 4.648, 'prec1_conv5': 3.5669, 'loss': 50.3182, 'load_time': 36.6052, 'process_time': 63.3948}
[2020-11-20 17:29:00] INFO: ==> Iteration [  1][  67 /  521]: {'prec1_conv1': 3.3738, 'prec1_conv2': 4.0578, 'prec1_conv3': 5.1384, 'prec1_conv4': 4.7108, 'prec1_conv5': 3.6381, 'loss': 50.1732, 'load_time': 36.6135, 'process_time': 63.3865}
[2020-11-20 17:29:00] INFO: ==> Iteration [  1][  68 /  521]: {'prec1_conv1': 3.4237, 'prec1_conv2': 4.1437, 'prec1_conv3': 5.2083, 'prec1_conv4': 4.8024, 'prec1_conv5': 3.6994, 'loss': 50.0048, 'load_time': 36.6203, 'process_time': 63.3797}
[2020-11-20 17:29:00] INFO: ==> Iteration [  1][  69 /  521]: {'prec1_conv1': 3.4194, 'prec1_conv2': 4.1591, 'prec1_conv3': 5.2385, 'prec1_conv4': 4.8309, 'prec1_conv5': 3.7289, 'loss': 49.8603, 'load_time': 36.6299, 'process_time': 63.3701}
[2020-11-20 17:29:00] INFO: ==> Iteration [  1][  70 /  521]: {'prec1_conv1': 3.4375, 'prec1_conv2': 4.189, 'prec1_conv3': 5.2604, 'prec1_conv4': 4.8661, 'prec1_conv5': 3.7426, 'loss': 49.7238, 'load_time': 36.6433, 'process_time': 63.3567}
[2020-11-20 17:29:00] INFO: ==> Iteration [  1][  71 /  521]: {'prec1_conv1': 3.4258, 'prec1_conv2': 4.2327, 'prec1_conv3': 5.2964, 'prec1_conv4': 4.9076, 'prec1_conv5': 3.7412, 'loss': 49.5988, 'load_time': 36.6481, 'process_time': 63.3519}
[2020-11-20 17:29:01] INFO: ==> Iteration [  1][  72 /  521]: {'prec1_conv1': 3.4578, 'prec1_conv2': 4.2462, 'prec1_conv3': 5.353, 'prec1_conv4': 4.9769, 'prec1_conv5': 3.7977, 'loss': 49.4463, 'load_time': 36.65, 'process_time': 63.35}
[2020-11-20 17:29:01] INFO: ==> Iteration [  1][  73 /  521]: {'prec1_conv1': 3.4746, 'prec1_conv2': 4.2594, 'prec1_conv3': 5.4866, 'prec1_conv4': 5.0942, 'prec1_conv5': 3.8456, 'loss': 49.2928, 'load_time': 36.6479, 'process_time': 63.3521}
[2020-11-20 17:29:01] INFO: ==> Iteration [  1][  74 /  521]: {'prec1_conv1': 3.4628, 'prec1_conv2': 4.2863, 'prec1_conv3': 5.5251, 'prec1_conv4': 5.152, 'prec1_conv5': 3.8711, 'loss': 49.1323, 'load_time': 36.6559, 'process_time': 63.3441}
[2020-11-20 17:29:01] INFO: ==> Iteration [  1][  75 /  521]: {'prec1_conv1': 3.4931, 'prec1_conv2': 4.3056, 'prec1_conv3': 5.6042, 'prec1_conv4': 5.1736, 'prec1_conv5': 3.9514, 'loss': 49.0024, 'load_time': 36.6657, 'process_time': 63.3343}
[2020-11-20 17:29:01] INFO: ==> Iteration [  1][  76 /  521]: {'prec1_conv1': 3.5362, 'prec1_conv2': 4.4065, 'prec1_conv3': 5.6675, 'prec1_conv4': 5.2632, 'prec1_conv5': 4.0707, 'loss': 48.8304, 'load_time': 36.6628, 'process_time': 63.3372}
[2020-11-20 17:29:02] INFO: ==> Iteration [  1][  77 /  521]: {'prec1_conv1': 3.5308, 'prec1_conv2': 4.3899, 'prec1_conv3': 5.6953, 'prec1_conv4': 5.2895, 'prec1_conv5': 4.1126, 'loss': 48.7243, 'load_time': 36.6738, 'process_time': 63.3262}
[2020-11-20 17:29:02] INFO: ==> Iteration [  1][  78 /  521]: {'prec1_conv1': 3.5524, 'prec1_conv2': 4.4471, 'prec1_conv3': 5.7959, 'prec1_conv4': 5.3686, 'prec1_conv5': 4.1934, 'loss': 48.5754, 'load_time': 36.6782, 'process_time': 63.3218}
[2020-11-20 17:29:02] INFO: ==> Iteration [  1][  79 /  521]: {'prec1_conv1': 3.5403, 'prec1_conv2': 4.4765, 'prec1_conv3': 5.8215, 'prec1_conv4': 5.4325, 'prec1_conv5': 4.193, 'loss': 48.4596, 'load_time': 36.6867, 'process_time': 63.3133}
[2020-11-20 17:29:02] INFO: ==> Iteration [  1][  80 /  521]: {'prec1_conv1': 3.5872, 'prec1_conv2': 4.5833, 'prec1_conv3': 5.8659, 'prec1_conv4': 5.5078, 'prec1_conv5': 4.2839, 'loss': 48.3342, 'load_time': 36.6909, 'process_time': 63.3091}
[2020-11-20 17:29:02] INFO: ==> Iteration [  1][  81 /  521]: {'prec1_conv1': 3.6523, 'prec1_conv2': 4.6296, 'prec1_conv3': 5.9092, 'prec1_conv4': 5.5491, 'prec1_conv5': 4.3853, 'loss': 48.1898, 'load_time': 36.6894, 'process_time': 63.3106}
[2020-11-20 17:29:03] INFO: ==> Iteration [  1][  82 /  521]: {'prec1_conv1': 3.6966, 'prec1_conv2': 4.6811, 'prec1_conv3': 5.9959, 'prec1_conv4': 5.564, 'prec1_conv5': 4.4398, 'loss': 48.0502, 'load_time': 36.6929, 'process_time': 63.3071}
[2020-11-20 17:29:03] INFO: ==> Iteration [  1][  83 /  521]: {'prec1_conv1': 3.7274, 'prec1_conv2': 4.7314, 'prec1_conv3': 6.0366, 'prec1_conv4': 5.5848, 'prec1_conv5': 4.4804, 'loss': 47.922, 'load_time': 36.702, 'process_time': 63.298}
[2020-11-20 17:29:03] INFO: ==> Iteration [  1][  84 /  521]: {'prec1_conv1': 3.7264, 'prec1_conv2': 4.7371, 'prec1_conv3': 6.0516, 'prec1_conv4': 5.6176, 'prec1_conv5': 4.5139, 'loss': 47.8261, 'load_time': 36.7082, 'process_time': 63.2918}
[2020-11-20 17:29:03] INFO: ==> Iteration [  1][  85 /  521]: {'prec1_conv1': 3.7745, 'prec1_conv2': 4.7488, 'prec1_conv3': 6.0907, 'prec1_conv4': 5.6863, 'prec1_conv5': 4.5527, 'loss': 47.7146, 'load_time': 36.7134, 'process_time': 63.2866}
[2020-11-20 17:29:03] INFO: ==> Iteration [  1][  86 /  521]: {'prec1_conv1': 3.8336, 'prec1_conv2': 4.7965, 'prec1_conv3': 6.1713, 'prec1_conv4': 5.7473, 'prec1_conv5': 4.5906, 'loss': 47.6017, 'load_time': 36.7236, 'process_time': 63.2764}
[2020-11-20 17:29:04] INFO: ==> Iteration [  1][  87 /  521]: {'prec1_conv1': 3.8374, 'prec1_conv2': 4.8372, 'prec1_conv3': 6.2261, 'prec1_conv4': 5.819, 'prec1_conv5': 4.6157, 'loss': 47.495, 'load_time': 36.7293, 'process_time': 63.2707}
[2020-11-20 17:29:04] INFO: ==> Iteration [  1][  88 /  521]: {'prec1_conv1': 3.8648, 'prec1_conv2': 4.8651, 'prec1_conv3': 6.2737, 'prec1_conv4': 5.889, 'prec1_conv5': 4.6757, 'loss': 47.3783, 'load_time': 36.7331, 'process_time': 63.2669}
[2020-11-20 17:29:04] INFO: ==> Iteration [  1][  89 /  521]: {'prec1_conv1': 3.8858, 'prec1_conv2': 4.9333, 'prec1_conv3': 6.3495, 'prec1_conv4': 5.975, 'prec1_conv5': 4.7402, 'loss': 47.261, 'load_time': 36.7387, 'process_time': 63.2613}
[2020-11-20 17:29:04] INFO: ==> Iteration [  1][  90 /  521]: {'prec1_conv1': 3.8773, 'prec1_conv2': 4.9479, 'prec1_conv3': 6.3715, 'prec1_conv4': 6.0243, 'prec1_conv5': 4.7627, 'loss': 47.174, 'load_time': 36.7445, 'process_time': 63.2555}
[2020-11-20 17:29:04] INFO: ==> Iteration [  1][  91 /  521]: {'prec1_conv1': 3.8862, 'prec1_conv2': 5.008, 'prec1_conv3': 6.4331, 'prec1_conv4': 6.0783, 'prec1_conv5': 4.8306, 'loss': 47.0697, 'load_time': 36.7429, 'process_time': 63.2571}
[2020-11-20 17:29:05] INFO: ==> Iteration [  1][  92 /  521]: {'prec1_conv1': 3.8893, 'prec1_conv2': 5.0272, 'prec1_conv3': 6.4821, 'prec1_conv4': 6.1368, 'prec1_conv5': 4.8687, 'loss': 46.972, 'load_time': 36.7498, 'process_time': 63.2502}
[2020-11-20 17:29:05] INFO: ==> Iteration [  1][  93 /  521]: {'prec1_conv1': 3.9427, 'prec1_conv2': 5.0515, 'prec1_conv3': 6.5076, 'prec1_conv4': 6.1716, 'prec1_conv5': 4.9563, 'loss': 46.8473, 'load_time': 36.7538, 'process_time': 63.2462}
[2020-11-20 17:29:05] INFO: ==> Iteration [  1][  94 /  521]: {'prec1_conv1': 3.9395, 'prec1_conv2': 5.0698, 'prec1_conv3': 6.5658, 'prec1_conv4': 6.1946, 'prec1_conv5': 5.0033, 'loss': 46.7507, 'load_time': 36.7592, 'process_time': 63.2408}
[2020-11-20 17:29:05] INFO: ==> Iteration [  1][  95 /  521]: {'prec1_conv1': 3.9529, 'prec1_conv2': 5.0987, 'prec1_conv3': 6.6338, 'prec1_conv4': 6.239, 'prec1_conv5': 5.0329, 'loss': 46.6504, 'load_time': 36.7655, 'process_time': 63.2345}
[2020-11-20 17:29:06] INFO: ==> Iteration [  1][  96 /  521]: {'prec1_conv1': 3.9714, 'prec1_conv2': 5.1107, 'prec1_conv3': 6.7003, 'prec1_conv4': 6.2771, 'prec1_conv5': 5.0944, 'loss': 46.5538, 'load_time': 36.7642, 'process_time': 63.2358}
[2020-11-20 17:29:06] INFO: ==> Iteration [  1][  97 /  521]: {'prec1_conv1': 4.0002, 'prec1_conv2': 5.1707, 'prec1_conv3': 6.7547, 'prec1_conv4': 6.3359, 'prec1_conv5': 5.16, 'loss': 46.4622, 'load_time': 36.7665, 'process_time': 63.2335}
[2020-11-20 17:29:06] INFO: ==> Iteration [  1][  98 /  521]: {'prec1_conv1': 4.0285, 'prec1_conv2': 5.203, 'prec1_conv3': 6.8027, 'prec1_conv4': 6.3776, 'prec1_conv5': 5.1871, 'loss': 46.3576, 'load_time': 36.769, 'process_time': 63.231}
[2020-11-20 17:29:06] INFO: ==> Iteration [  1][  99 /  521]: {'prec1_conv1': 4.0509, 'prec1_conv2': 5.2294, 'prec1_conv3': 6.8761, 'prec1_conv4': 6.4078, 'prec1_conv5': 5.2399, 'loss': 46.2554, 'load_time': 36.7734, 'process_time': 63.2266}
[2020-11-20 17:29:06] INFO: ==> Iteration [  1][ 100 /  521]: {'prec1_conv1': 4.0937, 'prec1_conv2': 5.25, 'prec1_conv3': 6.9062, 'prec1_conv4': 6.4167, 'prec1_conv5': 5.2604, 'loss': 46.15, 'load_time': 36.7764, 'process_time': 63.2236}
[2020-11-20 17:29:07] INFO: ==> Iteration [  1][ 101 /  521]: {'prec1_conv1': 4.1048, 'prec1_conv2': 5.2651, 'prec1_conv3': 6.941, 'prec1_conv4': 6.4614, 'prec1_conv5': 5.2857, 'loss': 46.0692, 'load_time': 36.7819, 'process_time': 63.2181}
[2020-11-20 17:29:07] INFO: ==> Iteration [  1][ 102 /  521]: {'prec1_conv1': 4.1003, 'prec1_conv2': 5.29, 'prec1_conv3': 6.9853, 'prec1_conv4': 6.4645, 'prec1_conv5': 5.3054, 'loss': 45.9943, 'load_time': 36.7856, 'process_time': 63.2144}
[2020-11-20 17:29:07] INFO: ==> Iteration [  1][ 103 /  521]: {'prec1_conv1': 4.1212, 'prec1_conv2': 5.3449, 'prec1_conv3': 7.0237, 'prec1_conv4': 6.5129, 'prec1_conv5': 5.3449, 'loss': 45.8959, 'load_time': 36.7847, 'process_time': 63.2153}
[2020-11-20 17:29:07] INFO: ==> Iteration [  1][ 104 /  521]: {'prec1_conv1': 4.1567, 'prec1_conv2': 5.3786, 'prec1_conv3': 7.0713, 'prec1_conv4': 6.5605, 'prec1_conv5': 5.3936, 'loss': 45.8042, 'load_time': 36.7887, 'process_time': 63.2113}
[2020-11-20 17:29:07] INFO: ==> Iteration [  1][ 105 /  521]: {'prec1_conv1': 4.2063, 'prec1_conv2': 5.4415, 'prec1_conv3': 7.1329, 'prec1_conv4': 6.6468, 'prec1_conv5': 5.4464, 'loss': 45.7014, 'load_time': 36.7936, 'process_time': 63.2064}
[2020-11-20 17:29:08] INFO: ==> Iteration [  1][ 106 /  521]: {'prec1_conv1': 4.2551, 'prec1_conv2': 5.4982, 'prec1_conv3': 7.1836, 'prec1_conv4': 6.7315, 'prec1_conv5': 5.5081, 'loss': 45.5858, 'load_time': 36.8011, 'process_time': 63.1989}
[2020-11-20 17:29:08] INFO: ==> Iteration [  1][ 107 /  521]: {'prec1_conv1': 4.2884, 'prec1_conv2': 5.5393, 'prec1_conv3': 7.2284, 'prec1_conv4': 6.8, 'prec1_conv5': 5.5637, 'loss': 45.4998, 'load_time': 36.795, 'process_time': 63.205}
[2020-11-20 17:29:08] INFO: ==> Iteration [  1][ 108 /  521]: {'prec1_conv1': 4.2969, 'prec1_conv2': 5.5652, 'prec1_conv3': 7.2579, 'prec1_conv4': 6.8239, 'prec1_conv5': 5.599, 'loss': 45.4175, 'load_time': 36.7979, 'process_time': 63.2021}
[2020-11-20 17:29:08] INFO: ==> Iteration [  1][ 109 /  521]: {'prec1_conv1': 4.3196, 'prec1_conv2': 5.6049, 'prec1_conv3': 7.2917, 'prec1_conv4': 6.8664, 'prec1_conv5': 5.6432, 'loss': 45.3288, 'load_time': 36.7977, 'process_time': 63.2023}
[2020-11-20 17:29:08] INFO: ==> Iteration [  1][ 110 /  521]: {'prec1_conv1': 4.3655, 'prec1_conv2': 5.6487, 'prec1_conv3': 7.3769, 'prec1_conv4': 6.9176, 'prec1_conv5': 5.7528, 'loss': 45.2135, 'load_time': 36.8018, 'process_time': 63.1982}
[2020-11-20 17:29:09] INFO: ==> Iteration [  1][ 111 /  521]: {'prec1_conv1': 4.3919, 'prec1_conv2': 5.7104, 'prec1_conv3': 7.4465, 'prec1_conv4': 6.9961, 'prec1_conv5': 5.7995, 'loss': 45.11, 'load_time': 36.8085, 'process_time': 63.1915}
