[2020-11-20 14:42:14] INFO: Algorithm options {'data_train_opt': {'batch_size': 128, 'unsupervised': True, 'random_sized_crop': False, 'dataset_name': 'tiny-imagenet', 'split': 'train'}, 'data_test_opt': {'batch_size': 128, 'unsupervised': True, 'random_sized_crop': False, 'dataset_name': 'tiny-imagenet', 'split': 'val'}, 'max_num_epochs': 25, 'networks': {'feature': {'def_file': 'architectures/AlexNetFeature.py', 'pretrained': None, 'opt': {}, 'optim_params': {'optim_type': 'sgd', 'lr': 0.1, 'momentum': 0.9, 'weight_decay': 0.0005, 'nesterov': True, 'LUT_lr': [(90, 0.01), (130, 0.001), (190, 0.0001), (210, 1e-05), (230, 0.0001), (245, 1e-05)]}}, 'classifier': {'def_file': 'architectures/AlexNetClassifier.py', 'pretrained': None, 'opt': {'num_classes': 24}, 'optim_params': {'optim_type': 'sgd', 'lr': 0.1, 'momentum': 0.9, 'weight_decay': 0.0005, 'nesterov': True, 'LUT_lr': [(90, 0.01), (130, 0.001), (190, 0.0001), (210, 1e-05), (230, 0.0001), (245, 1e-05)]}}, 'norm': {'def_file': 'architectures/LinearTransformationNorm.py', 'pretrained': None, 'opt': {'low_dim': 128, 'num_feat': 2048}, 'optim_params': {'optim_type': 'sgd', 'lr': 0.1, 'momentum': 0.9, 'weight_decay': 0.0005, 'nesterov': True, 'LUT_lr': [(90, 0.01), (130, 0.001), (190, 0.0001), (210, 1e-05), (230, 0.0001), (245, 1e-05)]}}}, 'criterions': {'loss_cls': {'ctype': 'CrossEntropyLoss', 'opt': {'reduce': False}}, 'loss_mse': {'ctype': 'MSELoss', 'opt': None}, 'nce_average': {'ctype': 'NCEAverage', 'opt': {'def_file': 'architectures/NCEAverage.py', 'net_opt': {'low_dim': 128, 'ndata': 100000, 'nce_k': 4096, 'nce_t': 0.07, 'nce_m': 0.5}}}, 'nce_criterion': {'ctype': 'NCECriterion', 'opt': {'def_file': 'architectures/NCECriterion.py', 'net_opt': {'ndata': 100000}}}}, 'lambda_loss': {'cls': 1.0, 'mse': 1.0, 'nce': 1.0}, 'gama': 2, 'algorithm_type': 'DecouplingColorModel', 'exp_dir': '../_experiments/TinyImageNet_DecouplingColor_AlexNet', 'disp_step': 1}
[2020-11-20 14:42:14] INFO: Set network feature
[2020-11-20 14:42:14] INFO: ==> Initiliaze network feature from file architectures/AlexNetFeature.py with opts: {}
[2020-11-20 14:42:15] INFO: Set network classifier
[2020-11-20 14:42:15] INFO: ==> Initiliaze network classifier from file architectures/AlexNetClassifier.py with opts: {'num_classes': 24}
[2020-11-20 14:42:15] INFO: Set network norm
[2020-11-20 14:42:15] INFO: ==> Initiliaze network norm from file architectures/LinearTransformationNorm.py with opts: {'low_dim': 128, 'num_feat': 2048}
[2020-11-20 14:42:15] INFO: Initialize criterion[loss_cls]: CrossEntropyLoss with options: {'reduce': False}
[2020-11-20 14:42:15] INFO: Initialize criterion[loss_mse]: MSELoss with options: None
[2020-11-20 14:42:15] INFO: Initialize criterion[nce_average]: NCEAverage with options: {'def_file': 'architectures/NCEAverage.py', 'net_opt': {'low_dim': 128, 'ndata': 100000, 'nce_k': 4096, 'nce_t': 0.07, 'nce_m': 0.5}}
[2020-11-20 14:42:16] INFO: Initialize criterion[nce_criterion]: NCECriterion with options: {'def_file': 'architectures/NCECriterion.py', 'net_opt': {'ndata': 100000}}
[2020-11-20 14:42:16] INFO: ==> Initiliaze network NCECriterion from file architectures/NCECriterion.py with opts: {'ndata': 100000}
[2020-11-20 14:42:22] INFO: Initialize optimizer: sgd with params: {'optim_type': 'sgd', 'lr': 0.1, 'momentum': 0.9, 'weight_decay': 0.0005, 'nesterov': True, 'LUT_lr': [(90, 0.01), (130, 0.001), (190, 0.0001), (210, 1e-05), (230, 0.0001), (245, 1e-05)]} for network: feature
[2020-11-20 14:42:22] INFO: Initialize optimizer: sgd with params: {'optim_type': 'sgd', 'lr': 0.1, 'momentum': 0.9, 'weight_decay': 0.0005, 'nesterov': True, 'LUT_lr': [(90, 0.01), (130, 0.001), (190, 0.0001), (210, 1e-05), (230, 0.0001), (245, 1e-05)]} for network: classifier
[2020-11-20 14:42:22] INFO: Initialize optimizer: sgd with params: {'optim_type': 'sgd', 'lr': 0.1, 'momentum': 0.9, 'weight_decay': 0.0005, 'nesterov': True, 'LUT_lr': [(90, 0.01), (130, 0.001), (190, 0.0001), (210, 1e-05), (230, 0.0001), (245, 1e-05)]} for network: norm
[2020-11-20 14:42:22] INFO: 

[2020-11-20 14:42:22] INFO: Training epoch [  1 /  25]
[2020-11-20 14:42:22] INFO: ==> Set to feature optimizer lr = 0.0100000000
[2020-11-20 14:42:22] INFO: ==> Set to classifier optimizer lr = 0.0100000000
[2020-11-20 14:42:22] INFO: ==> Set to norm optimizer lr = 0.0100000000
[2020-11-20 14:42:22] INFO: Training: TinyImageNet_DecouplingColor_AlexNet
[2020-11-20 14:42:22] INFO: ==> Dataset: tiny-imagenet_train [100000 images]
[2020-11-20 14:42:22] INFO: ==> Iteration steps in one epoch: 782 [batch size 128]
[2020-11-20 14:42:29] INFO: ==> Iteration [  1][   1 /  782]: {'prec_cls': 3.1901, 'loss': 13.4157, 'loss_cls': 3.2098, 'loss_mse': 0.0836, 'loss_nce': 10.1223, 'load_time': 2.2481, 'process_time': 97.7519}
[2020-11-20 14:42:30] INFO: ==> Iteration [  1][   2 /  782]: {'prec_cls': 3.4831, 'loss': 13.4294, 'loss_cls': 3.2055, 'loss_mse': 0.078, 'loss_nce': 10.1458, 'load_time': 12.1188, 'process_time': 87.8812}
[2020-11-20 14:42:31] INFO: ==> Iteration [  1][   3 /  782]: {'prec_cls': 3.9605, 'loss': 13.6377, 'loss_cls': 3.2023, 'loss_mse': 0.0741, 'loss_nce': 10.3612, 'load_time': 18.4737, 'process_time': 81.5263}
[2020-11-20 14:42:31] INFO: ==> Iteration [  1][   4 /  782]: {'prec_cls': 4.2806, 'loss': 13.8223, 'loss_cls': 3.1976, 'loss_mse': 0.0696, 'loss_nce': 10.5551, 'load_time': 23.8635, 'process_time': 76.1365}
[2020-11-20 14:42:32] INFO: ==> Iteration [  1][   5 /  782]: {'prec_cls': 4.4661, 'loss': 13.971, 'loss_cls': 3.1934, 'loss_mse': 0.0649, 'loss_nce': 10.7127, 'load_time': 29.8537, 'process_time': 70.1463}
[2020-11-20 14:42:33] INFO: ==> Iteration [  1][   6 /  782]: {'prec_cls': 4.7418, 'loss': 14.1325, 'loss_cls': 3.1898, 'loss_mse': 0.061, 'loss_nce': 10.8816, 'load_time': 34.8553, 'process_time': 65.1447}
[2020-11-20 14:42:34] INFO: ==> Iteration [  1][   7 /  782]: {'prec_cls': 4.8921, 'loss': 14.3225, 'loss_cls': 3.1857, 'loss_mse': 0.0575, 'loss_nce': 11.0793, 'load_time': 38.4004, 'process_time': 61.5996}
[2020-11-20 14:42:34] INFO: ==> Iteration [  1][   8 /  782]: {'prec_cls': 5.0212, 'loss': 14.5281, 'loss_cls': 3.1831, 'loss_mse': 0.0547, 'loss_nce': 11.2903, 'load_time': 41.0998, 'process_time': 58.9002}
[2020-11-20 14:42:35] INFO: ==> Iteration [  1][   9 /  782]: {'prec_cls': 5.2554, 'loss': 14.7589, 'loss_cls': 3.177, 'loss_mse': 0.0518, 'loss_nce': 11.5301, 'load_time': 43.1926, 'process_time': 56.8074}
[2020-11-20 14:42:36] INFO: ==> Iteration [  1][  10 /  782]: {'prec_cls': 5.2539, 'loss': 14.9513, 'loss_cls': 3.1752, 'loss_mse': 0.0495, 'loss_nce': 11.7265, 'load_time': 45.0442, 'process_time': 54.9558}
[2020-11-20 14:42:37] INFO: ==> Iteration [  1][  11 /  782]: {'prec_cls': 5.4392, 'loss': 15.154, 'loss_cls': 3.1686, 'loss_mse': 0.0471, 'loss_nce': 11.9384, 'load_time': 46.5671, 'process_time': 53.4329}
[2020-11-20 14:42:38] INFO: ==> Iteration [  1][  12 /  782]: {'prec_cls': 5.5827, 'loss': 15.3305, 'loss_cls': 3.163, 'loss_mse': 0.0448, 'loss_nce': 12.1227, 'load_time': 47.8117, 'process_time': 52.1883}
[2020-11-20 14:42:39] INFO: ==> Iteration [  1][  13 /  782]: {'prec_cls': 5.6641, 'loss': 15.5504, 'loss_cls': 3.159, 'loss_mse': 0.0426, 'loss_nce': 12.3488, 'load_time': 48.7439, 'process_time': 51.2561}
[2020-11-20 14:42:39] INFO: ==> Iteration [  1][  14 /  782]: {'prec_cls': 5.7896, 'loss': 15.7652, 'loss_cls': 3.1564, 'loss_mse': 0.0407, 'loss_nce': 12.5681, 'load_time': 49.5358, 'process_time': 50.4642}
[2020-11-20 14:42:40] INFO: ==> Iteration [  1][  15 /  782]: {'prec_cls': 5.8529, 'loss': 15.982, 'loss_cls': 3.1542, 'loss_mse': 0.0388, 'loss_nce': 12.789, 'load_time': 50.2296, 'process_time': 49.7704}
[2020-11-20 14:42:41] INFO: ==> Iteration [  1][  16 /  782]: {'prec_cls': 5.953, 'loss': 16.1607, 'loss_cls': 3.1509, 'loss_mse': 0.037, 'loss_nce': 12.9727, 'load_time': 50.8451, 'process_time': 49.1549}
[2020-11-20 14:42:42] INFO: ==> Iteration [  1][  17 /  782]: {'prec_cls': 6.0298, 'loss': 16.3309, 'loss_cls': 3.1486, 'loss_mse': 0.0355, 'loss_nce': 13.1468, 'load_time': 51.4462, 'process_time': 48.5538}
[2020-11-20 14:42:43] INFO: ==> Iteration [  1][  18 /  782]: {'prec_cls': 6.1089, 'loss': 16.5448, 'loss_cls': 3.1453, 'loss_mse': 0.034, 'loss_nce': 13.3655, 'load_time': 51.997, 'process_time': 48.003}
[2020-11-20 14:42:43] INFO: ==> Iteration [  1][  19 /  782]: {'prec_cls': 6.1472, 'loss': 16.7414, 'loss_cls': 3.141, 'loss_mse': 0.0327, 'loss_nce': 13.5678, 'load_time': 52.5141, 'process_time': 47.4859}
[2020-11-20 14:42:44] INFO: ==> Iteration [  1][  20 /  782]: {'prec_cls': 6.1377, 'loss': 16.9483, 'loss_cls': 3.1421, 'loss_mse': 0.0314, 'loss_nce': 13.7749, 'load_time': 52.8881, 'process_time': 47.1119}
[2020-11-20 14:42:45] INFO: ==> Iteration [  1][  21 /  782]: {'prec_cls': 6.157, 'loss': 17.1246, 'loss_cls': 3.1414, 'loss_mse': 0.0303, 'loss_nce': 13.9529, 'load_time': 53.2072, 'process_time': 46.7928}
[2020-11-20 14:42:46] INFO: ==> Iteration [  1][  22 /  782]: {'prec_cls': 6.3166, 'loss': 17.271, 'loss_cls': 3.1363, 'loss_mse': 0.0295, 'loss_nce': 14.1052, 'load_time': 53.5899, 'process_time': 46.4101}
[2020-11-20 14:42:46] INFO: ==> Iteration [  1][  23 /  782]: {'prec_cls': 6.3604, 'loss': 17.4367, 'loss_cls': 3.1333, 'loss_mse': 0.0285, 'loss_nce': 14.2749, 'load_time': 53.8439, 'process_time': 46.1561}
[2020-11-20 14:42:47] INFO: ==> Iteration [  1][  24 /  782]: {'prec_cls': 6.3639, 'loss': 17.5905, 'loss_cls': 3.1319, 'loss_mse': 0.0275, 'loss_nce': 14.4311, 'load_time': 54.1727, 'process_time': 45.8273}
[2020-11-20 14:42:48] INFO: ==> Iteration [  1][  25 /  782]: {'prec_cls': 6.3451, 'loss': 17.7581, 'loss_cls': 3.1324, 'loss_mse': 0.0265, 'loss_nce': 14.5991, 'load_time': 54.4728, 'process_time': 45.5272}
[2020-11-20 14:42:49] INFO: ==> Iteration [  1][  26 /  782]: {'prec_cls': 6.3602, 'loss': 17.9085, 'loss_cls': 3.1321, 'loss_mse': 0.0257, 'loss_nce': 14.7508, 'load_time': 54.6855, 'process_time': 45.3145}
[2020-11-20 14:42:50] INFO: ==> Iteration [  1][  27 /  782]: {'prec_cls': 6.3465, 'loss': 18.0665, 'loss_cls': 3.1326, 'loss_mse': 0.0249, 'loss_nce': 14.909, 'load_time': 54.8762, 'process_time': 45.1238}
[2020-11-20 14:42:51] INFO: ==> Iteration [  1][  28 /  782]: {'prec_cls': 6.3337, 'loss': 18.2116, 'loss_cls': 3.1317, 'loss_mse': 0.0241, 'loss_nce': 15.0558, 'load_time': 55.1241, 'process_time': 44.8759}
[2020-11-20 14:42:51] INFO: ==> Iteration [  1][  29 /  782]: {'prec_cls': 6.2983, 'loss': 18.3776, 'loss_cls': 3.1321, 'loss_mse': 0.0233, 'loss_nce': 15.2222, 'load_time': 55.2974, 'process_time': 44.7026}
[2020-11-20 14:42:52] INFO: ==> Iteration [  1][  30 /  782]: {'prec_cls': 6.3194, 'loss': 18.5329, 'loss_cls': 3.1305, 'loss_mse': 0.0227, 'loss_nce': 15.3797, 'load_time': 55.4735, 'process_time': 44.5265}
[2020-11-20 14:42:53] INFO: ==> Iteration [  1][  31 /  782]: {'prec_cls': 6.2962, 'loss': 18.6783, 'loss_cls': 3.1312, 'loss_mse': 0.0221, 'loss_nce': 15.5251, 'load_time': 55.6201, 'process_time': 44.3799}
[2020-11-20 14:42:54] INFO: ==> Iteration [  1][  32 /  782]: {'prec_cls': 6.2744, 'loss': 18.8308, 'loss_cls': 3.1312, 'loss_mse': 0.0217, 'loss_nce': 15.6779, 'load_time': 55.7577, 'process_time': 44.2423}
[2020-11-20 14:42:54] INFO: ==> Iteration [  1][  33 /  782]: {'prec_cls': 6.2766, 'loss': 18.9649, 'loss_cls': 3.1313, 'loss_mse': 0.0212, 'loss_nce': 15.8124, 'load_time': 55.9394, 'process_time': 44.0606}
[2020-11-20 14:42:55] INFO: ==> Iteration [  1][  34 /  782]: {'prec_cls': 6.2787, 'loss': 19.093, 'loss_cls': 3.1315, 'loss_mse': 0.0206, 'loss_nce': 15.9408, 'load_time': 56.1126, 'process_time': 43.8874}
[2020-11-20 14:42:56] INFO: ==> Iteration [  1][  35 /  782]: {'prec_cls': 6.3132, 'loss': 19.2161, 'loss_cls': 3.1301, 'loss_mse': 0.0206, 'loss_nce': 16.0654, 'load_time': 56.2757, 'process_time': 43.7243}
[2020-11-20 14:42:57] INFO: ==> Iteration [  1][  36 /  782]: {'prec_cls': 6.3513, 'loss': 19.3346, 'loss_cls': 3.1279, 'loss_mse': 0.0203, 'loss_nce': 16.1864, 'load_time': 56.431, 'process_time': 43.569}
[2020-11-20 14:42:58] INFO: ==> Iteration [  1][  37 /  782]: {'prec_cls': 6.3547, 'loss': 19.4462, 'loss_cls': 3.1278, 'loss_mse': 0.0202, 'loss_nce': 16.2982, 'load_time': 56.5786, 'process_time': 43.4214}
[2020-11-20 14:42:59] INFO: ==> Iteration [  1][  38 /  782]: {'prec_cls': 6.3519, 'loss': 19.5551, 'loss_cls': 3.1281, 'loss_mse': 0.0199, 'loss_nce': 16.407, 'load_time': 56.7157, 'process_time': 43.2843}
[2020-11-20 14:42:59] INFO: ==> Iteration [  1][  39 /  782]: {'prec_cls': 6.3426, 'loss': 19.6494, 'loss_cls': 3.1284, 'loss_mse': 0.0196, 'loss_nce': 16.5014, 'load_time': 56.8497, 'process_time': 43.1503}
[2020-11-20 14:43:00] INFO: ==> Iteration [  1][  40 /  782]: {'prec_cls': 6.3615, 'loss': 19.7151, 'loss_cls': 3.1273, 'loss_mse': 0.0192, 'loss_nce': 16.5686, 'load_time': 56.9749, 'process_time': 43.0251}
[2020-11-20 14:43:01] INFO: ==> Iteration [  1][  41 /  782]: {'prec_cls': 6.3469, 'loss': 19.7847, 'loss_cls': 3.1281, 'loss_mse': 0.0188, 'loss_nce': 16.6377, 'load_time': 57.0922, 'process_time': 42.9078}
[2020-11-20 14:43:02] INFO: ==> Iteration [  1][  42 /  782]: {'prec_cls': 6.3725, 'loss': 19.8467, 'loss_cls': 3.1275, 'loss_mse': 0.0184, 'loss_nce': 16.7008, 'load_time': 57.1596, 'process_time': 42.8404}
[2020-11-20 14:43:03] INFO: ==> Iteration [  1][  43 /  782]: {'prec_cls': 6.3931, 'loss': 19.8998, 'loss_cls': 3.1265, 'loss_mse': 0.0181, 'loss_nce': 16.7552, 'load_time': 57.2685, 'process_time': 42.7315}
[2020-11-20 14:43:03] INFO: ==> Iteration [  1][  44 /  782]: {'prec_cls': 6.4091, 'loss': 19.9611, 'loss_cls': 3.1262, 'loss_mse': 0.0177, 'loss_nce': 16.8172, 'load_time': 57.3724, 'process_time': 42.6276}
[2020-11-20 14:43:04] INFO: ==> Iteration [  1][  45 /  782]: {'prec_cls': 6.3947, 'loss': 20.0202, 'loss_cls': 3.1262, 'loss_mse': 0.0173, 'loss_nce': 16.8767, 'load_time': 57.472, 'process_time': 42.528}
[2020-11-20 14:43:05] INFO: ==> Iteration [  1][  46 /  782]: {'prec_cls': 6.3915, 'loss': 20.0847, 'loss_cls': 3.1262, 'loss_mse': 0.0171, 'loss_nce': 16.9414, 'load_time': 57.5639, 'process_time': 42.4361}
[2020-11-20 14:43:06] INFO: ==> Iteration [  1][  47 /  782]: {'prec_cls': 6.3857, 'loss': 20.1445, 'loss_cls': 3.1259, 'loss_mse': 0.0171, 'loss_nce': 17.0015, 'load_time': 57.6498, 'process_time': 42.3502}
[2020-11-20 14:43:07] INFO: ==> Iteration [  1][  48 /  782]: {'prec_cls': 6.389, 'loss': 20.1955, 'loss_cls': 3.1254, 'loss_mse': 0.0168, 'loss_nce': 17.0533, 'load_time': 57.7339, 'process_time': 42.2661}
[2020-11-20 14:43:08] INFO: ==> Iteration [  1][  49 /  782]: {'prec_cls': 6.3928, 'loss': 20.2552, 'loss_cls': 3.1253, 'loss_mse': 0.0165, 'loss_nce': 17.1134, 'load_time': 57.8164, 'process_time': 42.1836}
[2020-11-20 14:43:08] INFO: ==> Iteration [  1][  50 /  782]: {'prec_cls': 6.3789, 'loss': 20.3137, 'loss_cls': 3.1266, 'loss_mse': 0.0162, 'loss_nce': 17.1709, 'load_time': 57.894, 'process_time': 42.106}
[2020-11-20 14:43:09] INFO: ==> Iteration [  1][  51 /  782]: {'prec_cls': 6.3866, 'loss': 20.3753, 'loss_cls': 3.126, 'loss_mse': 0.0159, 'loss_nce': 17.2334, 'load_time': 57.9717, 'process_time': 42.0283}
[2020-11-20 14:43:10] INFO: ==> Iteration [  1][  52 /  782]: {'prec_cls': 6.3877, 'loss': 20.4116, 'loss_cls': 3.1258, 'loss_mse': 0.0156, 'loss_nce': 17.2702, 'load_time': 58.0461, 'process_time': 41.9539}
[2020-11-20 14:43:11] INFO: ==> Iteration [  1][  53 /  782]: {'prec_cls': 6.3802, 'loss': 20.4525, 'loss_cls': 3.1258, 'loss_mse': 0.0154, 'loss_nce': 17.3114, 'load_time': 58.1156, 'process_time': 41.8844}
[2020-11-20 14:43:12] INFO: ==> Iteration [  1][  54 /  782]: {'prec_cls': 6.3862, 'loss': 20.4959, 'loss_cls': 3.1259, 'loss_mse': 0.0151, 'loss_nce': 17.3549, 'load_time': 58.1819, 'process_time': 41.8181}
[2020-11-20 14:43:13] INFO: ==> Iteration [  1][  55 /  782]: {'prec_cls': 6.4062, 'loss': 20.5285, 'loss_cls': 3.1248, 'loss_mse': 0.0148, 'loss_nce': 17.3888, 'load_time': 58.2486, 'process_time': 41.7514}
[2020-11-20 14:43:13] INFO: ==> Iteration [  1][  56 /  782]: {'prec_cls': 6.4116, 'loss': 20.5842, 'loss_cls': 3.1247, 'loss_mse': 0.0146, 'loss_nce': 17.4449, 'load_time': 58.3121, 'process_time': 41.6879}
[2020-11-20 14:43:14] INFO: ==> Iteration [  1][  57 /  782]: {'prec_cls': 6.4225, 'loss': 20.6076, 'loss_cls': 3.124, 'loss_mse': 0.0144, 'loss_nce': 17.4693, 'load_time': 58.3748, 'process_time': 41.6252}
[2020-11-20 14:43:15] INFO: ==> Iteration [  1][  58 /  782]: {'prec_cls': 6.4318, 'loss': 20.6211, 'loss_cls': 3.1235, 'loss_mse': 0.0141, 'loss_nce': 17.4834, 'load_time': 58.4339, 'process_time': 41.5661}
[2020-11-20 14:43:16] INFO: ==> Iteration [  1][  59 /  782]: {'prec_cls': 6.4354, 'loss': 20.6336, 'loss_cls': 3.1236, 'loss_mse': 0.0139, 'loss_nce': 17.4962, 'load_time': 58.4904, 'process_time': 41.5096}
[2020-11-20 14:43:17] INFO: ==> Iteration [  1][  60 /  782]: {'prec_cls': 6.4426, 'loss': 20.6479, 'loss_cls': 3.1234, 'loss_mse': 0.0137, 'loss_nce': 17.5108, 'load_time': 58.5461, 'process_time': 41.4539}
[2020-11-20 14:43:17] INFO: ==> Iteration [  1][  61 /  782]: {'prec_cls': 6.4549, 'loss': 20.6735, 'loss_cls': 3.1231, 'loss_mse': 0.0135, 'loss_nce': 17.537, 'load_time': 58.5998, 'process_time': 41.4002}
[2020-11-20 14:43:18] INFO: ==> Iteration [  1][  62 /  782]: {'prec_cls': 6.4684, 'loss': 20.7022, 'loss_cls': 3.1223, 'loss_mse': 0.0133, 'loss_nce': 17.5666, 'load_time': 58.6519, 'process_time': 41.3481}
[2020-11-20 14:43:19] INFO: ==> Iteration [  1][  63 /  782]: {'prec_cls': 6.4655, 'loss': 20.729, 'loss_cls': 3.1225, 'loss_mse': 0.0131, 'loss_nce': 17.5934, 'load_time': 58.7011, 'process_time': 41.2989}
[2020-11-20 14:43:20] INFO: ==> Iteration [  1][  64 /  782]: {'prec_cls': 6.4519, 'loss': 20.7513, 'loss_cls': 3.1231, 'loss_mse': 0.0129, 'loss_nce': 17.6153, 'load_time': 58.7477, 'process_time': 41.2523}
[2020-11-20 14:43:21] INFO: ==> Iteration [  1][  65 /  782]: {'prec_cls': 6.4573, 'loss': 20.7713, 'loss_cls': 3.1228, 'loss_mse': 0.0127, 'loss_nce': 17.6358, 'load_time': 58.7958, 'process_time': 41.2042}
[2020-11-20 14:43:22] INFO: ==> Iteration [  1][  66 /  782]: {'prec_cls': 6.4606, 'loss': 20.7946, 'loss_cls': 3.1225, 'loss_mse': 0.0125, 'loss_nce': 17.6596, 'load_time': 58.8392, 'process_time': 41.1608}
[2020-11-20 14:43:22] INFO: ==> Iteration [  1][  67 /  782]: {'prec_cls': 6.4511, 'loss': 20.8086, 'loss_cls': 3.1231, 'loss_mse': 0.0124, 'loss_nce': 17.6732, 'load_time': 58.8829, 'process_time': 41.1171}
[2020-11-20 14:43:23] INFO: ==> Iteration [  1][  68 /  782]: {'prec_cls': 6.4477, 'loss': 20.8263, 'loss_cls': 3.1231, 'loss_mse': 0.0122, 'loss_nce': 17.691, 'load_time': 58.9256, 'process_time': 41.0744}
[2020-11-20 14:43:24] INFO: ==> Iteration [  1][  69 /  782]: {'prec_cls': 6.4382, 'loss': 20.8527, 'loss_cls': 3.1235, 'loss_mse': 0.012, 'loss_nce': 17.7172, 'load_time': 58.9655, 'process_time': 41.0345}
[2020-11-20 14:43:25] INFO: ==> Iteration [  1][  70 /  782]: {'prec_cls': 6.4467, 'loss': 20.8671, 'loss_cls': 3.1233, 'loss_mse': 0.0119, 'loss_nce': 17.732, 'load_time': 59.0054, 'process_time': 40.9946}
[2020-11-20 14:43:26] INFO: ==> Iteration [  1][  71 /  782]: {'prec_cls': 6.4435, 'loss': 20.8833, 'loss_cls': 3.1234, 'loss_mse': 0.0117, 'loss_nce': 17.7482, 'load_time': 59.045, 'process_time': 40.955}
[2020-11-20 14:43:27] INFO: ==> Iteration [  1][  72 /  782]: {'prec_cls': 6.4426, 'loss': 20.8897, 'loss_cls': 3.1234, 'loss_mse': 0.0116, 'loss_nce': 17.7547, 'load_time': 59.0811, 'process_time': 40.9189}
[2020-11-20 14:43:27] INFO: ==> Iteration [  1][  73 /  782]: {'prec_cls': 6.4395, 'loss': 20.8905, 'loss_cls': 3.1233, 'loss_mse': 0.0114, 'loss_nce': 17.7558, 'load_time': 59.1182, 'process_time': 40.8818}
[2020-11-20 14:43:28] INFO: ==> Iteration [  1][  74 /  782]: {'prec_cls': 6.4383, 'loss': 20.8915, 'loss_cls': 3.1228, 'loss_mse': 0.0113, 'loss_nce': 17.7575, 'load_time': 59.1254, 'process_time': 40.8746}
[2020-11-20 14:43:29] INFO: ==> Iteration [  1][  75 /  782]: {'prec_cls': 6.4514, 'loss': 20.8964, 'loss_cls': 3.122, 'loss_mse': 0.0112, 'loss_nce': 17.7632, 'load_time': 59.1606, 'process_time': 40.8394}
[2020-11-20 14:43:30] INFO: ==> Iteration [  1][  76 /  782]: {'prec_cls': 6.45, 'loss': 20.8935, 'loss_cls': 3.1222, 'loss_mse': 0.011, 'loss_nce': 17.7602, 'load_time': 59.1953, 'process_time': 40.8047}
[2020-11-20 14:43:31] INFO: ==> Iteration [  1][  77 /  782]: {'prec_cls': 6.4521, 'loss': 20.8882, 'loss_cls': 3.122, 'loss_mse': 0.0109, 'loss_nce': 17.7553, 'load_time': 59.206, 'process_time': 40.794}
[2020-11-20 14:43:31] INFO: ==> Iteration [  1][  78 /  782]: {'prec_cls': 6.4537, 'loss': 20.8831, 'loss_cls': 3.1218, 'loss_mse': 0.0108, 'loss_nce': 17.7505, 'load_time': 59.2406, 'process_time': 40.7594}
[2020-11-20 14:43:32] INFO: ==> Iteration [  1][  79 /  782]: {'prec_cls': 6.4358, 'loss': 20.8834, 'loss_cls': 3.122, 'loss_mse': 0.0106, 'loss_nce': 17.7508, 'load_time': 59.2504, 'process_time': 40.7496}
[2020-11-20 14:43:33] INFO: ==> Iteration [  1][  80 /  782]: {'prec_cls': 6.4323, 'loss': 20.8893, 'loss_cls': 3.1218, 'loss_mse': 0.0105, 'loss_nce': 17.757, 'load_time': 59.2817, 'process_time': 40.7183}
[2020-11-20 14:43:34] INFO: ==> Iteration [  1][  81 /  782]: {'prec_cls': 6.4349, 'loss': 20.8918, 'loss_cls': 3.1216, 'loss_mse': 0.0104, 'loss_nce': 17.7598, 'load_time': 59.2885, 'process_time': 40.7115}
[2020-11-20 14:43:35] INFO: ==> Iteration [  1][  82 /  782]: {'prec_cls': 6.4425, 'loss': 20.8998, 'loss_cls': 3.1214, 'loss_mse': 0.0103, 'loss_nce': 17.7681, 'load_time': 59.3218, 'process_time': 40.6782}
[2020-11-20 14:43:35] INFO: ==> Iteration [  1][  83 /  782]: {'prec_cls': 6.461, 'loss': 20.9042, 'loss_cls': 3.1208, 'loss_mse': 0.0102, 'loss_nce': 17.7733, 'load_time': 59.3536, 'process_time': 40.6464}
[2020-11-20 14:43:36] INFO: ==> Iteration [  1][  84 /  782]: {'prec_cls': 6.4476, 'loss': 20.9323, 'loss_cls': 3.1216, 'loss_mse': 0.0101, 'loss_nce': 17.8007, 'load_time': 59.3632, 'process_time': 40.6368}
[2020-11-20 14:43:37] INFO: ==> Iteration [  1][  85 /  782]: {'prec_cls': 6.4522, 'loss': 20.9426, 'loss_cls': 3.1215, 'loss_mse': 0.01, 'loss_nce': 17.8111, 'load_time': 59.3904, 'process_time': 40.6096}
[2020-11-20 14:43:38] INFO: ==> Iteration [  1][  86 /  782]: {'prec_cls': 6.4555, 'loss': 20.9597, 'loss_cls': 3.1212, 'loss_mse': 0.0099, 'loss_nce': 17.8286, 'load_time': 59.3959, 'process_time': 40.6041}
[2020-11-20 14:43:39] INFO: ==> Iteration [  1][  87 /  782]: {'prec_cls': 6.4685, 'loss': 20.9793, 'loss_cls': 3.1206, 'loss_mse': 0.0098, 'loss_nce': 17.8489, 'load_time': 59.4025, 'process_time': 40.5975}
[2020-11-20 14:43:39] INFO: ==> Iteration [  1][  88 /  782]: {'prec_cls': 6.4727, 'loss': 21.0009, 'loss_cls': 3.1203, 'loss_mse': 0.0097, 'loss_nce': 17.871, 'load_time': 59.4312, 'process_time': 40.5688}
[2020-11-20 14:43:40] INFO: ==> Iteration [  1][  89 /  782]: {'prec_cls': 6.4782, 'loss': 21.0296, 'loss_cls': 3.1194, 'loss_mse': 0.0096, 'loss_nce': 17.9006, 'load_time': 59.4362, 'process_time': 40.5638}
[2020-11-20 14:43:41] INFO: ==> Iteration [  1][  90 /  782]: {'prec_cls': 6.475, 'loss': 21.0579, 'loss_cls': 3.1194, 'loss_mse': 0.0095, 'loss_nce': 17.929, 'load_time': 59.461, 'process_time': 40.539}
[2020-11-20 14:43:42] INFO: ==> Iteration [  1][  91 /  782]: {'prec_cls': 6.4793, 'loss': 21.0693, 'loss_cls': 3.119, 'loss_mse': 0.0094, 'loss_nce': 17.9409, 'load_time': 59.4883, 'process_time': 40.5117}
[2020-11-20 14:43:43] INFO: ==> Iteration [  1][  92 /  782]: {'prec_cls': 6.4871, 'loss': 21.0872, 'loss_cls': 3.1184, 'loss_mse': 0.0093, 'loss_nce': 17.9595, 'load_time': 59.5147, 'process_time': 40.4853}
[2020-11-20 14:43:44] INFO: ==> Iteration [  1][  93 /  782]: {'prec_cls': 6.4866, 'loss': 21.1031, 'loss_cls': 3.1185, 'loss_mse': 0.0092, 'loss_nce': 17.9754, 'load_time': 59.5394, 'process_time': 40.4606}
[2020-11-20 14:43:44] INFO: ==> Iteration [  1][  94 /  782]: {'prec_cls': 6.4883, 'loss': 21.1142, 'loss_cls': 3.1184, 'loss_mse': 0.0091, 'loss_nce': 17.9867, 'load_time': 59.5629, 'process_time': 40.4371}
[2020-11-20 14:43:45] INFO: ==> Iteration [  1][  95 /  782]: {'prec_cls': 6.4782, 'loss': 21.1209, 'loss_cls': 3.1186, 'loss_mse': 0.009, 'loss_nce': 17.9934, 'load_time': 59.589, 'process_time': 40.411}
[2020-11-20 14:43:46] INFO: ==> Iteration [  1][  96 /  782]: {'prec_cls': 6.4809, 'loss': 21.1253, 'loss_cls': 3.1184, 'loss_mse': 0.0089, 'loss_nce': 17.998, 'load_time': 59.6016, 'process_time': 40.3984}
[2020-11-20 14:43:47] INFO: ==> Iteration [  1][  97 /  782]: {'prec_cls': 6.4849, 'loss': 21.1206, 'loss_cls': 3.1181, 'loss_mse': 0.0088, 'loss_nce': 17.9937, 'load_time': 59.6238, 'process_time': 40.3762}
[2020-11-20 14:43:48] INFO: ==> Iteration [  1][  98 /  782]: {'prec_cls': 6.4905, 'loss': 21.1109, 'loss_cls': 3.1178, 'loss_mse': 0.0087, 'loss_nce': 17.9844, 'load_time': 59.6292, 'process_time': 40.3708}
[2020-11-20 14:43:48] INFO: ==> Iteration [  1][  99 /  782]: {'prec_cls': 6.5019, 'loss': 21.0984, 'loss_cls': 3.1174, 'loss_mse': 0.0087, 'loss_nce': 17.9724, 'load_time': 59.6336, 'process_time': 40.3664}
[2020-11-20 14:43:49] INFO: ==> Iteration [  1][ 100 /  782]: {'prec_cls': 6.4945, 'loss': 21.0868, 'loss_cls': 3.1177, 'loss_mse': 0.0086, 'loss_nce': 17.9606, 'load_time': 59.6558, 'process_time': 40.3442}
[2020-11-20 14:43:50] INFO: ==> Iteration [  1][ 101 /  782]: {'prec_cls': 6.4969, 'loss': 21.0794, 'loss_cls': 3.1176, 'loss_mse': 0.0085, 'loss_nce': 17.9533, 'load_time': 59.657, 'process_time': 40.343}
[2020-11-20 14:43:51] INFO: ==> Iteration [  1][ 102 /  782]: {'prec_cls': 6.482, 'loss': 21.0772, 'loss_cls': 3.1181, 'loss_mse': 0.0084, 'loss_nce': 17.9507, 'load_time': 59.6624, 'process_time': 40.3376}
[2020-11-20 14:43:52] INFO: ==> Iteration [  1][ 103 /  782]: {'prec_cls': 6.4896, 'loss': 21.0723, 'loss_cls': 3.1177, 'loss_mse': 0.0084, 'loss_nce': 17.9462, 'load_time': 59.6635, 'process_time': 40.3365}
[2020-11-20 14:43:52] INFO: ==> Iteration [  1][ 104 /  782]: {'prec_cls': 6.4929, 'loss': 21.0677, 'loss_cls': 3.1174, 'loss_mse': 0.0083, 'loss_nce': 17.942, 'load_time': 59.6643, 'process_time': 40.3357}
[2020-11-20 14:43:53] INFO: ==> Iteration [  1][ 105 /  782]: {'prec_cls': 6.4993, 'loss': 21.0678, 'loss_cls': 3.1172, 'loss_mse': 0.0082, 'loss_nce': 17.9424, 'load_time': 59.667, 'process_time': 40.333}
[2020-11-20 14:43:54] INFO: ==> Iteration [  1][ 106 /  782]: {'prec_cls': 6.4898, 'loss': 21.0649, 'loss_cls': 3.1173, 'loss_mse': 0.0081, 'loss_nce': 17.9394, 'load_time': 59.6704, 'process_time': 40.3296}
[2020-11-20 14:43:55] INFO: ==> Iteration [  1][ 107 /  782]: {'prec_cls': 6.494, 'loss': 21.0618, 'loss_cls': 3.1171, 'loss_mse': 0.0081, 'loss_nce': 17.9366, 'load_time': 59.6722, 'process_time': 40.3278}
[2020-11-20 14:43:55] INFO: ==> Iteration [  1][ 108 /  782]: {'prec_cls': 6.4956, 'loss': 21.06, 'loss_cls': 3.117, 'loss_mse': 0.008, 'loss_nce': 17.935, 'load_time': 59.6918, 'process_time': 40.3082}
[2020-11-20 14:43:56] INFO: ==> Iteration [  1][ 109 /  782]: {'prec_cls': 6.5035, 'loss': 21.0647, 'loss_cls': 3.1165, 'loss_mse': 0.0079, 'loss_nce': 17.9402, 'load_time': 59.7135, 'process_time': 40.2865}
[2020-11-20 14:43:57] INFO: ==> Iteration [  1][ 110 /  782]: {'prec_cls': 6.5089, 'loss': 21.0736, 'loss_cls': 3.1163, 'loss_mse': 0.0079, 'loss_nce': 17.9494, 'load_time': 59.7334, 'process_time': 40.2666}
[2020-11-20 14:43:58] INFO: ==> Iteration [  1][ 111 /  782]: {'prec_cls': 6.5057, 'loss': 21.077, 'loss_cls': 3.1162, 'loss_mse': 0.0078, 'loss_nce': 17.953, 'load_time': 59.7513, 'process_time': 40.2487}
[2020-11-20 14:43:59] INFO: ==> Iteration [  1][ 112 /  782]: {'prec_cls': 6.5113, 'loss': 21.0797, 'loss_cls': 3.116, 'loss_mse': 0.0077, 'loss_nce': 17.956, 'load_time': 59.7708, 'process_time': 40.2292}
[2020-11-20 14:44:00] INFO: ==> Iteration [  1][ 113 /  782]: {'prec_cls': 6.4954, 'loss': 21.0899, 'loss_cls': 3.1162, 'loss_mse': 0.0077, 'loss_nce': 17.966, 'load_time': 59.7904, 'process_time': 40.2096}
[2020-11-20 14:44:00] INFO: ==> Iteration [  1][ 114 /  782]: {'prec_cls': 6.4861, 'loss': 21.0997, 'loss_cls': 3.1161, 'loss_mse': 0.0076, 'loss_nce': 17.976, 'load_time': 59.8094, 'process_time': 40.1906}
[2020-11-20 14:44:01] INFO: ==> Iteration [  1][ 115 /  782]: {'prec_cls': 6.4844, 'loss': 21.1121, 'loss_cls': 3.116, 'loss_mse': 0.0076, 'loss_nce': 17.9885, 'load_time': 59.8283, 'process_time': 40.1717}
[2020-11-20 14:44:02] INFO: ==> Iteration [  1][ 116 /  782]: {'prec_cls': 6.4835, 'loss': 21.1203, 'loss_cls': 3.1161, 'loss_mse': 0.0075, 'loss_nce': 17.9967, 'load_time': 59.8441, 'process_time': 40.1559}
[2020-11-20 14:44:03] INFO: ==> Iteration [  1][ 117 /  782]: {'prec_cls': 6.4865, 'loss': 21.129, 'loss_cls': 3.1159, 'loss_mse': 0.0075, 'loss_nce': 18.0056, 'load_time': 59.8621, 'process_time': 40.1379}
[2020-11-20 14:44:04] INFO: ==> Iteration [  1][ 118 /  782]: {'prec_cls': 6.4817, 'loss': 21.1382, 'loss_cls': 3.1162, 'loss_mse': 0.0074, 'loss_nce': 18.0147, 'load_time': 59.8789, 'process_time': 40.1211}
[2020-11-20 14:44:05] INFO: ==> Iteration [  1][ 119 /  782]: {'prec_cls': 6.4801, 'loss': 21.1439, 'loss_cls': 3.1161, 'loss_mse': 0.0073, 'loss_nce': 18.0205, 'load_time': 59.8956, 'process_time': 40.1044}
[2020-11-20 14:44:05] INFO: ==> Iteration [  1][ 120 /  782]: {'prec_cls': 6.4819, 'loss': 21.1518, 'loss_cls': 3.1161, 'loss_mse': 0.0073, 'loss_nce': 18.0285, 'load_time': 59.9122, 'process_time': 40.0878}
[2020-11-20 14:44:06] INFO: ==> Iteration [  1][ 121 /  782]: {'prec_cls': 6.4781, 'loss': 21.1541, 'loss_cls': 3.1163, 'loss_mse': 0.0072, 'loss_nce': 18.0306, 'load_time': 59.9292, 'process_time': 40.0708}
[2020-11-20 14:44:07] INFO: ==> Iteration [  1][ 122 /  782]: {'prec_cls': 6.4704, 'loss': 21.1561, 'loss_cls': 3.1164, 'loss_mse': 0.0072, 'loss_nce': 18.0325, 'load_time': 59.9462, 'process_time': 40.0538}
[2020-11-20 14:44:08] INFO: ==> Iteration [  1][ 123 /  782]: {'prec_cls': 6.4747, 'loss': 21.1647, 'loss_cls': 3.1163, 'loss_mse': 0.0071, 'loss_nce': 18.0413, 'load_time': 59.9632, 'process_time': 40.0368}
[2020-11-20 14:44:09] INFO: ==> Iteration [  1][ 124 /  782]: {'prec_cls': 6.4745, 'loss': 21.1681, 'loss_cls': 3.1163, 'loss_mse': 0.0071, 'loss_nce': 18.0448, 'load_time': 59.9805, 'process_time': 40.0195}
[2020-11-20 14:44:10] INFO: ==> Iteration [  1][ 125 /  782]: {'prec_cls': 6.4708, 'loss': 21.1685, 'loss_cls': 3.1162, 'loss_mse': 0.007, 'loss_nce': 18.0452, 'load_time': 59.9955, 'process_time': 40.0045}
[2020-11-20 14:44:10] INFO: ==> Iteration [  1][ 126 /  782]: {'prec_cls': 6.4696, 'loss': 21.1696, 'loss_cls': 3.1159, 'loss_mse': 0.007, 'loss_nce': 18.0467, 'load_time': 60.0118, 'process_time': 39.9882}
[2020-11-20 14:44:11] INFO: ==> Iteration [  1][ 127 /  782]: {'prec_cls': 6.4691, 'loss': 21.1676, 'loss_cls': 3.1158, 'loss_mse': 0.0069, 'loss_nce': 18.0448, 'load_time': 60.0257, 'process_time': 39.9743}
[2020-11-20 14:44:12] INFO: ==> Iteration [  1][ 128 /  782]: {'prec_cls': 6.4608, 'loss': 21.1703, 'loss_cls': 3.1163, 'loss_mse': 0.0069, 'loss_nce': 18.0471, 'load_time': 60.0398, 'process_time': 39.9602}
[2020-11-20 14:44:13] INFO: ==> Iteration [  1][ 129 /  782]: {'prec_cls': 6.4597, 'loss': 21.1698, 'loss_cls': 3.1163, 'loss_mse': 0.0069, 'loss_nce': 18.0466, 'load_time': 60.0524, 'process_time': 39.9476}
[2020-11-20 14:44:14] INFO: ==> Iteration [  1][ 130 /  782]: {'prec_cls': 6.4548, 'loss': 21.1645, 'loss_cls': 3.1165, 'loss_mse': 0.0068, 'loss_nce': 18.0412, 'load_time': 60.0667, 'process_time': 39.9333}
[2020-11-20 14:44:14] INFO: ==> Iteration [  1][ 131 /  782]: {'prec_cls': 6.4565, 'loss': 21.1653, 'loss_cls': 3.1164, 'loss_mse': 0.0068, 'loss_nce': 18.0421, 'load_time': 60.0797, 'process_time': 39.9203}
[2020-11-20 14:44:15] INFO: ==> Iteration [  1][ 132 /  782]: {'prec_cls': 6.4571, 'loss': 21.1592, 'loss_cls': 3.1163, 'loss_mse': 0.0067, 'loss_nce': 18.0361, 'load_time': 60.0942, 'process_time': 39.9058}
[2020-11-20 14:44:16] INFO: ==> Iteration [  1][ 133 /  782]: {'prec_cls': 6.4507, 'loss': 21.1564, 'loss_cls': 3.1166, 'loss_mse': 0.0067, 'loss_nce': 18.0331, 'load_time': 60.1088, 'process_time': 39.8912}
[2020-11-20 14:44:17] INFO: ==> Iteration [  1][ 134 /  782]: {'prec_cls': 6.4473, 'loss': 21.151, 'loss_cls': 3.1166, 'loss_mse': 0.0067, 'loss_nce': 18.0277, 'load_time': 60.1224, 'process_time': 39.8776}
[2020-11-20 14:44:18] INFO: ==> Iteration [  1][ 135 /  782]: {'prec_cls': 6.447, 'loss': 21.1522, 'loss_cls': 3.1165, 'loss_mse': 0.0066, 'loss_nce': 18.0291, 'load_time': 60.1225, 'process_time': 39.8775}
[2020-11-20 14:44:19] INFO: ==> Iteration [  1][ 136 /  782]: {'prec_cls': 6.4393, 'loss': 21.1549, 'loss_cls': 3.1167, 'loss_mse': 0.0066, 'loss_nce': 18.0316, 'load_time': 60.1354, 'process_time': 39.8646}
[2020-11-20 14:44:19] INFO: ==> Iteration [  1][ 137 /  782]: {'prec_cls': 6.4479, 'loss': 21.1572, 'loss_cls': 3.1163, 'loss_mse': 0.0066, 'loss_nce': 18.0344, 'load_time': 60.1478, 'process_time': 39.8522}
[2020-11-20 14:44:20] INFO: ==> Iteration [  1][ 138 /  782]: {'prec_cls': 6.4493, 'loss': 21.1672, 'loss_cls': 3.1162, 'loss_mse': 0.0065, 'loss_nce': 18.0445, 'load_time': 60.1609, 'process_time': 39.8391}
[2020-11-20 14:44:21] INFO: ==> Iteration [  1][ 139 /  782]: {'prec_cls': 6.4481, 'loss': 21.1764, 'loss_cls': 3.1159, 'loss_mse': 0.0065, 'loss_nce': 18.0539, 'load_time': 60.1752, 'process_time': 39.8248}
[2020-11-20 14:44:22] INFO: ==> Iteration [  1][ 140 /  782]: {'prec_cls': 6.4528, 'loss': 21.1886, 'loss_cls': 3.1158, 'loss_mse': 0.0065, 'loss_nce': 18.0663, 'load_time': 60.1884, 'process_time': 39.8116}
[2020-11-20 14:44:23] INFO: ==> Iteration [  1][ 141 /  782]: {'prec_cls': 6.4497, 'loss': 21.2038, 'loss_cls': 3.1159, 'loss_mse': 0.0065, 'loss_nce': 18.0815, 'load_time': 60.2005, 'process_time': 39.7995}
[2020-11-20 14:44:24] INFO: ==> Iteration [  1][ 142 /  782]: {'prec_cls': 6.4504, 'loss': 21.2226, 'loss_cls': 3.1158, 'loss_mse': 0.0065, 'loss_nce': 18.1004, 'load_time': 60.2186, 'process_time': 39.7814}
[2020-11-20 14:44:24] INFO: ==> Iteration [  1][ 143 /  782]: {'prec_cls': 6.4558, 'loss': 21.2336, 'loss_cls': 3.1154, 'loss_mse': 0.0065, 'loss_nce': 18.1117, 'load_time': 60.2306, 'process_time': 39.7694}
[2020-11-20 14:44:25] INFO: ==> Iteration [  1][ 144 /  782]: {'prec_cls': 6.46, 'loss': 21.243, 'loss_cls': 3.1153, 'loss_mse': 0.0065, 'loss_nce': 18.1212, 'load_time': 60.2429, 'process_time': 39.7571}
[2020-11-20 14:44:26] INFO: ==> Iteration [  1][ 145 /  782]: {'prec_cls': 6.468, 'loss': 21.2503, 'loss_cls': 3.1148, 'loss_mse': 0.0066, 'loss_nce': 18.1289, 'load_time': 60.2561, 'process_time': 39.7439}
[2020-11-20 14:44:27] INFO: ==> Iteration [  1][ 146 /  782]: {'prec_cls': 6.4672, 'loss': 21.2605, 'loss_cls': 3.1148, 'loss_mse': 0.0065, 'loss_nce': 18.1392, 'load_time': 60.2672, 'process_time': 39.7328}
[2020-11-20 14:44:28] INFO: ==> Iteration [  1][ 147 /  782]: {'prec_cls': 6.4659, 'loss': 21.2717, 'loss_cls': 3.1148, 'loss_mse': 0.0065, 'loss_nce': 18.1504, 'load_time': 60.2786, 'process_time': 39.7214}
[2020-11-20 14:44:28] INFO: ==> Iteration [  1][ 148 /  782]: {'prec_cls': 6.4574, 'loss': 21.278, 'loss_cls': 3.1149, 'loss_mse': 0.0065, 'loss_nce': 18.1566, 'load_time': 60.2922, 'process_time': 39.7078}
[2020-11-20 14:44:29] INFO: ==> Iteration [  1][ 149 /  782]: {'prec_cls': 6.4525, 'loss': 21.2836, 'loss_cls': 3.1149, 'loss_mse': 0.0064, 'loss_nce': 18.1622, 'load_time': 60.3031, 'process_time': 39.6969}
[2020-11-20 14:44:30] INFO: ==> Iteration [  1][ 150 /  782]: {'prec_cls': 6.4444, 'loss': 21.2896, 'loss_cls': 3.115, 'loss_mse': 0.0064, 'loss_nce': 18.1682, 'load_time': 60.3121, 'process_time': 39.6879}
[2020-11-20 14:44:31] INFO: ==> Iteration [  1][ 151 /  782]: {'prec_cls': 6.4367, 'loss': 21.2977, 'loss_cls': 3.1154, 'loss_mse': 0.0064, 'loss_nce': 18.176, 'load_time': 60.3098, 'process_time': 39.6902}
[2020-11-20 14:44:32] INFO: ==> Iteration [  1][ 152 /  782]: {'prec_cls': 6.4239, 'loss': 21.308, 'loss_cls': 3.1159, 'loss_mse': 0.0063, 'loss_nce': 18.1858, 'load_time': 60.3099, 'process_time': 39.6901}
[2020-11-20 14:44:32] INFO: ==> Iteration [  1][ 153 /  782]: {'prec_cls': 6.4285, 'loss': 21.319, 'loss_cls': 3.1157, 'loss_mse': 0.0063, 'loss_nce': 18.197, 'load_time': 60.3077, 'process_time': 39.6923}
[2020-11-20 14:44:33] INFO: ==> Iteration [  1][ 154 /  782]: {'prec_cls': 6.4269, 'loss': 21.3326, 'loss_cls': 3.1157, 'loss_mse': 0.0062, 'loss_nce': 18.2106, 'load_time': 60.3196, 'process_time': 39.6804}
[2020-11-20 14:44:34] INFO: ==> Iteration [  1][ 155 /  782]: {'prec_cls': 6.4287, 'loss': 21.3478, 'loss_cls': 3.1156, 'loss_mse': 0.0062, 'loss_nce': 18.226, 'load_time': 60.3314, 'process_time': 39.6686}
[2020-11-20 14:44:35] INFO: ==> Iteration [  1][ 156 /  782]: {'prec_cls': 6.432, 'loss': 21.3613, 'loss_cls': 3.1153, 'loss_mse': 0.0062, 'loss_nce': 18.2398, 'load_time': 60.3426, 'process_time': 39.6574}
[2020-11-20 14:44:36] INFO: ==> Iteration [  1][ 157 /  782]: {'prec_cls': 6.4314, 'loss': 21.3747, 'loss_cls': 3.1153, 'loss_mse': 0.0061, 'loss_nce': 18.2533, 'load_time': 60.3539, 'process_time': 39.6461}
[2020-11-20 14:44:37] INFO: ==> Iteration [  1][ 158 /  782]: {'prec_cls': 6.4319, 'loss': 21.3933, 'loss_cls': 3.1153, 'loss_mse': 0.0061, 'loss_nce': 18.2719, 'load_time': 60.3527, 'process_time': 39.6473}
[2020-11-20 14:44:37] INFO: ==> Iteration [  1][ 159 /  782]: {'prec_cls': 6.43, 'loss': 21.4099, 'loss_cls': 3.1153, 'loss_mse': 0.0061, 'loss_nce': 18.2885, 'load_time': 60.3494, 'process_time': 39.6506}
[2020-11-20 14:44:38] INFO: ==> Iteration [  1][ 160 /  782]: {'prec_cls': 6.4301, 'loss': 21.4224, 'loss_cls': 3.1152, 'loss_mse': 0.006, 'loss_nce': 18.3012, 'load_time': 60.3596, 'process_time': 39.6404}
[2020-11-20 14:44:39] INFO: ==> Iteration [  1][ 161 /  782]: {'prec_cls': 6.4332, 'loss': 21.4312, 'loss_cls': 3.1148, 'loss_mse': 0.006, 'loss_nce': 18.3104, 'load_time': 60.3695, 'process_time': 39.6305}
[2020-11-20 14:44:40] INFO: ==> Iteration [  1][ 162 /  782]: {'prec_cls': 6.4377, 'loss': 21.4388, 'loss_cls': 3.1145, 'loss_mse': 0.006, 'loss_nce': 18.3183, 'load_time': 60.3687, 'process_time': 39.6313}
[2020-11-20 14:44:41] INFO: ==> Iteration [  1][ 163 /  782]: {'prec_cls': 6.4373, 'loss': 21.4447, 'loss_cls': 3.1144, 'loss_mse': 0.0059, 'loss_nce': 18.3243, 'load_time': 60.3655, 'process_time': 39.6345}
[2020-11-20 14:44:41] INFO: ==> Iteration [  1][ 164 /  782]: {'prec_cls': 6.4352, 'loss': 21.449, 'loss_cls': 3.1144, 'loss_mse': 0.0059, 'loss_nce': 18.3288, 'load_time': 60.3748, 'process_time': 39.6252}
[2020-11-20 14:44:42] INFO: ==> Iteration [  1][ 165 /  782]: {'prec_cls': 6.4374, 'loss': 21.4528, 'loss_cls': 3.1142, 'loss_mse': 0.0059, 'loss_nce': 18.3328, 'load_time': 60.3839, 'process_time': 39.6161}
[2020-11-20 14:44:43] INFO: ==> Iteration [  1][ 166 /  782]: {'prec_cls': 6.4314, 'loss': 21.458, 'loss_cls': 3.1142, 'loss_mse': 0.0058, 'loss_nce': 18.3379, 'load_time': 60.3988, 'process_time': 39.6012}
[2020-11-20 14:44:44] INFO: ==> Iteration [  1][ 167 /  782]: {'prec_cls': 6.4363, 'loss': 21.4612, 'loss_cls': 3.1141, 'loss_mse': 0.0058, 'loss_nce': 18.3413, 'load_time': 60.4085, 'process_time': 39.5915}
[2020-11-20 14:44:45] INFO: ==> Iteration [  1][ 168 /  782]: {'prec_cls': 6.4329, 'loss': 21.4628, 'loss_cls': 3.1141, 'loss_mse': 0.0058, 'loss_nce': 18.3429, 'load_time': 60.418, 'process_time': 39.582}
[2020-11-20 14:44:46] INFO: ==> Iteration [  1][ 169 /  782]: {'prec_cls': 6.4334, 'loss': 21.4617, 'loss_cls': 3.1141, 'loss_mse': 0.0057, 'loss_nce': 18.3419, 'load_time': 60.4268, 'process_time': 39.5732}
[2020-11-20 14:44:46] INFO: ==> Iteration [  1][ 170 /  782]: {'prec_cls': 6.4325, 'loss': 21.4602, 'loss_cls': 3.114, 'loss_mse': 0.0057, 'loss_nce': 18.3405, 'load_time': 60.4354, 'process_time': 39.5646}
[2020-11-20 14:44:47] INFO: ==> Iteration [  1][ 171 /  782]: {'prec_cls': 6.4326, 'loss': 21.4631, 'loss_cls': 3.1139, 'loss_mse': 0.0057, 'loss_nce': 18.3435, 'load_time': 60.4428, 'process_time': 39.5572}
[2020-11-20 14:44:48] INFO: ==> Iteration [  1][ 172 /  782]: {'prec_cls': 6.429, 'loss': 21.4631, 'loss_cls': 3.1137, 'loss_mse': 0.0057, 'loss_nce': 18.3438, 'load_time': 60.4517, 'process_time': 39.5483}
[2020-11-20 14:44:49] INFO: ==> Iteration [  1][ 173 /  782]: {'prec_cls': 6.4318, 'loss': 21.4646, 'loss_cls': 3.1134, 'loss_mse': 0.0056, 'loss_nce': 18.3455, 'load_time': 60.4591, 'process_time': 39.5409}
[2020-11-20 14:44:50] INFO: ==> Iteration [  1][ 174 /  782]: {'prec_cls': 6.4292, 'loss': 21.4655, 'loss_cls': 3.1133, 'loss_mse': 0.0056, 'loss_nce': 18.3466, 'load_time': 60.4673, 'process_time': 39.5327}
[2020-11-20 14:44:51] INFO: ==> Iteration [  1][ 175 /  782]: {'prec_cls': 6.4317, 'loss': 21.4712, 'loss_cls': 3.1132, 'loss_mse': 0.0056, 'loss_nce': 18.3525, 'load_time': 60.4757, 'process_time': 39.5243}
[2020-11-20 14:44:51] INFO: ==> Iteration [  1][ 176 /  782]: {'prec_cls': 6.4277, 'loss': 21.4771, 'loss_cls': 3.1133, 'loss_mse': 0.0055, 'loss_nce': 18.3583, 'load_time': 60.4843, 'process_time': 39.5157}
[2020-11-20 14:44:52] INFO: ==> Iteration [  1][ 177 /  782]: {'prec_cls': 6.4251, 'loss': 21.4796, 'loss_cls': 3.1133, 'loss_mse': 0.0055, 'loss_nce': 18.3608, 'load_time': 60.4927, 'process_time': 39.5073}
[2020-11-20 14:44:53] INFO: ==> Iteration [  1][ 178 /  782]: {'prec_cls': 6.4225, 'loss': 21.4817, 'loss_cls': 3.1133, 'loss_mse': 0.0055, 'loss_nce': 18.3629, 'load_time': 60.5014, 'process_time': 39.4986}
[2020-11-20 14:44:54] INFO: ==> Iteration [  1][ 179 /  782]: {'prec_cls': 6.4213, 'loss': 21.4837, 'loss_cls': 3.1133, 'loss_mse': 0.0055, 'loss_nce': 18.3649, 'load_time': 60.5102, 'process_time': 39.4898}
[2020-11-20 14:44:55] INFO: ==> Iteration [  1][ 180 /  782]: {'prec_cls': 6.4195, 'loss': 21.4875, 'loss_cls': 3.1133, 'loss_mse': 0.0054, 'loss_nce': 18.3687, 'load_time': 60.5182, 'process_time': 39.4818}
[2020-11-20 14:44:55] INFO: ==> Iteration [  1][ 181 /  782]: {'prec_cls': 6.4183, 'loss': 21.4875, 'loss_cls': 3.1132, 'loss_mse': 0.0054, 'loss_nce': 18.3688, 'load_time': 60.5257, 'process_time': 39.4743}
[2020-11-20 14:44:56] INFO: ==> Iteration [  1][ 182 /  782]: {'prec_cls': 6.419, 'loss': 21.4867, 'loss_cls': 3.113, 'loss_mse': 0.0054, 'loss_nce': 18.3683, 'load_time': 60.5318, 'process_time': 39.4682}
[2020-11-20 14:44:57] INFO: ==> Iteration [  1][ 183 /  782]: {'prec_cls': 6.4158, 'loss': 21.4842, 'loss_cls': 3.1132, 'loss_mse': 0.0053, 'loss_nce': 18.3656, 'load_time': 60.5291, 'process_time': 39.4709}
[2020-11-20 14:44:58] INFO: ==> Iteration [  1][ 184 /  782]: {'prec_cls': 6.4168, 'loss': 21.4807, 'loss_cls': 3.1131, 'loss_mse': 0.0053, 'loss_nce': 18.3622, 'load_time': 60.5366, 'process_time': 39.4634}
[2020-11-20 14:44:59] INFO: ==> Iteration [  1][ 185 /  782]: {'prec_cls': 6.4187, 'loss': 21.4758, 'loss_cls': 3.1131, 'loss_mse': 0.0053, 'loss_nce': 18.3574, 'load_time': 60.5454, 'process_time': 39.4546}
[2020-11-20 14:45:00] INFO: ==> Iteration [  1][ 186 /  782]: {'prec_cls': 6.4196, 'loss': 21.4702, 'loss_cls': 3.1131, 'loss_mse': 0.0053, 'loss_nce': 18.3519, 'load_time': 60.5536, 'process_time': 39.4464}
[2020-11-20 14:45:00] INFO: ==> Iteration [  1][ 187 /  782]: {'prec_cls': 6.4176, 'loss': 21.4628, 'loss_cls': 3.1129, 'loss_mse': 0.0052, 'loss_nce': 18.3447, 'load_time': 60.5605, 'process_time': 39.4395}
[2020-11-20 14:45:01] INFO: ==> Iteration [  1][ 188 /  782]: {'prec_cls': 6.4245, 'loss': 21.4608, 'loss_cls': 3.1126, 'loss_mse': 0.0052, 'loss_nce': 18.343, 'load_time': 60.5685, 'process_time': 39.4315}
[2020-11-20 14:45:02] INFO: ==> Iteration [  1][ 189 /  782]: {'prec_cls': 6.4221, 'loss': 21.4553, 'loss_cls': 3.1126, 'loss_mse': 0.0052, 'loss_nce': 18.3375, 'load_time': 60.5769, 'process_time': 39.4231}
[2020-11-20 14:45:03] INFO: ==> Iteration [  1][ 190 /  782]: {'prec_cls': 6.4229, 'loss': 21.4542, 'loss_cls': 3.1124, 'loss_mse': 0.0052, 'loss_nce': 18.3367, 'load_time': 60.5827, 'process_time': 39.4173}
[2020-11-20 14:45:04] INFO: ==> Iteration [  1][ 191 /  782]: {'prec_cls': 6.424, 'loss': 21.4524, 'loss_cls': 3.1121, 'loss_mse': 0.0052, 'loss_nce': 18.3351, 'load_time': 60.5892, 'process_time': 39.4108}
[2020-11-20 14:45:05] INFO: ==> Iteration [  1][ 192 /  782]: {'prec_cls': 6.418, 'loss': 21.454, 'loss_cls': 3.1124, 'loss_mse': 0.0051, 'loss_nce': 18.3365, 'load_time': 60.5866, 'process_time': 39.4134}
[2020-11-20 14:45:05] INFO: ==> Iteration [  1][ 193 /  782]: {'prec_cls': 6.4215, 'loss': 21.4576, 'loss_cls': 3.1123, 'loss_mse': 0.0051, 'loss_nce': 18.3401, 'load_time': 60.5944, 'process_time': 39.4056}
[2020-11-20 14:45:06] INFO: ==> Iteration [  1][ 194 /  782]: {'prec_cls': 6.426, 'loss': 21.461, 'loss_cls': 3.112, 'loss_mse': 0.0051, 'loss_nce': 18.3439, 'load_time': 60.6023, 'process_time': 39.3977}
[2020-11-20 14:45:07] INFO: ==> Iteration [  1][ 195 /  782]: {'prec_cls': 6.4266, 'loss': 21.4678, 'loss_cls': 3.1121, 'loss_mse': 0.0051, 'loss_nce': 18.3507, 'load_time': 60.61, 'process_time': 39.39}
[2020-11-20 14:45:08] INFO: ==> Iteration [  1][ 196 /  782]: {'prec_cls': 6.4285, 'loss': 21.4718, 'loss_cls': 3.1119, 'loss_mse': 0.005, 'loss_nce': 18.3548, 'load_time': 60.6178, 'process_time': 39.3822}
[2020-11-20 14:45:09] INFO: ==> Iteration [  1][ 197 /  782]: {'prec_cls': 6.4223, 'loss': 21.4787, 'loss_cls': 3.1122, 'loss_mse': 0.005, 'loss_nce': 18.3615, 'load_time': 60.6243, 'process_time': 39.3757}
[2020-11-20 14:45:09] INFO: ==> Iteration [  1][ 198 /  782]: {'prec_cls': 6.4249, 'loss': 21.4839, 'loss_cls': 3.1121, 'loss_mse': 0.005, 'loss_nce': 18.3668, 'load_time': 60.6309, 'process_time': 39.3691}
[2020-11-20 14:45:10] INFO: ==> Iteration [  1][ 199 /  782]: {'prec_cls': 6.4312, 'loss': 21.4883, 'loss_cls': 3.112, 'loss_mse': 0.005, 'loss_nce': 18.3713, 'load_time': 60.6378, 'process_time': 39.3622}
[2020-11-20 14:45:11] INFO: ==> Iteration [  1][ 200 /  782]: {'prec_cls': 6.4295, 'loss': 21.4884, 'loss_cls': 3.1121, 'loss_mse': 0.005, 'loss_nce': 18.3714, 'load_time': 60.6443, 'process_time': 39.3557}
[2020-11-20 14:45:12] INFO: ==> Iteration [  1][ 201 /  782]: {'prec_cls': 6.4301, 'loss': 21.4872, 'loss_cls': 3.1121, 'loss_mse': 0.0049, 'loss_nce': 18.3702, 'load_time': 60.6506, 'process_time': 39.3494}
[2020-11-20 14:45:13] INFO: ==> Iteration [  1][ 202 /  782]: {'prec_cls': 6.4287, 'loss': 21.4887, 'loss_cls': 3.1121, 'loss_mse': 0.0049, 'loss_nce': 18.3716, 'load_time': 60.6575, 'process_time': 39.3425}
[2020-11-20 14:45:14] INFO: ==> Iteration [  1][ 203 /  782]: {'prec_cls': 6.4238, 'loss': 21.487, 'loss_cls': 3.1122, 'loss_mse': 0.0049, 'loss_nce': 18.3699, 'load_time': 60.6639, 'process_time': 39.3361}
[2020-11-20 14:45:14] INFO: ==> Iteration [  1][ 204 /  782]: {'prec_cls': 6.426, 'loss': 21.4864, 'loss_cls': 3.1122, 'loss_mse': 0.0049, 'loss_nce': 18.3694, 'load_time': 60.6694, 'process_time': 39.3306}
[2020-11-20 14:45:15] INFO: ==> Iteration [  1][ 205 /  782]: {'prec_cls': 6.4288, 'loss': 21.4875, 'loss_cls': 3.1119, 'loss_mse': 0.0049, 'loss_nce': 18.3707, 'load_time': 60.6745, 'process_time': 39.3255}
[2020-11-20 14:45:16] INFO: ==> Iteration [  1][ 206 /  782]: {'prec_cls': 6.4252, 'loss': 21.4891, 'loss_cls': 3.1121, 'loss_mse': 0.0048, 'loss_nce': 18.3722, 'load_time': 60.6805, 'process_time': 39.3195}
[2020-11-20 14:45:17] INFO: ==> Iteration [  1][ 207 /  782]: {'prec_cls': 6.4208, 'loss': 21.4904, 'loss_cls': 3.1121, 'loss_mse': 0.0048, 'loss_nce': 18.3735, 'load_time': 60.6875, 'process_time': 39.3125}
[2020-11-20 14:45:18] INFO: ==> Iteration [  1][ 208 /  782]: {'prec_cls': 6.4211, 'loss': 21.4915, 'loss_cls': 3.1121, 'loss_mse': 0.0048, 'loss_nce': 18.3746, 'load_time': 60.6926, 'process_time': 39.3074}
[2020-11-20 14:45:19] INFO: ==> Iteration [  1][ 209 /  782]: {'prec_cls': 6.4209, 'loss': 21.4937, 'loss_cls': 3.1121, 'loss_mse': 0.0048, 'loss_nce': 18.3768, 'load_time': 60.6988, 'process_time': 39.3012}
[2020-11-20 14:45:19] INFO: ==> Iteration [  1][ 210 /  782]: {'prec_cls': 6.4262, 'loss': 21.4965, 'loss_cls': 3.1118, 'loss_mse': 0.0048, 'loss_nce': 18.3799, 'load_time': 60.7043, 'process_time': 39.2957}
[2020-11-20 14:45:20] INFO: ==> Iteration [  1][ 211 /  782]: {'prec_cls': 6.4274, 'loss': 21.4989, 'loss_cls': 3.1118, 'loss_mse': 0.0047, 'loss_nce': 18.3824, 'load_time': 60.7104, 'process_time': 39.2896}
[2020-11-20 14:45:21] INFO: ==> Iteration [  1][ 212 /  782]: {'prec_cls': 6.4284, 'loss': 21.5023, 'loss_cls': 3.1117, 'loss_mse': 0.0047, 'loss_nce': 18.3859, 'load_time': 60.7167, 'process_time': 39.2833}
[2020-11-20 14:45:22] INFO: ==> Iteration [  1][ 213 /  782]: {'prec_cls': 6.4296, 'loss': 21.505, 'loss_cls': 3.1117, 'loss_mse': 0.0047, 'loss_nce': 18.3886, 'load_time': 60.7232, 'process_time': 39.2768}
[2020-11-20 14:45:23] INFO: ==> Iteration [  1][ 214 /  782]: {'prec_cls': 6.4333, 'loss': 21.5066, 'loss_cls': 3.1115, 'loss_mse': 0.0047, 'loss_nce': 18.3905, 'load_time': 60.7293, 'process_time': 39.2707}
[2020-11-20 14:45:24] INFO: ==> Iteration [  1][ 215 /  782]: {'prec_cls': 6.4397, 'loss': 21.5068, 'loss_cls': 3.111, 'loss_mse': 0.0047, 'loss_nce': 18.3911, 'load_time': 60.736, 'process_time': 39.264}
[2020-11-20 14:45:24] INFO: ==> Iteration [  1][ 216 /  782]: {'prec_cls': 6.4434, 'loss': 21.507, 'loss_cls': 3.1109, 'loss_mse': 0.0046, 'loss_nce': 18.3915, 'load_time': 60.7406, 'process_time': 39.2594}
[2020-11-20 14:45:25] INFO: ==> Iteration [  1][ 217 /  782]: {'prec_cls': 6.4492, 'loss': 21.5061, 'loss_cls': 3.1107, 'loss_mse': 0.0046, 'loss_nce': 18.3907, 'load_time': 60.7455, 'process_time': 39.2545}
[2020-11-20 14:45:26] INFO: ==> Iteration [  1][ 218 /  782]: {'prec_cls': 6.4496, 'loss': 21.5031, 'loss_cls': 3.1107, 'loss_mse': 0.0046, 'loss_nce': 18.3877, 'load_time': 60.7499, 'process_time': 39.2501}
[2020-11-20 14:45:27] INFO: ==> Iteration [  1][ 219 /  782]: {'prec_cls': 6.4542, 'loss': 21.502, 'loss_cls': 3.1106, 'loss_mse': 0.0046, 'loss_nce': 18.3869, 'load_time': 60.755, 'process_time': 39.245}
[2020-11-20 14:45:28] INFO: ==> Iteration [  1][ 220 /  782]: {'prec_cls': 6.4493, 'loss': 21.5016, 'loss_cls': 3.1105, 'loss_mse': 0.0046, 'loss_nce': 18.3865, 'load_time': 60.7593, 'process_time': 39.2407}
[2020-11-20 14:45:29] INFO: ==> Iteration [  1][ 221 /  782]: {'prec_cls': 6.4516, 'loss': 21.5011, 'loss_cls': 3.1102, 'loss_mse': 0.0046, 'loss_nce': 18.3863, 'load_time': 60.7649, 'process_time': 39.2351}
[2020-11-20 14:45:29] INFO: ==> Iteration [  1][ 222 /  782]: {'prec_cls': 6.454, 'loss': 21.4987, 'loss_cls': 3.11, 'loss_mse': 0.0045, 'loss_nce': 18.3842, 'load_time': 60.7702, 'process_time': 39.2298}
[2020-11-20 14:45:30] INFO: ==> Iteration [  1][ 223 /  782]: {'prec_cls': 6.4609, 'loss': 21.4965, 'loss_cls': 3.1096, 'loss_mse': 0.0045, 'loss_nce': 18.3824, 'load_time': 60.7763, 'process_time': 39.2237}
[2020-11-20 14:45:31] INFO: ==> Iteration [  1][ 224 /  782]: {'prec_cls': 6.4638, 'loss': 21.4955, 'loss_cls': 3.1095, 'loss_mse': 0.0045, 'loss_nce': 18.3815, 'load_time': 60.7815, 'process_time': 39.2185}
[2020-11-20 14:45:32] INFO: ==> Iteration [  1][ 225 /  782]: {'prec_cls': 6.4693, 'loss': 21.4958, 'loss_cls': 3.1093, 'loss_mse': 0.0045, 'loss_nce': 18.382, 'load_time': 60.7866, 'process_time': 39.2134}
[2020-11-20 14:45:33] INFO: ==> Iteration [  1][ 226 /  782]: {'prec_cls': 6.4747, 'loss': 21.494, 'loss_cls': 3.1091, 'loss_mse': 0.0045, 'loss_nce': 18.3805, 'load_time': 60.7915, 'process_time': 39.2085}
[2020-11-20 14:45:33] INFO: ==> Iteration [  1][ 227 /  782]: {'prec_cls': 6.4773, 'loss': 21.4949, 'loss_cls': 3.1088, 'loss_mse': 0.0044, 'loss_nce': 18.3817, 'load_time': 60.797, 'process_time': 39.203}
[2020-11-20 14:45:34] INFO: ==> Iteration [  1][ 228 /  782]: {'prec_cls': 6.4844, 'loss': 21.4961, 'loss_cls': 3.1084, 'loss_mse': 0.0044, 'loss_nce': 18.3833, 'load_time': 60.8022, 'process_time': 39.1978}
[2020-11-20 14:45:35] INFO: ==> Iteration [  1][ 229 /  782]: {'prec_cls': 6.488, 'loss': 21.5005, 'loss_cls': 3.1083, 'loss_mse': 0.0044, 'loss_nce': 18.3878, 'load_time': 60.8073, 'process_time': 39.1927}
[2020-11-20 14:45:36] INFO: ==> Iteration [  1][ 230 /  782]: {'prec_cls': 6.4927, 'loss': 21.5046, 'loss_cls': 3.108, 'loss_mse': 0.0044, 'loss_nce': 18.3922, 'load_time': 60.8125, 'process_time': 39.1875}
[2020-11-20 14:45:37] INFO: ==> Iteration [  1][ 231 /  782]: {'prec_cls': 6.4951, 'loss': 21.5092, 'loss_cls': 3.1076, 'loss_mse': 0.0044, 'loss_nce': 18.3972, 'load_time': 60.8174, 'process_time': 39.1826}
[2020-11-20 14:45:38] INFO: ==> Iteration [  1][ 232 /  782]: {'prec_cls': 6.4954, 'loss': 21.5177, 'loss_cls': 3.1077, 'loss_mse': 0.0044, 'loss_nce': 18.4056, 'load_time': 60.8216, 'process_time': 39.1784}
[2020-11-20 14:45:38] INFO: ==> Iteration [  1][ 233 /  782]: {'prec_cls': 6.4973, 'loss': 21.5248, 'loss_cls': 3.1076, 'loss_mse': 0.0043, 'loss_nce': 18.4128, 'load_time': 60.8271, 'process_time': 39.1729}
[2020-11-20 14:45:39] INFO: ==> Iteration [  1][ 234 /  782]: {'prec_cls': 6.4975, 'loss': 21.5335, 'loss_cls': 3.1076, 'loss_mse': 0.0043, 'loss_nce': 18.4216, 'load_time': 60.8331, 'process_time': 39.1669}
[2020-11-20 14:45:40] INFO: ==> Iteration [  1][ 235 /  782]: {'prec_cls': 6.4988, 'loss': 21.5431, 'loss_cls': 3.1074, 'loss_mse': 0.0043, 'loss_nce': 18.4313, 'load_time': 60.8391, 'process_time': 39.1609}
[2020-11-20 14:45:41] INFO: ==> Iteration [  1][ 236 /  782]: {'prec_cls': 6.4995, 'loss': 21.5536, 'loss_cls': 3.1074, 'loss_mse': 0.0043, 'loss_nce': 18.4419, 'load_time': 60.8442, 'process_time': 39.1558}
[2020-11-20 14:45:42] INFO: ==> Iteration [  1][ 237 /  782]: {'prec_cls': 6.5, 'loss': 21.5621, 'loss_cls': 3.1075, 'loss_mse': 0.0043, 'loss_nce': 18.4503, 'load_time': 60.8488, 'process_time': 39.1512}
[2020-11-20 14:45:43] INFO: ==> Iteration [  1][ 238 /  782]: {'prec_cls': 6.4989, 'loss': 21.5737, 'loss_cls': 3.1075, 'loss_mse': 0.0043, 'loss_nce': 18.4619, 'load_time': 60.854, 'process_time': 39.146}
[2020-11-20 14:45:43] INFO: ==> Iteration [  1][ 239 /  782]: {'prec_cls': 6.4953, 'loss': 21.582, 'loss_cls': 3.1076, 'loss_mse': 0.0042, 'loss_nce': 18.4702, 'load_time': 60.8587, 'process_time': 39.1413}
[2020-11-20 14:45:44] INFO: ==> Iteration [  1][ 240 /  782]: {'prec_cls': 6.4962, 'loss': 21.591, 'loss_cls': 3.1075, 'loss_mse': 0.0042, 'loss_nce': 18.4792, 'load_time': 60.863, 'process_time': 39.137}
[2020-11-20 14:45:45] INFO: ==> Iteration [  1][ 241 /  782]: {'prec_cls': 6.4931, 'loss': 21.6024, 'loss_cls': 3.1078, 'loss_mse': 0.0042, 'loss_nce': 18.4905, 'load_time': 60.867, 'process_time': 39.133}
[2020-11-20 14:45:46] INFO: ==> Iteration [  1][ 242 /  782]: {'prec_cls': 6.4919, 'loss': 21.613, 'loss_cls': 3.1077, 'loss_mse': 0.0042, 'loss_nce': 18.5011, 'load_time': 60.8717, 'process_time': 39.1283}
[2020-11-20 14:45:47] INFO: ==> Iteration [  1][ 243 /  782]: {'prec_cls': 6.4919, 'loss': 21.6243, 'loss_cls': 3.1076, 'loss_mse': 0.0042, 'loss_nce': 18.5126, 'load_time': 60.877, 'process_time': 39.123}
[2020-11-20 14:45:48] INFO: ==> Iteration [  1][ 244 /  782]: {'prec_cls': 6.4952, 'loss': 21.6352, 'loss_cls': 3.1073, 'loss_mse': 0.0042, 'loss_nce': 18.5237, 'load_time': 60.8824, 'process_time': 39.1176}
[2020-11-20 14:45:48] INFO: ==> Iteration [  1][ 245 /  782]: {'prec_cls': 6.4931, 'loss': 21.6444, 'loss_cls': 3.1073, 'loss_mse': 0.0042, 'loss_nce': 18.533, 'load_time': 60.8876, 'process_time': 39.1124}
[2020-11-20 14:45:49] INFO: ==> Iteration [  1][ 246 /  782]: {'prec_cls': 6.4972, 'loss': 21.6561, 'loss_cls': 3.107, 'loss_mse': 0.0041, 'loss_nce': 18.5449, 'load_time': 60.8926, 'process_time': 39.1074}
[2020-11-20 14:45:50] INFO: ==> Iteration [  1][ 247 /  782]: {'prec_cls': 6.5007, 'loss': 21.6663, 'loss_cls': 3.1068, 'loss_mse': 0.0041, 'loss_nce': 18.5554, 'load_time': 60.8973, 'process_time': 39.1027}
[2020-11-20 14:45:51] INFO: ==> Iteration [  1][ 248 /  782]: {'prec_cls': 6.5011, 'loss': 21.6779, 'loss_cls': 3.1067, 'loss_mse': 0.0041, 'loss_nce': 18.567, 'load_time': 60.9014, 'process_time': 39.0986}
[2020-11-20 14:45:52] INFO: ==> Iteration [  1][ 249 /  782]: {'prec_cls': 6.4973, 'loss': 21.6848, 'loss_cls': 3.1069, 'loss_mse': 0.0041, 'loss_nce': 18.5738, 'load_time': 60.9054, 'process_time': 39.0946}
[2020-11-20 14:45:53] INFO: ==> Iteration [  1][ 250 /  782]: {'prec_cls': 6.4944, 'loss': 21.6935, 'loss_cls': 3.1069, 'loss_mse': 0.0041, 'loss_nce': 18.5825, 'load_time': 60.9088, 'process_time': 39.0912}
[2020-11-20 14:45:53] INFO: ==> Iteration [  1][ 251 /  782]: {'prec_cls': 6.4956, 'loss': 21.7015, 'loss_cls': 3.1068, 'loss_mse': 0.0041, 'loss_nce': 18.5905, 'load_time': 60.9115, 'process_time': 39.0885}
[2020-11-20 14:45:54] INFO: ==> Iteration [  1][ 252 /  782]: {'prec_cls': 6.4989, 'loss': 21.7064, 'loss_cls': 3.1068, 'loss_mse': 0.0041, 'loss_nce': 18.5956, 'load_time': 60.9154, 'process_time': 39.0846}
[2020-11-20 14:45:55] INFO: ==> Iteration [  1][ 253 /  782]: {'prec_cls': 6.4957, 'loss': 21.7083, 'loss_cls': 3.1069, 'loss_mse': 0.004, 'loss_nce': 18.5973, 'load_time': 60.9194, 'process_time': 39.0806}
[2020-11-20 14:45:56] INFO: ==> Iteration [  1][ 254 /  782]: {'prec_cls': 6.4968, 'loss': 21.7098, 'loss_cls': 3.1068, 'loss_mse': 0.004, 'loss_nce': 18.599, 'load_time': 60.9236, 'process_time': 39.0764}
[2020-11-20 14:45:57] INFO: ==> Iteration [  1][ 255 /  782]: {'prec_cls': 6.4996, 'loss': 21.7095, 'loss_cls': 3.1065, 'loss_mse': 0.004, 'loss_nce': 18.5989, 'load_time': 60.9276, 'process_time': 39.0724}
[2020-11-20 14:45:58] INFO: ==> Iteration [  1][ 256 /  782]: {'prec_cls': 6.4997, 'loss': 21.7083, 'loss_cls': 3.1065, 'loss_mse': 0.004, 'loss_nce': 18.5978, 'load_time': 60.9328, 'process_time': 39.0672}
[2020-11-20 14:45:58] INFO: ==> Iteration [  1][ 257 /  782]: {'prec_cls': 6.498, 'loss': 21.7069, 'loss_cls': 3.1065, 'loss_mse': 0.004, 'loss_nce': 18.5964, 'load_time': 60.9377, 'process_time': 39.0623}
[2020-11-20 14:45:59] INFO: ==> Iteration [  1][ 258 /  782]: {'prec_cls': 6.5012, 'loss': 21.7047, 'loss_cls': 3.1063, 'loss_mse': 0.004, 'loss_nce': 18.5944, 'load_time': 60.9419, 'process_time': 39.0581}
[2020-11-20 14:46:00] INFO: ==> Iteration [  1][ 259 /  782]: {'prec_cls': 6.4996, 'loss': 21.7031, 'loss_cls': 3.1064, 'loss_mse': 0.004, 'loss_nce': 18.5927, 'load_time': 60.9464, 'process_time': 39.0536}
[2020-11-20 14:46:01] INFO: ==> Iteration [  1][ 260 /  782]: {'prec_cls': 6.4978, 'loss': 21.7008, 'loss_cls': 3.1065, 'loss_mse': 0.004, 'loss_nce': 18.5904, 'load_time': 60.9506, 'process_time': 39.0494}
[2020-11-20 14:46:02] INFO: ==> Iteration [  1][ 261 /  782]: {'prec_cls': 6.5001, 'loss': 21.6993, 'loss_cls': 3.1065, 'loss_mse': 0.0039, 'loss_nce': 18.5889, 'load_time': 60.9542, 'process_time': 39.0458}
[2020-11-20 14:46:02] INFO: ==> Iteration [  1][ 262 /  782]: {'prec_cls': 6.4992, 'loss': 21.6963, 'loss_cls': 3.1065, 'loss_mse': 0.0039, 'loss_nce': 18.5859, 'load_time': 60.9583, 'process_time': 39.0417}
[2020-11-20 14:46:03] INFO: ==> Iteration [  1][ 263 /  782]: {'prec_cls': 6.5006, 'loss': 21.6949, 'loss_cls': 3.1065, 'loss_mse': 0.0039, 'loss_nce': 18.5845, 'load_time': 60.9654, 'process_time': 39.0346}
[2020-11-20 14:46:04] INFO: ==> Iteration [  1][ 264 /  782]: {'prec_cls': 6.5015, 'loss': 21.6928, 'loss_cls': 3.1065, 'loss_mse': 0.0039, 'loss_nce': 18.5824, 'load_time': 60.9686, 'process_time': 39.0314}
[2020-11-20 14:46:05] INFO: ==> Iteration [  1][ 265 /  782]: {'prec_cls': 6.5055, 'loss': 21.6933, 'loss_cls': 3.1064, 'loss_mse': 0.0039, 'loss_nce': 18.583, 'load_time': 60.9727, 'process_time': 39.0273}
[2020-11-20 14:46:06] INFO: ==> Iteration [  1][ 266 /  782]: {'prec_cls': 6.5055, 'loss': 21.6918, 'loss_cls': 3.1064, 'loss_mse': 0.0039, 'loss_nce': 18.5815, 'load_time': 60.9768, 'process_time': 39.0232}
[2020-11-20 14:46:07] INFO: ==> Iteration [  1][ 267 /  782]: {'prec_cls': 6.5061, 'loss': 21.6908, 'loss_cls': 3.1063, 'loss_mse': 0.0039, 'loss_nce': 18.5806, 'load_time': 60.981, 'process_time': 39.019}
[2020-11-20 14:46:07] INFO: ==> Iteration [  1][ 268 /  782]: {'prec_cls': 6.5075, 'loss': 21.6888, 'loss_cls': 3.1061, 'loss_mse': 0.0039, 'loss_nce': 18.5788, 'load_time': 60.9853, 'process_time': 39.0147}
[2020-11-20 14:46:08] INFO: ==> Iteration [  1][ 269 /  782]: {'prec_cls': 6.5056, 'loss': 21.6862, 'loss_cls': 3.106, 'loss_mse': 0.0038, 'loss_nce': 18.5763, 'load_time': 60.989, 'process_time': 39.011}
[2020-11-20 14:46:09] INFO: ==> Iteration [  1][ 270 /  782]: {'prec_cls': 6.5028, 'loss': 21.6853, 'loss_cls': 3.1061, 'loss_mse': 0.0038, 'loss_nce': 18.5754, 'load_time': 60.9932, 'process_time': 39.0068}
[2020-11-20 14:46:10] INFO: ==> Iteration [  1][ 271 /  782]: {'prec_cls': 6.5021, 'loss': 21.6835, 'loss_cls': 3.106, 'loss_mse': 0.0038, 'loss_nce': 18.5737, 'load_time': 60.9967, 'process_time': 39.0033}
[2020-11-20 14:46:11] INFO: ==> Iteration [  1][ 272 /  782]: {'prec_cls': 6.5006, 'loss': 21.6813, 'loss_cls': 3.1059, 'loss_mse': 0.0038, 'loss_nce': 18.5715, 'load_time': 60.9997, 'process_time': 39.0003}
[2020-11-20 14:46:12] INFO: ==> Iteration [  1][ 273 /  782]: {'prec_cls': 6.5006, 'loss': 21.6787, 'loss_cls': 3.1058, 'loss_mse': 0.0038, 'loss_nce': 18.5691, 'load_time': 61.0028, 'process_time': 38.9972}
[2020-11-20 14:46:12] INFO: ==> Iteration [  1][ 274 /  782]: {'prec_cls': 6.4985, 'loss': 21.6761, 'loss_cls': 3.1058, 'loss_mse': 0.0038, 'loss_nce': 18.5665, 'load_time': 61.0059, 'process_time': 38.9941}
[2020-11-20 14:46:13] INFO: ==> Iteration [  1][ 275 /  782]: {'prec_cls': 6.4953, 'loss': 21.6759, 'loss_cls': 3.1061, 'loss_mse': 0.0038, 'loss_nce': 18.5661, 'load_time': 61.0088, 'process_time': 38.9912}
[2020-11-20 14:46:14] INFO: ==> Iteration [  1][ 276 /  782]: {'prec_cls': 6.4945, 'loss': 21.6748, 'loss_cls': 3.1062, 'loss_mse': 0.0038, 'loss_nce': 18.5649, 'load_time': 61.0148, 'process_time': 38.9852}
[2020-11-20 14:46:15] INFO: ==> Iteration [  1][ 277 /  782]: {'prec_cls': 6.4974, 'loss': 21.675, 'loss_cls': 3.1061, 'loss_mse': 0.0038, 'loss_nce': 18.5651, 'load_time': 61.0187, 'process_time': 38.9813}
[2020-11-20 14:46:16] INFO: ==> Iteration [  1][ 278 /  782]: {'prec_cls': 6.4962, 'loss': 21.6749, 'loss_cls': 3.1061, 'loss_mse': 0.0037, 'loss_nce': 18.5651, 'load_time': 61.0223, 'process_time': 38.9777}
[2020-11-20 14:46:17] INFO: ==> Iteration [  1][ 279 /  782]: {'prec_cls': 6.494, 'loss': 21.678, 'loss_cls': 3.106, 'loss_mse': 0.0037, 'loss_nce': 18.5683, 'load_time': 61.0256, 'process_time': 38.9744}
[2020-11-20 14:46:17] INFO: ==> Iteration [  1][ 280 /  782]: {'prec_cls': 6.4932, 'loss': 21.6811, 'loss_cls': 3.1059, 'loss_mse': 0.0037, 'loss_nce': 18.5715, 'load_time': 61.0286, 'process_time': 38.9714}
[2020-11-20 14:46:18] INFO: ==> Iteration [  1][ 281 /  782]: {'prec_cls': 6.493, 'loss': 21.6849, 'loss_cls': 3.1058, 'loss_mse': 0.0037, 'loss_nce': 18.5754, 'load_time': 61.0313, 'process_time': 38.9687}
[2020-11-20 14:46:19] INFO: ==> Iteration [  1][ 282 /  782]: {'prec_cls': 6.4915, 'loss': 21.6898, 'loss_cls': 3.1058, 'loss_mse': 0.0037, 'loss_nce': 18.5802, 'load_time': 61.0344, 'process_time': 38.9656}
[2020-11-20 14:46:20] INFO: ==> Iteration [  1][ 283 /  782]: {'prec_cls': 6.4933, 'loss': 21.6945, 'loss_cls': 3.1058, 'loss_mse': 0.0037, 'loss_nce': 18.585, 'load_time': 61.0314, 'process_time': 38.9686}
[2020-11-20 14:46:21] INFO: ==> Iteration [  1][ 284 /  782]: {'prec_cls': 6.4913, 'loss': 21.7007, 'loss_cls': 3.1059, 'loss_mse': 0.0037, 'loss_nce': 18.5911, 'load_time': 61.0355, 'process_time': 38.9645}
[2020-11-20 14:46:21] INFO: ==> Iteration [  1][ 285 /  782]: {'prec_cls': 6.4908, 'loss': 21.7083, 'loss_cls': 3.106, 'loss_mse': 0.0037, 'loss_nce': 18.5986, 'load_time': 61.0324, 'process_time': 38.9676}
[2020-11-20 14:46:22] INFO: ==> Iteration [  1][ 286 /  782]: {'prec_cls': 6.4902, 'loss': 21.7168, 'loss_cls': 3.1061, 'loss_mse': 0.0037, 'loss_nce': 18.6071, 'load_time': 61.0353, 'process_time': 38.9647}
[2020-11-20 14:46:23] INFO: ==> Iteration [  1][ 287 /  782]: {'prec_cls': 6.4931, 'loss': 21.723, 'loss_cls': 3.1059, 'loss_mse': 0.0036, 'loss_nce': 18.6135, 'load_time': 61.0312, 'process_time': 38.9688}
[2020-11-20 14:46:24] INFO: ==> Iteration [  1][ 288 /  782]: {'prec_cls': 6.4929, 'loss': 21.7299, 'loss_cls': 3.1059, 'loss_mse': 0.0036, 'loss_nce': 18.6204, 'load_time': 61.0342, 'process_time': 38.9658}
[2020-11-20 14:46:25] INFO: ==> Iteration [  1][ 289 /  782]: {'prec_cls': 6.4927, 'loss': 21.7406, 'loss_cls': 3.1058, 'loss_mse': 0.0036, 'loss_nce': 18.6312, 'load_time': 61.0378, 'process_time': 38.9622}
[2020-11-20 14:46:25] INFO: ==> Iteration [  1][ 290 /  782]: {'prec_cls': 6.4901, 'loss': 21.7519, 'loss_cls': 3.1059, 'loss_mse': 0.0036, 'loss_nce': 18.6424, 'load_time': 61.0418, 'process_time': 38.9582}
[2020-11-20 14:46:26] INFO: ==> Iteration [  1][ 291 /  782]: {'prec_cls': 6.4892, 'loss': 21.7646, 'loss_cls': 3.1058, 'loss_mse': 0.0036, 'loss_nce': 18.6552, 'load_time': 61.0447, 'process_time': 38.9553}
[2020-11-20 14:46:27] INFO: ==> Iteration [  1][ 292 /  782]: {'prec_cls': 6.4872, 'loss': 21.7781, 'loss_cls': 3.1058, 'loss_mse': 0.0036, 'loss_nce': 18.6687, 'load_time': 61.0479, 'process_time': 38.9521}
[2020-11-20 14:46:28] INFO: ==> Iteration [  1][ 293 /  782]: {'prec_cls': 6.4861, 'loss': 21.7928, 'loss_cls': 3.1058, 'loss_mse': 0.0036, 'loss_nce': 18.6834, 'load_time': 61.0513, 'process_time': 38.9487}
[2020-11-20 14:46:29] INFO: ==> Iteration [  1][ 294 /  782]: {'prec_cls': 6.4856, 'loss': 21.8081, 'loss_cls': 3.1059, 'loss_mse': 0.0036, 'loss_nce': 18.6987, 'load_time': 61.0543, 'process_time': 38.9457}
[2020-11-20 14:46:30] INFO: ==> Iteration [  1][ 295 /  782]: {'prec_cls': 6.4864, 'loss': 21.8219, 'loss_cls': 3.1057, 'loss_mse': 0.0036, 'loss_nce': 18.7126, 'load_time': 61.0574, 'process_time': 38.9426}
[2020-11-20 14:46:30] INFO: ==> Iteration [  1][ 296 /  782]: {'prec_cls': 6.4849, 'loss': 21.8349, 'loss_cls': 3.1058, 'loss_mse': 0.0035, 'loss_nce': 18.7255, 'load_time': 61.0605, 'process_time': 38.9395}
[2020-11-20 14:46:31] INFO: ==> Iteration [  1][ 297 /  782]: {'prec_cls': 6.4854, 'loss': 21.8453, 'loss_cls': 3.1056, 'loss_mse': 0.0035, 'loss_nce': 18.7361, 'load_time': 61.0637, 'process_time': 38.9363}
[2020-11-20 14:46:32] INFO: ==> Iteration [  1][ 298 /  782]: {'prec_cls': 6.488, 'loss': 21.8549, 'loss_cls': 3.1054, 'loss_mse': 0.0035, 'loss_nce': 18.746, 'load_time': 61.0668, 'process_time': 38.9332}
[2020-11-20 14:46:33] INFO: ==> Iteration [  1][ 299 /  782]: {'prec_cls': 6.4898, 'loss': 21.8629, 'loss_cls': 3.1053, 'loss_mse': 0.0035, 'loss_nce': 18.7541, 'load_time': 61.0698, 'process_time': 38.9302}
[2020-11-20 14:46:34] INFO: ==> Iteration [  1][ 300 /  782]: {'prec_cls': 6.4924, 'loss': 21.87, 'loss_cls': 3.1049, 'loss_mse': 0.0035, 'loss_nce': 18.7615, 'load_time': 61.0735, 'process_time': 38.9265}
[2020-11-20 14:46:35] INFO: ==> Iteration [  1][ 301 /  782]: {'prec_cls': 6.4908, 'loss': 21.8764, 'loss_cls': 3.1049, 'loss_mse': 0.0035, 'loss_nce': 18.768, 'load_time': 61.0772, 'process_time': 38.9228}
[2020-11-20 14:46:35] INFO: ==> Iteration [  1][ 302 /  782]: {'prec_cls': 6.4908, 'loss': 21.8804, 'loss_cls': 3.105, 'loss_mse': 0.0035, 'loss_nce': 18.772, 'load_time': 61.08, 'process_time': 38.92}
[2020-11-20 14:46:36] INFO: ==> Iteration [  1][ 303 /  782]: {'prec_cls': 6.49, 'loss': 21.8842, 'loss_cls': 3.1049, 'loss_mse': 0.0035, 'loss_nce': 18.7758, 'load_time': 61.0828, 'process_time': 38.9172}
[2020-11-20 14:46:37] INFO: ==> Iteration [  1][ 304 /  782]: {'prec_cls': 6.493, 'loss': 21.888, 'loss_cls': 3.1046, 'loss_mse': 0.0035, 'loss_nce': 18.78, 'load_time': 61.0781, 'process_time': 38.9219}
[2020-11-20 14:46:38] INFO: ==> Iteration [  1][ 305 /  782]: {'prec_cls': 6.4945, 'loss': 21.8925, 'loss_cls': 3.1044, 'loss_mse': 0.0035, 'loss_nce': 18.7846, 'load_time': 61.0813, 'process_time': 38.9187}
[2020-11-20 14:46:39] INFO: ==> Iteration [  1][ 306 /  782]: {'prec_cls': 6.4934, 'loss': 21.8972, 'loss_cls': 3.1043, 'loss_mse': 0.0034, 'loss_nce': 18.7895, 'load_time': 61.0845, 'process_time': 38.9155}
[2020-11-20 14:46:40] INFO: ==> Iteration [  1][ 307 /  782]: {'prec_cls': 6.4961, 'loss': 21.9034, 'loss_cls': 3.1039, 'loss_mse': 0.0034, 'loss_nce': 18.796, 'load_time': 61.0876, 'process_time': 38.9124}
[2020-11-20 14:46:40] INFO: ==> Iteration [  1][ 308 /  782]: {'prec_cls': 6.4982, 'loss': 21.9082, 'loss_cls': 3.1037, 'loss_mse': 0.0034, 'loss_nce': 18.8011, 'load_time': 61.0846, 'process_time': 38.9154}
[2020-11-20 14:46:41] INFO: ==> Iteration [  1][ 309 /  782]: {'prec_cls': 6.4979, 'loss': 21.9145, 'loss_cls': 3.1038, 'loss_mse': 0.0034, 'loss_nce': 18.8072, 'load_time': 61.0881, 'process_time': 38.9119}
[2020-11-20 14:46:42] INFO: ==> Iteration [  1][ 310 /  782]: {'prec_cls': 6.4957, 'loss': 21.9212, 'loss_cls': 3.1039, 'loss_mse': 0.0034, 'loss_nce': 18.8139, 'load_time': 61.0911, 'process_time': 38.9089}
[2020-11-20 14:46:43] INFO: ==> Iteration [  1][ 311 /  782]: {'prec_cls': 6.4983, 'loss': 21.9258, 'loss_cls': 3.1038, 'loss_mse': 0.0034, 'loss_nce': 18.8186, 'load_time': 61.0939, 'process_time': 38.9061}
[2020-11-20 14:46:44] INFO: ==> Iteration [  1][ 312 /  782]: {'prec_cls': 6.5005, 'loss': 21.9319, 'loss_cls': 3.1036, 'loss_mse': 0.0034, 'loss_nce': 18.8249, 'load_time': 61.0969, 'process_time': 38.9031}
[2020-11-20 14:46:44] INFO: ==> Iteration [  1][ 313 /  782]: {'prec_cls': 6.5045, 'loss': 21.9377, 'loss_cls': 3.1033, 'loss_mse': 0.0034, 'loss_nce': 18.831, 'load_time': 61.0996, 'process_time': 38.9004}
[2020-11-20 14:46:45] INFO: ==> Iteration [  1][ 314 /  782]: {'prec_cls': 6.5036, 'loss': 21.9443, 'loss_cls': 3.1033, 'loss_mse': 0.0034, 'loss_nce': 18.8376, 'load_time': 61.1022, 'process_time': 38.8978}
[2020-11-20 14:46:46] INFO: ==> Iteration [  1][ 315 /  782]: {'prec_cls': 6.5032, 'loss': 21.9499, 'loss_cls': 3.1033, 'loss_mse': 0.0034, 'loss_nce': 18.8433, 'load_time': 61.1054, 'process_time': 38.8946}
[2020-11-20 14:46:47] INFO: ==> Iteration [  1][ 316 /  782]: {'prec_cls': 6.5031, 'loss': 21.9545, 'loss_cls': 3.1031, 'loss_mse': 0.0034, 'loss_nce': 18.848, 'load_time': 61.1087, 'process_time': 38.8913}
[2020-11-20 14:46:48] INFO: ==> Iteration [  1][ 317 /  782]: {'prec_cls': 6.5011, 'loss': 21.9582, 'loss_cls': 3.1031, 'loss_mse': 0.0033, 'loss_nce': 18.8517, 'load_time': 61.1118, 'process_time': 38.8882}
[2020-11-20 14:46:49] INFO: ==> Iteration [  1][ 318 /  782]: {'prec_cls': 6.4983, 'loss': 21.9625, 'loss_cls': 3.1032, 'loss_mse': 0.0033, 'loss_nce': 18.856, 'load_time': 61.1157, 'process_time': 38.8843}
[2020-11-20 14:46:49] INFO: ==> Iteration [  1][ 319 /  782]: {'prec_cls': 6.5015, 'loss': 21.966, 'loss_cls': 3.1029, 'loss_mse': 0.0033, 'loss_nce': 18.8597, 'load_time': 61.1183, 'process_time': 38.8817}
[2020-11-20 14:46:50] INFO: ==> Iteration [  1][ 320 /  782]: {'prec_cls': 6.5031, 'loss': 21.9689, 'loss_cls': 3.1028, 'loss_mse': 0.0033, 'loss_nce': 18.8628, 'load_time': 61.1198, 'process_time': 38.8802}
[2020-11-20 14:46:51] INFO: ==> Iteration [  1][ 321 /  782]: {'prec_cls': 6.5035, 'loss': 21.9717, 'loss_cls': 3.1027, 'loss_mse': 0.0033, 'loss_nce': 18.8656, 'load_time': 61.1228, 'process_time': 38.8772}
[2020-11-20 14:46:52] INFO: ==> Iteration [  1][ 322 /  782]: {'prec_cls': 6.5076, 'loss': 21.973, 'loss_cls': 3.1025, 'loss_mse': 0.0033, 'loss_nce': 18.8672, 'load_time': 61.1255, 'process_time': 38.8745}
[2020-11-20 14:46:53] INFO: ==> Iteration [  1][ 323 /  782]: {'prec_cls': 6.5071, 'loss': 21.9758, 'loss_cls': 3.1025, 'loss_mse': 0.0033, 'loss_nce': 18.87, 'load_time': 61.128, 'process_time': 38.872}
[2020-11-20 14:46:54] INFO: ==> Iteration [  1][ 324 /  782]: {'prec_cls': 6.5058, 'loss': 21.9776, 'loss_cls': 3.1026, 'loss_mse': 0.0033, 'loss_nce': 18.8718, 'load_time': 61.1302, 'process_time': 38.8698}
[2020-11-20 14:46:54] INFO: ==> Iteration [  1][ 325 /  782]: {'prec_cls': 6.5088, 'loss': 21.9804, 'loss_cls': 3.1023, 'loss_mse': 0.0033, 'loss_nce': 18.8748, 'load_time': 61.1277, 'process_time': 38.8723}
[2020-11-20 14:46:55] INFO: ==> Iteration [  1][ 326 /  782]: {'prec_cls': 6.5115, 'loss': 21.983, 'loss_cls': 3.1022, 'loss_mse': 0.0033, 'loss_nce': 18.8776, 'load_time': 61.1299, 'process_time': 38.8701}
[2020-11-20 14:46:56] INFO: ==> Iteration [  1][ 327 /  782]: {'prec_cls': 6.511, 'loss': 21.9849, 'loss_cls': 3.1022, 'loss_mse': 0.0033, 'loss_nce': 18.8794, 'load_time': 61.1324, 'process_time': 38.8676}
[2020-11-20 14:46:57] INFO: ==> Iteration [  1][ 328 /  782]: {'prec_cls': 6.5138, 'loss': 21.9879, 'loss_cls': 3.1022, 'loss_mse': 0.0033, 'loss_nce': 18.8824, 'load_time': 61.1351, 'process_time': 38.8649}
[2020-11-20 14:46:58] INFO: ==> Iteration [  1][ 329 /  782]: {'prec_cls': 6.5144, 'loss': 21.9905, 'loss_cls': 3.1022, 'loss_mse': 0.0032, 'loss_nce': 18.885, 'load_time': 61.1377, 'process_time': 38.8623}
[2020-11-20 14:46:59] INFO: ==> Iteration [  1][ 330 /  782]: {'prec_cls': 6.5127, 'loss': 21.9929, 'loss_cls': 3.1023, 'loss_mse': 0.0032, 'loss_nce': 18.8874, 'load_time': 61.1408, 'process_time': 38.8592}
[2020-11-20 14:46:59] INFO: ==> Iteration [  1][ 331 /  782]: {'prec_cls': 6.5113, 'loss': 21.9953, 'loss_cls': 3.1024, 'loss_mse': 0.0032, 'loss_nce': 18.8897, 'load_time': 61.1434, 'process_time': 38.8566}
[2020-11-20 14:47:00] INFO: ==> Iteration [  1][ 332 /  782]: {'prec_cls': 6.5113, 'loss': 21.9986, 'loss_cls': 3.1023, 'loss_mse': 0.0032, 'loss_nce': 18.8931, 'load_time': 61.1465, 'process_time': 38.8535}
[2020-11-20 14:47:01] INFO: ==> Iteration [  1][ 333 /  782]: {'prec_cls': 6.5141, 'loss': 22.0002, 'loss_cls': 3.1021, 'loss_mse': 0.0032, 'loss_nce': 18.8949, 'load_time': 61.1482, 'process_time': 38.8518}
[2020-11-20 14:47:02] INFO: ==> Iteration [  1][ 334 /  782]: {'prec_cls': 6.5119, 'loss': 22.0017, 'loss_cls': 3.1023, 'loss_mse': 0.0032, 'loss_nce': 18.8962, 'load_time': 61.1509, 'process_time': 38.8491}
[2020-11-20 14:47:03] INFO: ==> Iteration [  1][ 335 /  782]: {'prec_cls': 6.5165, 'loss': 22.0038, 'loss_cls': 3.1022, 'loss_mse': 0.0032, 'loss_nce': 18.8985, 'load_time': 61.1527, 'process_time': 38.8473}
[2020-11-20 14:47:03] INFO: ==> Iteration [  1][ 336 /  782]: {'prec_cls': 6.5148, 'loss': 22.0055, 'loss_cls': 3.1022, 'loss_mse': 0.0032, 'loss_nce': 18.9, 'load_time': 61.1547, 'process_time': 38.8453}
[2020-11-20 14:47:04] INFO: ==> Iteration [  1][ 337 /  782]: {'prec_cls': 6.5164, 'loss': 22.0063, 'loss_cls': 3.1021, 'loss_mse': 0.0032, 'loss_nce': 18.901, 'load_time': 61.1566, 'process_time': 38.8434}
[2020-11-20 14:47:05] INFO: ==> Iteration [  1][ 338 /  782]: {'prec_cls': 6.5149, 'loss': 22.0087, 'loss_cls': 3.1022, 'loss_mse': 0.0032, 'loss_nce': 18.9033, 'load_time': 61.1589, 'process_time': 38.8411}
[2020-11-20 14:47:06] INFO: ==> Iteration [  1][ 339 /  782]: {'prec_cls': 6.5149, 'loss': 22.0105, 'loss_cls': 3.1022, 'loss_mse': 0.0032, 'loss_nce': 18.9052, 'load_time': 61.1612, 'process_time': 38.8388}
[2020-11-20 14:47:07] INFO: ==> Iteration [  1][ 340 /  782]: {'prec_cls': 6.5183, 'loss': 22.0119, 'loss_cls': 3.102, 'loss_mse': 0.0032, 'loss_nce': 18.9067, 'load_time': 61.1634, 'process_time': 38.8366}
[2020-11-20 14:47:08] INFO: ==> Iteration [  1][ 341 /  782]: {'prec_cls': 6.5191, 'loss': 22.0145, 'loss_cls': 3.102, 'loss_mse': 0.0031, 'loss_nce': 18.9094, 'load_time': 61.1656, 'process_time': 38.8344}
[2020-11-20 14:47:08] INFO: ==> Iteration [  1][ 342 /  782]: {'prec_cls': 6.5184, 'loss': 22.0165, 'loss_cls': 3.102, 'loss_mse': 0.0031, 'loss_nce': 18.9113, 'load_time': 61.1678, 'process_time': 38.8322}
[2020-11-20 14:47:09] INFO: ==> Iteration [  1][ 343 /  782]: {'prec_cls': 6.5185, 'loss': 22.0194, 'loss_cls': 3.102, 'loss_mse': 0.0031, 'loss_nce': 18.9143, 'load_time': 61.1704, 'process_time': 38.8296}
[2020-11-20 14:47:10] INFO: ==> Iteration [  1][ 344 /  782]: {'prec_cls': 6.5225, 'loss': 22.0217, 'loss_cls': 3.1017, 'loss_mse': 0.0031, 'loss_nce': 18.9169, 'load_time': 61.173, 'process_time': 38.827}
[2020-11-20 14:47:11] INFO: ==> Iteration [  1][ 345 /  782]: {'prec_cls': 6.5208, 'loss': 22.025, 'loss_cls': 3.1017, 'loss_mse': 0.0031, 'loss_nce': 18.9202, 'load_time': 61.1758, 'process_time': 38.8242}
[2020-11-20 14:47:12] INFO: ==> Iteration [  1][ 346 /  782]: {'prec_cls': 6.5261, 'loss': 22.0296, 'loss_cls': 3.1015, 'loss_mse': 0.0031, 'loss_nce': 18.925, 'load_time': 61.1781, 'process_time': 38.8219}
[2020-11-20 14:47:13] INFO: ==> Iteration [  1][ 347 /  782]: {'prec_cls': 6.5319, 'loss': 22.0333, 'loss_cls': 3.1013, 'loss_mse': 0.0031, 'loss_nce': 18.9289, 'load_time': 61.1807, 'process_time': 38.8193}
[2020-11-20 14:47:13] INFO: ==> Iteration [  1][ 348 /  782]: {'prec_cls': 6.5293, 'loss': 22.0383, 'loss_cls': 3.1015, 'loss_mse': 0.0031, 'loss_nce': 18.9337, 'load_time': 61.1837, 'process_time': 38.8163}
[2020-11-20 14:47:14] INFO: ==> Iteration [  1][ 349 /  782]: {'prec_cls': 6.5274, 'loss': 22.0404, 'loss_cls': 3.1015, 'loss_mse': 0.0031, 'loss_nce': 18.9359, 'load_time': 61.1807, 'process_time': 38.8193}
[2020-11-20 14:47:15] INFO: ==> Iteration [  1][ 350 /  782]: {'prec_cls': 6.5275, 'loss': 22.0412, 'loss_cls': 3.1014, 'loss_mse': 0.0031, 'loss_nce': 18.9368, 'load_time': 61.1777, 'process_time': 38.8223}
[2020-11-20 14:47:16] INFO: ==> Iteration [  1][ 351 /  782]: {'prec_cls': 6.5267, 'loss': 22.0411, 'loss_cls': 3.1014, 'loss_mse': 0.0031, 'loss_nce': 18.9367, 'load_time': 61.1746, 'process_time': 38.8254}
[2020-11-20 14:47:17] INFO: ==> Iteration [  1][ 352 /  782]: {'prec_cls': 6.5269, 'loss': 22.0399, 'loss_cls': 3.1013, 'loss_mse': 0.0031, 'loss_nce': 18.9355, 'load_time': 61.1714, 'process_time': 38.8286}
[2020-11-20 14:47:17] INFO: ==> Iteration [  1][ 353 /  782]: {'prec_cls': 6.5281, 'loss': 22.0387, 'loss_cls': 3.1013, 'loss_mse': 0.0031, 'loss_nce': 18.9344, 'load_time': 61.173, 'process_time': 38.827}
[2020-11-20 14:47:18] INFO: ==> Iteration [  1][ 354 /  782]: {'prec_cls': 6.5283, 'loss': 22.0374, 'loss_cls': 3.1012, 'loss_mse': 0.0031, 'loss_nce': 18.9331, 'load_time': 61.1696, 'process_time': 38.8304}
[2020-11-20 14:47:19] INFO: ==> Iteration [  1][ 355 /  782]: {'prec_cls': 6.5292, 'loss': 22.035, 'loss_cls': 3.1012, 'loss_mse': 0.003, 'loss_nce': 18.9307, 'load_time': 61.172, 'process_time': 38.828}
[2020-11-20 14:47:20] INFO: ==> Iteration [  1][ 356 /  782]: {'prec_cls': 6.5274, 'loss': 22.0333, 'loss_cls': 3.1012, 'loss_mse': 0.003, 'loss_nce': 18.9291, 'load_time': 61.1689, 'process_time': 38.8311}
[2020-11-20 14:47:21] INFO: ==> Iteration [  1][ 357 /  782]: {'prec_cls': 6.5262, 'loss': 22.0331, 'loss_cls': 3.1013, 'loss_mse': 0.003, 'loss_nce': 18.9288, 'load_time': 61.166, 'process_time': 38.834}
[2020-11-20 14:47:21] INFO: ==> Iteration [  1][ 358 /  782]: {'prec_cls': 6.5218, 'loss': 22.0324, 'loss_cls': 3.1014, 'loss_mse': 0.003, 'loss_nce': 18.928, 'load_time': 61.1676, 'process_time': 38.8324}
[2020-11-20 14:47:22] INFO: ==> Iteration [  1][ 359 /  782]: {'prec_cls': 6.5259, 'loss': 22.0315, 'loss_cls': 3.1011, 'loss_mse': 0.003, 'loss_nce': 18.9274, 'load_time': 61.1698, 'process_time': 38.8302}
[2020-11-20 14:47:23] INFO: ==> Iteration [  1][ 360 /  782]: {'prec_cls': 6.5258, 'loss': 22.0329, 'loss_cls': 3.101, 'loss_mse': 0.003, 'loss_nce': 18.9288, 'load_time': 61.167, 'process_time': 38.833}
[2020-11-20 14:47:24] INFO: ==> Iteration [  1][ 361 /  782]: {'prec_cls': 6.5274, 'loss': 22.0339, 'loss_cls': 3.101, 'loss_mse': 0.003, 'loss_nce': 18.9299, 'load_time': 61.1693, 'process_time': 38.8307}
[2020-11-20 14:47:25] INFO: ==> Iteration [  1][ 362 /  782]: {'prec_cls': 6.5262, 'loss': 22.037, 'loss_cls': 3.101, 'loss_mse': 0.003, 'loss_nce': 18.933, 'load_time': 61.1722, 'process_time': 38.8278}
[2020-11-20 14:47:26] INFO: ==> Iteration [  1][ 363 /  782]: {'prec_cls': 6.5266, 'loss': 22.0412, 'loss_cls': 3.1009, 'loss_mse': 0.003, 'loss_nce': 18.9373, 'load_time': 61.1743, 'process_time': 38.8257}
[2020-11-20 14:47:26] INFO: ==> Iteration [  1][ 364 /  782]: {'prec_cls': 6.5297, 'loss': 22.0442, 'loss_cls': 3.1007, 'loss_mse': 0.003, 'loss_nce': 18.9405, 'load_time': 61.1761, 'process_time': 38.8239}
[2020-11-20 14:47:27] INFO: ==> Iteration [  1][ 365 /  782]: {'prec_cls': 6.5287, 'loss': 22.05, 'loss_cls': 3.1008, 'loss_mse': 0.003, 'loss_nce': 18.9462, 'load_time': 61.1727, 'process_time': 38.8273}
[2020-11-20 14:47:28] INFO: ==> Iteration [  1][ 366 /  782]: {'prec_cls': 6.5291, 'loss': 22.0554, 'loss_cls': 3.1006, 'loss_mse': 0.003, 'loss_nce': 18.9517, 'load_time': 61.1751, 'process_time': 38.8249}
[2020-11-20 14:47:29] INFO: ==> Iteration [  1][ 367 /  782]: {'prec_cls': 6.5321, 'loss': 22.0619, 'loss_cls': 3.1005, 'loss_mse': 0.003, 'loss_nce': 18.9584, 'load_time': 61.1774, 'process_time': 38.8226}
[2020-11-20 14:47:30] INFO: ==> Iteration [  1][ 368 /  782]: {'prec_cls': 6.5368, 'loss': 22.0672, 'loss_cls': 3.1003, 'loss_mse': 0.003, 'loss_nce': 18.9639, 'load_time': 61.1797, 'process_time': 38.8203}
[2020-11-20 14:47:30] INFO: ==> Iteration [  1][ 369 /  782]: {'prec_cls': 6.5407, 'loss': 22.0728, 'loss_cls': 3.1001, 'loss_mse': 0.003, 'loss_nce': 18.9697, 'load_time': 61.1832, 'process_time': 38.8168}
[2020-11-20 14:47:31] INFO: ==> Iteration [  1][ 370 /  782]: {'prec_cls': 6.5397, 'loss': 22.0787, 'loss_cls': 3.1002, 'loss_mse': 0.003, 'loss_nce': 18.9755, 'load_time': 61.1811, 'process_time': 38.8189}
[2020-11-20 14:47:32] INFO: ==> Iteration [  1][ 371 /  782]: {'prec_cls': 6.5414, 'loss': 22.084, 'loss_cls': 3.1, 'loss_mse': 0.003, 'loss_nce': 18.981, 'load_time': 61.183, 'process_time': 38.817}
[2020-11-20 14:47:33] INFO: ==> Iteration [  1][ 372 /  782]: {'prec_cls': 6.541, 'loss': 22.09, 'loss_cls': 3.1001, 'loss_mse': 0.003, 'loss_nce': 18.987, 'load_time': 61.1799, 'process_time': 38.8201}
[2020-11-20 14:47:34] INFO: ==> Iteration [  1][ 373 /  782]: {'prec_cls': 6.542, 'loss': 22.0948, 'loss_cls': 3.1, 'loss_mse': 0.003, 'loss_nce': 18.9918, 'load_time': 61.1773, 'process_time': 38.8227}
[2020-11-20 14:47:34] INFO: ==> Iteration [  1][ 374 /  782]: {'prec_cls': 6.5442, 'loss': 22.0981, 'loss_cls': 3.0999, 'loss_mse': 0.003, 'loss_nce': 18.9952, 'load_time': 61.1739, 'process_time': 38.8261}
[2020-11-20 14:47:35] INFO: ==> Iteration [  1][ 375 /  782]: {'prec_cls': 6.544, 'loss': 22.1035, 'loss_cls': 3.0998, 'loss_mse': 0.003, 'loss_nce': 19.0007, 'load_time': 61.171, 'process_time': 38.829}
[2020-11-20 14:47:36] INFO: ==> Iteration [  1][ 376 /  782]: {'prec_cls': 6.5444, 'loss': 22.109, 'loss_cls': 3.0997, 'loss_mse': 0.0029, 'loss_nce': 19.0064, 'load_time': 61.1689, 'process_time': 38.8311}
[2020-11-20 14:47:37] INFO: ==> Iteration [  1][ 377 /  782]: {'prec_cls': 6.544, 'loss': 22.115, 'loss_cls': 3.0996, 'loss_mse': 0.0029, 'loss_nce': 19.0125, 'load_time': 61.1717, 'process_time': 38.8283}
[2020-11-20 14:47:38] INFO: ==> Iteration [  1][ 378 /  782]: {'prec_cls': 6.5443, 'loss': 22.12, 'loss_cls': 3.0995, 'loss_mse': 0.0029, 'loss_nce': 19.0175, 'load_time': 61.1741, 'process_time': 38.8259}
[2020-11-20 14:47:39] INFO: ==> Iteration [  1][ 379 /  782]: {'prec_cls': 6.5454, 'loss': 22.125, 'loss_cls': 3.0993, 'loss_mse': 0.0029, 'loss_nce': 19.0227, 'load_time': 61.1762, 'process_time': 38.8238}
[2020-11-20 14:47:39] INFO: ==> Iteration [  1][ 380 /  782]: {'prec_cls': 6.5473, 'loss': 22.13, 'loss_cls': 3.0992, 'loss_mse': 0.0029, 'loss_nce': 19.0279, 'load_time': 61.1788, 'process_time': 38.8212}
[2020-11-20 14:47:40] INFO: ==> Iteration [  1][ 381 /  782]: {'prec_cls': 6.551, 'loss': 22.1343, 'loss_cls': 3.0989, 'loss_mse': 0.0029, 'loss_nce': 19.0324, 'load_time': 61.1763, 'process_time': 38.8237}
[2020-11-20 14:47:41] INFO: ==> Iteration [  1][ 382 /  782]: {'prec_cls': 6.5513, 'loss': 22.1387, 'loss_cls': 3.0988, 'loss_mse': 0.0029, 'loss_nce': 19.037, 'load_time': 61.179, 'process_time': 38.821}
[2020-11-20 14:47:42] INFO: ==> Iteration [  1][ 383 /  782]: {'prec_cls': 6.5502, 'loss': 22.1435, 'loss_cls': 3.0987, 'loss_mse': 0.0029, 'loss_nce': 19.0419, 'load_time': 61.1816, 'process_time': 38.8184}
[2020-11-20 14:47:43] INFO: ==> Iteration [  1][ 384 /  782]: {'prec_cls': 6.5521, 'loss': 22.148, 'loss_cls': 3.0986, 'loss_mse': 0.0029, 'loss_nce': 19.0465, 'load_time': 61.1842, 'process_time': 38.8158}
[2020-11-20 14:47:43] INFO: ==> Iteration [  1][ 385 /  782]: {'prec_cls': 6.5548, 'loss': 22.1511, 'loss_cls': 3.0984, 'loss_mse': 0.0029, 'loss_nce': 19.0497, 'load_time': 61.1869, 'process_time': 38.8131}
[2020-11-20 14:47:44] INFO: ==> Iteration [  1][ 386 /  782]: {'prec_cls': 6.5534, 'loss': 22.1545, 'loss_cls': 3.0985, 'loss_mse': 0.0029, 'loss_nce': 19.0531, 'load_time': 61.1891, 'process_time': 38.8109}
[2020-11-20 14:47:45] INFO: ==> Iteration [  1][ 387 /  782]: {'prec_cls': 6.5531, 'loss': 22.1575, 'loss_cls': 3.0984, 'loss_mse': 0.0029, 'loss_nce': 19.0561, 'load_time': 61.1911, 'process_time': 38.8089}
[2020-11-20 14:47:46] INFO: ==> Iteration [  1][ 388 /  782]: {'prec_cls': 6.5556, 'loss': 22.1596, 'loss_cls': 3.0983, 'loss_mse': 0.0029, 'loss_nce': 19.0584, 'load_time': 61.1926, 'process_time': 38.8074}
[2020-11-20 14:47:47] INFO: ==> Iteration [  1][ 389 /  782]: {'prec_cls': 6.556, 'loss': 22.1624, 'loss_cls': 3.0984, 'loss_mse': 0.0029, 'loss_nce': 19.0611, 'load_time': 61.1942, 'process_time': 38.8058}
[2020-11-20 14:47:48] INFO: ==> Iteration [  1][ 390 /  782]: {'prec_cls': 6.5614, 'loss': 22.164, 'loss_cls': 3.098, 'loss_mse': 0.0029, 'loss_nce': 19.0631, 'load_time': 61.1963, 'process_time': 38.8037}
[2020-11-20 14:47:48] INFO: ==> Iteration [  1][ 391 /  782]: {'prec_cls': 6.564, 'loss': 22.1662, 'loss_cls': 3.0978, 'loss_mse': 0.0029, 'loss_nce': 19.0655, 'load_time': 61.1984, 'process_time': 38.8016}
[2020-11-20 14:47:49] INFO: ==> Iteration [  1][ 392 /  782]: {'prec_cls': 6.5661, 'loss': 22.1694, 'loss_cls': 3.0977, 'loss_mse': 0.0029, 'loss_nce': 19.0688, 'load_time': 61.2008, 'process_time': 38.7992}
[2020-11-20 14:47:50] INFO: ==> Iteration [  1][ 393 /  782]: {'prec_cls': 6.5643, 'loss': 22.173, 'loss_cls': 3.0977, 'loss_mse': 0.0029, 'loss_nce': 19.0723, 'load_time': 61.203, 'process_time': 38.797}
[2020-11-20 14:47:51] INFO: ==> Iteration [  1][ 394 /  782]: {'prec_cls': 6.5644, 'loss': 22.1766, 'loss_cls': 3.0977, 'loss_mse': 0.0029, 'loss_nce': 19.076, 'load_time': 61.2045, 'process_time': 38.7955}
[2020-11-20 14:47:52] INFO: ==> Iteration [  1][ 395 /  782]: {'prec_cls': 6.5645, 'loss': 22.1816, 'loss_cls': 3.0976, 'loss_mse': 0.0029, 'loss_nce': 19.0811, 'load_time': 61.2065, 'process_time': 38.7935}
[2020-11-20 14:47:53] INFO: ==> Iteration [  1][ 396 /  782]: {'prec_cls': 6.5652, 'loss': 22.1856, 'loss_cls': 3.0975, 'loss_mse': 0.0029, 'loss_nce': 19.0851, 'load_time': 61.2085, 'process_time': 38.7915}
[2020-11-20 14:47:53] INFO: ==> Iteration [  1][ 397 /  782]: {'prec_cls': 6.5661, 'loss': 22.188, 'loss_cls': 3.0976, 'loss_mse': 0.0029, 'loss_nce': 19.0875, 'load_time': 61.2107, 'process_time': 38.7893}
[2020-11-20 14:47:54] INFO: ==> Iteration [  1][ 398 /  782]: {'prec_cls': 6.5651, 'loss': 22.1913, 'loss_cls': 3.0977, 'loss_mse': 0.0029, 'loss_nce': 19.0906, 'load_time': 61.2131, 'process_time': 38.7869}
[2020-11-20 14:47:55] INFO: ==> Iteration [  1][ 399 /  782]: {'prec_cls': 6.5668, 'loss': 22.1938, 'loss_cls': 3.0975, 'loss_mse': 0.0029, 'loss_nce': 19.0934, 'load_time': 61.2153, 'process_time': 38.7847}
[2020-11-20 14:47:56] INFO: ==> Iteration [  1][ 400 /  782]: {'prec_cls': 6.5655, 'loss': 22.196, 'loss_cls': 3.0975, 'loss_mse': 0.0029, 'loss_nce': 19.0956, 'load_time': 61.2162, 'process_time': 38.7838}
[2020-11-20 14:47:57] INFO: ==> Iteration [  1][ 401 /  782]: {'prec_cls': 6.5681, 'loss': 22.1986, 'loss_cls': 3.0974, 'loss_mse': 0.0029, 'loss_nce': 19.0983, 'load_time': 61.2184, 'process_time': 38.7816}
[2020-11-20 14:47:58] INFO: ==> Iteration [  1][ 402 /  782]: {'prec_cls': 6.5668, 'loss': 22.2014, 'loss_cls': 3.0974, 'loss_mse': 0.0029, 'loss_nce': 19.1011, 'load_time': 61.2204, 'process_time': 38.7796}
[2020-11-20 14:47:58] INFO: ==> Iteration [  1][ 403 /  782]: {'prec_cls': 6.5665, 'loss': 22.2028, 'loss_cls': 3.0973, 'loss_mse': 0.0029, 'loss_nce': 19.1026, 'load_time': 61.2224, 'process_time': 38.7776}
[2020-11-20 14:47:59] INFO: ==> Iteration [  1][ 404 /  782]: {'prec_cls': 6.5634, 'loss': 22.2058, 'loss_cls': 3.0974, 'loss_mse': 0.0029, 'loss_nce': 19.1055, 'load_time': 61.2245, 'process_time': 38.7755}
[2020-11-20 14:48:00] INFO: ==> Iteration [  1][ 405 /  782]: {'prec_cls': 6.563, 'loss': 22.2085, 'loss_cls': 3.0974, 'loss_mse': 0.0029, 'loss_nce': 19.1082, 'load_time': 61.2269, 'process_time': 38.7731}
[2020-11-20 14:48:01] INFO: ==> Iteration [  1][ 406 /  782]: {'prec_cls': 6.563, 'loss': 22.2114, 'loss_cls': 3.0974, 'loss_mse': 0.0029, 'loss_nce': 19.1111, 'load_time': 61.2294, 'process_time': 38.7706}
[2020-11-20 14:48:02] INFO: ==> Iteration [  1][ 407 /  782]: {'prec_cls': 6.565, 'loss': 22.2133, 'loss_cls': 3.0972, 'loss_mse': 0.0029, 'loss_nce': 19.1132, 'load_time': 61.231, 'process_time': 38.769}
[2020-11-20 14:48:03] INFO: ==> Iteration [  1][ 408 /  782]: {'prec_cls': 6.5624, 'loss': 22.215, 'loss_cls': 3.0974, 'loss_mse': 0.0029, 'loss_nce': 19.1147, 'load_time': 61.2327, 'process_time': 38.7673}
[2020-11-20 14:48:03] INFO: ==> Iteration [  1][ 409 /  782]: {'prec_cls': 6.561, 'loss': 22.2168, 'loss_cls': 3.0973, 'loss_mse': 0.0029, 'loss_nce': 19.1166, 'load_time': 61.2348, 'process_time': 38.7652}
[2020-11-20 14:48:04] INFO: ==> Iteration [  1][ 410 /  782]: {'prec_cls': 6.5625, 'loss': 22.2178, 'loss_cls': 3.0972, 'loss_mse': 0.0029, 'loss_nce': 19.1177, 'load_time': 61.2363, 'process_time': 38.7637}
[2020-11-20 14:48:05] INFO: ==> Iteration [  1][ 411 /  782]: {'prec_cls': 6.5632, 'loss': 22.2186, 'loss_cls': 3.0971, 'loss_mse': 0.0029, 'loss_nce': 19.1186, 'load_time': 61.2382, 'process_time': 38.7618}
[2020-11-20 14:48:06] INFO: ==> Iteration [  1][ 412 /  782]: {'prec_cls': 6.5649, 'loss': 22.2195, 'loss_cls': 3.0971, 'loss_mse': 0.0029, 'loss_nce': 19.1196, 'load_time': 61.2399, 'process_time': 38.7601}
[2020-11-20 14:48:07] INFO: ==> Iteration [  1][ 413 /  782]: {'prec_cls': 6.5647, 'loss': 22.2193, 'loss_cls': 3.0971, 'loss_mse': 0.0029, 'loss_nce': 19.1194, 'load_time': 61.2423, 'process_time': 38.7577}
[2020-11-20 14:48:08] INFO: ==> Iteration [  1][ 414 /  782]: {'prec_cls': 6.5638, 'loss': 22.2199, 'loss_cls': 3.0971, 'loss_mse': 0.0029, 'loss_nce': 19.1199, 'load_time': 61.2442, 'process_time': 38.7558}
[2020-11-20 14:48:08] INFO: ==> Iteration [  1][ 415 /  782]: {'prec_cls': 6.5624, 'loss': 22.219, 'loss_cls': 3.0972, 'loss_mse': 0.0029, 'loss_nce': 19.119, 'load_time': 61.2462, 'process_time': 38.7538}
[2020-11-20 14:48:09] INFO: ==> Iteration [  1][ 416 /  782]: {'prec_cls': 6.5609, 'loss': 22.2179, 'loss_cls': 3.0972, 'loss_mse': 0.0029, 'loss_nce': 19.1179, 'load_time': 61.2439, 'process_time': 38.7561}
[2020-11-20 14:48:10] INFO: ==> Iteration [  1][ 417 /  782]: {'prec_cls': 6.5619, 'loss': 22.2152, 'loss_cls': 3.0972, 'loss_mse': 0.0028, 'loss_nce': 19.1152, 'load_time': 61.2406, 'process_time': 38.7594}
[2020-11-20 14:48:11] INFO: ==> Iteration [  1][ 418 /  782]: {'prec_cls': 6.5619, 'loss': 22.2124, 'loss_cls': 3.0971, 'loss_mse': 0.0028, 'loss_nce': 19.1125, 'load_time': 61.2381, 'process_time': 38.7619}
[2020-11-20 14:48:12] INFO: ==> Iteration [  1][ 419 /  782]: {'prec_cls': 6.5618, 'loss': 22.2104, 'loss_cls': 3.0971, 'loss_mse': 0.0028, 'loss_nce': 19.1105, 'load_time': 61.2356, 'process_time': 38.7644}
[2020-11-20 14:48:12] INFO: ==> Iteration [  1][ 420 /  782]: {'prec_cls': 6.5613, 'loss': 22.2075, 'loss_cls': 3.0971, 'loss_mse': 0.0028, 'loss_nce': 19.1076, 'load_time': 61.237, 'process_time': 38.763}
[2020-11-20 14:48:13] INFO: ==> Iteration [  1][ 421 /  782]: {'prec_cls': 6.5618, 'loss': 22.2066, 'loss_cls': 3.097, 'loss_mse': 0.0028, 'loss_nce': 19.1068, 'load_time': 61.239, 'process_time': 38.761}
[2020-11-20 14:48:14] INFO: ==> Iteration [  1][ 422 /  782]: {'prec_cls': 6.5615, 'loss': 22.2055, 'loss_cls': 3.097, 'loss_mse': 0.0028, 'loss_nce': 19.1056, 'load_time': 61.2403, 'process_time': 38.7597}
[2020-11-20 14:48:15] INFO: ==> Iteration [  1][ 423 /  782]: {'prec_cls': 6.5617, 'loss': 22.2047, 'loss_cls': 3.097, 'loss_mse': 0.0028, 'loss_nce': 19.1049, 'load_time': 61.2418, 'process_time': 38.7582}
[2020-11-20 14:48:16] INFO: ==> Iteration [  1][ 424 /  782]: {'prec_cls': 6.5641, 'loss': 22.2038, 'loss_cls': 3.0969, 'loss_mse': 0.0028, 'loss_nce': 19.1041, 'load_time': 61.2436, 'process_time': 38.7564}
[2020-11-20 14:48:16] INFO: ==> Iteration [  1][ 425 /  782]: {'prec_cls': 6.566, 'loss': 22.2037, 'loss_cls': 3.0968, 'loss_mse': 0.0028, 'loss_nce': 19.1041, 'load_time': 61.2469, 'process_time': 38.7531}
[2020-11-20 14:48:17] INFO: ==> Iteration [  1][ 426 /  782]: {'prec_cls': 6.5644, 'loss': 22.2041, 'loss_cls': 3.0968, 'loss_mse': 0.0028, 'loss_nce': 19.1044, 'load_time': 61.2488, 'process_time': 38.7512}
[2020-11-20 14:48:18] INFO: ==> Iteration [  1][ 427 /  782]: {'prec_cls': 6.5663, 'loss': 22.2056, 'loss_cls': 3.0967, 'loss_mse': 0.0028, 'loss_nce': 19.1061, 'load_time': 61.2503, 'process_time': 38.7497}
[2020-11-20 14:48:19] INFO: ==> Iteration [  1][ 428 /  782]: {'prec_cls': 6.5659, 'loss': 22.2046, 'loss_cls': 3.0967, 'loss_mse': 0.0028, 'loss_nce': 19.1051, 'load_time': 61.2525, 'process_time': 38.7475}
[2020-11-20 14:48:20] INFO: ==> Iteration [  1][ 429 /  782]: {'prec_cls': 6.5655, 'loss': 22.2043, 'loss_cls': 3.0967, 'loss_mse': 0.0028, 'loss_nce': 19.1048, 'load_time': 61.254, 'process_time': 38.746}
[2020-11-20 14:48:21] INFO: ==> Iteration [  1][ 430 /  782]: {'prec_cls': 6.568, 'loss': 22.2048, 'loss_cls': 3.0967, 'loss_mse': 0.0028, 'loss_nce': 19.1054, 'load_time': 61.2553, 'process_time': 38.7447}
[2020-11-20 14:48:21] INFO: ==> Iteration [  1][ 431 /  782]: {'prec_cls': 6.5671, 'loss': 22.2044, 'loss_cls': 3.0967, 'loss_mse': 0.0028, 'loss_nce': 19.1049, 'load_time': 61.2574, 'process_time': 38.7426}
[2020-11-20 14:48:22] INFO: ==> Iteration [  1][ 432 /  782]: {'prec_cls': 6.5674, 'loss': 22.2045, 'loss_cls': 3.0967, 'loss_mse': 0.0028, 'loss_nce': 19.105, 'load_time': 61.2584, 'process_time': 38.7416}
[2020-11-20 14:48:23] INFO: ==> Iteration [  1][ 433 /  782]: {'prec_cls': 6.5658, 'loss': 22.2038, 'loss_cls': 3.0968, 'loss_mse': 0.0028, 'loss_nce': 19.1042, 'load_time': 61.2602, 'process_time': 38.7398}
[2020-11-20 14:48:24] INFO: ==> Iteration [  1][ 434 /  782]: {'prec_cls': 6.5667, 'loss': 22.2023, 'loss_cls': 3.0967, 'loss_mse': 0.0028, 'loss_nce': 19.1028, 'load_time': 61.262, 'process_time': 38.738}
[2020-11-20 14:48:25] INFO: ==> Iteration [  1][ 435 /  782]: {'prec_cls': 6.5661, 'loss': 22.2014, 'loss_cls': 3.0967, 'loss_mse': 0.0028, 'loss_nce': 19.1019, 'load_time': 61.2592, 'process_time': 38.7408}
[2020-11-20 14:48:26] INFO: ==> Iteration [  1][ 436 /  782]: {'prec_cls': 6.5664, 'loss': 22.2015, 'loss_cls': 3.0966, 'loss_mse': 0.0028, 'loss_nce': 19.1021, 'load_time': 61.2606, 'process_time': 38.7394}
[2020-11-20 14:48:26] INFO: ==> Iteration [  1][ 437 /  782]: {'prec_cls': 6.5642, 'loss': 22.2023, 'loss_cls': 3.0967, 'loss_mse': 0.0028, 'loss_nce': 19.1029, 'load_time': 61.262, 'process_time': 38.738}
[2020-11-20 14:48:27] INFO: ==> Iteration [  1][ 438 /  782]: {'prec_cls': 6.5641, 'loss': 22.2026, 'loss_cls': 3.0966, 'loss_mse': 0.0028, 'loss_nce': 19.1032, 'load_time': 61.2639, 'process_time': 38.7361}
[2020-11-20 14:48:28] INFO: ==> Iteration [  1][ 439 /  782]: {'prec_cls': 6.5617, 'loss': 22.2056, 'loss_cls': 3.0968, 'loss_mse': 0.0028, 'loss_nce': 19.1061, 'load_time': 61.2673, 'process_time': 38.7327}
[2020-11-20 14:48:29] INFO: ==> Iteration [  1][ 440 /  782]: {'prec_cls': 6.5618, 'loss': 22.2084, 'loss_cls': 3.0968, 'loss_mse': 0.0028, 'loss_nce': 19.1089, 'load_time': 61.2689, 'process_time': 38.7311}
[2020-11-20 14:48:30] INFO: ==> Iteration [  1][ 441 /  782]: {'prec_cls': 6.5608, 'loss': 22.211, 'loss_cls': 3.0968, 'loss_mse': 0.0028, 'loss_nce': 19.1115, 'load_time': 61.2664, 'process_time': 38.7336}
[2020-11-20 14:48:30] INFO: ==> Iteration [  1][ 442 /  782]: {'prec_cls': 6.5599, 'loss': 22.2156, 'loss_cls': 3.0968, 'loss_mse': 0.0027, 'loss_nce': 19.1161, 'load_time': 61.2634, 'process_time': 38.7366}
[2020-11-20 14:48:31] INFO: ==> Iteration [  1][ 443 /  782]: {'prec_cls': 6.5607, 'loss': 22.2205, 'loss_cls': 3.0968, 'loss_mse': 0.0027, 'loss_nce': 19.121, 'load_time': 61.2606, 'process_time': 38.7394}
[2020-11-20 14:48:32] INFO: ==> Iteration [  1][ 444 /  782]: {'prec_cls': 6.5597, 'loss': 22.2252, 'loss_cls': 3.0969, 'loss_mse': 0.0027, 'loss_nce': 19.1256, 'load_time': 61.2584, 'process_time': 38.7416}
[2020-11-20 14:48:33] INFO: ==> Iteration [  1][ 445 /  782]: {'prec_cls': 6.56, 'loss': 22.2301, 'loss_cls': 3.0969, 'loss_mse': 0.0027, 'loss_nce': 19.1305, 'load_time': 61.2553, 'process_time': 38.7447}
[2020-11-20 14:48:34] INFO: ==> Iteration [  1][ 446 /  782]: {'prec_cls': 6.5604, 'loss': 22.2367, 'loss_cls': 3.0968, 'loss_mse': 0.0027, 'loss_nce': 19.1371, 'load_time': 61.2527, 'process_time': 38.7473}
