[2020-11-19 21:11:33] INFO: Algorithm options {'data_train_opt': {'batch_size': 128, 'unsupervised': True, 'random_sized_crop': False, 'dataset_name': 'tiny-imagenet', 'split': 'train'}, 'data_test_opt': {'batch_size': 128, 'unsupervised': True, 'random_sized_crop': False, 'dataset_name': 'tiny-imagenet', 'split': 'val'}, 'max_num_epochs': 200, 'networks': {'feature': {'def_file': 'architectures/AlexNetFeature.py', 'pretrained': None, 'opt': {}, 'optim_params': {'optim_type': 'sgd', 'lr': 0.1, 'momentum': 0.9, 'weight_decay': 0.0005, 'nesterov': True, 'LUT_lr': [(90, 0.01), (130, 0.001), (190, 0.0001), (210, 1e-05), (230, 0.0001), (245, 1e-05)]}}, 'classifier': {'def_file': 'architectures/AlexNetClassifier.py', 'pretrained': None, 'opt': {'num_classes': 24}, 'optim_params': {'optim_type': 'sgd', 'lr': 0.1, 'momentum': 0.9, 'weight_decay': 0.0005, 'nesterov': True, 'LUT_lr': [(90, 0.01), (130, 0.001), (190, 0.0001), (210, 1e-05), (230, 0.0001), (245, 1e-05)]}}, 'norm': {'def_file': 'architectures/LinearTransformationNorm.py', 'pretrained': None, 'opt': {'low_dim': 128, 'num_feat': 2048}, 'optim_params': {'optim_type': 'sgd', 'lr': 0.1, 'momentum': 0.9, 'weight_decay': 0.0005, 'nesterov': True, 'LUT_lr': [(90, 0.01), (130, 0.001), (190, 0.0001), (210, 1e-05), (230, 0.0001), (245, 1e-05)]}}}, 'criterions': {'loss_cls': {'ctype': 'CrossEntropyLoss', 'opt': {'reduce': False}}, 'loss_mse': {'ctype': 'MSELoss', 'opt': None}, 'nce_average': {'ctype': 'NCEAverage', 'opt': {'def_file': 'architectures/NCEAverage.py', 'net_opt': {'low_dim': 128, 'ndata': 100000, 'nce_k': 4096, 'nce_t': 0.07, 'nce_m': 0.5}}}, 'nce_criterion': {'ctype': 'NCECriterion', 'opt': {'def_file': 'architectures/NCECriterion.py', 'net_opt': {'ndata': 100000}}}}, 'lambda_loss': {'cls': 1.0, 'mse': 1.0, 'nce': 1.0}, 'gama': 2, 'algorithm_type': 'DecouplingColorModel', 'exp_dir': '../_experiments/TinyImageNet_DecouplingColor_AlexNet', 'disp_step': 1}
[2020-11-19 21:11:33] INFO: Set network feature
[2020-11-19 21:11:33] INFO: ==> Initiliaze network feature from file architectures/AlexNetFeature.py with opts: {}
[2020-11-19 21:11:34] INFO: Set network classifier
[2020-11-19 21:11:34] INFO: ==> Initiliaze network classifier from file architectures/AlexNetClassifier.py with opts: {'num_classes': 24}
[2020-11-19 21:11:34] INFO: Set network norm
[2020-11-19 21:11:34] INFO: ==> Initiliaze network norm from file architectures/LinearTransformationNorm.py with opts: {'low_dim': 128, 'num_feat': 2048}
[2020-11-19 21:11:34] INFO: Initialize criterion[loss_cls]: CrossEntropyLoss with options: {'reduce': False}
[2020-11-19 21:11:34] INFO: Initialize criterion[loss_mse]: MSELoss with options: None
[2020-11-19 21:11:34] INFO: Initialize criterion[nce_average]: NCEAverage with options: {'def_file': 'architectures/NCEAverage.py', 'net_opt': {'low_dim': 128, 'ndata': 100000, 'nce_k': 4096, 'nce_t': 0.07, 'nce_m': 0.5}}
[2020-11-19 21:11:36] INFO: Initialize criterion[nce_criterion]: NCECriterion with options: {'def_file': 'architectures/NCECriterion.py', 'net_opt': {'ndata': 100000}}
[2020-11-19 21:11:36] INFO: ==> Initiliaze network NCECriterion from file architectures/NCECriterion.py with opts: {'ndata': 100000}
[2020-11-19 21:11:38] INFO: Initialize optimizer: sgd with params: {'optim_type': 'sgd', 'lr': 0.1, 'momentum': 0.9, 'weight_decay': 0.0005, 'nesterov': True, 'LUT_lr': [(90, 0.01), (130, 0.001), (190, 0.0001), (210, 1e-05), (230, 0.0001), (245, 1e-05)]} for network: feature
[2020-11-19 21:11:38] INFO: Initialize optimizer: sgd with params: {'optim_type': 'sgd', 'lr': 0.1, 'momentum': 0.9, 'weight_decay': 0.0005, 'nesterov': True, 'LUT_lr': [(90, 0.01), (130, 0.001), (190, 0.0001), (210, 1e-05), (230, 0.0001), (245, 1e-05)]} for network: classifier
[2020-11-19 21:11:38] INFO: Initialize optimizer: sgd with params: {'optim_type': 'sgd', 'lr': 0.1, 'momentum': 0.9, 'weight_decay': 0.0005, 'nesterov': True, 'LUT_lr': [(90, 0.01), (130, 0.001), (190, 0.0001), (210, 1e-05), (230, 0.0001), (245, 1e-05)]} for network: norm
[2020-11-19 21:11:38] INFO: 

[2020-11-19 21:11:38] INFO: Training epoch [  1 / 200]
[2020-11-19 21:11:38] INFO: ==> Set to feature optimizer lr = 0.0100000000
[2020-11-19 21:11:38] INFO: ==> Set to classifier optimizer lr = 0.0100000000
[2020-11-19 21:11:38] INFO: ==> Set to norm optimizer lr = 0.0100000000
[2020-11-19 21:11:38] INFO: Training: TinyImageNet_DecouplingColor_AlexNet
[2020-11-19 21:11:38] INFO: ==> Dataset: tiny-imagenet_train [100000 images]
[2020-11-19 21:11:38] INFO: ==> Iteration steps in one epoch: 782 [batch size 128]
[2020-11-19 21:11:44] INFO: ==> Iteration [  1][   1 /  782]: {'prec_cls': 4.0039, 'loss': 13.6092, 'loss_cls': 3.2101, 'loss_mse': 0.0881, 'loss_nce': 10.311, 'load_time': 2.3717, 'process_time': 97.6283}
[2020-11-19 21:11:45] INFO: ==> Iteration [  1][   2 /  782]: {'prec_cls': 3.9062, 'loss': 13.5424, 'loss_cls': 3.2093, 'loss_mse': 0.0866, 'loss_nce': 10.2465, 'load_time': 14.2036, 'process_time': 85.7964}
[2020-11-19 21:11:46] INFO: ==> Iteration [  1][   3 /  782]: {'prec_cls': 4.145, 'loss': 13.7318, 'loss_cls': 3.2048, 'loss_mse': 0.0816, 'loss_nce': 10.4454, 'load_time': 20.7132, 'process_time': 79.2868}
[2020-11-19 21:11:47] INFO: ==> Iteration [  1][   4 /  782]: {'prec_cls': 4.1992, 'loss': 13.8104, 'loss_cls': 3.1992, 'loss_mse': 0.077, 'loss_nce': 10.5343, 'load_time': 25.1993, 'process_time': 74.8007}
[2020-11-19 21:11:47] INFO: ==> Iteration [  1][   5 /  782]: {'prec_cls': 4.362, 'loss': 13.9175, 'loss_cls': 3.1951, 'loss_mse': 0.0722, 'loss_nce': 10.6501, 'load_time': 30.1471, 'process_time': 69.8529}
[2020-11-19 21:11:48] INFO: ==> Iteration [  1][   6 /  782]: {'prec_cls': 4.6658, 'loss': 14.0975, 'loss_cls': 3.1899, 'loss_mse': 0.0682, 'loss_nce': 10.8393, 'load_time': 35.2786, 'process_time': 64.7214}
[2020-11-19 21:11:49] INFO: ==> Iteration [  1][   7 /  782]: {'prec_cls': 4.8642, 'loss': 14.3492, 'loss_cls': 3.1858, 'loss_mse': 0.064, 'loss_nce': 11.0994, 'load_time': 38.6907, 'process_time': 61.3093}
[2020-11-19 21:11:50] INFO: ==> Iteration [  1][   8 /  782]: {'prec_cls': 5.0781, 'loss': 14.5783, 'loss_cls': 3.1812, 'loss_mse': 0.0604, 'loss_nce': 11.3367, 'load_time': 41.4922, 'process_time': 58.5078}
[2020-11-19 21:11:50] INFO: ==> Iteration [  1][   9 /  782]: {'prec_cls': 5.1179, 'loss': 14.7284, 'loss_cls': 3.1805, 'loss_mse': 0.0568, 'loss_nce': 11.4911, 'load_time': 43.4625, 'process_time': 56.5375}
[2020-11-19 21:11:51] INFO: ==> Iteration [  1][  10 /  782]: {'prec_cls': 5.2897, 'loss': 14.9278, 'loss_cls': 3.1741, 'loss_mse': 0.0537, 'loss_nce': 11.7001, 'load_time': 45.0201, 'process_time': 54.9799}
[2020-11-19 21:11:52] INFO: ==> Iteration [  1][  11 /  782]: {'prec_cls': 5.4036, 'loss': 15.1035, 'loss_cls': 3.1698, 'loss_mse': 0.0508, 'loss_nce': 11.8829, 'load_time': 46.2991, 'process_time': 53.7009}
[2020-11-19 21:11:53] INFO: ==> Iteration [  1][  12 /  782]: {'prec_cls': 5.5122, 'loss': 15.3046, 'loss_cls': 3.167, 'loss_mse': 0.0479, 'loss_nce': 12.0897, 'load_time': 47.3834, 'process_time': 52.6166}
[2020-11-19 21:11:53] INFO: ==> Iteration [  1][  13 /  782]: {'prec_cls': 5.5689, 'loss': 15.5226, 'loss_cls': 3.1653, 'loss_mse': 0.0455, 'loss_nce': 12.3118, 'load_time': 48.2922, 'process_time': 51.7078}
[2020-11-19 21:11:54] INFO: ==> Iteration [  1][  14 /  782]: {'prec_cls': 5.6989, 'loss': 15.7692, 'loss_cls': 3.1622, 'loss_mse': 0.0433, 'loss_nce': 12.5638, 'load_time': 49.0677, 'process_time': 50.9323}
[2020-11-19 21:11:55] INFO: ==> Iteration [  1][  15 /  782]: {'prec_cls': 5.7422, 'loss': 15.9514, 'loss_cls': 3.1608, 'loss_mse': 0.0413, 'loss_nce': 12.7494, 'load_time': 49.8712, 'process_time': 50.1288}
[2020-11-19 21:11:56] INFO: ==> Iteration [  1][  16 /  782]: {'prec_cls': 5.8065, 'loss': 16.1878, 'loss_cls': 3.1587, 'loss_mse': 0.0393, 'loss_nce': 12.9898, 'load_time': 50.4423, 'process_time': 49.5577}
[2020-11-19 21:11:57] INFO: ==> Iteration [  1][  17 /  782]: {'prec_cls': 5.8804, 'loss': 16.4202, 'loss_cls': 3.155, 'loss_mse': 0.0376, 'loss_nce': 13.2276, 'load_time': 50.9215, 'process_time': 49.0785}
[2020-11-19 21:11:57] INFO: ==> Iteration [  1][  18 /  782]: {'prec_cls': 5.9462, 'loss': 16.6108, 'loss_cls': 3.1529, 'loss_mse': 0.036, 'loss_nce': 13.4219, 'load_time': 51.4756, 'process_time': 48.5244}
[2020-11-19 21:11:58] INFO: ==> Iteration [  1][  19 /  782]: {'prec_cls': 5.9862, 'loss': 16.8227, 'loss_cls': 3.1505, 'loss_mse': 0.0345, 'loss_nce': 13.6377, 'load_time': 51.9687, 'process_time': 48.0313}
[2020-11-19 21:11:59] INFO: ==> Iteration [  1][  20 /  782]: {'prec_cls': 6.0107, 'loss': 16.9973, 'loss_cls': 3.1509, 'loss_mse': 0.0331, 'loss_nce': 13.8133, 'load_time': 52.3357, 'process_time': 47.6643}
[2020-11-19 21:12:00] INFO: ==> Iteration [  1][  21 /  782]: {'prec_cls': 6.0655, 'loss': 17.1675, 'loss_cls': 3.1491, 'loss_mse': 0.0318, 'loss_nce': 13.9866, 'load_time': 52.7477, 'process_time': 47.2523}
[2020-11-19 21:12:00] INFO: ==> Iteration [  1][  22 /  782]: {'prec_cls': 6.0858, 'loss': 17.3598, 'loss_cls': 3.149, 'loss_mse': 0.0306, 'loss_nce': 14.1802, 'load_time': 53.0445, 'process_time': 46.9555}
[2020-11-19 21:12:01] INFO: ==> Iteration [  1][  23 /  782]: {'prec_cls': 6.0816, 'loss': 17.5296, 'loss_cls': 3.1476, 'loss_mse': 0.0295, 'loss_nce': 14.3524, 'load_time': 53.3979, 'process_time': 46.6021}
[2020-11-19 21:12:02] INFO: ==> Iteration [  1][  24 /  782]: {'prec_cls': 6.1347, 'loss': 17.7074, 'loss_cls': 3.1451, 'loss_mse': 0.0285, 'loss_nce': 14.5338, 'load_time': 53.7112, 'process_time': 46.2888}
[2020-11-19 21:12:03] INFO: ==> Iteration [  1][  25 /  782]: {'prec_cls': 6.194, 'loss': 17.8717, 'loss_cls': 3.1426, 'loss_mse': 0.0275, 'loss_nce': 14.7016, 'load_time': 54.0096, 'process_time': 45.9904}
[2020-11-19 21:12:04] INFO: ==> Iteration [  1][  26 /  782]: {'prec_cls': 6.1874, 'loss': 18.0391, 'loss_cls': 3.1424, 'loss_mse': 0.0266, 'loss_nce': 14.87, 'load_time': 54.284, 'process_time': 45.716}
[2020-11-19 21:12:05] INFO: ==> Iteration [  1][  27 /  782]: {'prec_cls': 6.1632, 'loss': 18.1981, 'loss_cls': 3.1416, 'loss_mse': 0.0258, 'loss_nce': 15.0307, 'load_time': 54.5337, 'process_time': 45.4663}
[2020-11-19 21:12:05] INFO: ==> Iteration [  1][  28 /  782]: {'prec_cls': 6.2105, 'loss': 18.3558, 'loss_cls': 3.1395, 'loss_mse': 0.025, 'loss_nce': 15.1913, 'load_time': 54.7698, 'process_time': 45.2302}
[2020-11-19 21:12:06] INFO: ==> Iteration [  1][  29 /  782]: {'prec_cls': 6.2388, 'loss': 18.501, 'loss_cls': 3.1385, 'loss_mse': 0.0243, 'loss_nce': 15.3382, 'load_time': 54.9925, 'process_time': 45.0075}
[2020-11-19 21:12:07] INFO: ==> Iteration [  1][  30 /  782]: {'prec_cls': 6.2782, 'loss': 18.639, 'loss_cls': 3.137, 'loss_mse': 0.0236, 'loss_nce': 15.4785, 'load_time': 55.2011, 'process_time': 44.7989}
[2020-11-19 21:12:08] INFO: ==> Iteration [  1][  31 /  782]: {'prec_cls': 6.2794, 'loss': 18.7768, 'loss_cls': 3.1354, 'loss_mse': 0.023, 'loss_nce': 15.6185, 'load_time': 55.3936, 'process_time': 44.6064}
[2020-11-19 21:12:09] INFO: ==> Iteration [  1][  32 /  782]: {'prec_cls': 6.3222, 'loss': 18.8994, 'loss_cls': 3.1332, 'loss_mse': 0.0224, 'loss_nce': 15.7438, 'load_time': 55.5677, 'process_time': 44.4323}
[2020-11-19 21:12:09] INFO: ==> Iteration [  1][  33 /  782]: {'prec_cls': 6.2964, 'loss': 19.01, 'loss_cls': 3.1342, 'loss_mse': 0.0217, 'loss_nce': 15.8541, 'load_time': 55.7397, 'process_time': 44.2603}
[2020-11-19 21:12:10] INFO: ==> Iteration [  1][  34 /  782]: {'prec_cls': 6.3132, 'loss': 19.12, 'loss_cls': 3.1342, 'loss_mse': 0.0212, 'loss_nce': 15.9646, 'load_time': 55.898, 'process_time': 44.102}
[2020-11-19 21:12:11] INFO: ==> Iteration [  1][  35 /  782]: {'prec_cls': 6.3597, 'loss': 19.2244, 'loss_cls': 3.1333, 'loss_mse': 0.0207, 'loss_nce': 16.0705, 'load_time': 56.0482, 'process_time': 43.9518}
[2020-11-19 21:12:12] INFO: ==> Iteration [  1][  36 /  782]: {'prec_cls': 6.3992, 'loss': 19.3104, 'loss_cls': 3.1318, 'loss_mse': 0.0201, 'loss_nce': 16.1585, 'load_time': 56.1851, 'process_time': 43.8149}
[2020-11-19 21:12:13] INFO: ==> Iteration [  1][  37 /  782]: {'prec_cls': 6.3996, 'loss': 19.3773, 'loss_cls': 3.1314, 'loss_mse': 0.0197, 'loss_nce': 16.2262, 'load_time': 56.2609, 'process_time': 43.7391}
[2020-11-19 21:12:13] INFO: ==> Iteration [  1][  38 /  782]: {'prec_cls': 6.4153, 'loss': 19.4627, 'loss_cls': 3.1316, 'loss_mse': 0.0192, 'loss_nce': 16.3119, 'load_time': 56.3892, 'process_time': 43.6108}
[2020-11-19 21:12:14] INFO: ==> Iteration [  1][  39 /  782]: {'prec_cls': 6.4111, 'loss': 19.5206, 'loss_cls': 3.1312, 'loss_mse': 0.0188, 'loss_nce': 16.3705, 'load_time': 56.5084, 'process_time': 43.4916}
[2020-11-19 21:12:15] INFO: ==> Iteration [  1][  40 /  782]: {'prec_cls': 6.4242, 'loss': 19.5937, 'loss_cls': 3.1309, 'loss_mse': 0.0184, 'loss_nce': 16.4444, 'load_time': 56.5763, 'process_time': 43.4237}
[2020-11-19 21:12:16] INFO: ==> Iteration [  1][  41 /  782]: {'prec_cls': 6.4128, 'loss': 19.6534, 'loss_cls': 3.1316, 'loss_mse': 0.018, 'loss_nce': 16.5039, 'load_time': 56.6401, 'process_time': 43.3599}
[2020-11-19 21:12:17] INFO: ==> Iteration [  1][  42 /  782]: {'prec_cls': 6.4259, 'loss': 19.6876, 'loss_cls': 3.1314, 'loss_mse': 0.0176, 'loss_nce': 16.5385, 'load_time': 56.7461, 'process_time': 43.2539}
[2020-11-19 21:12:17] INFO: ==> Iteration [  1][  43 /  782]: {'prec_cls': 6.4181, 'loss': 19.7216, 'loss_cls': 3.1315, 'loss_mse': 0.0173, 'loss_nce': 16.5728, 'load_time': 56.8024, 'process_time': 43.1976}
[2020-11-19 21:12:18] INFO: ==> Iteration [  1][  44 /  782]: {'prec_cls': 6.3994, 'loss': 19.7463, 'loss_cls': 3.1319, 'loss_mse': 0.0169, 'loss_nce': 16.5975, 'load_time': 56.898, 'process_time': 43.102}
[2020-11-19 21:12:19] INFO: ==> Iteration [  1][  45 /  782]: {'prec_cls': 6.3911, 'loss': 19.7677, 'loss_cls': 3.1323, 'loss_mse': 0.0166, 'loss_nce': 16.6187, 'load_time': 56.9467, 'process_time': 43.0533}
[2020-11-19 21:12:20] INFO: ==> Iteration [  1][  46 /  782]: {'prec_cls': 6.3901, 'loss': 19.7669, 'loss_cls': 3.1321, 'loss_mse': 0.0163, 'loss_nce': 16.6185, 'load_time': 56.9893, 'process_time': 43.0107}
[2020-11-19 21:12:20] INFO: ==> Iteration [  1][  47 /  782]: {'prec_cls': 6.4086, 'loss': 19.783, 'loss_cls': 3.1316, 'loss_mse': 0.016, 'loss_nce': 16.6354, 'load_time': 57.0719, 'process_time': 42.9281}
[2020-11-19 21:12:21] INFO: ==> Iteration [  1][  48 /  782]: {'prec_cls': 6.3985, 'loss': 19.8178, 'loss_cls': 3.1319, 'loss_mse': 0.0157, 'loss_nce': 16.6702, 'load_time': 57.1548, 'process_time': 42.8452}
[2020-11-19 21:12:22] INFO: ==> Iteration [  1][  49 /  782]: {'prec_cls': 6.4021, 'loss': 19.834, 'loss_cls': 3.1315, 'loss_mse': 0.0154, 'loss_nce': 16.6871, 'load_time': 57.2358, 'process_time': 42.7642}
[2020-11-19 21:12:23] INFO: ==> Iteration [  1][  50 /  782]: {'prec_cls': 6.4023, 'loss': 19.8596, 'loss_cls': 3.1316, 'loss_mse': 0.0151, 'loss_nce': 16.7129, 'load_time': 57.2749, 'process_time': 42.7251}
[2020-11-19 21:12:24] INFO: ==> Iteration [  1][  51 /  782]: {'prec_cls': 6.437, 'loss': 19.8833, 'loss_cls': 3.1304, 'loss_mse': 0.0148, 'loss_nce': 16.7381, 'load_time': 57.3111, 'process_time': 42.6889}
[2020-11-19 21:12:24] INFO: ==> Iteration [  1][  52 /  782]: {'prec_cls': 6.4353, 'loss': 19.9158, 'loss_cls': 3.1303, 'loss_mse': 0.0146, 'loss_nce': 16.771, 'load_time': 57.382, 'process_time': 42.618}
[2020-11-19 21:12:25] INFO: ==> Iteration [  1][  53 /  782]: {'prec_cls': 6.4435, 'loss': 19.9333, 'loss_cls': 3.1302, 'loss_mse': 0.0143, 'loss_nce': 16.7888, 'load_time': 57.4165, 'process_time': 42.5835}
[2020-11-19 21:12:26] INFO: ==> Iteration [  1][  54 /  782]: {'prec_cls': 6.4327, 'loss': 19.9576, 'loss_cls': 3.1303, 'loss_mse': 0.0141, 'loss_nce': 16.8132, 'load_time': 57.4496, 'process_time': 42.5504}
[2020-11-19 21:12:27] INFO: ==> Iteration [  1][  55 /  782]: {'prec_cls': 6.4376, 'loss': 19.9865, 'loss_cls': 3.13, 'loss_mse': 0.0138, 'loss_nce': 16.8427, 'load_time': 57.5186, 'process_time': 42.4814}
[2020-11-19 21:12:28] INFO: ==> Iteration [  1][  56 /  782]: {'prec_cls': 6.4517, 'loss': 20.0124, 'loss_cls': 3.1291, 'loss_mse': 0.0136, 'loss_nce': 16.8698, 'load_time': 57.5504, 'process_time': 42.4496}
[2020-11-19 21:12:28] INFO: ==> Iteration [  1][  57 /  782]: {'prec_cls': 6.455, 'loss': 20.0546, 'loss_cls': 3.1288, 'loss_mse': 0.0134, 'loss_nce': 16.9124, 'load_time': 57.5806, 'process_time': 42.4194}
[2020-11-19 21:12:29] INFO: ==> Iteration [  1][  58 /  782]: {'prec_cls': 6.4453, 'loss': 20.0982, 'loss_cls': 3.1286, 'loss_mse': 0.0131, 'loss_nce': 16.9565, 'load_time': 57.6084, 'process_time': 42.3916}
[2020-11-19 21:12:30] INFO: ==> Iteration [  1][  59 /  782]: {'prec_cls': 6.4575, 'loss': 20.1401, 'loss_cls': 3.1282, 'loss_mse': 0.0129, 'loss_nce': 16.9989, 'load_time': 57.6657, 'process_time': 42.3343}
[2020-11-19 21:12:31] INFO: ==> Iteration [  1][  60 /  782]: {'prec_cls': 6.4621, 'loss': 20.1824, 'loss_cls': 3.1281, 'loss_mse': 0.0127, 'loss_nce': 17.0416, 'load_time': 57.6945, 'process_time': 42.3055}
[2020-11-19 21:12:31] INFO: ==> Iteration [  1][  61 /  782]: {'prec_cls': 6.4576, 'loss': 20.2267, 'loss_cls': 3.1287, 'loss_mse': 0.0125, 'loss_nce': 17.0855, 'load_time': 57.7491, 'process_time': 42.2509}
[2020-11-19 21:12:32] INFO: ==> Iteration [  1][  62 /  782]: {'prec_cls': 6.4542, 'loss': 20.2664, 'loss_cls': 3.1284, 'loss_mse': 0.0123, 'loss_nce': 17.1257, 'load_time': 57.7734, 'process_time': 42.2266}
[2020-11-19 21:12:33] INFO: ==> Iteration [  1][  63 /  782]: {'prec_cls': 6.4562, 'loss': 20.2744, 'loss_cls': 3.1282, 'loss_mse': 0.0122, 'loss_nce': 17.1341, 'load_time': 57.8253, 'process_time': 42.1747}
[2020-11-19 21:12:34] INFO: ==> Iteration [  1][  64 /  782]: {'prec_cls': 6.4519, 'loss': 20.2782, 'loss_cls': 3.1285, 'loss_mse': 0.012, 'loss_nce': 17.1377, 'load_time': 57.8457, 'process_time': 42.1543}
[2020-11-19 21:12:35] INFO: ==> Iteration [  1][  65 /  782]: {'prec_cls': 6.4408, 'loss': 20.2898, 'loss_cls': 3.1286, 'loss_mse': 0.0118, 'loss_nce': 17.1494, 'load_time': 57.8668, 'process_time': 42.1332}
[2020-11-19 21:12:35] INFO: ==> Iteration [  1][  66 /  782]: {'prec_cls': 6.4325, 'loss': 20.302, 'loss_cls': 3.129, 'loss_mse': 0.0116, 'loss_nce': 17.1614, 'load_time': 57.8863, 'process_time': 42.1137}
[2020-11-19 21:12:36] INFO: ==> Iteration [  1][  67 /  782]: {'prec_cls': 6.4356, 'loss': 20.3188, 'loss_cls': 3.1287, 'loss_mse': 0.0115, 'loss_nce': 17.1786, 'load_time': 57.9181, 'process_time': 42.0819}
[2020-11-19 21:12:37] INFO: ==> Iteration [  1][  68 /  782]: {'prec_cls': 6.4262, 'loss': 20.3438, 'loss_cls': 3.129, 'loss_mse': 0.0113, 'loss_nce': 17.2035, 'load_time': 57.9477, 'process_time': 42.0523}
[2020-11-19 21:12:38] INFO: ==> Iteration [  1][  69 /  782]: {'prec_cls': 6.4302, 'loss': 20.3782, 'loss_cls': 3.1289, 'loss_mse': 0.0111, 'loss_nce': 17.2382, 'load_time': 57.9958, 'process_time': 42.0042}
[2020-11-19 21:12:39] INFO: ==> Iteration [  1][  70 /  782]: {'prec_cls': 6.4388, 'loss': 20.4035, 'loss_cls': 3.1282, 'loss_mse': 0.011, 'loss_nce': 17.2644, 'load_time': 58.0397, 'process_time': 41.9603}
[2020-11-19 21:12:39] INFO: ==> Iteration [  1][  71 /  782]: {'prec_cls': 6.4398, 'loss': 20.4241, 'loss_cls': 3.1278, 'loss_mse': 0.0108, 'loss_nce': 17.2854, 'load_time': 58.0782, 'process_time': 41.9218}
[2020-11-19 21:12:40] INFO: ==> Iteration [  1][  72 /  782]: {'prec_cls': 6.4336, 'loss': 20.4425, 'loss_cls': 3.1279, 'loss_mse': 0.0107, 'loss_nce': 17.3039, 'load_time': 58.1185, 'process_time': 41.8815}
[2020-11-19 21:12:41] INFO: ==> Iteration [  1][  73 /  782]: {'prec_cls': 6.4382, 'loss': 20.4686, 'loss_cls': 3.1278, 'loss_mse': 0.0106, 'loss_nce': 17.3302, 'load_time': 58.16, 'process_time': 41.84}
[2020-11-19 21:12:42] INFO: ==> Iteration [  1][  74 /  782]: {'prec_cls': 6.4497, 'loss': 20.4896, 'loss_cls': 3.1269, 'loss_mse': 0.0104, 'loss_nce': 17.3522, 'load_time': 58.2004, 'process_time': 41.7996}
[2020-11-19 21:12:43] INFO: ==> Iteration [  1][  75 /  782]: {'prec_cls': 6.4475, 'loss': 20.4901, 'loss_cls': 3.1268, 'loss_mse': 0.0103, 'loss_nce': 17.353, 'load_time': 58.2393, 'process_time': 41.7607}
[2020-11-19 21:12:43] INFO: ==> Iteration [  1][  76 /  782]: {'prec_cls': 6.4397, 'loss': 20.4928, 'loss_cls': 3.1265, 'loss_mse': 0.0102, 'loss_nce': 17.356, 'load_time': 58.275, 'process_time': 41.725}
[2020-11-19 21:12:44] INFO: ==> Iteration [  1][  77 /  782]: {'prec_cls': 6.4271, 'loss': 20.5021, 'loss_cls': 3.1271, 'loss_mse': 0.0101, 'loss_nce': 17.365, 'load_time': 58.3105, 'process_time': 41.6895}
[2020-11-19 21:12:45] INFO: ==> Iteration [  1][  78 /  782]: {'prec_cls': 6.4407, 'loss': 20.4973, 'loss_cls': 3.1264, 'loss_mse': 0.0099, 'loss_nce': 17.361, 'load_time': 58.3448, 'process_time': 41.6552}
[2020-11-19 21:12:46] INFO: ==> Iteration [  1][  79 /  782]: {'prec_cls': 6.4437, 'loss': 20.4989, 'loss_cls': 3.1257, 'loss_mse': 0.0098, 'loss_nce': 17.3634, 'load_time': 58.3801, 'process_time': 41.6199}
[2020-11-19 21:12:47] INFO: ==> Iteration [  1][  80 /  782]: {'prec_cls': 6.4461, 'loss': 20.4956, 'loss_cls': 3.1253, 'loss_mse': 0.0097, 'loss_nce': 17.3606, 'load_time': 58.3918, 'process_time': 41.6082}
[2020-11-19 21:12:47] INFO: ==> Iteration [  1][  81 /  782]: {'prec_cls': 6.4381, 'loss': 20.4923, 'loss_cls': 3.1253, 'loss_mse': 0.0096, 'loss_nce': 17.3574, 'load_time': 58.4026, 'process_time': 41.5974}
[2020-11-19 21:12:48] INFO: ==> Iteration [  1][  82 /  782]: {'prec_cls': 6.4405, 'loss': 20.4808, 'loss_cls': 3.1248, 'loss_mse': 0.0095, 'loss_nce': 17.3465, 'load_time': 58.4363, 'process_time': 41.5637}
[2020-11-19 21:12:49] INFO: ==> Iteration [  1][  83 /  782]: {'prec_cls': 6.4292, 'loss': 20.4751, 'loss_cls': 3.1245, 'loss_mse': 0.0094, 'loss_nce': 17.3412, 'load_time': 58.443, 'process_time': 41.557}
[2020-11-19 21:12:50] INFO: ==> Iteration [  1][  84 /  782]: {'prec_cls': 6.4182, 'loss': 20.4671, 'loss_cls': 3.1253, 'loss_mse': 0.0093, 'loss_nce': 17.3325, 'load_time': 58.4529, 'process_time': 41.5471}
[2020-11-19 21:12:51] INFO: ==> Iteration [  1][  85 /  782]: {'prec_cls': 6.4212, 'loss': 20.4552, 'loss_cls': 3.1246, 'loss_mse': 0.0092, 'loss_nce': 17.3214, 'load_time': 58.4842, 'process_time': 41.5158}
[2020-11-19 21:12:51] INFO: ==> Iteration [  1][  86 /  782]: {'prec_cls': 6.4177, 'loss': 20.4538, 'loss_cls': 3.1244, 'loss_mse': 0.0091, 'loss_nce': 17.3204, 'load_time': 58.4936, 'process_time': 41.5064}
[2020-11-19 21:12:52] INFO: ==> Iteration [  1][  87 /  782]: {'prec_cls': 6.4098, 'loss': 20.453, 'loss_cls': 3.1241, 'loss_mse': 0.009, 'loss_nce': 17.3199, 'load_time': 58.5251, 'process_time': 41.4749}
[2020-11-19 21:12:53] INFO: ==> Iteration [  1][  88 /  782]: {'prec_cls': 6.4102, 'loss': 20.4508, 'loss_cls': 3.1241, 'loss_mse': 0.0089, 'loss_nce': 17.3179, 'load_time': 58.5348, 'process_time': 41.4652}
[2020-11-19 21:12:54] INFO: ==> Iteration [  1][  89 /  782]: {'prec_cls': 6.3981, 'loss': 20.4532, 'loss_cls': 3.1241, 'loss_mse': 0.0088, 'loss_nce': 17.3203, 'load_time': 58.5423, 'process_time': 41.4577}
[2020-11-19 21:12:54] INFO: ==> Iteration [  1][  90 /  782]: {'prec_cls': 6.39, 'loss': 20.4528, 'loss_cls': 3.1241, 'loss_mse': 0.0087, 'loss_nce': 17.32, 'load_time': 58.5705, 'process_time': 41.4295}
[2020-11-19 21:12:55] INFO: ==> Iteration [  1][  91 /  782]: {'prec_cls': 6.3856, 'loss': 20.4579, 'loss_cls': 3.124, 'loss_mse': 0.0086, 'loss_nce': 17.3253, 'load_time': 58.5998, 'process_time': 41.4002}
[2020-11-19 21:12:56] INFO: ==> Iteration [  1][  92 /  782]: {'prec_cls': 6.3898, 'loss': 20.4609, 'loss_cls': 3.1241, 'loss_mse': 0.0085, 'loss_nce': 17.3283, 'load_time': 58.6282, 'process_time': 41.3718}
[2020-11-19 21:12:57] INFO: ==> Iteration [  1][  93 /  782]: {'prec_cls': 6.3851, 'loss': 20.4671, 'loss_cls': 3.124, 'loss_mse': 0.0084, 'loss_nce': 17.3347, 'load_time': 58.653, 'process_time': 41.347}
[2020-11-19 21:12:58] INFO: ==> Iteration [  1][  94 /  782]: {'prec_cls': 6.3934, 'loss': 20.4754, 'loss_cls': 3.1235, 'loss_mse': 0.0084, 'loss_nce': 17.3435, 'load_time': 58.6795, 'process_time': 41.3205}
[2020-11-19 21:12:58] INFO: ==> Iteration [  1][  95 /  782]: {'prec_cls': 6.3888, 'loss': 20.4814, 'loss_cls': 3.1233, 'loss_mse': 0.0083, 'loss_nce': 17.3499, 'load_time': 58.7053, 'process_time': 41.2947}
[2020-11-19 21:12:59] INFO: ==> Iteration [  1][  96 /  782]: {'prec_cls': 6.3816, 'loss': 20.4954, 'loss_cls': 3.1231, 'loss_mse': 0.0082, 'loss_nce': 17.3642, 'load_time': 58.7313, 'process_time': 41.2687}
[2020-11-19 21:13:00] INFO: ==> Iteration [  1][  97 /  782]: {'prec_cls': 6.3812, 'loss': 20.522, 'loss_cls': 3.1231, 'loss_mse': 0.0081, 'loss_nce': 17.3908, 'load_time': 58.759, 'process_time': 41.241}
[2020-11-19 21:13:01] INFO: ==> Iteration [  1][  98 /  782]: {'prec_cls': 6.3815, 'loss': 20.5506, 'loss_cls': 3.1229, 'loss_mse': 0.008, 'loss_nce': 17.4197, 'load_time': 58.7847, 'process_time': 41.2153}
[2020-11-19 21:13:02] INFO: ==> Iteration [  1][  99 /  782]: {'prec_cls': 6.3812, 'loss': 20.5768, 'loss_cls': 3.123, 'loss_mse': 0.008, 'loss_nce': 17.4458, 'load_time': 58.8096, 'process_time': 41.1904}
[2020-11-19 21:13:03] INFO: ==> Iteration [  1][ 100 /  782]: {'prec_cls': 6.3763, 'loss': 20.6067, 'loss_cls': 3.1233, 'loss_mse': 0.0079, 'loss_nce': 17.4755, 'load_time': 58.8322, 'process_time': 41.1678}
[2020-11-19 21:13:03] INFO: ==> Iteration [  1][ 101 /  782]: {'prec_cls': 6.3751, 'loss': 20.629, 'loss_cls': 3.1232, 'loss_mse': 0.0078, 'loss_nce': 17.498, 'load_time': 58.8538, 'process_time': 41.1462}
[2020-11-19 21:13:04] INFO: ==> Iteration [  1][ 102 /  782]: {'prec_cls': 6.3722, 'loss': 20.6502, 'loss_cls': 3.1233, 'loss_mse': 0.0077, 'loss_nce': 17.5191, 'load_time': 58.8767, 'process_time': 41.1233}
[2020-11-19 21:13:05] INFO: ==> Iteration [  1][ 103 /  782]: {'prec_cls': 6.3837, 'loss': 20.668, 'loss_cls': 3.1228, 'loss_mse': 0.0077, 'loss_nce': 17.5376, 'load_time': 58.8993, 'process_time': 41.1007}
[2020-11-19 21:13:06] INFO: ==> Iteration [  1][ 104 /  782]: {'prec_cls': 6.3802, 'loss': 20.6879, 'loss_cls': 3.1227, 'loss_mse': 0.0076, 'loss_nce': 17.5576, 'load_time': 58.9206, 'process_time': 41.0794}
[2020-11-19 21:13:07] INFO: ==> Iteration [  1][ 105 /  782]: {'prec_cls': 6.3777, 'loss': 20.6992, 'loss_cls': 3.1229, 'loss_mse': 0.0075, 'loss_nce': 17.5688, 'load_time': 58.9401, 'process_time': 41.0599}
[2020-11-19 21:13:07] INFO: ==> Iteration [  1][ 106 /  782]: {'prec_cls': 6.3688, 'loss': 20.7126, 'loss_cls': 3.123, 'loss_mse': 0.0075, 'loss_nce': 17.5822, 'load_time': 58.9607, 'process_time': 41.0393}
[2020-11-19 21:13:08] INFO: ==> Iteration [  1][ 107 /  782]: {'prec_cls': 6.3723, 'loss': 20.7271, 'loss_cls': 3.1224, 'loss_mse': 0.0074, 'loss_nce': 17.5973, 'load_time': 58.9789, 'process_time': 41.0211}
[2020-11-19 21:13:09] INFO: ==> Iteration [  1][ 108 /  782]: {'prec_cls': 6.3639, 'loss': 20.7463, 'loss_cls': 3.1226, 'loss_mse': 0.0073, 'loss_nce': 17.6163, 'load_time': 58.9979, 'process_time': 41.0021}
[2020-11-19 21:13:10] INFO: ==> Iteration [  1][ 109 /  782]: {'prec_cls': 6.3677, 'loss': 20.7641, 'loss_cls': 3.1225, 'loss_mse': 0.0073, 'loss_nce': 17.6344, 'load_time': 59.0172, 'process_time': 40.9828}
[2020-11-19 21:13:11] INFO: ==> Iteration [  1][ 110 /  782]: {'prec_cls': 6.361, 'loss': 20.7756, 'loss_cls': 3.1226, 'loss_mse': 0.0072, 'loss_nce': 17.6457, 'load_time': 59.0345, 'process_time': 40.9655}
[2020-11-19 21:13:11] INFO: ==> Iteration [  1][ 111 /  782]: {'prec_cls': 6.3582, 'loss': 20.7807, 'loss_cls': 3.1227, 'loss_mse': 0.0071, 'loss_nce': 17.6509, 'load_time': 59.0601, 'process_time': 40.9399}
[2020-11-19 21:13:12] INFO: ==> Iteration [  1][ 112 /  782]: {'prec_cls': 6.3442, 'loss': 20.7881, 'loss_cls': 3.1231, 'loss_mse': 0.0071, 'loss_nce': 17.6579, 'load_time': 59.0768, 'process_time': 40.9232}
[2020-11-19 21:13:13] INFO: ==> Iteration [  1][ 113 /  782]: {'prec_cls': 6.3399, 'loss': 20.7925, 'loss_cls': 3.1229, 'loss_mse': 0.007, 'loss_nce': 17.6626, 'load_time': 59.094, 'process_time': 40.906}
[2020-11-19 21:13:14] INFO: ==> Iteration [  1][ 114 /  782]: {'prec_cls': 6.3388, 'loss': 20.7942, 'loss_cls': 3.1228, 'loss_mse': 0.007, 'loss_nce': 17.6644, 'load_time': 59.1099, 'process_time': 40.8901}
[2020-11-19 21:13:15] INFO: ==> Iteration [  1][ 115 /  782]: {'prec_cls': 6.3409, 'loss': 20.8017, 'loss_cls': 3.1227, 'loss_mse': 0.0069, 'loss_nce': 17.6721, 'load_time': 59.128, 'process_time': 40.872}
[2020-11-19 21:13:15] INFO: ==> Iteration [  1][ 116 /  782]: {'prec_cls': 6.3364, 'loss': 20.8061, 'loss_cls': 3.1227, 'loss_mse': 0.0069, 'loss_nce': 17.6765, 'load_time': 59.1438, 'process_time': 40.8562}
[2020-11-19 21:13:16] INFO: ==> Iteration [  1][ 117 /  782]: {'prec_cls': 6.3401, 'loss': 20.8084, 'loss_cls': 3.1223, 'loss_mse': 0.0068, 'loss_nce': 17.6794, 'load_time': 59.16, 'process_time': 40.84}
[2020-11-19 21:13:17] INFO: ==> Iteration [  1][ 118 /  782]: {'prec_cls': 6.3361, 'loss': 20.8106, 'loss_cls': 3.1221, 'loss_mse': 0.0067, 'loss_nce': 17.6818, 'load_time': 59.1606, 'process_time': 40.8394}
[2020-11-19 21:13:18] INFO: ==> Iteration [  1][ 119 /  782]: {'prec_cls': 6.3427, 'loss': 20.8185, 'loss_cls': 3.1216, 'loss_mse': 0.0067, 'loss_nce': 17.6902, 'load_time': 59.1607, 'process_time': 40.8393}
[2020-11-19 21:13:19] INFO: ==> Iteration [  1][ 120 /  782]: {'prec_cls': 6.3425, 'loss': 20.8326, 'loss_cls': 3.1219, 'loss_mse': 0.0066, 'loss_nce': 17.704, 'load_time': 59.1625, 'process_time': 40.8375}
[2020-11-19 21:13:19] INFO: ==> Iteration [  1][ 121 /  782]: {'prec_cls': 6.3377, 'loss': 20.8445, 'loss_cls': 3.1218, 'loss_mse': 0.0066, 'loss_nce': 17.7161, 'load_time': 59.1622, 'process_time': 40.8378}
[2020-11-19 21:13:20] INFO: ==> Iteration [  1][ 122 /  782]: {'prec_cls': 6.3351, 'loss': 20.8579, 'loss_cls': 3.1218, 'loss_mse': 0.0065, 'loss_nce': 17.7295, 'load_time': 59.164, 'process_time': 40.836}
[2020-11-19 21:13:21] INFO: ==> Iteration [  1][ 123 /  782]: {'prec_cls': 6.341, 'loss': 20.8741, 'loss_cls': 3.1215, 'loss_mse': 0.0065, 'loss_nce': 17.7462, 'load_time': 59.165, 'process_time': 40.835}
[2020-11-19 21:13:22] INFO: ==> Iteration [  1][ 124 /  782]: {'prec_cls': 6.3395, 'loss': 20.891, 'loss_cls': 3.1214, 'loss_mse': 0.0065, 'loss_nce': 17.7631, 'load_time': 59.1817, 'process_time': 40.8183}
[2020-11-19 21:13:23] INFO: ==> Iteration [  1][ 125 /  782]: {'prec_cls': 6.3385, 'loss': 20.9132, 'loss_cls': 3.1211, 'loss_mse': 0.0064, 'loss_nce': 17.7857, 'load_time': 59.1964, 'process_time': 40.8036}
[2020-11-19 21:13:23] INFO: ==> Iteration [  1][ 126 /  782]: {'prec_cls': 6.3435, 'loss': 20.9383, 'loss_cls': 3.1211, 'loss_mse': 0.0064, 'loss_nce': 17.8109, 'load_time': 59.1976, 'process_time': 40.8024}
[2020-11-19 21:13:24] INFO: ==> Iteration [  1][ 127 /  782]: {'prec_cls': 6.3405, 'loss': 20.9695, 'loss_cls': 3.1209, 'loss_mse': 0.0063, 'loss_nce': 17.8422, 'load_time': 59.1989, 'process_time': 40.8011}
[2020-11-19 21:13:25] INFO: ==> Iteration [  1][ 128 /  782]: {'prec_cls': 6.3413, 'loss': 20.9994, 'loss_cls': 3.1208, 'loss_mse': 0.0063, 'loss_nce': 17.8724, 'load_time': 59.1989, 'process_time': 40.8011}
[2020-11-19 21:13:26] INFO: ==> Iteration [  1][ 129 /  782]: {'prec_cls': 6.3378, 'loss': 21.0321, 'loss_cls': 3.1208, 'loss_mse': 0.0062, 'loss_nce': 17.9051, 'load_time': 59.2, 'process_time': 40.8}
[2020-11-19 21:13:26] INFO: ==> Iteration [  1][ 130 /  782]: {'prec_cls': 6.3319, 'loss': 21.0624, 'loss_cls': 3.1207, 'loss_mse': 0.0062, 'loss_nce': 17.9356, 'load_time': 59.2146, 'process_time': 40.7854}
[2020-11-19 21:13:27] INFO: ==> Iteration [  1][ 131 /  782]: {'prec_cls': 6.3365, 'loss': 21.0981, 'loss_cls': 3.1207, 'loss_mse': 0.0061, 'loss_nce': 17.9713, 'load_time': 59.2151, 'process_time': 40.7849}
[2020-11-19 21:13:28] INFO: ==> Iteration [  1][ 132 /  782]: {'prec_cls': 6.3403, 'loss': 21.1347, 'loss_cls': 3.1204, 'loss_mse': 0.0061, 'loss_nce': 18.0082, 'load_time': 59.2165, 'process_time': 40.7835}
[2020-11-19 21:13:29] INFO: ==> Iteration [  1][ 133 /  782]: {'prec_cls': 6.3435, 'loss': 21.167, 'loss_cls': 3.1199, 'loss_mse': 0.006, 'loss_nce': 18.041, 'load_time': 59.2178, 'process_time': 40.7822}
[2020-11-19 21:13:30] INFO: ==> Iteration [  1][ 134 /  782]: {'prec_cls': 6.3365, 'loss': 21.2024, 'loss_cls': 3.1201, 'loss_mse': 0.006, 'loss_nce': 18.0763, 'load_time': 59.219, 'process_time': 40.781}
[2020-11-19 21:13:30] INFO: ==> Iteration [  1][ 135 /  782]: {'prec_cls': 6.3337, 'loss': 21.2347, 'loss_cls': 3.1201, 'loss_mse': 0.006, 'loss_nce': 18.1086, 'load_time': 59.2184, 'process_time': 40.7816}
[2020-11-19 21:13:31] INFO: ==> Iteration [  1][ 136 /  782]: {'prec_cls': 6.3311, 'loss': 21.2647, 'loss_cls': 3.1202, 'loss_mse': 0.0059, 'loss_nce': 18.1386, 'load_time': 59.22, 'process_time': 40.78}
[2020-11-19 21:13:32] INFO: ==> Iteration [  1][ 137 /  782]: {'prec_cls': 6.3296, 'loss': 21.2965, 'loss_cls': 3.1201, 'loss_mse': 0.0059, 'loss_nce': 18.1704, 'load_time': 59.2348, 'process_time': 40.7652}
[2020-11-19 21:13:33] INFO: ==> Iteration [  1][ 138 /  782]: {'prec_cls': 6.3319, 'loss': 21.3242, 'loss_cls': 3.1199, 'loss_mse': 0.0058, 'loss_nce': 18.1985, 'load_time': 59.2342, 'process_time': 40.7658}
[2020-11-19 21:13:33] INFO: ==> Iteration [  1][ 139 /  782]: {'prec_cls': 6.321, 'loss': 21.3534, 'loss_cls': 3.1201, 'loss_mse': 0.0058, 'loss_nce': 18.2274, 'load_time': 59.2329, 'process_time': 40.7671}
[2020-11-19 21:13:34] INFO: ==> Iteration [  1][ 140 /  782]: {'prec_cls': 6.3235, 'loss': 21.385, 'loss_cls': 3.1201, 'loss_mse': 0.0058, 'loss_nce': 18.2591, 'load_time': 59.2474, 'process_time': 40.7526}
[2020-11-19 21:13:35] INFO: ==> Iteration [  1][ 141 /  782]: {'prec_cls': 6.3241, 'loss': 21.4098, 'loss_cls': 3.12, 'loss_mse': 0.0057, 'loss_nce': 18.284, 'load_time': 59.2476, 'process_time': 40.7524}
[2020-11-19 21:13:36] INFO: ==> Iteration [  1][ 142 /  782]: {'prec_cls': 6.322, 'loss': 21.4342, 'loss_cls': 3.1202, 'loss_mse': 0.0057, 'loss_nce': 18.3083, 'load_time': 59.2481, 'process_time': 40.7519}
[2020-11-19 21:13:37] INFO: ==> Iteration [  1][ 143 /  782]: {'prec_cls': 6.3228, 'loss': 21.4599, 'loss_cls': 3.12, 'loss_mse': 0.0057, 'loss_nce': 18.3342, 'load_time': 59.2499, 'process_time': 40.7501}
[2020-11-19 21:13:37] INFO: ==> Iteration [  1][ 144 /  782]: {'prec_cls': 6.3271, 'loss': 21.4839, 'loss_cls': 3.1198, 'loss_mse': 0.0056, 'loss_nce': 18.3585, 'load_time': 59.2504, 'process_time': 40.7496}
[2020-11-19 21:13:38] INFO: ==> Iteration [  1][ 145 /  782]: {'prec_cls': 6.3263, 'loss': 21.506, 'loss_cls': 3.1198, 'loss_mse': 0.0056, 'loss_nce': 18.3807, 'load_time': 59.263, 'process_time': 40.737}
[2020-11-19 21:13:39] INFO: ==> Iteration [  1][ 146 /  782]: {'prec_cls': 6.324, 'loss': 21.5241, 'loss_cls': 3.1197, 'loss_mse': 0.0056, 'loss_nce': 18.3988, 'load_time': 59.2696, 'process_time': 40.7304}
[2020-11-19 21:13:40] INFO: ==> Iteration [  1][ 147 /  782]: {'prec_cls': 6.3277, 'loss': 21.5423, 'loss_cls': 3.1194, 'loss_mse': 0.0055, 'loss_nce': 18.4174, 'load_time': 59.2703, 'process_time': 40.7297}
[2020-11-19 21:13:41] INFO: ==> Iteration [  1][ 148 /  782]: {'prec_cls': 6.3329, 'loss': 21.5542, 'loss_cls': 3.119, 'loss_mse': 0.0055, 'loss_nce': 18.4297, 'load_time': 59.2863, 'process_time': 40.7137}
[2020-11-19 21:13:41] INFO: ==> Iteration [  1][ 149 /  782]: {'prec_cls': 6.3359, 'loss': 21.5657, 'loss_cls': 3.1189, 'loss_mse': 0.0055, 'loss_nce': 18.4414, 'load_time': 59.2995, 'process_time': 40.7005}
[2020-11-19 21:13:42] INFO: ==> Iteration [  1][ 150 /  782]: {'prec_cls': 6.3416, 'loss': 21.5722, 'loss_cls': 3.1186, 'loss_mse': 0.0054, 'loss_nce': 18.4481, 'load_time': 59.3, 'process_time': 40.7}
[2020-11-19 21:13:43] INFO: ==> Iteration [  1][ 151 /  782]: {'prec_cls': 6.3436, 'loss': 21.5797, 'loss_cls': 3.1181, 'loss_mse': 0.0054, 'loss_nce': 18.4563, 'load_time': 59.2997, 'process_time': 40.7003}
[2020-11-19 21:13:44] INFO: ==> Iteration [  1][ 152 /  782]: {'prec_cls': 6.3442, 'loss': 21.5843, 'loss_cls': 3.1182, 'loss_mse': 0.0054, 'loss_nce': 18.4608, 'load_time': 59.3008, 'process_time': 40.6992}
[2020-11-19 21:13:44] INFO: ==> Iteration [  1][ 153 /  782]: {'prec_cls': 6.3477, 'loss': 21.5893, 'loss_cls': 3.1179, 'loss_mse': 0.0053, 'loss_nce': 18.4661, 'load_time': 59.3011, 'process_time': 40.6989}
[2020-11-19 21:13:45] INFO: ==> Iteration [  1][ 154 /  782]: {'prec_cls': 6.3504, 'loss': 21.5941, 'loss_cls': 3.1179, 'loss_mse': 0.0053, 'loss_nce': 18.4709, 'load_time': 59.3009, 'process_time': 40.6991}
[2020-11-19 21:13:46] INFO: ==> Iteration [  1][ 155 /  782]: {'prec_cls': 6.3449, 'loss': 21.5946, 'loss_cls': 3.118, 'loss_mse': 0.0053, 'loss_nce': 18.4713, 'load_time': 59.3019, 'process_time': 40.6981}
[2020-11-19 21:13:47] INFO: ==> Iteration [  1][ 156 /  782]: {'prec_cls': 6.3491, 'loss': 21.5992, 'loss_cls': 3.1178, 'loss_mse': 0.0053, 'loss_nce': 18.4762, 'load_time': 59.3146, 'process_time': 40.6854}
[2020-11-19 21:13:48] INFO: ==> Iteration [  1][ 157 /  782]: {'prec_cls': 6.352, 'loss': 21.6054, 'loss_cls': 3.1176, 'loss_mse': 0.0052, 'loss_nce': 18.4826, 'load_time': 59.3146, 'process_time': 40.6854}
[2020-11-19 21:13:48] INFO: ==> Iteration [  1][ 158 /  782]: {'prec_cls': 6.3495, 'loss': 21.6123, 'loss_cls': 3.1175, 'loss_mse': 0.0052, 'loss_nce': 18.4896, 'load_time': 59.3147, 'process_time': 40.6853}
[2020-11-19 21:13:49] INFO: ==> Iteration [  1][ 159 /  782]: {'prec_cls': 6.3511, 'loss': 21.624, 'loss_cls': 3.1172, 'loss_mse': 0.0052, 'loss_nce': 18.5017, 'load_time': 59.3271, 'process_time': 40.6729}
[2020-11-19 21:13:50] INFO: ==> Iteration [  1][ 160 /  782]: {'prec_cls': 6.3477, 'loss': 21.6426, 'loss_cls': 3.1174, 'loss_mse': 0.0051, 'loss_nce': 18.5201, 'load_time': 59.3275, 'process_time': 40.6725}
[2020-11-19 21:13:51] INFO: ==> Iteration [  1][ 161 /  782]: {'prec_cls': 6.3456, 'loss': 21.6555, 'loss_cls': 3.1176, 'loss_mse': 0.0051, 'loss_nce': 18.5328, 'load_time': 59.3273, 'process_time': 40.6727}
[2020-11-19 21:13:52] INFO: ==> Iteration [  1][ 162 /  782]: {'prec_cls': 6.3414, 'loss': 21.6662, 'loss_cls': 3.1176, 'loss_mse': 0.0051, 'loss_nce': 18.5435, 'load_time': 59.3277, 'process_time': 40.6723}
[2020-11-19 21:13:52] INFO: ==> Iteration [  1][ 163 /  782]: {'prec_cls': 6.3471, 'loss': 21.6768, 'loss_cls': 3.1176, 'loss_mse': 0.0051, 'loss_nce': 18.5542, 'load_time': 59.339, 'process_time': 40.661}
[2020-11-19 21:13:53] INFO: ==> Iteration [  1][ 164 /  782]: {'prec_cls': 6.3417, 'loss': 21.6896, 'loss_cls': 3.1175, 'loss_mse': 0.0051, 'loss_nce': 18.567, 'load_time': 59.3393, 'process_time': 40.6607}
[2020-11-19 21:13:54] INFO: ==> Iteration [  1][ 165 /  782]: {'prec_cls': 6.3437, 'loss': 21.6988, 'loss_cls': 3.1174, 'loss_mse': 0.005, 'loss_nce': 18.5763, 'load_time': 59.349, 'process_time': 40.651}
[2020-11-19 21:13:55] INFO: ==> Iteration [  1][ 166 /  782]: {'prec_cls': 6.3388, 'loss': 21.7109, 'loss_cls': 3.1176, 'loss_mse': 0.005, 'loss_nce': 18.5883, 'load_time': 59.348, 'process_time': 40.652}
[2020-11-19 21:13:55] INFO: ==> Iteration [  1][ 167 /  782]: {'prec_cls': 6.341, 'loss': 21.7187, 'loss_cls': 3.1174, 'loss_mse': 0.005, 'loss_nce': 18.5963, 'load_time': 59.3591, 'process_time': 40.6409}
[2020-11-19 21:13:56] INFO: ==> Iteration [  1][ 168 /  782]: {'prec_cls': 6.3413, 'loss': 21.7298, 'loss_cls': 3.1173, 'loss_mse': 0.005, 'loss_nce': 18.6075, 'load_time': 59.3582, 'process_time': 40.6418}
[2020-11-19 21:13:57] INFO: ==> Iteration [  1][ 169 /  782]: {'prec_cls': 6.3486, 'loss': 21.7393, 'loss_cls': 3.1169, 'loss_mse': 0.0049, 'loss_nce': 18.6175, 'load_time': 59.358, 'process_time': 40.642}
[2020-11-19 21:13:58] INFO: ==> Iteration [  1][ 170 /  782]: {'prec_cls': 6.354, 'loss': 21.75, 'loss_cls': 3.1167, 'loss_mse': 0.0049, 'loss_nce': 18.6284, 'load_time': 59.3578, 'process_time': 40.6422}
[2020-11-19 21:13:59] INFO: ==> Iteration [  1][ 171 /  782]: {'prec_cls': 6.3492, 'loss': 21.7619, 'loss_cls': 3.117, 'loss_mse': 0.0049, 'loss_nce': 18.64, 'load_time': 59.358, 'process_time': 40.642}
[2020-11-19 21:13:59] INFO: ==> Iteration [  1][ 172 /  782]: {'prec_cls': 6.3528, 'loss': 21.7726, 'loss_cls': 3.1168, 'loss_mse': 0.0049, 'loss_nce': 18.6509, 'load_time': 59.3687, 'process_time': 40.6313}
[2020-11-19 21:14:00] INFO: ==> Iteration [  1][ 173 /  782]: {'prec_cls': 6.3546, 'loss': 21.7855, 'loss_cls': 3.1165, 'loss_mse': 0.0049, 'loss_nce': 18.6641, 'load_time': 59.3775, 'process_time': 40.6225}
[2020-11-19 21:14:01] INFO: ==> Iteration [  1][ 174 /  782]: {'prec_cls': 6.3538, 'loss': 21.8002, 'loss_cls': 3.1165, 'loss_mse': 0.0049, 'loss_nce': 18.6788, 'load_time': 59.3878, 'process_time': 40.6122}
[2020-11-19 21:14:02] INFO: ==> Iteration [  1][ 175 /  782]: {'prec_cls': 6.3531, 'loss': 21.8138, 'loss_cls': 3.1165, 'loss_mse': 0.0048, 'loss_nce': 18.6925, 'load_time': 59.3965, 'process_time': 40.6035}
[2020-11-19 21:14:03] INFO: ==> Iteration [  1][ 176 /  782]: {'prec_cls': 6.3519, 'loss': 21.8277, 'loss_cls': 3.1165, 'loss_mse': 0.0048, 'loss_nce': 18.7064, 'load_time': 59.4071, 'process_time': 40.5929}
[2020-11-19 21:14:03] INFO: ==> Iteration [  1][ 177 /  782]: {'prec_cls': 6.3592, 'loss': 21.8422, 'loss_cls': 3.1161, 'loss_mse': 0.0048, 'loss_nce': 18.7213, 'load_time': 59.4162, 'process_time': 40.5838}
[2020-11-19 21:14:04] INFO: ==> Iteration [  1][ 178 /  782]: {'prec_cls': 6.3616, 'loss': 21.8561, 'loss_cls': 3.1162, 'loss_mse': 0.0048, 'loss_nce': 18.7351, 'load_time': 59.4257, 'process_time': 40.5743}
[2020-11-19 21:14:05] INFO: ==> Iteration [  1][ 179 /  782]: {'prec_cls': 6.3631, 'loss': 21.8667, 'loss_cls': 3.116, 'loss_mse': 0.0048, 'loss_nce': 18.7458, 'load_time': 59.4357, 'process_time': 40.5643}
[2020-11-19 21:14:06] INFO: ==> Iteration [  1][ 180 /  782]: {'prec_cls': 6.363, 'loss': 21.8802, 'loss_cls': 3.1161, 'loss_mse': 0.0048, 'loss_nce': 18.7593, 'load_time': 59.446, 'process_time': 40.554}
[2020-11-19 21:14:07] INFO: ==> Iteration [  1][ 181 /  782]: {'prec_cls': 6.3574, 'loss': 21.8916, 'loss_cls': 3.1163, 'loss_mse': 0.0048, 'loss_nce': 18.7705, 'load_time': 59.4558, 'process_time': 40.5442}
[2020-11-19 21:14:08] INFO: ==> Iteration [  1][ 182 /  782]: {'prec_cls': 6.3566, 'loss': 21.9036, 'loss_cls': 3.1161, 'loss_mse': 0.0047, 'loss_nce': 18.7827, 'load_time': 59.4661, 'process_time': 40.5339}
[2020-11-19 21:14:08] INFO: ==> Iteration [  1][ 183 /  782]: {'prec_cls': 6.3541, 'loss': 21.9202, 'loss_cls': 3.1159, 'loss_mse': 0.0047, 'loss_nce': 18.7995, 'load_time': 59.4754, 'process_time': 40.5246}
[2020-11-19 21:14:09] INFO: ==> Iteration [  1][ 184 /  782]: {'prec_cls': 6.3574, 'loss': 21.9376, 'loss_cls': 3.1156, 'loss_mse': 0.0047, 'loss_nce': 18.8172, 'load_time': 59.4838, 'process_time': 40.5162}
[2020-11-19 21:14:10] INFO: ==> Iteration [  1][ 185 /  782]: {'prec_cls': 6.3598, 'loss': 21.9598, 'loss_cls': 3.1154, 'loss_mse': 0.0047, 'loss_nce': 18.8397, 'load_time': 59.4927, 'process_time': 40.5073}
[2020-11-19 21:14:11] INFO: ==> Iteration [  1][ 186 /  782]: {'prec_cls': 6.3643, 'loss': 21.9855, 'loss_cls': 3.1152, 'loss_mse': 0.0047, 'loss_nce': 18.8656, 'load_time': 59.502, 'process_time': 40.498}
[2020-11-19 21:14:12] INFO: ==> Iteration [  1][ 187 /  782]: {'prec_cls': 6.3651, 'loss': 22.0147, 'loss_cls': 3.1149, 'loss_mse': 0.0047, 'loss_nce': 18.8951, 'load_time': 59.5116, 'process_time': 40.4884}
[2020-11-19 21:14:12] INFO: ==> Iteration [  1][ 188 /  782]: {'prec_cls': 6.3584, 'loss': 22.044, 'loss_cls': 3.1151, 'loss_mse': 0.0047, 'loss_nce': 18.9242, 'load_time': 59.5203, 'process_time': 40.4797}
[2020-11-19 21:14:13] INFO: ==> Iteration [  1][ 189 /  782]: {'prec_cls': 6.3589, 'loss': 22.0744, 'loss_cls': 3.1151, 'loss_mse': 0.0047, 'loss_nce': 18.9547, 'load_time': 59.5299, 'process_time': 40.4701}
[2020-11-19 21:14:14] INFO: ==> Iteration [  1][ 190 /  782]: {'prec_cls': 6.359, 'loss': 22.0999, 'loss_cls': 3.115, 'loss_mse': 0.0047, 'loss_nce': 18.9802, 'load_time': 59.5365, 'process_time': 40.4635}
[2020-11-19 21:14:15] INFO: ==> Iteration [  1][ 191 /  782]: {'prec_cls': 6.3589, 'loss': 22.1285, 'loss_cls': 3.1149, 'loss_mse': 0.0047, 'loss_nce': 19.0089, 'load_time': 59.5358, 'process_time': 40.4642}
[2020-11-19 21:14:16] INFO: ==> Iteration [  1][ 192 /  782]: {'prec_cls': 6.3604, 'loss': 22.1498, 'loss_cls': 3.1145, 'loss_mse': 0.0046, 'loss_nce': 19.0306, 'load_time': 59.5343, 'process_time': 40.4657}
[2020-11-19 21:14:16] INFO: ==> Iteration [  1][ 193 /  782]: {'prec_cls': 6.3586, 'loss': 22.1772, 'loss_cls': 3.1147, 'loss_mse': 0.0046, 'loss_nce': 19.0579, 'load_time': 59.542, 'process_time': 40.458}
[2020-11-19 21:14:17] INFO: ==> Iteration [  1][ 194 /  782]: {'prec_cls': 6.356, 'loss': 22.1998, 'loss_cls': 3.1147, 'loss_mse': 0.0046, 'loss_nce': 19.0805, 'load_time': 59.551, 'process_time': 40.449}
[2020-11-19 21:14:18] INFO: ==> Iteration [  1][ 195 /  782]: {'prec_cls': 6.357, 'loss': 22.2215, 'loss_cls': 3.1146, 'loss_mse': 0.0046, 'loss_nce': 19.1024, 'load_time': 59.5596, 'process_time': 40.4404}
[2020-11-19 21:14:19] INFO: ==> Iteration [  1][ 196 /  782]: {'prec_cls': 6.3601, 'loss': 22.2452, 'loss_cls': 3.1145, 'loss_mse': 0.0046, 'loss_nce': 19.1261, 'load_time': 59.5689, 'process_time': 40.4311}
[2020-11-19 21:14:20] INFO: ==> Iteration [  1][ 197 /  782]: {'prec_cls': 6.3624, 'loss': 22.2665, 'loss_cls': 3.1144, 'loss_mse': 0.0046, 'loss_nce': 19.1475, 'load_time': 59.5774, 'process_time': 40.4226}
[2020-11-19 21:14:20] INFO: ==> Iteration [  1][ 198 /  782]: {'prec_cls': 6.3654, 'loss': 22.2887, 'loss_cls': 3.1143, 'loss_mse': 0.0046, 'loss_nce': 19.1699, 'load_time': 59.5865, 'process_time': 40.4135}
[2020-11-19 21:14:21] INFO: ==> Iteration [  1][ 199 /  782]: {'prec_cls': 6.3634, 'loss': 22.3103, 'loss_cls': 3.1142, 'loss_mse': 0.0046, 'loss_nce': 19.1916, 'load_time': 59.5944, 'process_time': 40.4056}
[2020-11-19 21:14:22] INFO: ==> Iteration [  1][ 200 /  782]: {'prec_cls': 6.3672, 'loss': 22.3272, 'loss_cls': 3.114, 'loss_mse': 0.0045, 'loss_nce': 19.2087, 'load_time': 59.6033, 'process_time': 40.3967}
[2020-11-19 21:14:23] INFO: ==> Iteration [  1][ 201 /  782]: {'prec_cls': 6.3681, 'loss': 22.3414, 'loss_cls': 3.1137, 'loss_mse': 0.0045, 'loss_nce': 19.2232, 'load_time': 59.6121, 'process_time': 40.3879}
[2020-11-19 21:14:24] INFO: ==> Iteration [  1][ 202 /  782]: {'prec_cls': 6.3647, 'loss': 22.3581, 'loss_cls': 3.1137, 'loss_mse': 0.0045, 'loss_nce': 19.2399, 'load_time': 59.6197, 'process_time': 40.3803}
[2020-11-19 21:14:24] INFO: ==> Iteration [  1][ 203 /  782]: {'prec_cls': 6.3647, 'loss': 22.3699, 'loss_cls': 3.1137, 'loss_mse': 0.0045, 'loss_nce': 19.2517, 'load_time': 59.6277, 'process_time': 40.3723}
[2020-11-19 21:14:25] INFO: ==> Iteration [  1][ 204 /  782]: {'prec_cls': 6.3646, 'loss': 22.3788, 'loss_cls': 3.1136, 'loss_mse': 0.0045, 'loss_nce': 19.2607, 'load_time': 59.6263, 'process_time': 40.3737}
[2020-11-19 21:14:26] INFO: ==> Iteration [  1][ 205 /  782]: {'prec_cls': 6.3658, 'loss': 22.3898, 'loss_cls': 3.1135, 'loss_mse': 0.0045, 'loss_nce': 19.2718, 'load_time': 59.6344, 'process_time': 40.3656}
[2020-11-19 21:14:27] INFO: ==> Iteration [  1][ 206 /  782]: {'prec_cls': 6.3671, 'loss': 22.4057, 'loss_cls': 3.1135, 'loss_mse': 0.0045, 'loss_nce': 19.2877, 'load_time': 59.6418, 'process_time': 40.3582}
[2020-11-19 21:14:28] INFO: ==> Iteration [  1][ 207 /  782]: {'prec_cls': 6.3676, 'loss': 22.4241, 'loss_cls': 3.1131, 'loss_mse': 0.0044, 'loss_nce': 19.3066, 'load_time': 59.6494, 'process_time': 40.3506}
[2020-11-19 21:14:28] INFO: ==> Iteration [  1][ 208 /  782]: {'prec_cls': 6.3628, 'loss': 22.4411, 'loss_cls': 3.1131, 'loss_mse': 0.0044, 'loss_nce': 19.3235, 'load_time': 59.6564, 'process_time': 40.3436}
[2020-11-19 21:14:29] INFO: ==> Iteration [  1][ 209 /  782]: {'prec_cls': 6.3558, 'loss': 22.4607, 'loss_cls': 3.1135, 'loss_mse': 0.0044, 'loss_nce': 19.3428, 'load_time': 59.6638, 'process_time': 40.3362}
[2020-11-19 21:14:30] INFO: ==> Iteration [  1][ 210 /  782]: {'prec_cls': 6.3576, 'loss': 22.482, 'loss_cls': 3.1134, 'loss_mse': 0.0044, 'loss_nce': 19.3642, 'load_time': 59.6707, 'process_time': 40.3293}
[2020-11-19 21:14:31] INFO: ==> Iteration [  1][ 211 /  782]: {'prec_cls': 6.3512, 'loss': 22.5047, 'loss_cls': 3.1135, 'loss_mse': 0.0044, 'loss_nce': 19.3868, 'load_time': 59.6787, 'process_time': 40.3213}
[2020-11-19 21:14:32] INFO: ==> Iteration [  1][ 212 /  782]: {'prec_cls': 6.3533, 'loss': 22.528, 'loss_cls': 3.1132, 'loss_mse': 0.0044, 'loss_nce': 19.4105, 'load_time': 59.6856, 'process_time': 40.3144}
[2020-11-19 21:14:33] INFO: ==> Iteration [  1][ 213 /  782]: {'prec_cls': 6.3529, 'loss': 22.5503, 'loss_cls': 3.113, 'loss_mse': 0.0043, 'loss_nce': 19.4329, 'load_time': 59.6934, 'process_time': 40.3066}
[2020-11-19 21:14:33] INFO: ==> Iteration [  1][ 214 /  782]: {'prec_cls': 6.3548, 'loss': 22.5729, 'loss_cls': 3.1127, 'loss_mse': 0.0043, 'loss_nce': 19.4558, 'load_time': 59.6994, 'process_time': 40.3006}
[2020-11-19 21:14:34] INFO: ==> Iteration [  1][ 215 /  782]: {'prec_cls': 6.356, 'loss': 22.594, 'loss_cls': 3.1125, 'loss_mse': 0.0043, 'loss_nce': 19.4772, 'load_time': 59.7052, 'process_time': 40.2948}
[2020-11-19 21:14:35] INFO: ==> Iteration [  1][ 216 /  782]: {'prec_cls': 6.3567, 'loss': 22.614, 'loss_cls': 3.1124, 'loss_mse': 0.0043, 'loss_nce': 19.4973, 'load_time': 59.7121, 'process_time': 40.2879}
[2020-11-19 21:14:36] INFO: ==> Iteration [  1][ 217 /  782]: {'prec_cls': 6.3543, 'loss': 22.6336, 'loss_cls': 3.1127, 'loss_mse': 0.0043, 'loss_nce': 19.5166, 'load_time': 59.722, 'process_time': 40.278}
[2020-11-19 21:14:37] INFO: ==> Iteration [  1][ 218 /  782]: {'prec_cls': 6.3541, 'loss': 22.6515, 'loss_cls': 3.1126, 'loss_mse': 0.0043, 'loss_nce': 19.5346, 'load_time': 59.7282, 'process_time': 40.2718}
[2020-11-19 21:14:37] INFO: ==> Iteration [  1][ 219 /  782]: {'prec_cls': 6.3558, 'loss': 22.6724, 'loss_cls': 3.1125, 'loss_mse': 0.0043, 'loss_nce': 19.5556, 'load_time': 59.7341, 'process_time': 40.2659}
[2020-11-19 21:14:38] INFO: ==> Iteration [  1][ 220 /  782]: {'prec_cls': 6.3528, 'loss': 22.6915, 'loss_cls': 3.1126, 'loss_mse': 0.0042, 'loss_nce': 19.5747, 'load_time': 59.7406, 'process_time': 40.2594}
[2020-11-19 21:14:39] INFO: ==> Iteration [  1][ 221 /  782]: {'prec_cls': 6.3494, 'loss': 22.7103, 'loss_cls': 3.1125, 'loss_mse': 0.0042, 'loss_nce': 19.5935, 'load_time': 59.7464, 'process_time': 40.2536}
[2020-11-19 21:14:40] INFO: ==> Iteration [  1][ 222 /  782]: {'prec_cls': 6.3487, 'loss': 22.7307, 'loss_cls': 3.1126, 'loss_mse': 0.0042, 'loss_nce': 19.6139, 'load_time': 59.7533, 'process_time': 40.2467}
[2020-11-19 21:14:41] INFO: ==> Iteration [  1][ 223 /  782]: {'prec_cls': 6.3415, 'loss': 22.75, 'loss_cls': 3.1126, 'loss_mse': 0.0042, 'loss_nce': 19.6331, 'load_time': 59.7592, 'process_time': 40.2408}
[2020-11-19 21:14:41] INFO: ==> Iteration [  1][ 224 /  782]: {'prec_cls': 6.3385, 'loss': 22.7696, 'loss_cls': 3.1126, 'loss_mse': 0.0042, 'loss_nce': 19.6529, 'load_time': 59.7655, 'process_time': 40.2345}
[2020-11-19 21:14:42] INFO: ==> Iteration [  1][ 225 /  782]: {'prec_cls': 6.3362, 'loss': 22.7905, 'loss_cls': 3.1125, 'loss_mse': 0.0042, 'loss_nce': 19.6739, 'load_time': 59.7708, 'process_time': 40.2292}
[2020-11-19 21:14:43] INFO: ==> Iteration [  1][ 226 /  782]: {'prec_cls': 6.3307, 'loss': 22.8113, 'loss_cls': 3.1125, 'loss_mse': 0.0042, 'loss_nce': 19.6947, 'load_time': 59.7768, 'process_time': 40.2232}
[2020-11-19 21:14:44] INFO: ==> Iteration [  1][ 227 /  782]: {'prec_cls': 6.3353, 'loss': 22.8327, 'loss_cls': 3.1124, 'loss_mse': 0.0041, 'loss_nce': 19.7162, 'load_time': 59.783, 'process_time': 40.217}
[2020-11-19 21:14:45] INFO: ==> Iteration [  1][ 228 /  782]: {'prec_cls': 6.3348, 'loss': 22.8528, 'loss_cls': 3.1124, 'loss_mse': 0.0041, 'loss_nce': 19.7363, 'load_time': 59.7889, 'process_time': 40.2111}
[2020-11-19 21:14:45] INFO: ==> Iteration [  1][ 229 /  782]: {'prec_cls': 6.3322, 'loss': 22.8763, 'loss_cls': 3.1124, 'loss_mse': 0.0041, 'loss_nce': 19.7598, 'load_time': 59.7953, 'process_time': 40.2047}
[2020-11-19 21:14:46] INFO: ==> Iteration [  1][ 230 /  782]: {'prec_cls': 6.3324, 'loss': 22.8944, 'loss_cls': 3.1122, 'loss_mse': 0.0041, 'loss_nce': 19.7781, 'load_time': 59.8001, 'process_time': 40.1999}
[2020-11-19 21:14:47] INFO: ==> Iteration [  1][ 231 /  782]: {'prec_cls': 6.3291, 'loss': 22.912, 'loss_cls': 3.1123, 'loss_mse': 0.0041, 'loss_nce': 19.7957, 'load_time': 59.8052, 'process_time': 40.1948}
[2020-11-19 21:14:48] INFO: ==> Iteration [  1][ 232 /  782]: {'prec_cls': 6.3272, 'loss': 22.9266, 'loss_cls': 3.1124, 'loss_mse': 0.0041, 'loss_nce': 19.8102, 'load_time': 59.811, 'process_time': 40.189}
[2020-11-19 21:14:49] INFO: ==> Iteration [  1][ 233 /  782]: {'prec_cls': 6.3229, 'loss': 22.9386, 'loss_cls': 3.1127, 'loss_mse': 0.004, 'loss_nce': 19.8219, 'load_time': 59.8174, 'process_time': 40.1826}
[2020-11-19 21:14:50] INFO: ==> Iteration [  1][ 234 /  782]: {'prec_cls': 6.319, 'loss': 22.9505, 'loss_cls': 3.1128, 'loss_mse': 0.004, 'loss_nce': 19.8337, 'load_time': 59.8229, 'process_time': 40.1771}
[2020-11-19 21:14:50] INFO: ==> Iteration [  1][ 235 /  782]: {'prec_cls': 6.3151, 'loss': 22.9599, 'loss_cls': 3.1128, 'loss_mse': 0.004, 'loss_nce': 19.843, 'load_time': 59.8276, 'process_time': 40.1724}
[2020-11-19 21:14:51] INFO: ==> Iteration [  1][ 236 /  782]: {'prec_cls': 6.3141, 'loss': 22.9691, 'loss_cls': 3.1127, 'loss_mse': 0.004, 'loss_nce': 19.8524, 'load_time': 59.8326, 'process_time': 40.1674}
[2020-11-19 21:14:52] INFO: ==> Iteration [  1][ 237 /  782]: {'prec_cls': 6.3107, 'loss': 22.9789, 'loss_cls': 3.1127, 'loss_mse': 0.004, 'loss_nce': 19.8622, 'load_time': 59.8376, 'process_time': 40.1624}
[2020-11-19 21:14:53] INFO: ==> Iteration [  1][ 238 /  782]: {'prec_cls': 6.3087, 'loss': 22.991, 'loss_cls': 3.1126, 'loss_mse': 0.004, 'loss_nce': 19.8745, 'load_time': 59.8434, 'process_time': 40.1566}
[2020-11-19 21:14:54] INFO: ==> Iteration [  1][ 239 /  782]: {'prec_cls': 6.3058, 'loss': 23.0032, 'loss_cls': 3.1126, 'loss_mse': 0.004, 'loss_nce': 19.8867, 'load_time': 59.8486, 'process_time': 40.1514}
[2020-11-19 21:14:54] INFO: ==> Iteration [  1][ 240 /  782]: {'prec_cls': 6.3075, 'loss': 23.0205, 'loss_cls': 3.1126, 'loss_mse': 0.004, 'loss_nce': 19.904, 'load_time': 59.8543, 'process_time': 40.1457}
[2020-11-19 21:14:55] INFO: ==> Iteration [  1][ 241 /  782]: {'prec_cls': 6.3044, 'loss': 23.0394, 'loss_cls': 3.1127, 'loss_mse': 0.0039, 'loss_nce': 19.9228, 'load_time': 59.8587, 'process_time': 40.1413}
[2020-11-19 21:14:56] INFO: ==> Iteration [  1][ 242 /  782]: {'prec_cls': 6.3061, 'loss': 23.0631, 'loss_cls': 3.1126, 'loss_mse': 0.0039, 'loss_nce': 19.9465, 'load_time': 59.8644, 'process_time': 40.1356}
[2020-11-19 21:14:57] INFO: ==> Iteration [  1][ 243 /  782]: {'prec_cls': 6.3041, 'loss': 23.0873, 'loss_cls': 3.1126, 'loss_mse': 0.0039, 'loss_nce': 19.9708, 'load_time': 59.8704, 'process_time': 40.1296}
[2020-11-19 21:14:58] INFO: ==> Iteration [  1][ 244 /  782]: {'prec_cls': 6.298, 'loss': 23.1149, 'loss_cls': 3.1127, 'loss_mse': 0.0039, 'loss_nce': 19.9983, 'load_time': 59.8751, 'process_time': 40.1249}
[2020-11-19 21:14:58] INFO: ==> Iteration [  1][ 245 /  782]: {'prec_cls': 6.2988, 'loss': 23.1403, 'loss_cls': 3.1128, 'loss_mse': 0.0039, 'loss_nce': 20.0237, 'load_time': 59.8802, 'process_time': 40.1198}
[2020-11-19 21:14:59] INFO: ==> Iteration [  1][ 246 /  782]: {'prec_cls': 6.2979, 'loss': 23.166, 'loss_cls': 3.1128, 'loss_mse': 0.0039, 'loss_nce': 20.0493, 'load_time': 59.8851, 'process_time': 40.1149}
[2020-11-19 21:15:00] INFO: ==> Iteration [  1][ 247 /  782]: {'prec_cls': 6.2938, 'loss': 23.1974, 'loss_cls': 3.1128, 'loss_mse': 0.0039, 'loss_nce': 20.0807, 'load_time': 59.8827, 'process_time': 40.1173}
[2020-11-19 21:15:01] INFO: ==> Iteration [  1][ 248 /  782]: {'prec_cls': 6.2932, 'loss': 23.2222, 'loss_cls': 3.1128, 'loss_mse': 0.0038, 'loss_nce': 20.1056, 'load_time': 59.8868, 'process_time': 40.1132}
[2020-11-19 21:15:02] INFO: ==> Iteration [  1][ 249 /  782]: {'prec_cls': 6.293, 'loss': 23.2439, 'loss_cls': 3.1127, 'loss_mse': 0.0038, 'loss_nce': 20.1274, 'load_time': 59.8844, 'process_time': 40.1156}
[2020-11-19 21:15:02] INFO: ==> Iteration [  1][ 250 /  782]: {'prec_cls': 6.2952, 'loss': 23.2673, 'loss_cls': 3.1125, 'loss_mse': 0.0038, 'loss_nce': 20.151, 'load_time': 59.8822, 'process_time': 40.1178}
[2020-11-19 21:15:03] INFO: ==> Iteration [  1][ 251 /  782]: {'prec_cls': 6.2942, 'loss': 23.288, 'loss_cls': 3.1124, 'loss_mse': 0.0038, 'loss_nce': 20.1718, 'load_time': 59.8798, 'process_time': 40.1202}
[2020-11-19 21:15:04] INFO: ==> Iteration [  1][ 252 /  782]: {'prec_cls': 6.2968, 'loss': 23.3071, 'loss_cls': 3.1125, 'loss_mse': 0.0038, 'loss_nce': 20.1907, 'load_time': 59.8854, 'process_time': 40.1146}
[2020-11-19 21:15:05] INFO: ==> Iteration [  1][ 253 /  782]: {'prec_cls': 6.2981, 'loss': 23.3239, 'loss_cls': 3.1123, 'loss_mse': 0.0038, 'loss_nce': 20.2079, 'load_time': 59.8912, 'process_time': 40.1088}
[2020-11-19 21:15:06] INFO: ==> Iteration [  1][ 254 /  782]: {'prec_cls': 6.2995, 'loss': 23.3391, 'loss_cls': 3.1122, 'loss_mse': 0.0038, 'loss_nce': 20.2232, 'load_time': 59.897, 'process_time': 40.103}
[2020-11-19 21:15:06] INFO: ==> Iteration [  1][ 255 /  782]: {'prec_cls': 6.3006, 'loss': 23.3543, 'loss_cls': 3.1119, 'loss_mse': 0.0038, 'loss_nce': 20.2386, 'load_time': 59.9028, 'process_time': 40.0972}
[2020-11-19 21:15:07] INFO: ==> Iteration [  1][ 256 /  782]: {'prec_cls': 6.3026, 'loss': 23.3698, 'loss_cls': 3.1118, 'loss_mse': 0.0037, 'loss_nce': 20.2543, 'load_time': 59.9006, 'process_time': 40.0994}
[2020-11-19 21:15:08] INFO: ==> Iteration [  1][ 257 /  782]: {'prec_cls': 6.3041, 'loss': 23.3857, 'loss_cls': 3.1116, 'loss_mse': 0.0037, 'loss_nce': 20.2704, 'load_time': 59.9062, 'process_time': 40.0938}
[2020-11-19 21:15:09] INFO: ==> Iteration [  1][ 258 /  782]: {'prec_cls': 6.3035, 'loss': 23.4025, 'loss_cls': 3.1117, 'loss_mse': 0.0037, 'loss_nce': 20.2871, 'load_time': 59.9119, 'process_time': 40.0881}
[2020-11-19 21:15:10] INFO: ==> Iteration [  1][ 259 /  782]: {'prec_cls': 6.3091, 'loss': 23.4176, 'loss_cls': 3.1114, 'loss_mse': 0.0037, 'loss_nce': 20.3024, 'load_time': 59.9168, 'process_time': 40.0832}
[2020-11-19 21:15:10] INFO: ==> Iteration [  1][ 260 /  782]: {'prec_cls': 6.308, 'loss': 23.4317, 'loss_cls': 3.1115, 'loss_mse': 0.0037, 'loss_nce': 20.3166, 'load_time': 59.9222, 'process_time': 40.0778}
[2020-11-19 21:15:11] INFO: ==> Iteration [  1][ 261 /  782]: {'prec_cls': 6.3064, 'loss': 23.4447, 'loss_cls': 3.1114, 'loss_mse': 0.0037, 'loss_nce': 20.3296, 'load_time': 59.9267, 'process_time': 40.0733}
[2020-11-19 21:15:12] INFO: ==> Iteration [  1][ 262 /  782]: {'prec_cls': 6.3059, 'loss': 23.4597, 'loss_cls': 3.1114, 'loss_mse': 0.0037, 'loss_nce': 20.3446, 'load_time': 59.932, 'process_time': 40.068}
[2020-11-19 21:15:13] INFO: ==> Iteration [  1][ 263 /  782]: {'prec_cls': 6.3058, 'loss': 23.4728, 'loss_cls': 3.1115, 'loss_mse': 0.0037, 'loss_nce': 20.3577, 'load_time': 59.9368, 'process_time': 40.0632}
[2020-11-19 21:15:14] INFO: ==> Iteration [  1][ 264 /  782]: {'prec_cls': 6.3036, 'loss': 23.4814, 'loss_cls': 3.1115, 'loss_mse': 0.0036, 'loss_nce': 20.3662, 'load_time': 59.9424, 'process_time': 40.0576}
[2020-11-19 21:15:15] INFO: ==> Iteration [  1][ 265 /  782]: {'prec_cls': 6.3064, 'loss': 23.4838, 'loss_cls': 3.1113, 'loss_mse': 0.0036, 'loss_nce': 20.3689, 'load_time': 59.9466, 'process_time': 40.0534}
[2020-11-19 21:15:15] INFO: ==> Iteration [  1][ 266 /  782]: {'prec_cls': 6.3086, 'loss': 23.4871, 'loss_cls': 3.111, 'loss_mse': 0.0036, 'loss_nce': 20.3725, 'load_time': 59.9524, 'process_time': 40.0476}
[2020-11-19 21:15:16] INFO: ==> Iteration [  1][ 267 /  782]: {'prec_cls': 6.3107, 'loss': 23.4892, 'loss_cls': 3.1108, 'loss_mse': 0.0036, 'loss_nce': 20.3747, 'load_time': 59.9574, 'process_time': 40.0426}
[2020-11-19 21:15:17] INFO: ==> Iteration [  1][ 268 /  782]: {'prec_cls': 6.3167, 'loss': 23.4878, 'loss_cls': 3.1106, 'loss_mse': 0.0036, 'loss_nce': 20.3736, 'load_time': 59.9626, 'process_time': 40.0374}
[2020-11-19 21:15:18] INFO: ==> Iteration [  1][ 269 /  782]: {'prec_cls': 6.3191, 'loss': 23.4878, 'loss_cls': 3.1103, 'loss_mse': 0.0036, 'loss_nce': 20.3738, 'load_time': 59.967, 'process_time': 40.033}
[2020-11-19 21:15:19] INFO: ==> Iteration [  1][ 270 /  782]: {'prec_cls': 6.3197, 'loss': 23.4866, 'loss_cls': 3.1103, 'loss_mse': 0.0036, 'loss_nce': 20.3728, 'load_time': 59.9724, 'process_time': 40.0276}
[2020-11-19 21:15:19] INFO: ==> Iteration [  1][ 271 /  782]: {'prec_cls': 6.3209, 'loss': 23.4841, 'loss_cls': 3.1102, 'loss_mse': 0.0036, 'loss_nce': 20.3704, 'load_time': 59.977, 'process_time': 40.023}
[2020-11-19 21:15:20] INFO: ==> Iteration [  1][ 272 /  782]: {'prec_cls': 6.3204, 'loss': 23.4822, 'loss_cls': 3.1102, 'loss_mse': 0.0036, 'loss_nce': 20.3684, 'load_time': 59.9754, 'process_time': 40.0246}
[2020-11-19 21:15:21] INFO: ==> Iteration [  1][ 273 /  782]: {'prec_cls': 6.3221, 'loss': 23.4806, 'loss_cls': 3.1103, 'loss_mse': 0.0035, 'loss_nce': 20.3668, 'load_time': 59.9802, 'process_time': 40.0198}
[2020-11-19 21:15:22] INFO: ==> Iteration [  1][ 274 /  782]: {'prec_cls': 6.3227, 'loss': 23.4797, 'loss_cls': 3.1102, 'loss_mse': 0.0035, 'loss_nce': 20.3659, 'load_time': 59.9781, 'process_time': 40.0219}
[2020-11-19 21:15:23] INFO: ==> Iteration [  1][ 275 /  782]: {'prec_cls': 6.3236, 'loss': 23.4772, 'loss_cls': 3.1102, 'loss_mse': 0.0035, 'loss_nce': 20.3634, 'load_time': 59.9758, 'process_time': 40.0242}
[2020-11-19 21:15:23] INFO: ==> Iteration [  1][ 276 /  782]: {'prec_cls': 6.3258, 'loss': 23.474, 'loss_cls': 3.1101, 'loss_mse': 0.0035, 'loss_nce': 20.3604, 'load_time': 59.9733, 'process_time': 40.0267}
[2020-11-19 21:15:24] INFO: ==> Iteration [  1][ 277 /  782]: {'prec_cls': 6.3233, 'loss': 23.4749, 'loss_cls': 3.1103, 'loss_mse': 0.0035, 'loss_nce': 20.3612, 'load_time': 59.9715, 'process_time': 40.0285}
[2020-11-19 21:15:25] INFO: ==> Iteration [  1][ 278 /  782]: {'prec_cls': 6.3295, 'loss': 23.4732, 'loss_cls': 3.1102, 'loss_mse': 0.0035, 'loss_nce': 20.3595, 'load_time': 59.9761, 'process_time': 40.0239}
[2020-11-19 21:15:26] INFO: ==> Iteration [  1][ 279 /  782]: {'prec_cls': 6.3335, 'loss': 23.4687, 'loss_cls': 3.1099, 'loss_mse': 0.0035, 'loss_nce': 20.3553, 'load_time': 59.9738, 'process_time': 40.0262}
[2020-11-19 21:15:26] INFO: ==> Iteration [  1][ 280 /  782]: {'prec_cls': 6.3342, 'loss': 23.4666, 'loss_cls': 3.1098, 'loss_mse': 0.0035, 'loss_nce': 20.3534, 'load_time': 59.972, 'process_time': 40.028}
[2020-11-19 21:15:27] INFO: ==> Iteration [  1][ 281 /  782]: {'prec_cls': 6.3376, 'loss': 23.4647, 'loss_cls': 3.1096, 'loss_mse': 0.0035, 'loss_nce': 20.3516, 'load_time': 59.976, 'process_time': 40.024}
[2020-11-19 21:15:28] INFO: ==> Iteration [  1][ 282 /  782]: {'prec_cls': 6.3428, 'loss': 23.4647, 'loss_cls': 3.1093, 'loss_mse': 0.0034, 'loss_nce': 20.3519, 'load_time': 59.9824, 'process_time': 40.0176}
[2020-11-19 21:15:29] INFO: ==> Iteration [  1][ 283 /  782]: {'prec_cls': 6.345, 'loss': 23.461, 'loss_cls': 3.1091, 'loss_mse': 0.0034, 'loss_nce': 20.3485, 'load_time': 59.9861, 'process_time': 40.0139}
[2020-11-19 21:15:30] INFO: ==> Iteration [  1][ 284 /  782]: {'prec_cls': 6.3488, 'loss': 23.462, 'loss_cls': 3.109, 'loss_mse': 0.0034, 'loss_nce': 20.3496, 'load_time': 59.99, 'process_time': 40.01}
[2020-11-19 21:15:31] INFO: ==> Iteration [  1][ 285 /  782]: {'prec_cls': 6.3463, 'loss': 23.4618, 'loss_cls': 3.109, 'loss_mse': 0.0034, 'loss_nce': 20.3493, 'load_time': 59.9974, 'process_time': 40.0026}
[2020-11-19 21:15:31] INFO: ==> Iteration [  1][ 286 /  782]: {'prec_cls': 6.3481, 'loss': 23.4624, 'loss_cls': 3.1091, 'loss_mse': 0.0034, 'loss_nce': 20.35, 'load_time': 60.0021, 'process_time': 39.9979}
[2020-11-19 21:15:32] INFO: ==> Iteration [  1][ 287 /  782]: {'prec_cls': 6.3494, 'loss': 23.4615, 'loss_cls': 3.1091, 'loss_mse': 0.0034, 'loss_nce': 20.349, 'load_time': 60.007, 'process_time': 39.993}
[2020-11-19 21:15:33] INFO: ==> Iteration [  1][ 288 /  782]: {'prec_cls': 6.3512, 'loss': 23.4618, 'loss_cls': 3.109, 'loss_mse': 0.0034, 'loss_nce': 20.3494, 'load_time': 60.0104, 'process_time': 39.9896}
[2020-11-19 21:15:34] INFO: ==> Iteration [  1][ 289 /  782]: {'prec_cls': 6.35, 'loss': 23.4628, 'loss_cls': 3.109, 'loss_mse': 0.0034, 'loss_nce': 20.3505, 'load_time': 60.0081, 'process_time': 39.9919}
[2020-11-19 21:15:35] INFO: ==> Iteration [  1][ 290 /  782]: {'prec_cls': 6.3561, 'loss': 23.464, 'loss_cls': 3.1089, 'loss_mse': 0.0034, 'loss_nce': 20.3517, 'load_time': 60.0123, 'process_time': 39.9877}
[2020-11-19 21:15:35] INFO: ==> Iteration [  1][ 291 /  782]: {'prec_cls': 6.3583, 'loss': 23.4649, 'loss_cls': 3.1087, 'loss_mse': 0.0034, 'loss_nce': 20.3529, 'load_time': 60.0166, 'process_time': 39.9834}
[2020-11-19 21:15:36] INFO: ==> Iteration [  1][ 292 /  782]: {'prec_cls': 6.3609, 'loss': 23.4683, 'loss_cls': 3.1085, 'loss_mse': 0.0033, 'loss_nce': 20.3565, 'load_time': 60.0206, 'process_time': 39.9794}
[2020-11-19 21:15:37] INFO: ==> Iteration [  1][ 293 /  782]: {'prec_cls': 6.3617, 'loss': 23.4726, 'loss_cls': 3.1084, 'loss_mse': 0.0033, 'loss_nce': 20.3608, 'load_time': 60.0248, 'process_time': 39.9752}
[2020-11-19 21:15:38] INFO: ==> Iteration [  1][ 294 /  782]: {'prec_cls': 6.3626, 'loss': 23.4762, 'loss_cls': 3.1084, 'loss_mse': 0.0033, 'loss_nce': 20.3645, 'load_time': 60.0222, 'process_time': 39.9778}
[2020-11-19 21:15:39] INFO: ==> Iteration [  1][ 295 /  782]: {'prec_cls': 6.359, 'loss': 23.4814, 'loss_cls': 3.1084, 'loss_mse': 0.0033, 'loss_nce': 20.3697, 'load_time': 60.0202, 'process_time': 39.9798}
[2020-11-19 21:15:39] INFO: ==> Iteration [  1][ 296 /  782]: {'prec_cls': 6.3623, 'loss': 23.4867, 'loss_cls': 3.1083, 'loss_mse': 0.0033, 'loss_nce': 20.3751, 'load_time': 60.0245, 'process_time': 39.9755}
[2020-11-19 21:15:40] INFO: ==> Iteration [  1][ 297 /  782]: {'prec_cls': 6.3623, 'loss': 23.4907, 'loss_cls': 3.1082, 'loss_mse': 0.0033, 'loss_nce': 20.3792, 'load_time': 60.0282, 'process_time': 39.9718}
[2020-11-19 21:15:41] INFO: ==> Iteration [  1][ 298 /  782]: {'prec_cls': 6.364, 'loss': 23.4931, 'loss_cls': 3.1081, 'loss_mse': 0.0033, 'loss_nce': 20.3817, 'load_time': 60.0322, 'process_time': 39.9678}
[2020-11-19 21:15:42] INFO: ==> Iteration [  1][ 299 /  782]: {'prec_cls': 6.365, 'loss': 23.4955, 'loss_cls': 3.1082, 'loss_mse': 0.0033, 'loss_nce': 20.3841, 'load_time': 60.0354, 'process_time': 39.9646}
[2020-11-19 21:15:43] INFO: ==> Iteration [  1][ 300 /  782]: {'prec_cls': 6.3655, 'loss': 23.4971, 'loss_cls': 3.1082, 'loss_mse': 0.0033, 'loss_nce': 20.3857, 'load_time': 60.0397, 'process_time': 39.9603}
[2020-11-19 21:15:43] INFO: ==> Iteration [  1][ 301 /  782]: {'prec_cls': 6.3683, 'loss': 23.4984, 'loss_cls': 3.108, 'loss_mse': 0.0033, 'loss_nce': 20.3871, 'load_time': 60.0436, 'process_time': 39.9564}
[2020-11-19 21:15:44] INFO: ==> Iteration [  1][ 302 /  782]: {'prec_cls': 6.3677, 'loss': 23.4971, 'loss_cls': 3.1081, 'loss_mse': 0.0032, 'loss_nce': 20.3857, 'load_time': 60.0477, 'process_time': 39.9523}
[2020-11-19 21:15:45] INFO: ==> Iteration [  1][ 303 /  782]: {'prec_cls': 6.3683, 'loss': 23.4967, 'loss_cls': 3.1082, 'loss_mse': 0.0032, 'loss_nce': 20.3854, 'load_time': 60.0476, 'process_time': 39.9524}
[2020-11-19 21:15:46] INFO: ==> Iteration [  1][ 304 /  782]: {'prec_cls': 6.371, 'loss': 23.4968, 'loss_cls': 3.1079, 'loss_mse': 0.0032, 'loss_nce': 20.3857, 'load_time': 60.0518, 'process_time': 39.9482}
[2020-11-19 21:15:47] INFO: ==> Iteration [  1][ 305 /  782]: {'prec_cls': 6.3735, 'loss': 23.4953, 'loss_cls': 3.1078, 'loss_mse': 0.0032, 'loss_nce': 20.3843, 'load_time': 60.0548, 'process_time': 39.9452}
[2020-11-19 21:15:47] INFO: ==> Iteration [  1][ 306 /  782]: {'prec_cls': 6.3719, 'loss': 23.4951, 'loss_cls': 3.1078, 'loss_mse': 0.0032, 'loss_nce': 20.3841, 'load_time': 60.0581, 'process_time': 39.9419}
[2020-11-19 21:15:48] INFO: ==> Iteration [  1][ 307 /  782]: {'prec_cls': 6.3756, 'loss': 23.4956, 'loss_cls': 3.1076, 'loss_mse': 0.0032, 'loss_nce': 20.3848, 'load_time': 60.0613, 'process_time': 39.9387}
[2020-11-19 21:15:49] INFO: ==> Iteration [  1][ 308 /  782]: {'prec_cls': 6.3765, 'loss': 23.4962, 'loss_cls': 3.1074, 'loss_mse': 0.0032, 'loss_nce': 20.3856, 'load_time': 60.0648, 'process_time': 39.9352}
[2020-11-19 21:15:50] INFO: ==> Iteration [  1][ 309 /  782]: {'prec_cls': 6.3756, 'loss': 23.4968, 'loss_cls': 3.1074, 'loss_mse': 0.0032, 'loss_nce': 20.3862, 'load_time': 60.0688, 'process_time': 39.9312}
[2020-11-19 21:15:51] INFO: ==> Iteration [  1][ 310 /  782]: {'prec_cls': 6.3758, 'loss': 23.4975, 'loss_cls': 3.1074, 'loss_mse': 0.0032, 'loss_nce': 20.3869, 'load_time': 60.0723, 'process_time': 39.9277}
[2020-11-19 21:15:51] INFO: ==> Iteration [  1][ 311 /  782]: {'prec_cls': 6.3754, 'loss': 23.5004, 'loss_cls': 3.1075, 'loss_mse': 0.0032, 'loss_nce': 20.3897, 'load_time': 60.0758, 'process_time': 39.9242}
[2020-11-19 21:15:52] INFO: ==> Iteration [  1][ 312 /  782]: {'prec_cls': 6.3753, 'loss': 23.503, 'loss_cls': 3.1074, 'loss_mse': 0.0032, 'loss_nce': 20.3925, 'load_time': 60.0789, 'process_time': 39.9211}
[2020-11-19 21:15:53] INFO: ==> Iteration [  1][ 313 /  782]: {'prec_cls': 6.3772, 'loss': 23.5063, 'loss_cls': 3.1074, 'loss_mse': 0.0031, 'loss_nce': 20.3958, 'load_time': 60.0823, 'process_time': 39.9177}
[2020-11-19 21:15:54] INFO: ==> Iteration [  1][ 314 /  782]: {'prec_cls': 6.3823, 'loss': 23.5104, 'loss_cls': 3.1072, 'loss_mse': 0.0031, 'loss_nce': 20.4001, 'load_time': 60.0861, 'process_time': 39.9139}
[2020-11-19 21:15:55] INFO: ==> Iteration [  1][ 315 /  782]: {'prec_cls': 6.387, 'loss': 23.5148, 'loss_cls': 3.107, 'loss_mse': 0.0031, 'loss_nce': 20.4047, 'load_time': 60.0871, 'process_time': 39.9129}
[2020-11-19 21:15:55] INFO: ==> Iteration [  1][ 316 /  782]: {'prec_cls': 6.3892, 'loss': 23.521, 'loss_cls': 3.1069, 'loss_mse': 0.0031, 'loss_nce': 20.411, 'load_time': 60.085, 'process_time': 39.915}
[2020-11-19 21:15:56] INFO: ==> Iteration [  1][ 317 /  782]: {'prec_cls': 6.3909, 'loss': 23.5263, 'loss_cls': 3.1068, 'loss_mse': 0.0031, 'loss_nce': 20.4164, 'load_time': 60.0829, 'process_time': 39.9171}
[2020-11-19 21:15:57] INFO: ==> Iteration [  1][ 318 /  782]: {'prec_cls': 6.3929, 'loss': 23.5324, 'loss_cls': 3.1067, 'loss_mse': 0.0031, 'loss_nce': 20.4226, 'load_time': 60.0863, 'process_time': 39.9137}
[2020-11-19 21:15:58] INFO: ==> Iteration [  1][ 319 /  782]: {'prec_cls': 6.3942, 'loss': 23.5377, 'loss_cls': 3.1066, 'loss_mse': 0.0031, 'loss_nce': 20.428, 'load_time': 60.0895, 'process_time': 39.9105}
[2020-11-19 21:15:59] INFO: ==> Iteration [  1][ 320 /  782]: {'prec_cls': 6.3962, 'loss': 23.5464, 'loss_cls': 3.1064, 'loss_mse': 0.0031, 'loss_nce': 20.4369, 'load_time': 60.0877, 'process_time': 39.9123}
[2020-11-19 21:15:59] INFO: ==> Iteration [  1][ 321 /  782]: {'prec_cls': 6.3953, 'loss': 23.5553, 'loss_cls': 3.1065, 'loss_mse': 0.0031, 'loss_nce': 20.4458, 'load_time': 60.0858, 'process_time': 39.9142}
[2020-11-19 21:16:00] INFO: ==> Iteration [  1][ 322 /  782]: {'prec_cls': 6.3956, 'loss': 23.5635, 'loss_cls': 3.1065, 'loss_mse': 0.0031, 'loss_nce': 20.4539, 'load_time': 60.0897, 'process_time': 39.9103}
[2020-11-19 21:16:01] INFO: ==> Iteration [  1][ 323 /  782]: {'prec_cls': 6.3964, 'loss': 23.5726, 'loss_cls': 3.1064, 'loss_mse': 0.0031, 'loss_nce': 20.4631, 'load_time': 60.0882, 'process_time': 39.9118}
[2020-11-19 21:16:02] INFO: ==> Iteration [  1][ 324 /  782]: {'prec_cls': 6.3956, 'loss': 23.5803, 'loss_cls': 3.1065, 'loss_mse': 0.0031, 'loss_nce': 20.4708, 'load_time': 60.0858, 'process_time': 39.9142}
[2020-11-19 21:16:03] INFO: ==> Iteration [  1][ 325 /  782]: {'prec_cls': 6.3946, 'loss': 23.5895, 'loss_cls': 3.1065, 'loss_mse': 0.003, 'loss_nce': 20.48, 'load_time': 60.0838, 'process_time': 39.9162}
[2020-11-19 21:16:03] INFO: ==> Iteration [  1][ 326 /  782]: {'prec_cls': 6.3941, 'loss': 23.5977, 'loss_cls': 3.1064, 'loss_mse': 0.003, 'loss_nce': 20.4883, 'load_time': 60.0807, 'process_time': 39.9193}
[2020-11-19 21:16:04] INFO: ==> Iteration [  1][ 327 /  782]: {'prec_cls': 6.3911, 'loss': 23.6053, 'loss_cls': 3.1065, 'loss_mse': 0.003, 'loss_nce': 20.4958, 'load_time': 60.0843, 'process_time': 39.9157}
[2020-11-19 21:16:05] INFO: ==> Iteration [  1][ 328 /  782]: {'prec_cls': 6.3939, 'loss': 23.6133, 'loss_cls': 3.1063, 'loss_mse': 0.003, 'loss_nce': 20.504, 'load_time': 60.0818, 'process_time': 39.9182}
[2020-11-19 21:16:06] INFO: ==> Iteration [  1][ 329 /  782]: {'prec_cls': 6.3942, 'loss': 23.6219, 'loss_cls': 3.1063, 'loss_mse': 0.003, 'loss_nce': 20.5126, 'load_time': 60.0869, 'process_time': 39.9131}
[2020-11-19 21:16:06] INFO: ==> Iteration [  1][ 330 /  782]: {'prec_cls': 6.397, 'loss': 23.6278, 'loss_cls': 3.1061, 'loss_mse': 0.003, 'loss_nce': 20.5187, 'load_time': 60.0849, 'process_time': 39.9151}
[2020-11-19 21:16:07] INFO: ==> Iteration [  1][ 331 /  782]: {'prec_cls': 6.3959, 'loss': 23.6326, 'loss_cls': 3.1061, 'loss_mse': 0.003, 'loss_nce': 20.5235, 'load_time': 60.0887, 'process_time': 39.9113}
[2020-11-19 21:16:08] INFO: ==> Iteration [  1][ 332 /  782]: {'prec_cls': 6.3994, 'loss': 23.639, 'loss_cls': 3.1059, 'loss_mse': 0.003, 'loss_nce': 20.53, 'load_time': 60.0914, 'process_time': 39.9086}
[2020-11-19 21:16:09] INFO: ==> Iteration [  1][ 333 /  782]: {'prec_cls': 6.3972, 'loss': 23.6428, 'loss_cls': 3.106, 'loss_mse': 0.003, 'loss_nce': 20.5338, 'load_time': 60.0939, 'process_time': 39.9061}
[2020-11-19 21:16:10] INFO: ==> Iteration [  1][ 334 /  782]: {'prec_cls': 6.3963, 'loss': 23.6461, 'loss_cls': 3.106, 'loss_mse': 0.003, 'loss_nce': 20.5371, 'load_time': 60.0915, 'process_time': 39.9085}
[2020-11-19 21:16:10] INFO: ==> Iteration [  1][ 335 /  782]: {'prec_cls': 6.3994, 'loss': 23.6486, 'loss_cls': 3.1058, 'loss_mse': 0.003, 'loss_nce': 20.5398, 'load_time': 60.0892, 'process_time': 39.9108}
[2020-11-19 21:16:11] INFO: ==> Iteration [  1][ 336 /  782]: {'prec_cls': 6.4034, 'loss': 23.6511, 'loss_cls': 3.1056, 'loss_mse': 0.003, 'loss_nce': 20.5425, 'load_time': 60.0868, 'process_time': 39.9132}
[2020-11-19 21:16:12] INFO: ==> Iteration [  1][ 337 /  782]: {'prec_cls': 6.4055, 'loss': 23.6536, 'loss_cls': 3.1054, 'loss_mse': 0.0029, 'loss_nce': 20.5453, 'load_time': 60.0843, 'process_time': 39.9157}
[2020-11-19 21:16:13] INFO: ==> Iteration [  1][ 338 /  782]: {'prec_cls': 6.4063, 'loss': 23.6539, 'loss_cls': 3.1053, 'loss_mse': 0.0029, 'loss_nce': 20.5457, 'load_time': 60.0823, 'process_time': 39.9177}
[2020-11-19 21:16:14] INFO: ==> Iteration [  1][ 339 /  782]: {'prec_cls': 6.4098, 'loss': 23.656, 'loss_cls': 3.1051, 'loss_mse': 0.0029, 'loss_nce': 20.548, 'load_time': 60.0804, 'process_time': 39.9196}
[2020-11-19 21:16:14] INFO: ==> Iteration [  1][ 340 /  782]: {'prec_cls': 6.4157, 'loss': 23.6573, 'loss_cls': 3.1049, 'loss_mse': 0.0029, 'loss_nce': 20.5495, 'load_time': 60.0781, 'process_time': 39.9219}
[2020-11-19 21:16:15] INFO: ==> Iteration [  1][ 341 /  782]: {'prec_cls': 6.4138, 'loss': 23.659, 'loss_cls': 3.1049, 'loss_mse': 0.0029, 'loss_nce': 20.5512, 'load_time': 60.0756, 'process_time': 39.9244}
[2020-11-19 21:16:16] INFO: ==> Iteration [  1][ 342 /  782]: {'prec_cls': 6.4147, 'loss': 23.6612, 'loss_cls': 3.1048, 'loss_mse': 0.0029, 'loss_nce': 20.5535, 'load_time': 60.0735, 'process_time': 39.9265}
[2020-11-19 21:16:17] INFO: ==> Iteration [  1][ 343 /  782]: {'prec_cls': 6.4138, 'loss': 23.6624, 'loss_cls': 3.1049, 'loss_mse': 0.0029, 'loss_nce': 20.5547, 'load_time': 60.0771, 'process_time': 39.9229}
[2020-11-19 21:16:17] INFO: ==> Iteration [  1][ 344 /  782]: {'prec_cls': 6.4139, 'loss': 23.6644, 'loss_cls': 3.1048, 'loss_mse': 0.0029, 'loss_nce': 20.5567, 'load_time': 60.0746, 'process_time': 39.9254}
[2020-11-19 21:16:18] INFO: ==> Iteration [  1][ 345 /  782]: {'prec_cls': 6.4191, 'loss': 23.6653, 'loss_cls': 3.1044, 'loss_mse': 0.0029, 'loss_nce': 20.558, 'load_time': 60.078, 'process_time': 39.922}
[2020-11-19 21:16:19] INFO: ==> Iteration [  1][ 346 /  782]: {'prec_cls': 6.4225, 'loss': 23.667, 'loss_cls': 3.1042, 'loss_mse': 0.0029, 'loss_nce': 20.5599, 'load_time': 60.0756, 'process_time': 39.9244}
[2020-11-19 21:16:20] INFO: ==> Iteration [  1][ 347 /  782]: {'prec_cls': 6.4234, 'loss': 23.6676, 'loss_cls': 3.1041, 'loss_mse': 0.0029, 'loss_nce': 20.5606, 'load_time': 60.0739, 'process_time': 39.9261}
[2020-11-19 21:16:21] INFO: ==> Iteration [  1][ 348 /  782]: {'prec_cls': 6.4246, 'loss': 23.6682, 'loss_cls': 3.104, 'loss_mse': 0.0029, 'loss_nce': 20.5613, 'load_time': 60.077, 'process_time': 39.923}
[2020-11-19 21:16:21] INFO: ==> Iteration [  1][ 349 /  782]: {'prec_cls': 6.4272, 'loss': 23.6692, 'loss_cls': 3.1039, 'loss_mse': 0.0029, 'loss_nce': 20.5625, 'load_time': 60.0788, 'process_time': 39.9212}
[2020-11-19 21:16:22] INFO: ==> Iteration [  1][ 350 /  782]: {'prec_cls': 6.4254, 'loss': 23.6701, 'loss_cls': 3.1039, 'loss_mse': 0.0028, 'loss_nce': 20.5633, 'load_time': 60.0823, 'process_time': 39.9177}
[2020-11-19 21:16:23] INFO: ==> Iteration [  1][ 351 /  782]: {'prec_cls': 6.4276, 'loss': 23.6707, 'loss_cls': 3.1039, 'loss_mse': 0.0028, 'loss_nce': 20.564, 'load_time': 60.0858, 'process_time': 39.9142}
[2020-11-19 21:16:24] INFO: ==> Iteration [  1][ 352 /  782]: {'prec_cls': 6.4268, 'loss': 23.6723, 'loss_cls': 3.104, 'loss_mse': 0.0028, 'loss_nce': 20.5655, 'load_time': 60.0891, 'process_time': 39.9109}
[2020-11-19 21:16:25] INFO: ==> Iteration [  1][ 353 /  782]: {'prec_cls': 6.429, 'loss': 23.6714, 'loss_cls': 3.1038, 'loss_mse': 0.0028, 'loss_nce': 20.5648, 'load_time': 60.0919, 'process_time': 39.9081}
[2020-11-19 21:16:26] INFO: ==> Iteration [  1][ 354 /  782]: {'prec_cls': 6.43, 'loss': 23.6722, 'loss_cls': 3.1037, 'loss_mse': 0.0028, 'loss_nce': 20.5658, 'load_time': 60.0953, 'process_time': 39.9047}
[2020-11-19 21:16:26] INFO: ==> Iteration [  1][ 355 /  782]: {'prec_cls': 6.4301, 'loss': 23.6715, 'loss_cls': 3.1036, 'loss_mse': 0.0028, 'loss_nce': 20.5651, 'load_time': 60.0988, 'process_time': 39.9012}
[2020-11-19 21:16:27] INFO: ==> Iteration [  1][ 356 /  782]: {'prec_cls': 6.4351, 'loss': 23.6708, 'loss_cls': 3.1033, 'loss_mse': 0.0028, 'loss_nce': 20.5648, 'load_time': 60.1016, 'process_time': 39.8984}
[2020-11-19 21:16:28] INFO: ==> Iteration [  1][ 357 /  782]: {'prec_cls': 6.4361, 'loss': 23.6704, 'loss_cls': 3.1033, 'loss_mse': 0.0028, 'loss_nce': 20.5643, 'load_time': 60.1049, 'process_time': 39.8951}
[2020-11-19 21:16:29] INFO: ==> Iteration [  1][ 358 /  782]: {'prec_cls': 6.4374, 'loss': 23.6696, 'loss_cls': 3.1032, 'loss_mse': 0.0028, 'loss_nce': 20.5637, 'load_time': 60.1079, 'process_time': 39.8921}
[2020-11-19 21:16:30] INFO: ==> Iteration [  1][ 359 /  782]: {'prec_cls': 6.4374, 'loss': 23.6709, 'loss_cls': 3.1031, 'loss_mse': 0.0028, 'loss_nce': 20.565, 'load_time': 60.1115, 'process_time': 39.8885}
[2020-11-19 21:16:30] INFO: ==> Iteration [  1][ 360 /  782]: {'prec_cls': 6.4384, 'loss': 23.6709, 'loss_cls': 3.1031, 'loss_mse': 0.0028, 'loss_nce': 20.565, 'load_time': 60.1146, 'process_time': 39.8854}
[2020-11-19 21:16:31] INFO: ==> Iteration [  1][ 361 /  782]: {'prec_cls': 6.4394, 'loss': 23.6712, 'loss_cls': 3.1031, 'loss_mse': 0.0028, 'loss_nce': 20.5653, 'load_time': 60.1178, 'process_time': 39.8822}
